
> fastrack-driving-school-lms@1.0.0 test
> vitest run


[7m[1m[36m RUN [39m[22m[27m [36mv1.6.1[39m [90mC:/Users/Cole/Documents/Antigravity Fastrack Workspace/Fastrack-Learning_Management-System[39m

 [33mÎ“Â¥Â»[39m src/pages/Admin/__tests__/AdminPage.comprehensive.test.jsx [2m ([22m[2m0 test[22m[2m)[22m
 [32mÎ“Â£Ã´[39m src/__tests__/firestore-rules-production.test.js [2m ([22m[2m57 tests[22m[2m)[22m[90m 36[2mms[22m[39m
stderr | src/api/base/__tests__/RetryHandler.test.js > RetryHandler > execute > should retry and eventually succeed
Î“Ã…â–’âˆ©â••Ã…  [test-operation] Attempt 1/3 failed, retrying in 9ms: Network timeout

stderr | src/api/base/__tests__/RetryHandler.test.js > RetryHandler > execute > should retry and eventually succeed
Î“Ã…â–’âˆ©â••Ã…  [test-operation] Attempt 2/3 failed, retrying in 19ms: Network timeout

stderr | src/api/base/__tests__/RetryHandler.test.js > RetryHandler > execute > should retry and eventually succeed
<empty line>
[90mstdout[2m | src/api/base/__tests__/RetryHandler.test.js[2m > [22m[2mRetryHandler[2m > [22m[2mexecute[2m > [22m[2mshould retry and eventually succeed[22m[39m
Î“Â£Ã  [test-operation] Succeeded on attempt 3/3

stderr | src/api/base/__tests__/RetryHandler.test.js > RetryHandler > execute > should fail immediately for non-retryable errors
Î“Â¥Ã® [test-operation] Non-retryable error on attempt 1: Invalid credentials

stderr | src/api/base/__tests__/RetryHandler.test.js > RetryHandler > execute > should throw after max attempts exhausted
Î“Ã…â–’âˆ©â••Ã…  [test-operation] Attempt 1/3 failed, retrying in 11ms: Persistent network error

stderr | src/api/base/__tests__/RetryHandler.test.js > RetryHandler > execute > should throw after max attempts exhausted
Î“Ã…â–’âˆ©â••Ã…  [test-operation] Attempt 2/3 failed, retrying in 22ms: Persistent network error

stderr | src/api/base/__tests__/RetryHandler.test.js > RetryHandler > execute > should throw after max attempts exhausted
Î“Â¥Ã® [test-operation] Failed after 3 attempts. Last error: Persistent network error

stderr | src/api/base/__tests__/RetryHandler.test.js > RetryHandler > execute > should throw ApiError with context information
Î“Ã…â–’âˆ©â••Ã…  [updateUser] Attempt 1/3 failed, retrying in 9ms: Connection failed

stderr | src/api/base/__tests__/RetryHandler.test.js > RetryHandler > execute > should throw ApiError with context information
Î“Ã…â–’âˆ©â••Ã…  [updateUser] Attempt 2/3 failed, retrying in 20ms: Connection failed

stderr | src/api/base/__tests__/RetryHandler.test.js > RetryHandler > execute > should throw ApiError with context information
Î“Â¥Ã® [updateUser] Failed after 3 attempts. Last error: Connection failed

stderr | src/api/base/__tests__/RetryHandler.test.js > RetryHandler > execute > should handle async operations correctly
Î“Ã…â–’âˆ©â••Ã…  [async-operation] Attempt 1/3 failed, retrying in 10ms: Network error

stderr | src/api/base/__tests__/RetryHandler.test.js > RetryHandler > execute > should handle async operations correctly
<empty line>
[90mstdout[2m | src/api/base/__tests__/RetryHandler.test.js[2m > [22m[2mRetryHandler[2m > [22m[2mexecute[2m > [22m[2mshould handle async operations correctly[22m[39m
Î“Â£Ã  [async-operation] Succeeded on attempt 2/3

stderr | src/api/base/__tests__/RetryHandler.test.js > RetryHandler > execute > should use exponential backoff timing
Î“Ã…â–’âˆ©â••Ã…  [timed-operation] Attempt 1/3 failed, retrying in 9ms: Network error

stderr | src/api/base/__tests__/RetryHandler.test.js > RetryHandler > execute > should use exponential backoff timing
Î“Ã…â–’âˆ©â••Ã…  [timed-operation] Attempt 2/3 failed, retrying in 18ms: Network error

[90mstdout[2m | src/api/base/__tests__/RetryHandler.test.js[2m > [22m[2mRetryHandler[2m > [22m[2mexecute[2m > [22m[2mshould use exponential backoff timing[22m[39m
Î“Â£Ã  [timed-operation] Succeeded on attempt 3/3

stderr | src/api/base/__tests__/RetryHandler.test.js > RetryHandler > execute > should use exponential backoff timing
<empty line>
stderr | src/api/base/__tests__/RetryHandler.test.js > RetryHandler > execute > should handle errors with message property
Î“Ã…â–’âˆ©â••Ã…  [test-operation] Attempt 1/3 failed, retrying in 9ms: Specific failure reason

stderr | src/api/base/__tests__/RetryHandler.test.js > RetryHandler > execute > should handle errors with message property
Î“Ã…â–’âˆ©â••Ã…  [test-operation] Attempt 2/3 failed, retrying in 18ms: Specific failure reason

stderr | src/api/base/__tests__/RetryHandler.test.js > RetryHandler > execute > should handle errors with message property
Î“Â¥Ã® [test-operation] Failed after 3 attempts. Last error: Specific failure reason

stderr | src/api/base/__tests__/RetryHandler.test.js > RetryHandler > execute > should log context in thrown error
Î“Ã…â–’âˆ©â••Ã…  [myOperation] Attempt 1/3 failed, retrying in 9ms: Network unavailable

stderr | src/api/base/__tests__/RetryHandler.test.js > RetryHandler > execute > should log context in thrown error
Î“Ã…â–’âˆ©â••Ã…  [myOperation] Attempt 2/3 failed, retrying in 21ms: Network unavailable

stderr | src/api/base/__tests__/RetryHandler.test.js > RetryHandler > execute > should log context in thrown error
Î“Â¥Ã® [myOperation] Failed after 3 attempts. Last error: Network unavailable

stderr | src/api/base/__tests__/RetryHandler.test.js > RetryHandler > retryAsync convenience function > should work with default configuration
Î“Ã…â–’âˆ©â••Ã…  [test-operation] Attempt 1/3 failed, retrying in 106ms: Network error

stderr | src/api/base/__tests__/RetryHandler.test.js > RetryHandler > retryAsync convenience function > should work with default configuration
<empty line>
[90mstdout[2m | src/api/base/__tests__/RetryHandler.test.js[2m > [22m[2mRetryHandler[2m > [22m[2mretryAsync convenience function[2m > [22m[2mshould work with default configuration[22m[39m
Î“Â£Ã  [test-operation] Succeeded on attempt 2/3

stderr | src/api/base/__tests__/RetryHandler.test.js > RetryHandler > retryAsync convenience function > should throw after max attempts
Î“Ã…â–’âˆ©â••Ã…  [test-operation] Attempt 1/3 failed, retrying in 101ms: Persistent error

stderr | src/api/base/__tests__/RetryHandler.test.js > RetryHandler > retryAsync convenience function > should throw after max attempts
Î“Ã…â–’âˆ©â••Ã…  [test-operation] Attempt 2/3 failed, retrying in 218ms: Persistent error

 [33mÎ“Â¥Â»[39m src/api/admin/__tests__/userManagementServices.test.js [2m ([22m[2m26 tests[22m [2m|[22m [31m26 failed[39m[2m)[22m[90m 77[2mms[22m[39m
[31m   [33mÎ“Â¥Â»[31m src/api/admin/__tests__/userManagementServices.test.js[2m > [22mUser Management Services[2m > [22mgetAllUsers[2m > [22mshould fetch and return all users[39m
[31m     Î“Ã¥Ã† httpsCallable.mockReturnValue is not a function[39m
[31m   [33mÎ“Â¥Â»[31m src/api/admin/__tests__/userManagementServices.test.js[2m > [22mUser Management Services[2m > [22mgetAllUsers[2m > [22mshould handle empty user list[39m
[31m     Î“Ã¥Ã† httpsCallable.mockReturnValue is not a function[39m
[31m   [33mÎ“Â¥Â»[31m src/api/admin/__tests__/userManagementServices.test.js[2m > [22mUser Management Services[2m > [22mgetAllUsers[2m > [22mshould throw error on fetch failure[39m
[31m     Î“Ã¥Ã† httpsCallable.mockReturnValue is not a function[39m
[31m   [33mÎ“Â¥Â»[31m src/api/admin/__tests__/userManagementServices.test.js[2m > [22mUser Management Services[2m > [22mgetUserById[2m > [22mshould fetch user by ID[39m
[31m     Î“Ã¥Ã† httpsCallable.mockReturnValue is not a function[39m
[31m   [33mÎ“Â¥Â»[31m src/api/admin/__tests__/userManagementServices.test.js[2m > [22mUser Management Services[2m > [22mgetUserById[2m > [22mshould return null if user does not exist[39m
[31m     Î“Ã¥Ã† httpsCallable.mockReturnValue is not a function[39m
[31m   [33mÎ“Â¥Â»[31m src/api/admin/__tests__/userManagementServices.test.js[2m > [22mUser Management Services[2m > [22mgetUserById[2m > [22mshould throw error on fetch failure[39m
[31m     Î“Ã¥Ã† httpsCallable.mockReturnValue is not a function[39m
[31m   [33mÎ“Â¥Â»[31m src/api/admin/__tests__/userManagementServices.test.js[2m > [22mUser Management Services[2m > [22mupdateUserRole[2m > [22mshould update user role and log activity[39m
[31m     Î“Ã¥Ã† httpsCallable.mockReturnValue is not a function[39m
[31m   [33mÎ“Â¥Â»[31m src/api/admin/__tests__/userManagementServices.test.js[2m > [22mUser Management Services[2m > [22mupdateUserRole[2m > [22mshould throw error for invalid role[39m
[31m     Î“Ã¥Ã† httpsCallable.mockReturnValue is not a function[39m
[31m   [33mÎ“Â¥Â»[31m src/api/admin/__tests__/userManagementServices.test.js[2m > [22mUser Management Services[2m > [22mupdateUserRole[2m > [22mshould throw error if user not found[39m
[31m     Î“Ã¥Ã† httpsCallable.mockReturnValue is not a function[39m
[31m   [33mÎ“Â¥Â»[31m src/api/admin/__tests__/userManagementServices.test.js[2m > [22mUser Management Services[2m > [22mlogActivity[2m > [22mshould log activity with timestamp[39m
[31m     Î“Ã¥Ã† httpsCallable.mockReturnValue is not a function[39m
[31m   [33mÎ“Â¥Â»[31m src/api/admin/__tests__/userManagementServices.test.js[2m > [22mUser Management Services[2m > [22mlogActivity[2m > [22mshould throw error on log failure[39m
[31m     Î“Ã¥Ã† httpsCallable.mockReturnValue is not a function[39m
[31m   [33mÎ“Â¥Â»[31m src/api/admin/__tests__/userManagementServices.test.js[2m > [22mUser Management Services[2m > [22mgetActivityLogs[2m > [22mshould fetch all activity logs[39m
[31m     Î“Ã¥Ã† httpsCallable.mockReturnValue is not a function[39m
[31m   [33mÎ“Â¥Â»[31m src/api/admin/__tests__/userManagementServices.test.js[2m > [22mUser Management Services[2m > [22mgetActivityLogs[2m > [22mshould filter logs by targetUserId[39m
[31m     Î“Ã¥Ã† httpsCallable.mockReturnValue is not a function[39m
[31m   [33mÎ“Â¥Â»[31m src/api/admin/__tests__/userManagementServices.test.js[2m > [22mUser Management Services[2m > [22mgetActivityLogs[2m > [22mshould filter logs by type[39m
[31m     Î“Ã¥Ã† httpsCallable.mockReturnValue is not a function[39m
[31m   [33mÎ“Â¥Â»[31m src/api/admin/__tests__/userManagementServices.test.js[2m > [22mUser Management Services[2m > [22mgetActivityLogs[2m > [22mshould throw error on fetch failure[39m
[31m     Î“Ã¥Ã† httpsCallable.mockReturnValue is not a function[39m
[31m   [33mÎ“Â¥Â»[31m src/api/admin/__tests__/userManagementServices.test.js[2m > [22mUser Management Services[2m > [22mgetUserActivityHistory[2m > [22mshould fetch user activity history[39m
[31m     Î“Ã¥Ã† httpsCallable.mockReturnValue is not a function[39m
[31m   [33mÎ“Â¥Â»[31m src/api/admin/__tests__/userManagementServices.test.js[2m > [22mUser Management Services[2m > [22mgetUserActivityHistory[2m > [22mshould throw error on fetch failure[39m
[31m     Î“Ã¥Ã† httpsCallable.mockReturnValue is not a function[39m
[31m   [33mÎ“Â¥Â»[31m src/api/admin/__tests__/userManagementServices.test.js[2m > [22mUser Management Services[2m > [22mgetAdminActivityHistory[2m > [22mshould fetch admin activity history[39m
[31m     Î“Ã¥Ã† httpsCallable.mockReturnValue is not a function[39m
[31m   [33mÎ“Â¥Â»[31m src/api/admin/__tests__/userManagementServices.test.js[2m > [22mUser Management Services[2m > [22mgetAdminActivityHistory[2m > [22mshould throw error on fetch failure[39m
[31m     Î“Ã¥Ã† httpsCallable.mockReturnValue is not a function[39m
[31m   [33mÎ“Â¥Â»[31m src/api/admin/__tests__/userManagementServices.test.js[2m > [22mUser Management Services[2m > [22mdeleteUser[2m > [22mshould soft delete user and log activity[39m
[31m     Î“Ã¥Ã† httpsCallable.mockReturnValue is not a function[39m
[31m   [33mÎ“Â¥Â»[31m src/api/admin/__tests__/userManagementServices.test.js[2m > [22mUser Management Services[2m > [22mdeleteUser[2m > [22mshould throw error on delete failure[39m
[31m     Î“Ã¥Ã† httpsCallable.mockReturnValue is not a function[39m
[31m   [33mÎ“Â¥Â»[31m src/api/admin/__tests__/userManagementServices.test.js[2m > [22mUser Management Services[2m > [22mrestoreUser[2m > [22mshould restore deleted user and log activity[39m
[31m     Î“Ã¥Ã† httpsCallable.mockReturnValue is not a function[39m
[31m   [33mÎ“Â¥Â»[31m src/api/admin/__tests__/userManagementServices.test.js[2m > [22mUser Management Services[2m > [22mrestoreUser[2m > [22mshould throw error on restore failure[39m
[31m     Î“Ã¥Ã† httpsCallable.mockReturnValue is not a function[39m
[31m   [33mÎ“Â¥Â»[31m src/api/admin/__tests__/userManagementServices.test.js[2m > [22mUser Management Services[2m > [22mgetUserStats[2m > [22mshould calculate user statistics by role[39m
[31m     Î“Ã¥Ã† httpsCallable.mockReturnValue is not a function[39m
[31m   [33mÎ“Â¥Â»[31m src/api/admin/__tests__/userManagementServices.test.js[2m > [22mUser Management Services[2m > [22mgetUserStats[2m > [22mshould count deleted users[39m
[31m     Î“Ã¥Ã† httpsCallable.mockReturnValue is not a function[39m
[31m   [33mÎ“Â¥Â»[31m src/api/admin/__tests__/userManagementServices.test.js[2m > [22mUser Management Services[2m > [22mgetUserStats[2m > [22mshould throw error on fetch failure[39m
[31m     Î“Ã¥Ã† httpsCallable.mockReturnValue is not a function[39m
stderr | src/api/base/__tests__/RetryHandler.test.js > RetryHandler > retryAsync convenience function > should throw after max attempts
Î“Â¥Ã® [test-operation] Failed after 3 attempts. Last error: Persistent error

stderr | src/api/base/__tests__/RetryHandler.test.js > RetryHandler > createRetryHandler factory > should work with custom handler
Î“Ã…â–’âˆ©â••Ã…  [test] Attempt 1/2 failed, retrying in 5ms: Error

stderr | src/api/base/__tests__/RetryHandler.test.js > RetryHandler > createRetryHandler factory > should work with custom handler
Î“Â¥Ã® [test] Failed after 2 attempts. Last error: Error

stderr | src/api/base/__tests__/RetryHandler.test.js > RetryHandler > real-world scenarios > should handle temporary network failure
Î“Ã…â–’âˆ©â••Ã…  [fetchData] Attempt 1/3 failed, retrying in 10ms: Network error

stderr | src/api/base/__tests__/RetryHandler.test.js > RetryHandler > real-world scenarios > should handle temporary network failure
Î“Ã…â–’âˆ©â••Ã…  [fetchData] Attempt 2/3 failed, retrying in 20ms: Network error

stderr | src/api/base/__tests__/RetryHandler.test.js > RetryHandler > real-world scenarios > should handle temporary network failure
<empty line>
[90mstdout[2m | src/api/base/__tests__/RetryHandler.test.js[2m > [22m[2mRetryHandler[2m > [22m[2mreal-world scenarios[2m > [22m[2mshould handle temporary network failure[22m[39m
Î“Â£Ã  [fetchData] Succeeded on attempt 3/3

stderr | src/api/base/__tests__/RetryHandler.test.js > RetryHandler > real-world scenarios > should fail fast on permission error
Î“Â¥Ã® [updateDocument] Non-retryable error on attempt 1: Access denied

stderr | src/api/base/__tests__/RetryHandler.test.js > RetryHandler > real-world scenarios > should recover from server temporarily unavailable
Î“Ã…â–’âˆ©â••Ã…  [submitForm] Attempt 1/3 failed, retrying in 11ms: Service unavailable

stderr | src/api/base/__tests__/RetryHandler.test.js > RetryHandler > real-world scenarios > should recover from server temporarily unavailable
<empty line>
[90mstdout[2m | src/api/base/__tests__/RetryHandler.test.js[2m > [22m[2mRetryHandler[2m > [22m[2mreal-world scenarios[2m > [22m[2mshould recover from server temporarily unavailable[22m[39m
Î“Â£Ã  [submitForm] Succeeded on attempt 2/3

 [32mÎ“Â£Ã´[39m src/api/base/__tests__/RetryHandler.test.js [2m ([22m[2m31 tests[22m[2m)[22m[33m 937[2mms[22m[39m
 [32mÎ“Â£Ã´[39m src/hooks/useSessionData.test.js [2m ([22m[2m45 tests[22m[2m)[22m[90m 86[2mms[22m[39m
 [32mÎ“Â£Ã´[39m src/api/base/__tests__/QueryHelper.test.js [2m ([22m[2m21 tests[22m[2m)[22m[90m 68[2mms[22m[39m
 [32mÎ“Â£Ã´[39m src/services/__tests__/loggingService.test.js [2m ([22m[2m50 tests[22m[2m)[22m[90m 100[2mms[22m[39m
 [32mÎ“Â£Ã´[39m src/api/errors/__tests__/ApiError.test.js [2m ([22m[2m38 tests[22m[2m)[22m[90m 243[2mms[22m[39m
 [32mÎ“Â£Ã´[39m src/hooks/useBreakManagement.test.js [2m ([22m[2m42 tests[22m[2m)[22m[90m 247[2mms[22m[39m
 [32mÎ“Â£Ã´[39m src/hooks/usePVQTrigger.test.js [2m ([22m[2m42 tests[22m[2m)[22m[33m 433[2mms[22m[39m
 [32mÎ“Â£Ã´[39m src/api/base/__tests__/ServiceBase.test.js [2m ([22m[2m25 tests[22m[2m)[22m[90m 237[2mms[22m[39m
 [32mÎ“Â£Ã´[39m src/api/admin/__tests__/analyticsServices.test.js [2m ([22m[2m35 tests[22m[2m)[22m[90m 38[2mms[22m[39m
 [33mÎ“Â¥Â»[39m src/api/enrollment/__tests__/enrollmentServices.concurrent.test.js [2m ([22m[2m0 test[22m[2m)[22m
 [32mÎ“Â£Ã´[39m src/components/common/ErrorBoundary/ErrorBoundary.test.jsx [2m ([22m[2m32 tests[22m[2m)[22m[33m 2068[2mms[22m[39m
 [32mÎ“Â£Ã´[39m src/context/ModalContext.test.jsx [2m ([22m[2m19 tests[22m[2m)[22m[90m 265[2mms[22m[39m
stderr | src/components/admin/tabs/__tests__/UserManagementTab.test.jsx > UserManagementTab > Error Handling > should display error message on load failure
Error loading users: Error: Load failed
    at C:\Users\Cole\Documents\Antigravity Fastrack Workspace\Fastrack-Learning_Management-System\src\components\admin\tabs\__tests__\UserManagementTab.test.jsx:552:21
    at file:///C:/Users/Cole/Documents/Antigravity%20Fastrack%20Workspace/Fastrack-Learning_Management-System/node_modules/@vitest/runner/dist/index.js:135:14
    at file:///C:/Users/Cole/Documents/Antigravity%20Fastrack%20Workspace/Fastrack-Learning_Management-System/node_modules/@vitest/runner/dist/index.js:60:26
    at runTest (file:///C:/Users/Cole/Documents/Antigravity%20Fastrack%20Workspace/Fastrack-Learning_Management-System/node_modules/@vitest/runner/dist/index.js:781:17)
    at runSuite (file:///C:/Users/Cole/Documents/Antigravity%20Fastrack%20Workspace/Fastrack-Learning_Management-System/node_modules/@vitest/runner/dist/index.js:909:15)
    at runSuite (file:///C:/Users/Cole/Documents/Antigravity%20Fastrack%20Workspace/Fastrack-Learning_Management-System/node_modules/@vitest/runner/dist/index.js:909:15)
    at runSuite (file:///C:/Users/Cole/Documents/Antigravity%20Fastrack%20Workspace/Fastrack-Learning_Management-System/node_modules/@vitest/runner/dist/index.js:909:15)
    at runFiles (file:///C:/Users/Cole/Documents/Antigravity%20Fastrack%20Workspace/Fastrack-Learning_Management-System/node_modules/@vitest/runner/dist/index.js:958:5)
    at startTests (file:///C:/Users/Cole/Documents/Antigravity%20Fastrack%20Workspace/Fastrack-Learning_Management-System/node_modules/@vitest/runner/dist/index.js:967:3)
    at file:///C:/Users/Cole/Documents/Antigravity%20Fastrack%20Workspace/Fastrack-Learning_Management-System/node_modules/vitest/dist/chunks/runtime-runBaseTests.oAvMKtQC.js:116:7

stderr | src/components/admin/tabs/__tests__/UserManagementTab.test.jsx > UserManagementTab > Error Handling > should display error on role change failure
Error changing user role: Error: Role change failed
    at C:\Users\Cole\Documents\Antigravity Fastrack Workspace\Fastrack-Learning_Management-System\src\components\admin\tabs\__tests__\UserManagementTab.test.jsx:563:21
    at file:///C:/Users/Cole/Documents/Antigravity%20Fastrack%20Workspace/Fastrack-Learning_Management-System/node_modules/@vitest/runner/dist/index.js:135:14
    at file:///C:/Users/Cole/Documents/Antigravity%20Fastrack%20Workspace/Fastrack-Learning_Management-System/node_modules/@vitest/runner/dist/index.js:60:26
    at runTest (file:///C:/Users/Cole/Documents/Antigravity%20Fastrack%20Workspace/Fastrack-Learning_Management-System/node_modules/@vitest/runner/dist/index.js:781:17)
    at runSuite (file:///C:/Users/Cole/Documents/Antigravity%20Fastrack%20Workspace/Fastrack-Learning_Management-System/node_modules/@vitest/runner/dist/index.js:909:15)
    at runSuite (file:///C:/Users/Cole/Documents/Antigravity%20Fastrack%20Workspace/Fastrack-Learning_Management-System/node_modules/@vitest/runner/dist/index.js:909:15)
    at runSuite (file:///C:/Users/Cole/Documents/Antigravity%20Fastrack%20Workspace/Fastrack-Learning_Management-System/node_modules/@vitest/runner/dist/index.js:909:15)
    at runFiles (file:///C:/Users/Cole/Documents/Antigravity%20Fastrack%20Workspace/Fastrack-Learning_Management-System/node_modules/@vitest/runner/dist/index.js:958:5)
    at startTests (file:///C:/Users/Cole/Documents/Antigravity%20Fastrack%20Workspace/Fastrack-Learning_Management-System/node_modules/@vitest/runner/dist/index.js:967:3)
    at file:///C:/Users/Cole/Documents/Antigravity%20Fastrack%20Workspace/Fastrack-Learning_Management-System/node_modules/vitest/dist/chunks/runtime-runBaseTests.oAvMKtQC.js:116:7

stderr | src/components/admin/tabs/__tests__/UserManagementTab.test.jsx > UserManagementTab > Error Handling > should display error on activity logs load failure
Error loading activity logs: Error: Logs load failed
    at C:\Users\Cole\Documents\Antigravity Fastrack Workspace\Fastrack-Learning_Management-System\src\components\admin\tabs\__tests__\UserManagementTab.test.jsx:588:21
    at file:///C:/Users/Cole/Documents/Antigravity%20Fastrack%20Workspace/Fastrack-Learning_Management-System/node_modules/@vitest/runner/dist/index.js:135:14
    at file:///C:/Users/Cole/Documents/Antigravity%20Fastrack%20Workspace/Fastrack-Learning_Management-System/node_modules/@vitest/runner/dist/index.js:60:26
    at runTest (file:///C:/Users/Cole/Documents/Antigravity%20Fastrack%20Workspace/Fastrack-Learning_Management-System/node_modules/@vitest/runner/dist/index.js:781:17)
    at runSuite (file:///C:/Users/Cole/Documents/Antigravity%20Fastrack%20Workspace/Fastrack-Learning_Management-System/node_modules/@vitest/runner/dist/index.js:909:15)
    at runSuite (file:///C:/Users/Cole/Documents/Antigravity%20Fastrack%20Workspace/Fastrack-Learning_Management-System/node_modules/@vitest/runner/dist/index.js:909:15)
    at runSuite (file:///C:/Users/Cole/Documents/Antigravity%20Fastrack%20Workspace/Fastrack-Learning_Management-System/node_modules/@vitest/runner/dist/index.js:909:15)
    at runFiles (file:///C:/Users/Cole/Documents/Antigravity%20Fastrack%20Workspace/Fastrack-Learning_Management-System/node_modules/@vitest/runner/dist/index.js:958:5)
    at startTests (file:///C:/Users/Cole/Documents/Antigravity%20Fastrack%20Workspace/Fastrack-Learning_Management-System/node_modules/@vitest/runner/dist/index.js:967:3)
    at file:///C:/Users/Cole/Documents/Antigravity%20Fastrack%20Workspace/Fastrack-Learning_Management-System/node_modules/vitest/dist/chunks/runtime-runBaseTests.oAvMKtQC.js:116:7

 [32mÎ“Â£Ã´[39m src/components/admin/tabs/__tests__/UserManagementTab.test.jsx [2m ([22m[2m28 tests[22m[2m)[22m[33m 2444[2mms[22m[39m
stderr | functions/src/compliance/__tests__/videoQuestionFunctions.test.js > Video Question Functions > checkVideoQuestionAnswer > should throw error if question not found
{"severity":"ERROR","message":"Error checking video question answer: HttpsError: Question not found\n    at C:\\Users\\Cole\\Documents\\Antigravity Fastrack Workspace\\Fastrack-Learning_Management-System\\functions\\src\\compliance\\videoQuestionFunctions.js:42:15\n    at C:\\Users\\Cole\\Documents\\Antigravity Fastrack Workspace\\Fastrack-Learning_Management-System\\functions\\src\\compliance\\__tests__\\videoQuestionFunctions.test.js:189:9\n    at runTest (file:///C:/Users/Cole/Documents/Antigravity%20Fastrack%20Workspace/Fastrack-Learning_Management-System/node_modules/@vitest/runner/dist/index.js:781:11)\n    at runSuite (file:///C:/Users/Cole/Documents/Antigravity%20Fastrack%20Workspace/Fastrack-Learning_Management-System/node_modules/@vitest/runner/dist/index.js:909:15)\n    at runSuite (file:///C:/Users/Cole/Documents/Antigravity%20Fastrack%20Workspace/Fastrack-Learning_Management-System/node_modules/@vitest/runner/dist/index.js:909:15)\n    at runSuite (file:///C:/Users/Cole/Documents/Antigravity%20Fastrack%20Workspace/Fastrack-Learning_Management-System/node_modules/@vitest/runner/dist/index.js:909:15)\n    at runFiles (file:///C:/Users/Cole/Documents/Antigravity%20Fastrack%20Workspace/Fastrack-Learning_Management-System/node_modules/@vitest/runner/dist/index.js:958:5)\n    at startTests (file:///C:/Users/Cole/Documents/Antigravity%20Fastrack%20Workspace/Fastrack-Learning_Management-System/node_modules/@vitest/runner/dist/index.js:967:3)\n    at file:///C:/Users/Cole/Documents/Antigravity%20Fastrack%20Workspace/Fastrack-Learning_Management-System/node_modules/vitest/dist/chunks/runtime-runBaseTests.oAvMKtQC.js:116:7\n    at withEnv (file:///C:/Users/Cole/Documents/Antigravity%20Fastrack%20Workspace/Fastrack-Learning_Management-System/node_modules/vitest/dist/chunks/runtime-runBaseTests.oAvMKtQC.js:83:5) {\n  code: 'not-found',\n  details: undefined,\n  httpErrorCode: { canonicalName: 'NOT_FOUND', status: 404 }\n}"}

stderr | functions/src/compliance/__tests__/videoQuestionFunctions.test.js > Video Question Functions > getVideoQuestion > should handle database errors
{"severity":"ERROR","message":"Error getting video question: Error: Database error\n    at Object.<anonymous> (C:\\Users\\Cole\\Documents\\Antigravity Fastrack Workspace\\Fastrack-Learning_Management-System\\functions\\src\\compliance\\__tests__\\videoQuestionFunctions.test.js:613:41)\n    at Object.mockCall (file:///C:/Users/Cole/Documents/Antigravity%20Fastrack%20Workspace/Fastrack-Learning_Management-System/node_modules/@vitest/spy/dist/index.js:50:17)\n    at Object.spy (file:///C:/Users/Cole/Documents/Antigravity%20Fastrack%20Workspace/Fastrack-Learning_Management-System/node_modules/tinyspy/dist/index.js:42:80)\n    at C:\\Users\\Cole\\Documents\\Antigravity Fastrack Workspace\\Fastrack-Learning_Management-System\\functions\\src\\compliance\\videoQuestionFunctions.js:111:10\n    at Function.run (C:\\Users\\Cole\\Documents\\Antigravity Fastrack Workspace\\Fastrack-Learning_Management-System\\functions\\node_modules\\firebase-functions\\lib\\common\\onInit.js:28:10)\n    at C:\\Users\\Cole\\Documents\\Antigravity Fastrack Workspace\\Fastrack-Learning_Management-System\\functions\\src\\compliance\\__tests__\\videoQuestionFunctions.test.js:620:32\n    at file:///C:/Users/Cole/Documents/Antigravity%20Fastrack%20Workspace/Fastrack-Learning_Management-System/node_modules/@vitest/runner/dist/index.js:135:14\n    at file:///C:/Users/Cole/Documents/Antigravity%20Fastrack%20Workspace/Fastrack-Learning_Management-System/node_modules/@vitest/runner/dist/index.js:60:26\n    at runTest (file:///C:/Users/Cole/Documents/Antigravity%20Fastrack%20Workspace/Fastrack-Learning_Management-System/node_modules/@vitest/runner/dist/index.js:781:17)\n    at runSuite (file:///C:/Users/Cole/Documents/Antigravity%20Fastrack%20Workspace/Fastrack-Learning_Management-System/node_modules/@vitest/runner/dist/index.js:909:15)"}

stderr | functions/src/compliance/__tests__/videoQuestionFunctions.test.js > Video Question Functions > recordVideoQuestionResponse > should handle database errors
{"severity":"ERROR","message":"Error recording video question response: Error: Database error\n    at Object.<anonymous> (C:\\Users\\Cole\\Documents\\Antigravity Fastrack Workspace\\Fastrack-Learning_Management-System\\functions\\src\\compliance\\__tests__\\videoQuestionFunctions.test.js:913:41)\n    at Object.mockCall (file:///C:/Users/Cole/Documents/Antigravity%20Fastrack%20Workspace/Fastrack-Learning_Management-System/node_modules/@vitest/spy/dist/index.js:50:17)\n    at Object.spy (file:///C:/Users/Cole/Documents/Antigravity%20Fastrack%20Workspace/Fastrack-Learning_Management-System/node_modules/tinyspy/dist/index.js:42:80)\n    at C:\\Users\\Cole\\Documents\\Antigravity Fastrack Workspace\\Fastrack-Learning_Management-System\\functions\\src\\compliance\\videoQuestionFunctions.js:164:10\n    at Function.run (C:\\Users\\Cole\\Documents\\Antigravity Fastrack Workspace\\Fastrack-Learning_Management-System\\functions\\node_modules\\firebase-functions\\lib\\common\\onInit.js:28:10)\n    at C:\\Users\\Cole\\Documents\\Antigravity Fastrack Workspace\\Fastrack-Learning_Management-System\\functions\\src\\compliance\\__tests__\\videoQuestionFunctions.test.js:927:43\n    at file:///C:/Users/Cole/Documents/Antigravity%20Fastrack%20Workspace/Fastrack-Learning_Management-System/node_modules/@vitest/runner/dist/index.js:135:14\n    at file:///C:/Users/Cole/Documents/Antigravity%20Fastrack%20Workspace/Fastrack-Learning_Management-System/node_modules/@vitest/runner/dist/index.js:60:26\n    at runTest (file:///C:/Users/Cole/Documents/Antigravity%20Fastrack%20Workspace/Fastrack-Learning_Management-System/node_modules/@vitest/runner/dist/index.js:781:17)\n    at runSuite (file:///C:/Users/Cole/Documents/Antigravity%20Fastrack%20Workspace/Fastrack-Learning_Management-System/node_modules/@vitest/runner/dist/index.js:909:15)"}

 [32mÎ“Â£Ã´[39m functions/src/compliance/__tests__/videoQuestionFunctions.test.js [2m ([22m[2m36 tests[22m[2m)[22m[90m 286[2mms[22m[39m
 [33mÎ“Â¥Â»[39m src/components/common/Quiz/Quiz.test.js [2m ([22m[2m0 test[22m[2m)[22m
 [33mÎ“Â¥Â»[39m src/context/ModalContext.test.js [2m ([22m[2m0 test[22m[2m)[22m
Cannot parse C:/Users/Cole/Documents/Antigravity Fastrack Workspace/Fastrack-Learning_Management-System/src/context/CourseContext.test.js:
Expression expected
 [33mÎ“Â¥Â»[39m src/context/CourseContext.test.js [2m ([22m[2m0 test[22m[2m)[22m
 [32mÎ“Â£Ã´[39m src/api/enrollment/__tests__/enrollmentServices.reset.test.js [2m ([22m[2m19 tests[22m[2m)[22m[90m 45[2mms[22m[39m
 [32mÎ“Â£Ã´[39m src/hooks/useSessionTimer.test.js [2m ([22m[2m26 tests[22m[2m)[22m[90m 101[2mms[22m[39m
 [32mÎ“Â£Ã´[39m src/__tests__/firestore.rules.test.js [2m ([22m[2m25 tests[22m[2m)[22m[90m 27[2mms[22m[39m
stderr | src/components/admin/__tests__/SchedulingManagement.loadingIndicators.test.jsx > SchedulingManagement - Loading Indicators > Delete button loading state > should clear loading state after deletion error
Error deleting time slot: Error: Delete failed
    at C:\Users\Cole\Documents\Antigravity Fastrack Workspace\Fastrack-Learning_Management-System\src\components\admin\__tests__\SchedulingManagement.loadingIndicators.test.jsx:168:58
    at runTest (file:///C:/Users/Cole/Documents/Antigravity%20Fastrack%20Workspace/Fastrack-Learning_Management-System/node_modules/@vitest/runner/dist/index.js:781:11)
    at runSuite (file:///C:/Users/Cole/Documents/Antigravity%20Fastrack%20Workspace/Fastrack-Learning_Management-System/node_modules/@vitest/runner/dist/index.js:909:15)
    at runSuite (file:///C:/Users/Cole/Documents/Antigravity%20Fastrack%20Workspace/Fastrack-Learning_Management-System/node_modules/@vitest/runner/dist/index.js:909:15)
    at runSuite (file:///C:/Users/Cole/Documents/Antigravity%20Fastrack%20Workspace/Fastrack-Learning_Management-System/node_modules/@vitest/runner/dist/index.js:909:15)
    at runFiles (file:///C:/Users/Cole/Documents/Antigravity%20Fastrack%20Workspace/Fastrack-Learning_Management-System/node_modules/@vitest/runner/dist/index.js:958:5)
    at startTests (file:///C:/Users/Cole/Documents/Antigravity%20Fastrack%20Workspace/Fastrack-Learning_Management-System/node_modules/@vitest/runner/dist/index.js:967:3)
    at file:///C:/Users/Cole/Documents/Antigravity%20Fastrack%20Workspace/Fastrack-Learning_Management-System/node_modules/vitest/dist/chunks/runtime-runBaseTests.oAvMKtQC.js:116:7
    at withEnv (file:///C:/Users/Cole/Documents/Antigravity%20Fastrack%20Workspace/Fastrack-Learning_Management-System/node_modules/vitest/dist/chunks/runtime-runBaseTests.oAvMKtQC.js:83:5)
    at run (file:///C:/Users/Cole/Documents/Antigravity%20Fastrack%20Workspace/Fastrack-Learning_Management-System/node_modules/vitest/dist/chunks/runtime-runBaseTests.oAvMKtQC.js:105:3)

 [32mÎ“Â£Ã´[39m src/components/admin/tabs/__tests__/AnalyticsTab.test.jsx [2m ([22m[2m30 tests[22m[2m)[22m[33m 1291[2mms[22m[39m
stderr | src/context/CourseContext.test.jsx > CourseContext > useCourse hook > should provide course context inside CourseProvider
Warning: An update to CourseProvider inside a test was not wrapped in act(...).

When testing, code that causes React state updates should be wrapped into act(...):

act(() => {
  /* fire events that update state */
});
/* assert on the output */

This ensures that you're testing the behavior the user would see in the browser. Learn more at https://reactjs.org/link/wrap-tests-with-act
    at CourseProvider (C:\Users\Cole\Documents\Antigravity Fastrack Workspace\Fastrack-Learning_Management-System\src\context\CourseContext.jsx:24:27)
Warning: An update to CourseProvider inside a test was not wrapped in act(...).

When testing, code that causes React state updates should be wrapped into act(...):

act(() => {
  /* fire events that update state */
});
/* assert on the output */

This ensures that you're testing the behavior the user would see in the browser. Learn more at https://reactjs.org/link/wrap-tests-with-act
    at CourseProvider (C:\Users\Cole\Documents\Antigravity Fastrack Workspace\Fastrack-Learning_Management-System\src\context\CourseContext.jsx:24:27)

stderr | src/context/CourseContext.test.jsx > CourseContext > CourseProvider > should render children
Warning: An update to CourseProvider inside a test was not wrapped in act(...).

When testing, code that causes React state updates should be wrapped into act(...):

act(() => {
  /* fire events that update state */
});
/* assert on the output */

This ensures that you're testing the behavior the user would see in the browser. Learn more at https://reactjs.org/link/wrap-tests-with-act
    at CourseProvider (C:\Users\Cole\Documents\Antigravity Fastrack Workspace\Fastrack-Learning_Management-System\src\context\CourseContext.jsx:24:27)
Warning: An update to CourseProvider inside a test was not wrapped in act(...).

When testing, code that causes React state updates should be wrapped into act(...):

act(() => {
  /* fire events that update state */
});
/* assert on the output */

This ensures that you're testing the behavior the user would see in the browser. Learn more at https://reactjs.org/link/wrap-tests-with-act
    at CourseProvider (C:\Users\Cole\Documents\Antigravity Fastrack Workspace\Fastrack-Learning_Management-System\src\context\CourseContext.jsx:24:27)

 [32mÎ“Â£Ã´[39m src/context/CourseContext.test.jsx [2m ([22m[2m18 tests[22m[2m)[22m[33m 508[2mms[22m[39m
stderr | functions/src/payment/__tests__/paymentFunctions.test.js > Payment Functions > createCheckoutSession > should throw error if user not authenticated
Error creating checkout session: Error: Neither apiKey nor config.authenticator provided
    at Stripe._setAuthenticator (C:\Users\Cole\Documents\Antigravity Fastrack Workspace\Fastrack-Learning_Management-System\functions\node_modules\stripe\cjs\stripe.core.js:158:23)
    at new Stripe (C:\Users\Cole\Documents\Antigravity Fastrack Workspace\Fastrack-Learning_Management-System\functions\node_modules\stripe\cjs\stripe.core.js:96:14)
    at Stripe (C:\Users\Cole\Documents\Antigravity Fastrack Workspace\Fastrack-Learning_Management-System\functions\node_modules\stripe\cjs\stripe.core.js:52:20)
    at C:\Users\Cole\Documents\Antigravity Fastrack Workspace\Fastrack-Learning_Management-System\functions\src\payment\paymentFunctions.js:86:28
    at Function.run (C:\Users\Cole\Documents\Antigravity Fastrack Workspace\Fastrack-Learning_Management-System\functions\node_modules\firebase-functions\lib\common\onInit.js:28:10)
    at C:\Users\Cole\Documents\Antigravity Fastrack Workspace\Fastrack-Learning_Management-System\functions\src\payment\__tests__\paymentFunctions.test.js:83:37
    at file:///C:/Users/Cole/Documents/Antigravity%20Fastrack%20Workspace/Fastrack-Learning_Management-System/node_modules/@vitest/runner/dist/index.js:135:14
    at file:///C:/Users/Cole/Documents/Antigravity%20Fastrack%20Workspace/Fastrack-Learning_Management-System/node_modules/@vitest/runner/dist/index.js:60:26
    at runTest (file:///C:/Users/Cole/Documents/Antigravity%20Fastrack%20Workspace/Fastrack-Learning_Management-System/node_modules/@vitest/runner/dist/index.js:781:17)
    at runSuite (file:///C:/Users/Cole/Documents/Antigravity%20Fastrack%20Workspace/Fastrack-Learning_Management-System/node_modules/@vitest/runner/dist/index.js:909:15)

stderr | functions/src/payment/__tests__/paymentFunctions.test.js > Payment Functions > createCheckoutSession > should throw error if courseId missing
Error creating checkout session: Error: Neither apiKey nor config.authenticator provided
    at Stripe._setAuthenticator (C:\Users\Cole\Documents\Antigravity Fastrack Workspace\Fastrack-Learning_Management-System\functions\node_modules\stripe\cjs\stripe.core.js:158:23)
    at new Stripe (C:\Users\Cole\Documents\Antigravity Fastrack Workspace\Fastrack-Learning_Management-System\functions\node_modules\stripe\cjs\stripe.core.js:96:14)
    at Stripe (C:\Users\Cole\Documents\Antigravity Fastrack Workspace\Fastrack-Learning_Management-System\functions\node_modules\stripe\cjs\stripe.core.js:52:20)
    at C:\Users\Cole\Documents\Antigravity Fastrack Workspace\Fastrack-Learning_Management-System\functions\src\payment\paymentFunctions.js:86:28
    at Function.run (C:\Users\Cole\Documents\Antigravity Fastrack Workspace\Fastrack-Learning_Management-System\functions\node_modules\firebase-functions\lib\common\onInit.js:28:10)
    at C:\Users\Cole\Documents\Antigravity Fastrack Workspace\Fastrack-Learning_Management-System\functions\src\payment\__tests__\paymentFunctions.test.js:97:37
    at file:///C:/Users/Cole/Documents/Antigravity%20Fastrack%20Workspace/Fastrack-Learning_Management-System/node_modules/@vitest/runner/dist/index.js:135:14
    at file:///C:/Users/Cole/Documents/Antigravity%20Fastrack%20Workspace/Fastrack-Learning_Management-System/node_modules/@vitest/runner/dist/index.js:60:26
    at runTest (file:///C:/Users/Cole/Documents/Antigravity%20Fastrack%20Workspace/Fastrack-Learning_Management-System/node_modules/@vitest/runner/dist/index.js:781:17)
    at runSuite (file:///C:/Users/Cole/Documents/Antigravity%20Fastrack%20Workspace/Fastrack-Learning_Management-System/node_modules/@vitest/runner/dist/index.js:909:15)

stderr | functions/src/payment/__tests__/paymentFunctions.test.js > Payment Functions > createCheckoutSession > should throw error if amount missing
Error creating checkout session: Error: Neither apiKey nor config.authenticator provided
    at Stripe._setAuthenticator (C:\Users\Cole\Documents\Antigravity Fastrack Workspace\Fastrack-Learning_Management-System\functions\node_modules\stripe\cjs\stripe.core.js:158:23)
    at new Stripe (C:\Users\Cole\Documents\Antigravity Fastrack Workspace\Fastrack-Learning_Management-System\functions\node_modules\stripe\cjs\stripe.core.js:96:14)
    at Stripe (C:\Users\Cole\Documents\Antigravity Fastrack Workspace\Fastrack-Learning_Management-System\functions\node_modules\stripe\cjs\stripe.core.js:52:20)
    at C:\Users\Cole\Documents\Antigravity Fastrack Workspace\Fastrack-Learning_Management-System\functions\src\payment\paymentFunctions.js:86:28
    at Function.run (C:\Users\Cole\Documents\Antigravity Fastrack Workspace\Fastrack-Learning_Management-System\functions\node_modules\firebase-functions\lib\common\onInit.js:28:10)
    at C:\Users\Cole\Documents\Antigravity Fastrack Workspace\Fastrack-Learning_Management-System\functions\src\payment\__tests__\paymentFunctions.test.js:111:37
    at file:///C:/Users/Cole/Documents/Antigravity%20Fastrack%20Workspace/Fastrack-Learning_Management-System/node_modules/@vitest/runner/dist/index.js:135:14
    at file:///C:/Users/Cole/Documents/Antigravity%20Fastrack%20Workspace/Fastrack-Learning_Management-System/node_modules/@vitest/runner/dist/index.js:60:26
    at runTest (file:///C:/Users/Cole/Documents/Antigravity%20Fastrack%20Workspace/Fastrack-Learning_Management-System/node_modules/@vitest/runner/dist/index.js:781:17)
    at runSuite (file:///C:/Users/Cole/Documents/Antigravity%20Fastrack%20Workspace/Fastrack-Learning_Management-System/node_modules/@vitest/runner/dist/index.js:909:15)

stderr | functions/src/payment/__tests__/paymentFunctions.test.js > Payment Functions > createCheckoutSession > should throw error if paymentType missing
Error creating checkout session: Error: Neither apiKey nor config.authenticator provided
    at Stripe._setAuthenticator (C:\Users\Cole\Documents\Antigravity Fastrack Workspace\Fastrack-Learning_Management-System\functions\node_modules\stripe\cjs\stripe.core.js:158:23)
    at new Stripe (C:\Users\Cole\Documents\Antigravity Fastrack Workspace\Fastrack-Learning_Management-System\functions\node_modules\stripe\cjs\stripe.core.js:96:14)
    at Stripe (C:\Users\Cole\Documents\Antigravity Fastrack Workspace\Fastrack-Learning_Management-System\functions\node_modules\stripe\cjs\stripe.core.js:52:20)
    at C:\Users\Cole\Documents\Antigravity Fastrack Workspace\Fastrack-Learning_Management-System\functions\src\payment\paymentFunctions.js:86:28
    at Function.run (C:\Users\Cole\Documents\Antigravity Fastrack Workspace\Fastrack-Learning_Management-System\functions\node_modules\firebase-functions\lib\common\onInit.js:28:10)
    at C:\Users\Cole\Documents\Antigravity Fastrack Workspace\Fastrack-Learning_Management-System\functions\src\payment\__tests__\paymentFunctions.test.js:125:37
    at file:///C:/Users/Cole/Documents/Antigravity%20Fastrack%20Workspace/Fastrack-Learning_Management-System/node_modules/@vitest/runner/dist/index.js:135:14
    at file:///C:/Users/Cole/Documents/Antigravity%20Fastrack%20Workspace/Fastrack-Learning_Management-System/node_modules/@vitest/runner/dist/index.js:60:26
    at runTest (file:///C:/Users/Cole/Documents/Antigravity%20Fastrack%20Workspace/Fastrack-Learning_Management-System/node_modules/@vitest/runner/dist/index.js:781:17)
    at runSuite (file:///C:/Users/Cole/Documents/Antigravity%20Fastrack%20Workspace/Fastrack-Learning_Management-System/node_modules/@vitest/runner/dist/index.js:909:15)

stderr | functions/src/payment/__tests__/paymentFunctions.test.js > Payment Functions > createPaymentIntent > should throw error if user not authenticated
Error creating payment intent: Error: Neither apiKey nor config.authenticator provided
    at Stripe._setAuthenticator (C:\Users\Cole\Documents\Antigravity Fastrack Workspace\Fastrack-Learning_Management-System\functions\node_modules\stripe\cjs\stripe.core.js:158:23)
    at new Stripe (C:\Users\Cole\Documents\Antigravity Fastrack Workspace\Fastrack-Learning_Management-System\functions\node_modules\stripe\cjs\stripe.core.js:96:14)
    at Stripe (C:\Users\Cole\Documents\Antigravity Fastrack Workspace\Fastrack-Learning_Management-System\functions\node_modules\stripe\cjs\stripe.core.js:52:20)
    at C:\Users\Cole\Documents\Antigravity Fastrack Workspace\Fastrack-Learning_Management-System\functions\src\payment\paymentFunctions.js:145:28
    at Function.run (C:\Users\Cole\Documents\Antigravity Fastrack Workspace\Fastrack-Learning_Management-System\functions\node_modules\firebase-functions\lib\common\onInit.js:28:10)
    at C:\Users\Cole\Documents\Antigravity Fastrack Workspace\Fastrack-Learning_Management-System\functions\src\payment\__tests__\paymentFunctions.test.js:161:35
    at file:///C:/Users/Cole/Documents/Antigravity%20Fastrack%20Workspace/Fastrack-Learning_Management-System/node_modules/@vitest/runner/dist/index.js:135:14
    at file:///C:/Users/Cole/Documents/Antigravity%20Fastrack%20Workspace/Fastrack-Learning_Management-System/node_modules/@vitest/runner/dist/index.js:60:26
    at runTest (file:///C:/Users/Cole/Documents/Antigravity%20Fastrack%20Workspace/Fastrack-Learning_Management-System/node_modules/@vitest/runner/dist/index.js:781:17)
    at runSuite (file:///C:/Users/Cole/Documents/Antigravity%20Fastrack%20Workspace/Fastrack-Learning_Management-System/node_modules/@vitest/runner/dist/index.js:909:15)

stderr | functions/src/payment/__tests__/paymentFunctions.test.js > Payment Functions > createPaymentIntent > should throw error if courseId missing
Error creating payment intent: Error: Neither apiKey nor config.authenticator provided
    at Stripe._setAuthenticator (C:\Users\Cole\Documents\Antigravity Fastrack Workspace\Fastrack-Learning_Management-System\functions\node_modules\stripe\cjs\stripe.core.js:158:23)
    at new Stripe (C:\Users\Cole\Documents\Antigravity Fastrack Workspace\Fastrack-Learning_Management-System\functions\node_modules\stripe\cjs\stripe.core.js:96:14)
    at Stripe (C:\Users\Cole\Documents\Antigravity Fastrack Workspace\Fastrack-Learning_Management-System\functions\node_modules\stripe\cjs\stripe.core.js:52:20)
    at C:\Users\Cole\Documents\Antigravity Fastrack Workspace\Fastrack-Learning_Management-System\functions\src\payment\paymentFunctions.js:145:28
    at Function.run (C:\Users\Cole\Documents\Antigravity Fastrack Workspace\Fastrack-Learning_Management-System\functions\node_modules\firebase-functions\lib\common\onInit.js:28:10)
    at C:\Users\Cole\Documents\Antigravity Fastrack Workspace\Fastrack-Learning_Management-System\functions\src\payment\__tests__\paymentFunctions.test.js:175:35
    at file:///C:/Users/Cole/Documents/Antigravity%20Fastrack%20Workspace/Fastrack-Learning_Management-System/node_modules/@vitest/runner/dist/index.js:135:14
    at file:///C:/Users/Cole/Documents/Antigravity%20Fastrack%20Workspace/Fastrack-Learning_Management-System/node_modules/@vitest/runner/dist/index.js:60:26
    at runTest (file:///C:/Users/Cole/Documents/Antigravity%20Fastrack%20Workspace/Fastrack-Learning_Management-System/node_modules/@vitest/runner/dist/index.js:781:17)
    at runSuite (file:///C:/Users/Cole/Documents/Antigravity%20Fastrack%20Workspace/Fastrack-Learning_Management-System/node_modules/@vitest/runner/dist/index.js:909:15)

stderr | functions/src/payment/__tests__/paymentFunctions.test.js > Payment Functions > createPaymentIntent > should throw error if amount missing
Error creating payment intent: Error: Neither apiKey nor config.authenticator provided
    at Stripe._setAuthenticator (C:\Users\Cole\Documents\Antigravity Fastrack Workspace\Fastrack-Learning_Management-System\functions\node_modules\stripe\cjs\stripe.core.js:158:23)
    at new Stripe (C:\Users\Cole\Documents\Antigravity Fastrack Workspace\Fastrack-Learning_Management-System\functions\node_modules\stripe\cjs\stripe.core.js:96:14)
    at Stripe (C:\Users\Cole\Documents\Antigravity Fastrack Workspace\Fastrack-Learning_Management-System\functions\node_modules\stripe\cjs\stripe.core.js:52:20)
    at C:\Users\Cole\Documents\Antigravity Fastrack Workspace\Fastrack-Learning_Management-System\functions\src\payment\paymentFunctions.js:145:28
    at Function.run (C:\Users\Cole\Documents\Antigravity Fastrack Workspace\Fastrack-Learning_Management-System\functions\node_modules\firebase-functions\lib\common\onInit.js:28:10)
    at C:\Users\Cole\Documents\Antigravity Fastrack Workspace\Fastrack-Learning_Management-System\functions\src\payment\__tests__\paymentFunctions.test.js:189:35
    at file:///C:/Users/Cole/Documents/Antigravity%20Fastrack%20Workspace/Fastrack-Learning_Management-System/node_modules/@vitest/runner/dist/index.js:135:14
    at file:///C:/Users/Cole/Documents/Antigravity%20Fastrack%20Workspace/Fastrack-Learning_Management-System/node_modules/@vitest/runner/dist/index.js:60:26
    at runTest (file:///C:/Users/Cole/Documents/Antigravity%20Fastrack%20Workspace/Fastrack-Learning_Management-System/node_modules/@vitest/runner/dist/index.js:781:17)
    at runSuite (file:///C:/Users/Cole/Documents/Antigravity%20Fastrack%20Workspace/Fastrack-Learning_Management-System/node_modules/@vitest/runner/dist/index.js:909:15)

stderr | functions/src/payment/__tests__/paymentFunctions.test.js > Payment Functions > createPaymentIntent > should throw error if paymentType missing
Error creating payment intent: Error: Neither apiKey nor config.authenticator provided
    at Stripe._setAuthenticator (C:\Users\Cole\Documents\Antigravity Fastrack Workspace\Fastrack-Learning_Management-System\functions\node_modules\stripe\cjs\stripe.core.js:158:23)
    at new Stripe (C:\Users\Cole\Documents\Antigravity Fastrack Workspace\Fastrack-Learning_Management-System\functions\node_modules\stripe\cjs\stripe.core.js:96:14)
    at Stripe (C:\Users\Cole\Documents\Antigravity Fastrack Workspace\Fastrack-Learning_Management-System\functions\node_modules\stripe\cjs\stripe.core.js:52:20)
    at C:\Users\Cole\Documents\Antigravity Fastrack Workspace\Fastrack-Learning_Management-System\functions\src\payment\paymentFunctions.js:145:28
    at Function.run (C:\Users\Cole\Documents\Antigravity Fastrack Workspace\Fastrack-Learning_Management-System\functions\node_modules\firebase-functions\lib\common\onInit.js:28:10)
    at C:\Users\Cole\Documents\Antigravity Fastrack Workspace\Fastrack-Learning_Management-System\functions\src\payment\__tests__\paymentFunctions.test.js:203:35
    at file:///C:/Users/Cole/Documents/Antigravity%20Fastrack%20Workspace/Fastrack-Learning_Management-System/node_modules/@vitest/runner/dist/index.js:135:14
    at file:///C:/Users/Cole/Documents/Antigravity%20Fastrack%20Workspace/Fastrack-Learning_Management-System/node_modules/@vitest/runner/dist/index.js:60:26
    at runTest (file:///C:/Users/Cole/Documents/Antigravity%20Fastrack%20Workspace/Fastrack-Learning_Management-System/node_modules/@vitest/runner/dist/index.js:781:17)
    at runSuite (file:///C:/Users/Cole/Documents/Antigravity%20Fastrack%20Workspace/Fastrack-Learning_Management-System/node_modules/@vitest/runner/dist/index.js:909:15)

 [33mÎ“Â¥Â»[39m functions/src/payment/__tests__/paymentFunctions.test.js [2m ([22m[2m21 tests[22m [2m|[22m [31m8 failed[39m [2m|[22m [33m2 skipped[39m[2m)[22m[90m 125[2mms[22m[39m
[31m   [33mÎ“Â¥Â»[31m functions/src/payment/__tests__/paymentFunctions.test.js[2m > [22mPayment Functions[2m > [22mcreateCheckoutSession[2m > [22mshould throw error if user not authenticated[39m
[31m     Î“Ã¥Ã† expected 'Failed to create checkout session: NeÎ“Ã‡Âª' to contain 'Neither user nor authenticated user'[39m
[31m   [33mÎ“Â¥Â»[31m functions/src/payment/__tests__/paymentFunctions.test.js[2m > [22mPayment Functions[2m > [22mcreateCheckoutSession[2m > [22mshould throw error if courseId missing[39m
[31m     Î“Ã¥Ã† expected 'Failed to create checkout session: NeÎ“Ã‡Âª' to contain 'Missing required parameters'[39m
[31m   [33mÎ“Â¥Â»[31m functions/src/payment/__tests__/paymentFunctions.test.js[2m > [22mPayment Functions[2m > [22mcreateCheckoutSession[2m > [22mshould throw error if amount missing[39m
[31m     Î“Ã¥Ã† expected 'Failed to create checkout session: NeÎ“Ã‡Âª' to contain 'Missing required parameters'[39m
[31m   [33mÎ“Â¥Â»[31m functions/src/payment/__tests__/paymentFunctions.test.js[2m > [22mPayment Functions[2m > [22mcreateCheckoutSession[2m > [22mshould throw error if paymentType missing[39m
[31m     Î“Ã¥Ã† expected 'Failed to create checkout session: NeÎ“Ã‡Âª' to contain 'Missing required parameters'[39m
[31m   [33mÎ“Â¥Â»[31m functions/src/payment/__tests__/paymentFunctions.test.js[2m > [22mPayment Functions[2m > [22mcreatePaymentIntent[2m > [22mshould throw error if user not authenticated[39m
[31m     Î“Ã¥Ã† expected 'Failed to create payment intent: NeitÎ“Ã‡Âª' to contain 'Neither user nor authenticated user'[39m
[31m   [33mÎ“Â¥Â»[31m functions/src/payment/__tests__/paymentFunctions.test.js[2m > [22mPayment Functions[2m > [22mcreatePaymentIntent[2m > [22mshould throw error if courseId missing[39m
[31m     Î“Ã¥Ã† expected 'Failed to create payment intent: NeitÎ“Ã‡Âª' to contain 'Missing required parameters'[39m
[31m   [33mÎ“Â¥Â»[31m functions/src/payment/__tests__/paymentFunctions.test.js[2m > [22mPayment Functions[2m > [22mcreatePaymentIntent[2m > [22mshould throw error if amount missing[39m
[31m     Î“Ã¥Ã† expected 'Failed to create payment intent: NeitÎ“Ã‡Âª' to contain 'Missing required parameters'[39m
[31m   [33mÎ“Â¥Â»[31m functions/src/payment/__tests__/paymentFunctions.test.js[2m > [22mPayment Functions[2m > [22mcreatePaymentIntent[2m > [22mshould throw error if paymentType missing[39m
[31m     Î“Ã¥Ã† expected 'Failed to create payment intent: NeitÎ“Ã‡Âª' to contain 'Missing required parameters'[39m
Cannot parse C:/Users/Cole/Documents/Antigravity Fastrack Workspace/Fastrack-Learning_Management-System/src/context/AuthContext.test.js:
Expression expected
 [33mÎ“Â¥Â»[39m src/context/AuthContext.test.js [2m ([22m[2m0 test[22m[2m)[22m
 [32mÎ“Â£Ã´[39m src/constants/__tests__/userRoles.assignment.test.js [2m ([22m[2m35 tests[22m[2m)[22m[90m 28[2mms[22m[39m
 [32mÎ“Â£Ã´[39m src/api/base/__tests__/CacheService.test.js [2m ([22m[2m32 tests[22m[2m)[22m[90m 68[2mms[22m[39m
stderr | src/components/admin/__tests__/SchedulingManagement.loadingIndicators.test.jsx > SchedulingManagement - Loading Indicators > Unassign button loading state > should clear loading state after unassignment error
Error unassigning slot: Error: Unassign failed
    at C:\Users\Cole\Documents\Antigravity Fastrack Workspace\Fastrack-Learning_Management-System\src\components\admin\__tests__\SchedulingManagement.loadingIndicators.test.jsx:258:60
    at runTest (file:///C:/Users/Cole/Documents/Antigravity%20Fastrack%20Workspace/Fastrack-Learning_Management-System/node_modules/@vitest/runner/dist/index.js:781:11)
    at runSuite (file:///C:/Users/Cole/Documents/Antigravity%20Fastrack%20Workspace/Fastrack-Learning_Management-System/node_modules/@vitest/runner/dist/index.js:909:15)
    at runSuite (file:///C:/Users/Cole/Documents/Antigravity%20Fastrack%20Workspace/Fastrack-Learning_Management-System/node_modules/@vitest/runner/dist/index.js:909:15)
    at runSuite (file:///C:/Users/Cole/Documents/Antigravity%20Fastrack%20Workspace/Fastrack-Learning_Management-System/node_modules/@vitest/runner/dist/index.js:909:15)
    at runFiles (file:///C:/Users/Cole/Documents/Antigravity%20Fastrack%20Workspace/Fastrack-Learning_Management-System/node_modules/@vitest/runner/dist/index.js:958:5)
    at startTests (file:///C:/Users/Cole/Documents/Antigravity%20Fastrack%20Workspace/Fastrack-Learning_Management-System/node_modules/@vitest/runner/dist/index.js:967:3)
    at file:///C:/Users/Cole/Documents/Antigravity%20Fastrack%20Workspace/Fastrack-Learning_Management-System/node_modules/vitest/dist/chunks/runtime-runBaseTests.oAvMKtQC.js:116:7
    at withEnv (file:///C:/Users/Cole/Documents/Antigravity%20Fastrack%20Workspace/Fastrack-Learning_Management-System/node_modules/vitest/dist/chunks/runtime-runBaseTests.oAvMKtQC.js:83:5)
    at run (file:///C:/Users/Cole/Documents/Antigravity%20Fastrack%20Workspace/Fastrack-Learning_Management-System/node_modules/vitest/dist/chunks/runtime-runBaseTests.oAvMKtQC.js:105:3)

Cannot parse C:/Users/Cole/Documents/Antigravity Fastrack Workspace/Fastrack-Learning_Management-System/src/pages/Admin/__tests__/AdminPage.userManagement.integration.test.js:
Expression expected
 [33mÎ“Â¥Â»[39m src/pages/Admin/__tests__/AdminPage.userManagement.integration.test.js [2m ([22m[2m0 test[22m[2m)[22m
stderr | functions/src/user/__tests__/userFunctions.test.js > User Functions > createUser > should throw error if email missing
Error creating user: Error: Missing required fields: email, password, displayName
    at C:\Users\Cole\Documents\Antigravity Fastrack Workspace\Fastrack-Learning_Management-System\functions\src\user\userFunctions.js:12:13
    at Function.run (C:\Users\Cole\Documents\Antigravity Fastrack Workspace\Fastrack-Learning_Management-System\functions\node_modules\firebase-functions\lib\common\onInit.js:28:10)
    at C:\Users\Cole\Documents\Antigravity Fastrack Workspace\Fastrack-Learning_Management-System\functions\src\user\__tests__\userFunctions.test.js:74:26
    at file:///C:/Users/Cole/Documents/Antigravity%20Fastrack%20Workspace/Fastrack-Learning_Management-System/node_modules/@vitest/runner/dist/index.js:135:14
    at file:///C:/Users/Cole/Documents/Antigravity%20Fastrack%20Workspace/Fastrack-Learning_Management-System/node_modules/@vitest/runner/dist/index.js:60:26
    at runTest (file:///C:/Users/Cole/Documents/Antigravity%20Fastrack%20Workspace/Fastrack-Learning_Management-System/node_modules/@vitest/runner/dist/index.js:781:17)
    at runSuite (file:///C:/Users/Cole/Documents/Antigravity%20Fastrack%20Workspace/Fastrack-Learning_Management-System/node_modules/@vitest/runner/dist/index.js:909:15)
    at runSuite (file:///C:/Users/Cole/Documents/Antigravity%20Fastrack%20Workspace/Fastrack-Learning_Management-System/node_modules/@vitest/runner/dist/index.js:909:15)
    at runSuite (file:///C:/Users/Cole/Documents/Antigravity%20Fastrack%20Workspace/Fastrack-Learning_Management-System/node_modules/@vitest/runner/dist/index.js:909:15)
    at runFiles (file:///C:/Users/Cole/Documents/Antigravity%20Fastrack%20Workspace/Fastrack-Learning_Management-System/node_modules/@vitest/runner/dist/index.js:958:5)

stderr | functions/src/user/__tests__/userFunctions.test.js > User Functions > createUser > should throw error if password missing
Error creating user: Error: Missing required fields: email, password, displayName
    at C:\Users\Cole\Documents\Antigravity Fastrack Workspace\Fastrack-Learning_Management-System\functions\src\user\userFunctions.js:12:13
    at Function.run (C:\Users\Cole\Documents\Antigravity Fastrack Workspace\Fastrack-Learning_Management-System\functions\node_modules\firebase-functions\lib\common\onInit.js:28:10)
    at C:\Users\Cole\Documents\Antigravity Fastrack Workspace\Fastrack-Learning_Management-System\functions\src\user\__tests__\userFunctions.test.js:88:26
    at file:///C:/Users/Cole/Documents/Antigravity%20Fastrack%20Workspace/Fastrack-Learning_Management-System/node_modules/@vitest/runner/dist/index.js:135:14
    at file:///C:/Users/Cole/Documents/Antigravity%20Fastrack%20Workspace/Fastrack-Learning_Management-System/node_modules/@vitest/runner/dist/index.js:60:26
    at runTest (file:///C:/Users/Cole/Documents/Antigravity%20Fastrack%20Workspace/Fastrack-Learning_Management-System/node_modules/@vitest/runner/dist/index.js:781:17)
    at runSuite (file:///C:/Users/Cole/Documents/Antigravity%20Fastrack%20Workspace/Fastrack-Learning_Management-System/node_modules/@vitest/runner/dist/index.js:909:15)
    at runSuite (file:///C:/Users/Cole/Documents/Antigravity%20Fastrack%20Workspace/Fastrack-Learning_Management-System/node_modules/@vitest/runner/dist/index.js:909:15)
    at runSuite (file:///C:/Users/Cole/Documents/Antigravity%20Fastrack%20Workspace/Fastrack-Learning_Management-System/node_modules/@vitest/runner/dist/index.js:909:15)
    at runFiles (file:///C:/Users/Cole/Documents/Antigravity%20Fastrack%20Workspace/Fastrack-Learning_Management-System/node_modules/@vitest/runner/dist/index.js:958:5)

stderr | functions/src/user/__tests__/userFunctions.test.js > User Functions > createUser > should throw error if displayName missing
Error creating user: Error: Missing required fields: email, password, displayName
    at C:\Users\Cole\Documents\Antigravity Fastrack Workspace\Fastrack-Learning_Management-System\functions\src\user\userFunctions.js:12:13
    at Function.run (C:\Users\Cole\Documents\Antigravity Fastrack Workspace\Fastrack-Learning_Management-System\functions\node_modules\firebase-functions\lib\common\onInit.js:28:10)
    at C:\Users\Cole\Documents\Antigravity Fastrack Workspace\Fastrack-Learning_Management-System\functions\src\user\__tests__\userFunctions.test.js:102:26
    at file:///C:/Users/Cole/Documents/Antigravity%20Fastrack%20Workspace/Fastrack-Learning_Management-System/node_modules/@vitest/runner/dist/index.js:135:14
    at file:///C:/Users/Cole/Documents/Antigravity%20Fastrack%20Workspace/Fastrack-Learning_Management-System/node_modules/@vitest/runner/dist/index.js:60:26
    at runTest (file:///C:/Users/Cole/Documents/Antigravity%20Fastrack%20Workspace/Fastrack-Learning_Management-System/node_modules/@vitest/runner/dist/index.js:781:17)
    at runSuite (file:///C:/Users/Cole/Documents/Antigravity%20Fastrack%20Workspace/Fastrack-Learning_Management-System/node_modules/@vitest/runner/dist/index.js:909:15)
    at runSuite (file:///C:/Users/Cole/Documents/Antigravity%20Fastrack%20Workspace/Fastrack-Learning_Management-System/node_modules/@vitest/runner/dist/index.js:909:15)
    at runSuite (file:///C:/Users/Cole/Documents/Antigravity%20Fastrack%20Workspace/Fastrack-Learning_Management-System/node_modules/@vitest/runner/dist/index.js:909:15)
    at runFiles (file:///C:/Users/Cole/Documents/Antigravity%20Fastrack%20Workspace/Fastrack-Learning_Management-System/node_modules/@vitest/runner/dist/index.js:958:5)

 [32mÎ“Â£Ã´[39m src/api/enrollment/__tests__/enrollmentServices.refactor.test.js [2m ([22m[2m13 tests[22m[2m)[22m[90m 48[2mms[22m[39m
(node:13932) MetadataLookupWarning: received unexpected error = fetch failed code = UNKNOWN
(Use `node --trace-warnings ...` to show where the warning was created)
Cannot parse C:/Users/Cole/Documents/Antigravity Fastrack Workspace/Fastrack-Learning_Management-System/src/components/admin/tabs/__tests__/UserManagementTab.createUser.integration.test.js:
Expression expected
 [33mÎ“Â¥Â»[39m src/components/admin/tabs/__tests__/UserManagementTab.createUser.integration.test.js [2m ([22m[2m0 test[22m[2m)[22m
 [32mÎ“Â£Ã´[39m src/api/student/__tests__/userServices.getAllStudents.test.js [2m ([22m[2m6 tests[22m[2m)[22m[90m 26[2mms[22m[39m
 [32mÎ“Â£Ã´[39m src/context/AuthContext.test.jsx [2m ([22m[2m14 tests[22m[2m)[22m[33m 443[2mms[22m[39m
stderr | functions/src/certificate/__tests__/certificateFunctions.test.js > Certificate Functions > generateCertificate > should throw error if user not authenticated
Error generating certificate: Error: Authentication required
    at C:\Users\Cole\Documents\Antigravity Fastrack Workspace\Fastrack-Learning_Management-System\functions\src\certificate\certificateFunctions.js:9:13
    at Function.run (C:\Users\Cole\Documents\Antigravity Fastrack Workspace\Fastrack-Learning_Management-System\functions\node_modules\firebase-functions\lib\common\onInit.js:28:10)
    at C:\Users\Cole\Documents\Antigravity Fastrack Workspace\Fastrack-Learning_Management-System\functions\src\certificate\__tests__\certificateFunctions.test.js:40:35
    at file:///C:/Users/Cole/Documents/Antigravity%20Fastrack%20Workspace/Fastrack-Learning_Management-System/node_modules/@vitest/runner/dist/index.js:135:14
    at file:///C:/Users/Cole/Documents/Antigravity%20Fastrack%20Workspace/Fastrack-Learning_Management-System/node_modules/@vitest/runner/dist/index.js:60:26
    at runTest (file:///C:/Users/Cole/Documents/Antigravity%20Fastrack%20Workspace/Fastrack-Learning_Management-System/node_modules/@vitest/runner/dist/index.js:781:17)
    at runSuite (file:///C:/Users/Cole/Documents/Antigravity%20Fastrack%20Workspace/Fastrack-Learning_Management-System/node_modules/@vitest/runner/dist/index.js:909:15)
    at runSuite (file:///C:/Users/Cole/Documents/Antigravity%20Fastrack%20Workspace/Fastrack-Learning_Management-System/node_modules/@vitest/runner/dist/index.js:909:15)
    at runSuite (file:///C:/Users/Cole/Documents/Antigravity%20Fastrack%20Workspace/Fastrack-Learning_Management-System/node_modules/@vitest/runner/dist/index.js:909:15)
    at runFiles (file:///C:/Users/Cole/Documents/Antigravity%20Fastrack%20Workspace/Fastrack-Learning_Management-System/node_modules/@vitest/runner/dist/index.js:958:5)

stderr | functions/src/certificate/__tests__/certificateFunctions.test.js > Certificate Functions > generateCertificate > should throw error if userId missing
Error generating certificate: Error: Missing required parameters: userId, courseId
    at C:\Users\Cole\Documents\Antigravity Fastrack Workspace\Fastrack-Learning_Management-System\functions\src\certificate\certificateFunctions.js:16:13
    at Function.run (C:\Users\Cole\Documents\Antigravity Fastrack Workspace\Fastrack-Learning_Management-System\functions\node_modules\firebase-functions\lib\common\onInit.js:28:10)
    at C:\Users\Cole\Documents\Antigravity Fastrack Workspace\Fastrack-Learning_Management-System\functions\src\certificate\__tests__\certificateFunctions.test.js:51:35
    at file:///C:/Users/Cole/Documents/Antigravity%20Fastrack%20Workspace/Fastrack-Learning_Management-System/node_modules/@vitest/runner/dist/index.js:135:14
    at file:///C:/Users/Cole/Documents/Antigravity%20Fastrack%20Workspace/Fastrack-Learning_Management-System/node_modules/@vitest/runner/dist/index.js:60:26
    at runTest (file:///C:/Users/Cole/Documents/Antigravity%20Fastrack%20Workspace/Fastrack-Learning_Management-System/node_modules/@vitest/runner/dist/index.js:781:17)
    at runSuite (file:///C:/Users/Cole/Documents/Antigravity%20Fastrack%20Workspace/Fastrack-Learning_Management-System/node_modules/@vitest/runner/dist/index.js:909:15)
    at runSuite (file:///C:/Users/Cole/Documents/Antigravity%20Fastrack%20Workspace/Fastrack-Learning_Management-System/node_modules/@vitest/runner/dist/index.js:909:15)
    at runSuite (file:///C:/Users/Cole/Documents/Antigravity%20Fastrack%20Workspace/Fastrack-Learning_Management-System/node_modules/@vitest/runner/dist/index.js:909:15)
    at runFiles (file:///C:/Users/Cole/Documents/Antigravity%20Fastrack%20Workspace/Fastrack-Learning_Management-System/node_modules/@vitest/runner/dist/index.js:958:5)

stderr | functions/src/certificate/__tests__/certificateFunctions.test.js > Certificate Functions > generateCertificate > should throw error if courseId missing
Error generating certificate: Error: Missing required parameters: userId, courseId
    at C:\Users\Cole\Documents\Antigravity Fastrack Workspace\Fastrack-Learning_Management-System\functions\src\certificate\certificateFunctions.js:16:13
    at Function.run (C:\Users\Cole\Documents\Antigravity Fastrack Workspace\Fastrack-Learning_Management-System\functions\node_modules\firebase-functions\lib\common\onInit.js:28:10)
    at C:\Users\Cole\Documents\Antigravity Fastrack Workspace\Fastrack-Learning_Management-System\functions\src\certificate\__tests__\certificateFunctions.test.js:62:35
    at file:///C:/Users/Cole/Documents/Antigravity%20Fastrack%20Workspace/Fastrack-Learning_Management-System/node_modules/@vitest/runner/dist/index.js:135:14
    at file:///C:/Users/Cole/Documents/Antigravity%20Fastrack%20Workspace/Fastrack-Learning_Management-System/node_modules/@vitest/runner/dist/index.js:60:26
    at runTest (file:///C:/Users/Cole/Documents/Antigravity%20Fastrack%20Workspace/Fastrack-Learning_Management-System/node_modules/@vitest/runner/dist/index.js:781:17)
    at runSuite (file:///C:/Users/Cole/Documents/Antigravity%20Fastrack%20Workspace/Fastrack-Learning_Management-System/node_modules/@vitest/runner/dist/index.js:909:15)
    at runSuite (file:///C:/Users/Cole/Documents/Antigravity%20Fastrack%20Workspace/Fastrack-Learning_Management-System/node_modules/@vitest/runner/dist/index.js:909:15)
    at runSuite (file:///C:/Users/Cole/Documents/Antigravity%20Fastrack%20Workspace/Fastrack-Learning_Management-System/node_modules/@vitest/runner/dist/index.js:909:15)
    at runFiles (file:///C:/Users/Cole/Documents/Antigravity%20Fastrack%20Workspace/Fastrack-Learning_Management-System/node_modules/@vitest/runner/dist/index.js:958:5)

stderr | functions/src/certificate/__tests__/certificateFunctions.test.js > Certificate Functions > generateCertificate > should throw error if enrollment not found
Error generating certificate: Error: Enrollment not found
    at C:\Users\Cole\Documents\Antigravity Fastrack Workspace\Fastrack-Learning_Management-System\functions\src\certificate\certificateFunctions.js:23:13
    at C:\Users\Cole\Documents\Antigravity Fastrack Workspace\Fastrack-Learning_Management-System\functions\src\certificate\__tests__\certificateFunctions.test.js:86:9
    at runTest (file:///C:/Users/Cole/Documents/Antigravity%20Fastrack%20Workspace/Fastrack-Learning_Management-System/node_modules/@vitest/runner/dist/index.js:781:11)
    at runSuite (file:///C:/Users/Cole/Documents/Antigravity%20Fastrack%20Workspace/Fastrack-Learning_Management-System/node_modules/@vitest/runner/dist/index.js:909:15)
    at runSuite (file:///C:/Users/Cole/Documents/Antigravity%20Fastrack%20Workspace/Fastrack-Learning_Management-System/node_modules/@vitest/runner/dist/index.js:909:15)
    at runSuite (file:///C:/Users/Cole/Documents/Antigravity%20Fastrack%20Workspace/Fastrack-Learning_Management-System/node_modules/@vitest/runner/dist/index.js:909:15)
    at runFiles (file:///C:/Users/Cole/Documents/Antigravity%20Fastrack%20Workspace/Fastrack-Learning_Management-System/node_modules/@vitest/runner/dist/index.js:958:5)
    at startTests (file:///C:/Users/Cole/Documents/Antigravity%20Fastrack%20Workspace/Fastrack-Learning_Management-System/node_modules/@vitest/runner/dist/index.js:967:3)
    at file:///C:/Users/Cole/Documents/Antigravity%20Fastrack%20Workspace/Fastrack-Learning_Management-System/node_modules/vitest/dist/chunks/runtime-runBaseTests.oAvMKtQC.js:116:7
    at withEnv (file:///C:/Users/Cole/Documents/Antigravity%20Fastrack%20Workspace/Fastrack-Learning_Management-System/node_modules/vitest/dist/chunks/runtime-runBaseTests.oAvMKtQC.js:83:5)

stderr | functions/src/certificate/__tests__/certificateFunctions.test.js > Certificate Functions > generateCertificate > should throw error if payment not completed
Error generating certificate: Error: Payment not completed. Cannot generate certificate.
    at C:\Users\Cole\Documents\Antigravity Fastrack Workspace\Fastrack-Learning_Management-System\functions\src\certificate\certificateFunctions.js:29:13
    at C:\Users\Cole\Documents\Antigravity Fastrack Workspace\Fastrack-Learning_Management-System\functions\src\certificate\__tests__\certificateFunctions.test.js:118:9
    at runTest (file:///C:/Users/Cole/Documents/Antigravity%20Fastrack%20Workspace/Fastrack-Learning_Management-System/node_modules/@vitest/runner/dist/index.js:781:11)
    at runSuite (file:///C:/Users/Cole/Documents/Antigravity%20Fastrack%20Workspace/Fastrack-Learning_Management-System/node_modules/@vitest/runner/dist/index.js:909:15)
    at runSuite (file:///C:/Users/Cole/Documents/Antigravity%20Fastrack%20Workspace/Fastrack-Learning_Management-System/node_modules/@vitest/runner/dist/index.js:909:15)
    at runSuite (file:///C:/Users/Cole/Documents/Antigravity%20Fastrack%20Workspace/Fastrack-Learning_Management-System/node_modules/@vitest/runner/dist/index.js:909:15)
    at runFiles (file:///C:/Users/Cole/Documents/Antigravity%20Fastrack%20Workspace/Fastrack-Learning_Management-System/node_modules/@vitest/runner/dist/index.js:958:5)
    at startTests (file:///C:/Users/Cole/Documents/Antigravity%20Fastrack%20Workspace/Fastrack-Learning_Management-System/node_modules/@vitest/runner/dist/index.js:967:3)
    at file:///C:/Users/Cole/Documents/Antigravity%20Fastrack%20Workspace/Fastrack-Learning_Management-System/node_modules/vitest/dist/chunks/runtime-runBaseTests.oAvMKtQC.js:116:7
    at withEnv (file:///C:/Users/Cole/Documents/Antigravity%20Fastrack%20Workspace/Fastrack-Learning_Management-System/node_modules/vitest/dist/chunks/runtime-runBaseTests.oAvMKtQC.js:83:5)

stderr | functions/src/certificate/__tests__/certificateFunctions.test.js > Certificate Functions > generateCertificate > should throw error if course not found
Error generating certificate: Error: Course not found
    at C:\Users\Cole\Documents\Antigravity Fastrack Workspace\Fastrack-Learning_Management-System\functions\src\certificate\certificateFunctions.js:36:13
    at C:\Users\Cole\Documents\Antigravity Fastrack Workspace\Fastrack-Learning_Management-System\functions\src\certificate\__tests__\certificateFunctions.test.js:159:9
    at runTest (file:///C:/Users/Cole/Documents/Antigravity%20Fastrack%20Workspace/Fastrack-Learning_Management-System/node_modules/@vitest/runner/dist/index.js:781:11)
    at runSuite (file:///C:/Users/Cole/Documents/Antigravity%20Fastrack%20Workspace/Fastrack-Learning_Management-System/node_modules/@vitest/runner/dist/index.js:909:15)
    at runSuite (file:///C:/Users/Cole/Documents/Antigravity%20Fastrack%20Workspace/Fastrack-Learning_Management-System/node_modules/@vitest/runner/dist/index.js:909:15)
    at runSuite (file:///C:/Users/Cole/Documents/Antigravity%20Fastrack%20Workspace/Fastrack-Learning_Management-System/node_modules/@vitest/runner/dist/index.js:909:15)
    at runFiles (file:///C:/Users/Cole/Documents/Antigravity%20Fastrack%20Workspace/Fastrack-Learning_Management-System/node_modules/@vitest/runner/dist/index.js:958:5)
    at startTests (file:///C:/Users/Cole/Documents/Antigravity%20Fastrack%20Workspace/Fastrack-Learning_Management-System/node_modules/@vitest/runner/dist/index.js:967:3)
    at file:///C:/Users/Cole/Documents/Antigravity%20Fastrack%20Workspace/Fastrack-Learning_Management-System/node_modules/vitest/dist/chunks/runtime-runBaseTests.oAvMKtQC.js:116:7
    at withEnv (file:///C:/Users/Cole/Documents/Antigravity%20Fastrack%20Workspace/Fastrack-Learning_Management-System/node_modules/vitest/dist/chunks/runtime-runBaseTests.oAvMKtQC.js:83:5)

 [32mÎ“Â£Ã´[39m functions/src/certificate/__tests__/certificateFunctions.test.js [2m ([22m[2m8 tests[22m[2m)[22m[90m 63[2mms[22m[39m
 [32mÎ“Â£Ã´[39m src/api/enrollment/__tests__/enrollmentServices.checkCourseAccess.test.js [2m ([22m[2m9 tests[22m[2m)[22m[90m 33[2mms[22m[39m
Cannot parse C:/Users/Cole/Documents/Antigravity Fastrack Workspace/Fastrack-Learning_Management-System/src/components/auth/__tests__/ForcePasswordChangeModal.integration.test.js:
Expression expected
 [33mÎ“Â¥Â»[39m src/components/auth/__tests__/ForcePasswordChangeModal.integration.test.js [2m ([22m[2m0 test[22m[2m)[22m
stderr | src/api/admin/__tests__/userManagementServices.createUserFunction.test.js > User Management - createUser Function > should handle Cloud Function errors
Error creating user: Error: Failed to create user: Email already exists
    at C:\Users\Cole\Documents\Antigravity Fastrack Workspace\Fastrack-Learning_Management-System\src\api\admin\__tests__\userManagementServices.createUserFunction.test.js:84:19
    at file:///C:/Users/Cole/Documents/Antigravity%20Fastrack%20Workspace/Fastrack-Learning_Management-System/node_modules/@vitest/runner/dist/index.js:135:14
    at file:///C:/Users/Cole/Documents/Antigravity%20Fastrack%20Workspace/Fastrack-Learning_Management-System/node_modules/@vitest/runner/dist/index.js:60:26
    at runTest (file:///C:/Users/Cole/Documents/Antigravity%20Fastrack%20Workspace/Fastrack-Learning_Management-System/node_modules/@vitest/runner/dist/index.js:781:17)
    at runSuite (file:///C:/Users/Cole/Documents/Antigravity%20Fastrack%20Workspace/Fastrack-Learning_Management-System/node_modules/@vitest/runner/dist/index.js:909:15)
    at runSuite (file:///C:/Users/Cole/Documents/Antigravity%20Fastrack%20Workspace/Fastrack-Learning_Management-System/node_modules/@vitest/runner/dist/index.js:909:15)
    at runFiles (file:///C:/Users/Cole/Documents/Antigravity%20Fastrack%20Workspace/Fastrack-Learning_Management-System/node_modules/@vitest/runner/dist/index.js:958:5)
    at startTests (file:///C:/Users/Cole/Documents/Antigravity%20Fastrack%20Workspace/Fastrack-Learning_Management-System/node_modules/@vitest/runner/dist/index.js:967:3)
    at file:///C:/Users/Cole/Documents/Antigravity%20Fastrack%20Workspace/Fastrack-Learning_Management-System/node_modules/vitest/dist/chunks/runtime-runBaseTests.oAvMKtQC.js:116:7
    at withEnv (file:///C:/Users/Cole/Documents/Antigravity%20Fastrack%20Workspace/Fastrack-Learning_Management-System/node_modules/vitest/dist/chunks/runtime-runBaseTests.oAvMKtQC.js:83:5)

stderr | src/api/admin/__tests__/userManagementServices.createUserFunction.test.js > User Management - createUser Function > should handle authentication errors
Error creating user: Error: User must be authenticated
    at C:\Users\Cole\Documents\Antigravity Fastrack Workspace\Fastrack-Learning_Management-System\src\api\admin\__tests__\userManagementServices.createUserFunction.test.js:98:36
    at file:///C:/Users/Cole/Documents/Antigravity%20Fastrack%20Workspace/Fastrack-Learning_Management-System/node_modules/@vitest/runner/dist/index.js:135:14
    at file:///C:/Users/Cole/Documents/Antigravity%20Fastrack%20Workspace/Fastrack-Learning_Management-System/node_modules/@vitest/runner/dist/index.js:60:26
    at runTest (file:///C:/Users/Cole/Documents/Antigravity%20Fastrack%20Workspace/Fastrack-Learning_Management-System/node_modules/@vitest/runner/dist/index.js:781:17)
    at runSuite (file:///C:/Users/Cole/Documents/Antigravity%20Fastrack%20Workspace/Fastrack-Learning_Management-System/node_modules/@vitest/runner/dist/index.js:909:15)
    at runSuite (file:///C:/Users/Cole/Documents/Antigravity%20Fastrack%20Workspace/Fastrack-Learning_Management-System/node_modules/@vitest/runner/dist/index.js:909:15)
    at runFiles (file:///C:/Users/Cole/Documents/Antigravity%20Fastrack%20Workspace/Fastrack-Learning_Management-System/node_modules/@vitest/runner/dist/index.js:958:5)
    at startTests (file:///C:/Users/Cole/Documents/Antigravity%20Fastrack%20Workspace/Fastrack-Learning_Management-System/node_modules/@vitest/runner/dist/index.js:967:3)
    at file:///C:/Users/Cole/Documents/Antigravity%20Fastrack%20Workspace/Fastrack-Learning_Management-System/node_modules/vitest/dist/chunks/runtime-runBaseTests.oAvMKtQC.js:116:7
    at withEnv (file:///C:/Users/Cole/Documents/Antigravity%20Fastrack%20Workspace/Fastrack-Learning_Management-System/node_modules/vitest/dist/chunks/runtime-runBaseTests.oAvMKtQC.js:83:5)

stderr | src/api/admin/__tests__/userManagementServices.createUserFunction.test.js > User Management - createUser Function > should handle permission errors for non-super-admins
Error creating user: Error: Only Super Admins can create users
    at C:\Users\Cole\Documents\Antigravity Fastrack Workspace\Fastrack-Learning_Management-System\src\api\admin\__tests__\userManagementServices.createUserFunction.test.js:106:36
    at file:///C:/Users/Cole/Documents/Antigravity%20Fastrack%20Workspace/Fastrack-Learning_Management-System/node_modules/@vitest/runner/dist/index.js:135:14
    at file:///C:/Users/Cole/Documents/Antigravity%20Fastrack%20Workspace/Fastrack-Learning_Management-System/node_modules/@vitest/runner/dist/index.js:60:26
    at runTest (file:///C:/Users/Cole/Documents/Antigravity%20Fastrack%20Workspace/Fastrack-Learning_Management-System/node_modules/@vitest/runner/dist/index.js:781:17)
    at runSuite (file:///C:/Users/Cole/Documents/Antigravity%20Fastrack%20Workspace/Fastrack-Learning_Management-System/node_modules/@vitest/runner/dist/index.js:909:15)
    at runSuite (file:///C:/Users/Cole/Documents/Antigravity%20Fastrack%20Workspace/Fastrack-Learning_Management-System/node_modules/@vitest/runner/dist/index.js:909:15)
    at runFiles (file:///C:/Users/Cole/Documents/Antigravity%20Fastrack%20Workspace/Fastrack-Learning_Management-System/node_modules/@vitest/runner/dist/index.js:958:5)
    at startTests (file:///C:/Users/Cole/Documents/Antigravity%20Fastrack%20Workspace/Fastrack-Learning_Management-System/node_modules/@vitest/runner/dist/index.js:967:3)
    at file:///C:/Users/Cole/Documents/Antigravity%20Fastrack%20Workspace/Fastrack-Learning_Management-System/node_modules/vitest/dist/chunks/runtime-runBaseTests.oAvMKtQC.js:116:7
    at withEnv (file:///C:/Users/Cole/Documents/Antigravity%20Fastrack%20Workspace/Fastrack-Learning_Management-System/node_modules/vitest/dist/chunks/runtime-runBaseTests.oAvMKtQC.js:83:5)

stderr | src/api/admin/__tests__/userManagementServices.createUserFunction.test.js > User Management - createUser Function > should handle network errors
Error creating user: Error: Network error
    at C:\Users\Cole\Documents\Antigravity Fastrack Workspace\Fastrack-Learning_Management-System\src\api\admin\__tests__\userManagementServices.createUserFunction.test.js:131:36
    at file:///C:/Users/Cole/Documents/Antigravity%20Fastrack%20Workspace/Fastrack-Learning_Management-System/node_modules/@vitest/runner/dist/index.js:135:14
    at file:///C:/Users/Cole/Documents/Antigravity%20Fastrack%20Workspace/Fastrack-Learning_Management-System/node_modules/@vitest/runner/dist/index.js:60:26
    at runTest (file:///C:/Users/Cole/Documents/Antigravity%20Fastrack%20Workspace/Fastrack-Learning_Management-System/node_modules/@vitest/runner/dist/index.js:781:17)
    at runSuite (file:///C:/Users/Cole/Documents/Antigravity%20Fastrack%20Workspace/Fastrack-Learning_Management-System/node_modules/@vitest/runner/dist/index.js:909:15)
    at runSuite (file:///C:/Users/Cole/Documents/Antigravity%20Fastrack%20Workspace/Fastrack-Learning_Management-System/node_modules/@vitest/runner/dist/index.js:909:15)
    at runFiles (file:///C:/Users/Cole/Documents/Antigravity%20Fastrack%20Workspace/Fastrack-Learning_Management-System/node_modules/@vitest/runner/dist/index.js:958:5)
    at startTests (file:///C:/Users/Cole/Documents/Antigravity%20Fastrack%20Workspace/Fastrack-Learning_Management-System/node_modules/@vitest/runner/dist/index.js:967:3)
    at file:///C:/Users/Cole/Documents/Antigravity%20Fastrack%20Workspace/Fastrack-Learning_Management-System/node_modules/vitest/dist/chunks/runtime-runBaseTests.oAvMKtQC.js:116:7
    at withEnv (file:///C:/Users/Cole/Documents/Antigravity%20Fastrack%20Workspace/Fastrack-Learning_Management-System/node_modules/vitest/dist/chunks/runtime-runBaseTests.oAvMKtQC.js:83:5)

 [32mÎ“Â£Ã´[39m src/api/admin/__tests__/userManagementServices.createUserFunction.test.js [2m ([22m[2m9 tests[22m[2m)[22m[90m 41[2mms[22m[39m
 [33mÎ“Â¥Â»[39m src/components/admin/__tests__/SchedulingManagement.loadingIndicators.test.jsx [2m ([22m[2m16 tests[22m [2m|[22m [31m3 failed[39m[2m)[22m[33m 12648[2mms[22m[39m
[31m   [33mÎ“Â¥Â»[31m src/components/admin/__tests__/SchedulingManagement.loadingIndicators.test.jsx[2m > [22mSchedulingManagement - Loading Indicators[2m > [22mDelete button loading state[2m > [22mshould clear loading state after successful deletion[39m
[31m     Î“Ã¥Ã† [2mexpect([22m[31melement[31m[2m).not.toHaveAttribute([22m[32m[32m"disabled"[32m[31m[2m) // element.hasAttribute("disabled")[22m

Expected the element not to have attribute:
[32m  disabled[31m
Received:
[31m  disabled=""[31m

Ignored nodes: comments, script, style
[36m<html>[31m
  [36m<head />[31m
  [36m<body>[31m
    [36m<div>[31m
      [36m<div[31m
        [33mclass[31m=[32m"schedulingManagement"[31m
      [36m>[31m
        [36m<div[31m
          [33mclass[31m=[32m"header"[31m
        [36m>[31m
          [36m<h2>[31m
            [0mLesson Time Slot Management[0m
          [36m</h2>[31m
          [36m<button[31m
            [33mclass[31m=[32m"button primary medium"[31m
            [33mtype[31m=[32m"button"[31m
          [36m>[31m
            [0m+ Add New Time Slot[0m
          [36m</button>[31m
        [36m</div>[31m
        [36m<div[31m
          [33mclass[31m=[32m"slotsList"[31m
        [36m>[31m
          [36m<div[31m
            [33mclass[31m=[32m"card default padding-medium slotCard"[31m
          [36m>[31m
            [36m<div[31m
              [33mclass[31m=[32m"slotHeader"[31m
            [36m>[31m
              [36m<div[31m
                [33mclass[31m=[32m"slotDateTime"[31m
              [36m>[31m
                [36m<span[31m
                  [33mclass[31m=[32m"date"[31m
                [36m>[31m
                  [0mMon, Dec 15[0m
                [36m</span>[31m
                [36m<span[31m
                  [33mclass[31m=[32m"time"[31m
                [36m>[31m
                  [0m9:00 AM[0m
                  [0m - [0m
                  [0m10:00 AM[0m
                [36m</span>[31m
              [36m</div>[31m
              [36m<span[31m
                [33mclass[31m=[32m"status available"[31m
              [36m>[31m
                [0mAvailable[0m
              [36m</span>[31m
            [36m</div>[31m
            [36m<div[31m
              [33mclass[31m=[32m"slotDetails"[31m
            [36m>[31m
              [36m<div[31m
                [33mclass[31m=[32m"detail"[31m
              [36m>[31m
                [36m<span[31m
                  [33mclass[31m=[32m"label"[31m
                [36m>[31m
                  [0mLocation:[0m
                [36m</span>[31m
                [36m<span>[31m
                  [0mTest Location[0m
                [36m</span>[31m
              [36m</div>[31m
              [36m<div[31m
                [33mclass[31m=[32m"detail"[31m
              [36m>[31m
                [36m<span[31m
                  [33mclass[31m=[32m"label"[31m
                [36m>[31m
                  [0mInstructor:[0m
                [36m</span>[31m
                [36m<span>[31m
                  [0mTest Instructor[0m
                [36m</span>[31m
              [36m</div>[31m
              [36m<div[31m
                [33mclass[31m=[32m"detail"[31m
              [36m>[31m
                [36m<span[31m
                  [33mclass[31m=[32m"label"[31m
                [36m>[31m
                  [0mNotes:[0m
                [36m</span>[31m
                [36m<span>[31m
                  [0mTest slot[0m
                [36m</span>[31m
              [36m</div>[31m
            [36m</div>[31m
            [36m<div[31m
              [33mclass[31m=[32m"slotActions"[31m
            [36m>[31m
              [36m<button[31m
                [33mclass[31m=[32m"button primary small"[31m
                [33mtype[31m=[32m"button"[31m
              [36m>[31m
                [0mAssign Student[0m
              [36m</button>[31m
              [36m<button[31m
                [33mclass[31m=[32m"button outline small"[31m
                [33mtype[31m=[32m"button"[31m
              [36m>[31m
                [0mEdit[0m
              [36m</button>[31m
              [36m<button[31m
                [33mclass[31m=[32m"button danger small"[31m
                [33mtype[31m=[32m"button"[31m
              [36m>[31m
                [0mDelete[0m
              [36m</button>[31m
            [36m</div>[31m
          [36m</div>[31m
          [36m<div[31m
            [33mclass[31m=[32m"card default padding-medium slotCard"[31m
          [36m>[31m
            [36m<div[31m
              [33mclass[31m=[32m"slotHeader"[31m
            [36m>[31m
              [36m<div[31m
                [33mclass[31m=[32m"slotDateTime"[31m
              [36m>[31m
                [36m<span[31m
                  [33mclass[31m=[32m"date"[31m
                [36m>[31m
                  [0mMon, Dec 15[0m
                [36m</span>[31m
                [36m<span[31m
                  [33mclass[31m=[32m"time"[31m
                [36m>[31m
                  [0m10:00 AM[0m
                  [0m - [0m
                  [0m11:00 AM[0m
                [36m</span>[31m
              [36m</div>[31m
              [36m<span[31m
                [33mclass[31m=[32m"status assigned"[31m
              [36m>[31m
                [0mAssigned[0m
              [36m</span>[31m
            [36m</div>[31m
            [36m<div[31m
              [33mclass[31m=[32m"slotDetails"[31m
            [36m>[31m
              [36m<div[31m
                [33mclass[31m=[32m"detail"[31m
              [36m>[31m
                [36m<span[31m
                  [33mclass[31m=[32m"label"[31m
                [36m>[31m
                  [0mLocation:[0m
                [36m</span>[31m
                [36m<span>[31m
                  [0mTest Location 2[0m
                [36m</span>[31m
              [36m</div>[31m
              [36m<div[31m
                [33mclass[31m=[32m"detail"[31m
              [36m>[31m
                [36m<span[31m
                  [33mclass[31m=[32m"label"[31m
                [36m>[31m
                  [0mInstructor:[0m
                [36m</span>[31m
                [36m<span>[31m
                  [0mTest Instructor 2[0m
                [36m</span>[31m
              [36m</div>[31m
              [36m<div[31m
                [33mclass[31m=[32m"detail"[31m
              [36m>[31m
                [36m<span[31m
                  [33mclass[31m=[32m"label"[31m
                [36m>[31m
                  [0mAssigned to:[0m
                [36m</span>[31m
                [36m<span>[31m
                  [0mstudent-123[0m
                [36m</span>[31m
              [36m</div>[31m
            [36m</div>[31m
            [36m<div[31m
              [33mclass[31m=[32m"slotActions"[31m
            [36m>[31m
              [36m<button[31m
                [33mclass[31m=[32m"button secondary small"[31m
                [33mtype[31m=[32m"button"[31m
              [36m>[31m
                [0mUnassign[0m
              [36m</button>[31m
              [36m<button[31m
                [33mclass[31m=[32m"button outline small"[31m
                [33mtype[31m=[32m"button"[31m
              [36m>[31m
                [0mEdit[0m
              [36m</button>[31m
              [36m<button[31m
                [33mclass[31m=[32m"button danger small"[31m
                [33mtype[31m=[32m"button"[31m
              [36m>[31m
                [0mDelete[0m
              [36m</button>[31m
            [36m</div>[31m
          [36m</div>[31m
        [36m</div>[31m
      [36m</div>[31m
    [36m</div>[31m
  [36m</body>[31m
[36m</html>[31m[39m
[31m   [33mÎ“Â¥Â»[31m src/components/admin/__tests__/SchedulingManagement.loadingIndicators.test.jsx[2m > [22mSchedulingManagement - Loading Indicators[2m > [22mUnassign button loading state[2m > [22mshould clear loading state after successful unassignment[39m
[31m     Î“Ã¥Ã† [2mexpect([22m[31melement[31m[2m).not.toHaveAttribute([22m[32m[32m"disabled"[32m[31m[2m) // element.hasAttribute("disabled")[22m

Expected the element not to have attribute:
[32m  disabled[31m
Received:
[31m  disabled=""[31m

Ignored nodes: comments, script, style
[36m<html>[31m
  [36m<head />[31m
  [36m<body>[31m
    [36m<div>[31m
      [36m<div[31m
        [33mclass[31m=[32m"schedulingManagement"[31m
      [36m>[31m
        [36m<div[31m
          [33mclass[31m=[32m"header"[31m
        [36m>[31m
          [36m<h2>[31m
            [0mLesson Time Slot Management[0m
          [36m</h2>[31m
          [36m<button[31m
            [33mclass[31m=[32m"button primary medium"[31m
            [33mtype[31m=[32m"button"[31m
          [36m>[31m
            [0m+ Add New Time Slot[0m
          [36m</button>[31m
        [36m</div>[31m
        [36m<div[31m
          [33mclass[31m=[32m"slotsList"[31m
        [36m>[31m
          [36m<div[31m
            [33mclass[31m=[32m"card default padding-medium slotCard"[31m
          [36m>[31m
            [36m<div[31m
              [33mclass[31m=[32m"slotHeader"[31m
            [36m>[31m
              [36m<div[31m
                [33mclass[31m=[32m"slotDateTime"[31m
              [36m>[31m
                [36m<span[31m
                  [33mclass[31m=[32m"date"[31m
                [36m>[31m
                  [0mMon, Dec 15[0m
                [36m</span>[31m
                [36m<span[31m
                  [33mclass[31m=[32m"time"[31m
                [36m>[31m
                  [0m9:00 AM[0m
                  [0m - [0m
                  [0m10:00 AM[0m
                [36m</span>[31m
              [36m</div>[31m
              [36m<span[31m
                [33mclass[31m=[32m"status available"[31m
              [36m>[31m
                [0mAvailable[0m
              [36m</span>[31m
            [36m</div>[31m
            [36m<div[31m
              [33mclass[31m=[32m"slotDetails"[31m
            [36m>[31m
              [36m<div[31m
                [33mclass[31m=[32m"detail"[31m
              [36m>[31m
                [36m<span[31m
                  [33mclass[31m=[32m"label"[31m
                [36m>[31m
                  [0mLocation:[0m
                [36m</span>[31m
                [36m<span>[31m
                  [0mTest Location[0m
                [36m</span>[31m
              [36m</div>[31m
              [36m<div[31m
                [33mclass[31m=[32m"detail"[31m
              [36m>[31m
                [36m<span[31m
                  [33mclass[31m=[32m"label"[31m
                [36m>[31m
                  [0mInstructor:[0m
                [36m</span>[31m
                [36m<span>[31m
                  [0mTest Instructor[0m
                [36m</span>[31m
              [36m</div>[31m
              [36m<div[31m
                [33mclass[31m=[32m"detail"[31m
              [36m>[31m
                [36m<span[31m
                  [33mclass[31m=[32m"label"[31m
                [36m>[31m
                  [0mNotes:[0m
                [36m</span>[31m
                [36m<span>[31m
                  [0mTest slot[0m
                [36m</span>[31m
              [36m</div>[31m
            [36m</div>[31m
            [36m<div[31m
              [33mclass[31m=[32m"slotActions"[31m
            [36m>[31m
              [36m<button[31m
                [33mclass[31m=[32m"button primary small"[31m
                [33mtype[31m=[32m"button"[31m
              [36m>[31m
                [0mAssign Student[0m
              [36m</button>[31m
              [36m<button[31m
                [33mclass[31m=[32m"button outline small"[31m
                [33mtype[31m=[32m"button"[31m
              [36m>[31m
                [0mEdit[0m
              [36m</button>[31m
              [36m<button[31m
                [33mclass[31m=[32m"button danger small"[31m
                [33mtype[31m=[32m"button"[31m
              [36m>[31m
                [0mDelete[0m
              [36m</button>[31m
            [36m</div>[31m
          [36m</div>[31m
          [36m<div[31m
            [33mclass[31m=[32m"card default padding-medium slotCard"[31m
          [36m>[31m
            [36m<div[31m
              [33mclass[31m=[32m"slotHeader"[31m
            [36m>[31m
              [36m<div[31m
                [33mclass[31m=[32m"slotDateTime"[31m
              [36m>[31m
                [36m<span[31m
                  [33mclass[31m=[32m"date"[31m
                [36m>[31m
                  [0mMon, Dec 15[0m
                [36m</span>[31m
                [36m<span[31m
                  [33mclass[31m=[32m"time"[31m
                [36m>[31m
                  [0m10:00 AM[0m
                  [0m - [0m
                  [0m11:00 AM[0m
                [36m</span>[31m
              [36m</div>[31m
              [36m<span[31m
                [33mclass[31m=[32m"status assigned"[31m
              [36m>[31m
                [0mAssigned[0m
              [36m</span>[31m
            [36m</div>[31m
            [36m<div[31m
              [33mclass[31m=[32m"slotDetails"[31m
            [36m>[31m
              [36m<div[31m
                [33mclass[31m=[32m"detail"[31m
              [36m>[31m
                [36m<span[31m
                  [33mclass[31m=[32m"label"[31m
                [36m>[31m
                  [0mLocation:[0m
                [36m</span>[31m
                [36m<span>[31m
                  [0mTest Location 2[0m
                [36m</span>[31m
              [36m</div>[31m
              [36m<div[31m
                [33mclass[31m=[32m"detail"[31m
              [36m>[31m
                [36m<span[31m
                  [33mclass[31m=[32m"label"[31m
                [36m>[31m
                  [0mInstructor:[0m
                [36m</span>[31m
                [36m<span>[31m
                  [0mTest Instructor 2[0m
                [36m</span>[31m
              [36m</div>[31m
              [36m<div[31m
                [33mclass[31m=[32m"detail"[31m
              [36m>[31m
                [36m<span[31m
                  [33mclass[31m=[32m"label"[31m
                [36m>[31m
                  [0mAssigned to:[0m
                [36m</span>[31m
                [36m<span>[31m
                  [0mstudent-123[0m
                [36m</span>[31m
              [36m</div>[31m
            [36m</div>[31m
            [36m<div[31m
              [33mclass[31m=[32m"slotActions"[31m
            [36m>[31m
              [36m<button[31m
                [33mclass[31m=[32m"button secondary small"[31m
                [33mtype[31m=[32m"button"[31m
              [36m>[31m
                [0mUnassign[0m
              [36m</button>[31m
              [36m<button[31m
                [33mclass[31m=[32m"button outline small"[31m
                [33mtype[31m=[32m"button"[31m
              [36m>[31m
                [0mEdit[0m
              [36m</button>[31m
              [36m<button[31m
                [33mclass[31m=[32m"button danger small"[31m
                [33mtype[31m=[32m"button"[31m
              [36m>[31m
                [0mDelete[0m
              [36m</button>[31m
            [36m</div>[31m
          [36m</div>[31m
        [36m</div>[31m
      [36m</div>[31m
    [36m</div>[31m
  [36m</body>[31m
[36m</html>[31m[39m
[31m   [33mÎ“Â¥Â»[31m src/components/admin/__tests__/SchedulingManagement.loadingIndicators.test.jsx[2m > [22mSchedulingManagement - Loading Indicators[2m > [22mLoading state persistence[2m > [22mshould clear loading state when operations complete[39m
[31m     Î“Ã¥Ã† [2mexpect([22m[31melement[31m[2m).not.toHaveAttribute([22m[32m[32m"disabled"[32m[31m[2m) // element.hasAttribute("disabled")[22m

Expected the element not to have attribute:
[32m  disabled[31m
Received:
[31m  disabled=""[31m

Ignored nodes: comments, script, style
[36m<html>[31m
  [36m<head />[31m
  [36m<body>[31m
    [36m<div>[31m
      [36m<div[31m
        [33mclass[31m=[32m"schedulingManagement"[31m
      [36m>[31m
        [36m<div[31m
          [33mclass[31m=[32m"header"[31m
        [36m>[31m
          [36m<h2>[31m
            [0mLesson Time Slot Management[0m
          [36m</h2>[31m
          [36m<button[31m
            [33mclass[31m=[32m"button primary medium"[31m
            [33mtype[31m=[32m"button"[31m
          [36m>[31m
            [0m+ Add New Time Slot[0m
          [36m</button>[31m
        [36m</div>[31m
        [36m<div[31m
          [33mclass[31m=[32m"slotsList"[31m
        [36m>[31m
          [36m<div[31m
            [33mclass[31m=[32m"card default padding-medium slotCard"[31m
          [36m>[31m
            [36m<div[31m
              [33mclass[31m=[32m"slotHeader"[31m
            [36m>[31m
              [36m<div[31m
                [33mclass[31m=[32m"slotDateTime"[31m
              [36m>[31m
                [36m<span[31m
                  [33mclass[31m=[32m"date"[31m
                [36m>[31m
                  [0mMon, Dec 15[0m
                [36m</span>[31m
                [36m<span[31m
                  [33mclass[31m=[32m"time"[31m
                [36m>[31m
                  [0m9:00 AM[0m
                  [0m - [0m
                  [0m10:00 AM[0m
                [36m</span>[31m
              [36m</div>[31m
              [36m<span[31m
                [33mclass[31m=[32m"status available"[31m
              [36m>[31m
                [0mAvailable[0m
              [36m</span>[31m
            [36m</div>[31m
            [36m<div[31m
              [33mclass[31m=[32m"slotDetails"[31m
            [36m>[31m
              [36m<div[31m
                [33mclass[31m=[32m"detail"[31m
              [36m>[31m
                [36m<span[31m
                  [33mclass[31m=[32m"label"[31m
                [36m>[31m
                  [0mLocation:[0m
                [36m</span>[31m
                [36m<span>[31m
                  [0mTest Location[0m
                [36m</span>[31m
              [36m</div>[31m
              [36m<div[31m
                [33mclass[31m=[32m"detail"[31m
              [36m>[31m
                [36m<span[31m
                  [33mclass[31m=[32m"label"[31m
                [36m>[31m
                  [0mInstructor:[0m
                [36m</span>[31m
                [36m<span>[31m
                  [0mTest Instructor[0m
                [36m</span>[31m
              [36m</div>[31m
              [36m<div[31m
                [33mclass[31m=[32m"detail"[31m
              [36m>[31m
                [36m<span[31m
                  [33mclass[31m=[32m"label"[31m
                [36m>[31m
                  [0mNotes:[0m
                [36m</span>[31m
                [36m<span>[31m
                  [0mTest slot[0m
                [36m</span>[31m
              [36m</div>[31m
            [36m</div>[31m
            [36m<div[31m
              [33mclass[31m=[32m"slotActions"[31m
            [36m>[31m
              [36m<button[31m
                [33mclass[31m=[32m"button primary small"[31m
                [33mtype[31m=[32m"button"[31m
              [36m>[31m
                [0mAssign Student[0m
              [36m</button>[31m
              [36m<button[31m
                [33mclass[31m=[32m"button outline small"[31m
                [33mtype[31m=[32m"button"[31m
              [36m>[31m
                [0mEdit[0m
              [36m</button>[31m
              [36m<button[31m
                [33mclass[31m=[32m"button danger small"[31m
                [33mtype[31m=[32m"button"[31m
              [36m>[31m
                [0mDelete[0m
              [36m</button>[31m
            [36m</div>[31m
          [36m</div>[31m
          [36m<div[31m
            [33mclass[31m=[32m"card default padding-medium slotCard"[31m
          [36m>[31m
            [36m<div[31m
              [33mclass[31m=[32m"slotHeader"[31m
            [36m>[31m
              [36m<div[31m
                [33mclass[31m=[32m"slotDateTime"[31m
              [36m>[31m
                [36m<span[31m
                  [33mclass[31m=[32m"date"[31m
                [36m>[31m
                  [0mMon, Dec 15[0m
                [36m</span>[31m
                [36m<span[31m
                  [33mclass[31m=[32m"time"[31m
                [36m>[31m
                  [0m10:00 AM[0m
                  [0m - [0m
                  [0m11:00 AM[0m
                [36m</span>[31m
              [36m</div>[31m
              [36m<span[31m
                [33mclass[31m=[32m"status assigned"[31m
              [36m>[31m
                [0mAssigned[0m
              [36m</span>[31m
            [36m</div>[31m
            [36m<div[31m
              [33mclass[31m=[32m"slotDetails"[31m
            [36m>[31m
              [36m<div[31m
                [33mclass[31m=[32m"detail"[31m
              [36m>[31m
                [36m<span[31m
                  [33mclass[31m=[32m"label"[31m
                [36m>[31m
                  [0mLocation:[0m
                [36m</span>[31m
                [36m<span>[31m
                  [0mTest Location 2[0m
                [36m</span>[31m
              [36m</div>[31m
              [36m<div[31m
                [33mclass[31m=[32m"detail"[31m
              [36m>[31m
                [36m<span[31m
                  [33mclass[31m=[32m"label"[31m
                [36m>[31m
                  [0mInstructor:[0m
                [36m</span>[31m
                [36m<span>[31m
                  [0mTest Instructor 2[0m
                [36m</span>[31m
              [36m</div>[31m
              [36m<div[31m
                [33mclass[31m=[32m"detail"[31m
              [36m>[31m
                [36m<span[31m
                  [33mclass[31m=[32m"label"[31m
                [36m>[31m
                  [0mAssigned to:[0m
                [36m</span>[31m
                [36m<span>[31m
                  [0mstudent-123[0m
                [36m</span>[31m
              [36m</div>[31m
            [36m</div>[31m
            [36m<div[31m
              [33mclass[31m=[32m"slotActions"[31m
            [36m>[31m
              [36m<button[31m
                [33mclass[31m=[32m"button secondary small"[31m
                [33mtype[31m=[32m"button"[31m
              [36m>[31m
                [0mUnassign[0m
              [36m</button>[31m
              [36m<button[31m
                [33mclass[31m=[32m"button outline small"[31m
                [33mtype[31m=[32m"button"[31m
              [36m>[31m
                [0mEdit[0m
              [36m</button>[31m
              [36m<button[31m
                [33mclass[31m=[32m"button danger small"[31m
                [33mtype[31m=[32m"button"[31m
              [36m>[31m
                [0mDelete[0m
              [36m</button>[31m
            [36m</div>[31m
          [36m</div>[31m
        [36m</div>[31m
      [36m</div>[31m
    [36m</div>[31m
  [36m</body>[31m
[36m</html>[31m[39m
 [32mÎ“Â£Ã´[39m functions/src/compliance/sessionHeartbeat.test.js [2m ([22m[2m11 tests[22m[2m)[22m[90m 55[2mms[22m[39m
stderr | functions/src/compliance/sessionHeartbeat.test.js > sessionHeartbeat Cloud Function > should throw error if not authenticated
Error processing session heartbeat: Error: Authentication required
    at C:\Users\Cole\Documents\Antigravity Fastrack Workspace\Fastrack-Learning_Management-System\functions\src\compliance\complianceFunctions.js:147:15
    at Function.run (C:\Users\Cole\Documents\Antigravity Fastrack Workspace\Fastrack-Learning_Management-System\functions\node_modules\firebase-functions\lib\common\onInit.js:28:10)
    at C:\Users\Cole\Documents\Antigravity Fastrack Workspace\Fastrack-Learning_Management-System\functions\src\compliance\sessionHeartbeat.test.js:89:30
    at file:///C:/Users/Cole/Documents/Antigravity%20Fastrack%20Workspace/Fastrack-Learning_Management-System/node_modules/@vitest/runner/dist/index.js:135:14
    at file:///C:/Users/Cole/Documents/Antigravity%20Fastrack%20Workspace/Fastrack-Learning_Management-System/node_modules/@vitest/runner/dist/index.js:60:26
    at runTest (file:///C:/Users/Cole/Documents/Antigravity%20Fastrack%20Workspace/Fastrack-Learning_Management-System/node_modules/@vitest/runner/dist/index.js:781:17)
    at runSuite (file:///C:/Users/Cole/Documents/Antigravity%20Fastrack%20Workspace/Fastrack-Learning_Management-System/node_modules/@vitest/runner/dist/index.js:909:15)
    at runSuite (file:///C:/Users/Cole/Documents/Antigravity%20Fastrack%20Workspace/Fastrack-Learning_Management-System/node_modules/@vitest/runner/dist/index.js:909:15)
    at runFiles (file:///C:/Users/Cole/Documents/Antigravity%20Fastrack%20Workspace/Fastrack-Learning_Management-System/node_modules/@vitest/runner/dist/index.js:958:5)
    at startTests (file:///C:/Users/Cole/Documents/Antigravity%20Fastrack%20Workspace/Fastrack-Learning_Management-System/node_modules/@vitest/runner/dist/index.js:967:3)
Failed to log audit event: ReferenceError: data is not defined
    at C:\Users\Cole\Documents\Antigravity Fastrack Workspace\Fastrack-Learning_Management-System\functions\src\compliance\complianceFunctions.js:304:49
    at Function.run (C:\Users\Cole\Documents\Antigravity Fastrack Workspace\Fastrack-Learning_Management-System\functions\node_modules\firebase-functions\lib\common\onInit.js:28:10)
    at C:\Users\Cole\Documents\Antigravity Fastrack Workspace\Fastrack-Learning_Management-System\functions\src\compliance\sessionHeartbeat.test.js:89:30
    at file:///C:/Users/Cole/Documents/Antigravity%20Fastrack%20Workspace/Fastrack-Learning_Management-System/node_modules/@vitest/runner/dist/index.js:135:14
    at file:///C:/Users/Cole/Documents/Antigravity%20Fastrack%20Workspace/Fastrack-Learning_Management-System/node_modules/@vitest/runner/dist/index.js:60:26
    at runTest (file:///C:/Users/Cole/Documents/Antigravity%20Fastrack%20Workspace/Fastrack-Learning_Management-System/node_modules/@vitest/runner/dist/index.js:781:17)
    at runSuite (file:///C:/Users/Cole/Documents/Antigravity%20Fastrack%20Workspace/Fastrack-Learning_Management-System/node_modules/@vitest/runner/dist/index.js:909:15)
    at runSuite (file:///C:/Users/Cole/Documents/Antigravity%20Fastrack%20Workspace/Fastrack-Learning_Management-System/node_modules/@vitest/runner/dist/index.js:909:15)
    at runFiles (file:///C:/Users/Cole/Documents/Antigravity%20Fastrack%20Workspace/Fastrack-Learning_Management-System/node_modules/@vitest/runner/dist/index.js:958:5)
    at startTests (file:///C:/Users/Cole/Documents/Antigravity%20Fastrack%20Workspace/Fastrack-Learning_Management-System/node_modules/@vitest/runner/dist/index.js:967:3)

stderr | functions/src/compliance/sessionHeartbeat.test.js > sessionHeartbeat Cloud Function > should throw error if userId is missing
Error processing session heartbeat: Error: Authentication required
    at C:\Users\Cole\Documents\Antigravity Fastrack Workspace\Fastrack-Learning_Management-System\functions\src\compliance\complianceFunctions.js:147:15
    at Function.run (C:\Users\Cole\Documents\Antigravity Fastrack Workspace\Fastrack-Learning_Management-System\functions\node_modules\firebase-functions\lib\common\onInit.js:28:10)
    at C:\Users\Cole\Documents\Antigravity Fastrack Workspace\Fastrack-Learning_Management-System\functions\src\compliance\sessionHeartbeat.test.js:103:30
    at file:///C:/Users/Cole/Documents/Antigravity%20Fastrack%20Workspace/Fastrack-Learning_Management-System/node_modules/@vitest/runner/dist/index.js:135:14
    at file:///C:/Users/Cole/Documents/Antigravity%20Fastrack%20Workspace/Fastrack-Learning_Management-System/node_modules/@vitest/runner/dist/index.js:60:26
    at runTest (file:///C:/Users/Cole/Documents/Antigravity%20Fastrack%20Workspace/Fastrack-Learning_Management-System/node_modules/@vitest/runner/dist/index.js:781:17)
    at runSuite (file:///C:/Users/Cole/Documents/Antigravity%20Fastrack%20Workspace/Fastrack-Learning_Management-System/node_modules/@vitest/runner/dist/index.js:909:15)
    at runSuite (file:///C:/Users/Cole/Documents/Antigravity%20Fastrack%20Workspace/Fastrack-Learning_Management-System/node_modules/@vitest/runner/dist/index.js:909:15)
    at runFiles (file:///C:/Users/Cole/Documents/Antigravity%20Fastrack%20Workspace/Fastrack-Learning_Management-System/node_modules/@vitest/runner/dist/index.js:958:5)
    at startTests (file:///C:/Users/Cole/Documents/Antigravity%20Fastrack%20Workspace/Fastrack-Learning_Management-System/node_modules/@vitest/runner/dist/index.js:967:3)
Failed to log audit event: ReferenceError: data is not defined
    at C:\Users\Cole\Documents\Antigravity Fastrack Workspace\Fastrack-Learning_Management-System\functions\src\compliance\complianceFunctions.js:304:49
    at Function.run (C:\Users\Cole\Documents\Antigravity Fastrack Workspace\Fastrack-Learning_Management-System\functions\node_modules\firebase-functions\lib\common\onInit.js:28:10)
    at C:\Users\Cole\Documents\Antigravity Fastrack Workspace\Fastrack-Learning_Management-System\functions\src\compliance\sessionHeartbeat.test.js:103:30
    at file:///C:/Users/Cole/Documents/Antigravity%20Fastrack%20Workspace/Fastrack-Learning_Management-System/node_modules/@vitest/runner/dist/index.js:135:14
    at file:///C:/Users/Cole/Documents/Antigravity%20Fastrack%20Workspace/Fastrack-Learning_Management-System/node_modules/@vitest/runner/dist/index.js:60:26
    at runTest (file:///C:/Users/Cole/Documents/Antigravity%20Fastrack%20Workspace/Fastrack-Learning_Management-System/node_modules/@vitest/runner/dist/index.js:781:17)
    at runSuite (file:///C:/Users/Cole/Documents/Antigravity%20Fastrack%20Workspace/Fastrack-Learning_Management-System/node_modules/@vitest/runner/dist/index.js:909:15)
    at runSuite (file:///C:/Users/Cole/Documents/Antigravity%20Fastrack%20Workspace/Fastrack-Learning_Management-System/node_modules/@vitest/runner/dist/index.js:909:15)
    at runFiles (file:///C:/Users/Cole/Documents/Antigravity%20Fastrack%20Workspace/Fastrack-Learning_Management-System/node_modules/@vitest/runner/dist/index.js:958:5)
    at startTests (file:///C:/Users/Cole/Documents/Antigravity%20Fastrack%20Workspace/Fastrack-Learning_Management-System/node_modules/@vitest/runner/dist/index.js:967:3)

stderr | functions/src/compliance/sessionHeartbeat.test.js > sessionHeartbeat Cloud Function > should throw error if user ID does not match authenticated user
Error processing session heartbeat: Error: Authentication required
    at C:\Users\Cole\Documents\Antigravity Fastrack Workspace\Fastrack-Learning_Management-System\functions\src\compliance\complianceFunctions.js:147:15
    at Function.run (C:\Users\Cole\Documents\Antigravity Fastrack Workspace\Fastrack-Learning_Management-System\functions\node_modules\firebase-functions\lib\common\onInit.js:28:10)
    at C:\Users\Cole\Documents\Antigravity Fastrack Workspace\Fastrack-Learning_Management-System\functions\src\compliance\sessionHeartbeat.test.js:117:30
    at file:///C:/Users/Cole/Documents/Antigravity%20Fastrack%20Workspace/Fastrack-Learning_Management-System/node_modules/@vitest/runner/dist/index.js:135:14
    at file:///C:/Users/Cole/Documents/Antigravity%20Fastrack%20Workspace/Fastrack-Learning_Management-System/node_modules/@vitest/runner/dist/index.js:60:26
    at runTest (file:///C:/Users/Cole/Documents/Antigravity%20Fastrack%20Workspace/Fastrack-Learning_Management-System/node_modules/@vitest/runner/dist/index.js:781:17)
    at runSuite (file:///C:/Users/Cole/Documents/Antigravity%20Fastrack%20Workspace/Fastrack-Learning_Management-System/node_modules/@vitest/runner/dist/index.js:909:15)
    at runSuite (file:///C:/Users/Cole/Documents/Antigravity%20Fastrack%20Workspace/Fastrack-Learning_Management-System/node_modules/@vitest/runner/dist/index.js:909:15)
    at runFiles (file:///C:/Users/Cole/Documents/Antigravity%20Fastrack%20Workspace/Fastrack-Learning_Management-System/node_modules/@vitest/runner/dist/index.js:958:5)
    at startTests (file:///C:/Users/Cole/Documents/Antigravity%20Fastrack%20Workspace/Fastrack-Learning_Management-System/node_modules/@vitest/runner/dist/index.js:967:3)
Failed to log audit event: ReferenceError: data is not defined
    at C:\Users\Cole\Documents\Antigravity Fastrack Workspace\Fastrack-Learning_Management-System\functions\src\compliance\complianceFunctions.js:304:49
    at Function.run (C:\Users\Cole\Documents\Antigravity Fastrack Workspace\Fastrack-Learning_Management-System\functions\node_modules\firebase-functions\lib\common\onInit.js:28:10)
    at C:\Users\Cole\Documents\Antigravity Fastrack Workspace\Fastrack-Learning_Management-System\functions\src\compliance\sessionHeartbeat.test.js:117:30
    at file:///C:/Users/Cole/Documents/Antigravity%20Fastrack%20Workspace/Fastrack-Learning_Management-System/node_modules/@vitest/runner/dist/index.js:135:14
    at file:///C:/Users/Cole/Documents/Antigravity%20Fastrack%20Workspace/Fastrack-Learning_Management-System/node_modules/@vitest/runner/dist/index.js:60:26
    at runTest (file:///C:/Users/Cole/Documents/Antigravity%20Fastrack%20Workspace/Fastrack-Learning_Management-System/node_modules/@vitest/runner/dist/index.js:781:17)
    at runSuite (file:///C:/Users/Cole/Documents/Antigravity%20Fastrack%20Workspace/Fastrack-Learning_Management-System/node_modules/@vitest/runner/dist/index.js:909:15)
    at runSuite (file:///C:/Users/Cole/Documents/Antigravity%20Fastrack%20Workspace/Fastrack-Learning_Management-System/node_modules/@vitest/runner/dist/index.js:909:15)
    at runFiles (file:///C:/Users/Cole/Documents/Antigravity%20Fastrack%20Workspace/Fastrack-Learning_Management-System/node_modules/@vitest/runner/dist/index.js:958:5)
    at startTests (file:///C:/Users/Cole/Documents/Antigravity%20Fastrack%20Workspace/Fastrack-Learning_Management-System/node_modules/@vitest/runner/dist/index.js:967:3)

Cannot parse C:/Users/Cole/Documents/Antigravity Fastrack Workspace/Fastrack-Learning_Management-System/src/pages/CoursePlayer/CoursePlayerPage.quiz.integration.test.js:
Expression expected
 [33mÎ“Â¥Â»[39m src/pages/CoursePlayer/CoursePlayerPage.quiz.integration.test.js [2m ([22m[2m0 test[22m[2m)[22m
stderr | src/pages/Admin/__tests__/AuditLogsPage.test.jsx > AuditLogsPage > renders loading state initially
Warning: An update to AuditLogsPage inside a test was not wrapped in act(...).

When testing, code that causes React state updates should be wrapped into act(...):

act(() => {
  /* fire events that update state */
});
/* assert on the output */

This ensures that you're testing the behavior the user would see in the browser. Learn more at https://reactjs.org/link/wrap-tests-with-act
    at AuditLogsPage (C:\Users\Cole\Documents\Antigravity Fastrack Workspace\Fastrack-Learning_Management-System\src\pages\Admin\AuditLogsPage.jsx:17:49)

stderr | src/pages/Admin/__tests__/AuditLogsPage.test.jsx > AuditLogsPage > handles error state
Error loading audit logs: Error: API Error
    at C:\Users\Cole\Documents\Antigravity Fastrack Workspace\Fastrack-Learning_Management-System\src\pages\Admin\__tests__\AuditLogsPage.test.jsx:66:57
    at file:///C:/Users/Cole/Documents/Antigravity%20Fastrack%20Workspace/Fastrack-Learning_Management-System/node_modules/@vitest/runner/dist/index.js:135:14
    at file:///C:/Users/Cole/Documents/Antigravity%20Fastrack%20Workspace/Fastrack-Learning_Management-System/node_modules/@vitest/runner/dist/index.js:60:26
    at runTest (file:///C:/Users/Cole/Documents/Antigravity%20Fastrack%20Workspace/Fastrack-Learning_Management-System/node_modules/@vitest/runner/dist/index.js:781:17)
    at runSuite (file:///C:/Users/Cole/Documents/Antigravity%20Fastrack%20Workspace/Fastrack-Learning_Management-System/node_modules/@vitest/runner/dist/index.js:909:15)
    at runSuite (file:///C:/Users/Cole/Documents/Antigravity%20Fastrack%20Workspace/Fastrack-Learning_Management-System/node_modules/@vitest/runner/dist/index.js:909:15)
    at runFiles (file:///C:/Users/Cole/Documents/Antigravity%20Fastrack%20Workspace/Fastrack-Learning_Management-System/node_modules/@vitest/runner/dist/index.js:958:5)
    at startTests (file:///C:/Users/Cole/Documents/Antigravity%20Fastrack%20Workspace/Fastrack-Learning_Management-System/node_modules/@vitest/runner/dist/index.js:967:3)
    at file:///C:/Users/Cole/Documents/Antigravity%20Fastrack%20Workspace/Fastrack-Learning_Management-System/node_modules/vitest/dist/chunks/runtime-runBaseTests.oAvMKtQC.js:116:7
    at withEnv (file:///C:/Users/Cole/Documents/Antigravity%20Fastrack%20Workspace/Fastrack-Learning_Management-System/node_modules/vitest/dist/chunks/runtime-runBaseTests.oAvMKtQC.js:83:5)

stderr | src/pages/Admin/__tests__/AuditLogsPage.test.jsx > AuditLogsPage > handles filter changes
Warning: An update to AuditLogsPage inside a test was not wrapped in act(...).

When testing, code that causes React state updates should be wrapped into act(...):

act(() => {
  /* fire events that update state */
});
/* assert on the output */

This ensures that you're testing the behavior the user would see in the browser. Learn more at https://reactjs.org/link/wrap-tests-with-act
    at AuditLogsPage (C:\Users\Cole\Documents\Antigravity Fastrack Workspace\Fastrack-Learning_Management-System\src\pages\Admin\AuditLogsPage.jsx:17:49)
Warning: An update to AuditLogsPage inside a test was not wrapped in act(...).

When testing, code that causes React state updates should be wrapped into act(...):

act(() => {
  /* fire events that update state */
});
/* assert on the output */

This ensures that you're testing the behavior the user would see in the browser. Learn more at https://reactjs.org/link/wrap-tests-with-act
    at AuditLogsPage (C:\Users\Cole\Documents\Antigravity Fastrack Workspace\Fastrack-Learning_Management-System\src\pages\Admin\AuditLogsPage.jsx:17:49)
Warning: An update to AuditLogsPage inside a test was not wrapped in act(...).

When testing, code that causes React state updates should be wrapped into act(...):

act(() => {
  /* fire events that update state */
});
/* assert on the output */

This ensures that you're testing the behavior the user would see in the browser. Learn more at https://reactjs.org/link/wrap-tests-with-act
    at AuditLogsPage (C:\Users\Cole\Documents\Antigravity Fastrack Workspace\Fastrack-Learning_Management-System\src\pages\Admin\AuditLogsPage.jsx:17:49)
Warning: An update to AuditLogsPage inside a test was not wrapped in act(...).

When testing, code that causes React state updates should be wrapped into act(...):

act(() => {
  /* fire events that update state */
});
/* assert on the output */

This ensures that you're testing the behavior the user would see in the browser. Learn more at https://reactjs.org/link/wrap-tests-with-act
    at AuditLogsPage (C:\Users\Cole\Documents\Antigravity Fastrack Workspace\Fastrack-Learning_Management-System\src\pages\Admin\AuditLogsPage.jsx:17:49)

 [32mÎ“Â£Ã´[39m src/pages/Admin/__tests__/AuditLogsPage.test.jsx [2m ([22m[2m5 tests[22m[2m)[22m[33m 510[2mms[22m[39m
stderr | src/hooks/__tests__/useAdminPanel.test.js > useAdminPanel > loadUsers handles errors
Error loading users: Error: Fetch failed
    at C:\Users\Cole\Documents\Antigravity Fastrack Workspace\Fastrack-Learning_Management-System\src\hooks\__tests__\useAdminPanel.test.js:41:73
    at file:///C:/Users/Cole/Documents/Antigravity%20Fastrack%20Workspace/Fastrack-Learning_Management-System/node_modules/@vitest/runner/dist/index.js:135:14
    at file:///C:/Users/Cole/Documents/Antigravity%20Fastrack%20Workspace/Fastrack-Learning_Management-System/node_modules/@vitest/runner/dist/index.js:60:26
    at runTest (file:///C:/Users/Cole/Documents/Antigravity%20Fastrack%20Workspace/Fastrack-Learning_Management-System/node_modules/@vitest/runner/dist/index.js:781:17)
    at runSuite (file:///C:/Users/Cole/Documents/Antigravity%20Fastrack%20Workspace/Fastrack-Learning_Management-System/node_modules/@vitest/runner/dist/index.js:909:15)
    at runSuite (file:///C:/Users/Cole/Documents/Antigravity%20Fastrack%20Workspace/Fastrack-Learning_Management-System/node_modules/@vitest/runner/dist/index.js:909:15)
    at runFiles (file:///C:/Users/Cole/Documents/Antigravity%20Fastrack%20Workspace/Fastrack-Learning_Management-System/node_modules/@vitest/runner/dist/index.js:958:5)
    at startTests (file:///C:/Users/Cole/Documents/Antigravity%20Fastrack%20Workspace/Fastrack-Learning_Management-System/node_modules/@vitest/runner/dist/index.js:967:3)
    at file:///C:/Users/Cole/Documents/Antigravity%20Fastrack%20Workspace/Fastrack-Learning_Management-System/node_modules/vitest/dist/chunks/runtime-runBaseTests.oAvMKtQC.js:116:7
    at withEnv (file:///C:/Users/Cole/Documents/Antigravity%20Fastrack%20Workspace/Fastrack-Learning_Management-System/node_modules/vitest/dist/chunks/runtime-runBaseTests.oAvMKtQC.js:83:5)

 [32mÎ“Â£Ã´[39m src/hooks/__tests__/useAdminPanel.test.js [2m ([22m[2m6 tests[22m[2m)[22m[90m 100[2mms[22m[39m
 [33mÎ“Â¥Â»[39m src/hooks/useComplianceHeartbeat.test.js [2m ([22m[2m6 tests[22m [2m|[22m [31m6 failed[39m[2m)[22m[90m 34[2mms[22m[39m
[31m   [33mÎ“Â¥Â»[31m src/hooks/useComplianceHeartbeat.test.js[2m > [22museComplianceHeartbeat[2m > [22mshould call heartbeat function every 60 seconds[39m
[31m     Î“Ã¥Ã† vi.mocked(...).mockReturnValue is not a function[39m
[31m   [33mÎ“Â¥Â»[31m src/hooks/useComplianceHeartbeat.test.js[2m > [22museComplianceHeartbeat[2m > [22mshould call onHeartbeatSuccess callback on successful heartbeat[39m
[31m     Î“Ã¥Ã† vi.mocked(...).mockReturnValue is not a function[39m
[31m   [33mÎ“Â¥Â»[31m src/hooks/useComplianceHeartbeat.test.js[2m > [22museComplianceHeartbeat[2m > [22mshould call onLimitReached when daily limit is exceeded[39m
[31m     Î“Ã¥Ã† vi.mocked(...).mockReturnValue is not a function[39m
[31m   [33mÎ“Â¥Â»[31m src/hooks/useComplianceHeartbeat.test.js[2m > [22museComplianceHeartbeat[2m > [22mshould not send heartbeat when disabled[39m
[31m     Î“Ã¥Ã† vi.mocked(...).mockReturnValue is not a function[39m
[31m   [33mÎ“Â¥Â»[31m src/hooks/useComplianceHeartbeat.test.js[2m > [22museComplianceHeartbeat[2m > [22mshould not send heartbeat without required parameters[39m
[31m     Î“Ã¥Ã† vi.mocked(...).mockReturnValue is not a function[39m
[31m   [33mÎ“Â¥Â»[31m src/hooks/useComplianceHeartbeat.test.js[2m > [22museComplianceHeartbeat[2m > [22mshould call onHeartbeatError callback on error[39m
[31m     Î“Ã¥Ã† vi.mocked(...).mockReturnValue is not a function[39m
Cannot parse C:/Users/Cole/Documents/Antigravity Fastrack Workspace/Fastrack-Learning_Management-System/src/components/admin/__tests__/SchedulingManagement.assignment.test.js:
Expression expected
 [33mÎ“Â¥Â»[39m src/components/admin/__tests__/SchedulingManagement.assignment.test.js [2m ([22m[2m0 test[22m[2m)[22m
 [32mÎ“Â£Ã´[39m src/context/TimerContext.test.jsx [2m ([22m[2m30 tests[22m[2m)[22m[33m 353[2mms[22m[39m
 [33mÎ“Â¥Â»[39m src/pages/Admin/__tests__/EnrollmentManagementPage.test.jsx [2m ([22m[2m0 test[22m[2m)[22m
stderr | src/hooks/admin/__tests__/useDashboardStats.test.js > useDashboardStats > handles errors gracefully
Error fetching dashboard stats: Error: Network error
    at C:\Users\Cole\Documents\Antigravity Fastrack Workspace\Fastrack-Learning_Management-System\src\hooks\admin\__tests__\useDashboardStats.test.js:94:23
    at file:///C:/Users/Cole/Documents/Antigravity%20Fastrack%20Workspace/Fastrack-Learning_Management-System/node_modules/@vitest/runner/dist/index.js:135:14
    at file:///C:/Users/Cole/Documents/Antigravity%20Fastrack%20Workspace/Fastrack-Learning_Management-System/node_modules/@vitest/runner/dist/index.js:60:26
    at runTest (file:///C:/Users/Cole/Documents/Antigravity%20Fastrack%20Workspace/Fastrack-Learning_Management-System/node_modules/@vitest/runner/dist/index.js:781:17)
    at runSuite (file:///C:/Users/Cole/Documents/Antigravity%20Fastrack%20Workspace/Fastrack-Learning_Management-System/node_modules/@vitest/runner/dist/index.js:909:15)
    at runSuite (file:///C:/Users/Cole/Documents/Antigravity%20Fastrack%20Workspace/Fastrack-Learning_Management-System/node_modules/@vitest/runner/dist/index.js:909:15)
    at runFiles (file:///C:/Users/Cole/Documents/Antigravity%20Fastrack%20Workspace/Fastrack-Learning_Management-System/node_modules/@vitest/runner/dist/index.js:958:5)
    at startTests (file:///C:/Users/Cole/Documents/Antigravity%20Fastrack%20Workspace/Fastrack-Learning_Management-System/node_modules/@vitest/runner/dist/index.js:967:3)
    at file:///C:/Users/Cole/Documents/Antigravity%20Fastrack%20Workspace/Fastrack-Learning_Management-System/node_modules/vitest/dist/chunks/runtime-runBaseTests.oAvMKtQC.js:116:7
    at withEnv (file:///C:/Users/Cole/Documents/Antigravity%20Fastrack%20Workspace/Fastrack-Learning_Management-System/node_modules/vitest/dist/chunks/runtime-runBaseTests.oAvMKtQC.js:83:5)

 [32mÎ“Â£Ã´[39m src/hooks/admin/__tests__/useDashboardStats.test.js [2m ([22m[2m3 tests[22m[2m)[22m[90m 260[2mms[22m[39m
 [32mÎ“Â£Ã´[39m src/utils/__tests__/dateTimeFormatter.test.js [2m ([22m[2m11 tests[22m[2m)[22m[90m 36[2mms[22m[39m
stderr | src/components/layout/Header/__tests__/Header.test.jsx > Header > renders navigation links
Î“ÃœÃ¡âˆ©â••Ã… React Router Future Flag Warning: React Router will begin wrapping state updates in `React.startTransition` in v7. You can use the `v7_startTransition` future flag to opt-in early. For more information, see https://reactrouter.com/v6/upgrading/future#v7_starttransition.
Î“ÃœÃ¡âˆ©â••Ã… React Router Future Flag Warning: Relative route resolution within Splat routes is changing in v7. You can use the `v7_relativeSplatPath` future flag to opt-in early. For more information, see https://reactrouter.com/v6/upgrading/future#v7_relativesplatpath.

stderr | src/components/layout/Header/__tests__/Header.test.jsx > Header > calls logout function on click
Warning: An update to MemoryRouter inside a test was not wrapped in act(...).

When testing, code that causes React state updates should be wrapped into act(...):

act(() => {
  /* fire events that update state */
});
/* assert on the output */

This ensures that you're testing the behavior the user would see in the browser. Learn more at https://reactjs.org/link/wrap-tests-with-act
    at MemoryRouter (C:\Users\Cole\Documents\Antigravity Fastrack Workspace\Fastrack-Learning_Management-System\node_modules\react-router\dist\umd\react-router.development.js:1101:7)

 [32mÎ“Â£Ã´[39m src/components/layout/Header/__tests__/Header.test.jsx [2m ([22m[2m4 tests[22m[2m)[22m[90m 235[2mms[22m[39m
 [32mÎ“Â£Ã´[39m src/pages/Admin/__tests__/AdminDashboard.test.jsx [2m ([22m[2m3 tests[22m[2m)[22m[90m 251[2mms[22m[39m
 [32mÎ“Â£Ã´[39m src/api/admin/__tests__/auditLogServices.test.js [2m ([22m[2m2 tests[22m[2m)[22m[90m 17[2mms[22m[39m
 [32mÎ“Â£Ã´[39m src/api/admin/__tests__/detsServices.test.js [2m ([22m[2m2 tests[22m[2m)[22m[90m 14[2mms[22m[39m
 [32mÎ“Â£Ã´[39m src/api/enrollment/__tests__/paymentServices.test.js [2m ([22m[2m3 tests[22m[2m)[22m[90m 9[2mms[22m[39m
 [32mÎ“Â£Ã´[39m src/components/common/Input/__tests__/Input.test.jsx [2m ([22m[2m5 tests[22m[2m)[22m[90m 163[2mms[22m[39m
stderr | src/components/admin/dashboard/__tests__/CertificatesWidget.test.jsx > CertificatesWidget > renders loading state correctly
Î“ÃœÃ¡âˆ©â••Ã… React Router Future Flag Warning: React Router will begin wrapping state updates in `React.startTransition` in v7. You can use the `v7_startTransition` future flag to opt-in early. For more information, see https://reactrouter.com/v6/upgrading/future#v7_starttransition.
Î“ÃœÃ¡âˆ©â••Ã… React Router Future Flag Warning: Relative route resolution within Splat routes is changing in v7. You can use the `v7_relativeSplatPath` future flag to opt-in early. For more information, see https://reactrouter.com/v6/upgrading/future#v7_relativesplatpath.

 [33mÎ“Â¥Â»[39m src/components/admin/dashboard/__tests__/CertificatesWidget.test.jsx [2m ([22m[2m3 tests[22m [2m|[22m [31m1 failed[39m[2m)[22m[90m 170[2mms[22m[39m
[31m   [33mÎ“Â¥Â»[31m src/components/admin/dashboard/__tests__/CertificatesWidget.test.jsx[2m > [22mCertificatesWidget[2m > [22mnavigates to certificates page on click[39m
[31m     Î“Ã¥Ã† expected "spy" to be called with arguments: [ '/admin/certificates' ][90m

Received: 

[31m[90m

Number of calls: [1m0[22m
[31m[39m
stderr | functions/src/user/__tests__/userFunctions.test.js > User Functions > createUser > should handle auth creation errors
Error creating user: Error: Email already exists
    at C:\Users\Cole\Documents\Antigravity Fastrack Workspace\Fastrack-Learning_Management-System\functions\src\user\__tests__\userFunctions.test.js:227:9
    at file:///C:/Users/Cole/Documents/Antigravity%20Fastrack%20Workspace/Fastrack-Learning_Management-System/node_modules/@vitest/runner/dist/index.js:135:14
    at file:///C:/Users/Cole/Documents/Antigravity%20Fastrack%20Workspace/Fastrack-Learning_Management-System/node_modules/@vitest/runner/dist/index.js:60:26
    at runTest (file:///C:/Users/Cole/Documents/Antigravity%20Fastrack%20Workspace/Fastrack-Learning_Management-System/node_modules/@vitest/runner/dist/index.js:781:17)
    at runSuite (file:///C:/Users/Cole/Documents/Antigravity%20Fastrack%20Workspace/Fastrack-Learning_Management-System/node_modules/@vitest/runner/dist/index.js:909:15)
    at runSuite (file:///C:/Users/Cole/Documents/Antigravity%20Fastrack%20Workspace/Fastrack-Learning_Management-System/node_modules/@vitest/runner/dist/index.js:909:15)
    at runSuite (file:///C:/Users/Cole/Documents/Antigravity%20Fastrack%20Workspace/Fastrack-Learning_Management-System/node_modules/@vitest/runner/dist/index.js:909:15)
    at runFiles (file:///C:/Users/Cole/Documents/Antigravity%20Fastrack%20Workspace/Fastrack-Learning_Management-System/node_modules/@vitest/runner/dist/index.js:958:5)
    at startTests (file:///C:/Users/Cole/Documents/Antigravity%20Fastrack%20Workspace/Fastrack-Learning_Management-System/node_modules/@vitest/runner/dist/index.js:967:3)
    at file:///C:/Users/Cole/Documents/Antigravity%20Fastrack%20Workspace/Fastrack-Learning_Management-System/node_modules/vitest/dist/chunks/runtime-runBaseTests.oAvMKtQC.js:116:7

 [32mÎ“Â£Ã´[39m src/components/common/Button/__tests__/Button.test.jsx [2m ([22m[2m5 tests[22m[2m)[22m[33m 884[2mms[22m[39m
 [32mÎ“Â£Ã´[39m src/services/__tests__/errorTrackingService.test.js [2m ([22m[2m6 tests[22m[2m)[22m[33m 1749[2mms[22m[39m
 [32mÎ“Â£Ã´[39m src/hooks/__tests__/useAdminNavigation.test.js [2m ([22m[2m3 tests[22m[2m)[22m[90m 76[2mms[22m[39m
 [32mÎ“Â£Ã´[39m src/components/admin/dashboard/__tests__/ActivityWidget.test.jsx [2m ([22m[2m3 tests[22m[2m)[22m[90m 136[2mms[22m[39m
stderr | src/pages/Admin/__tests__/AdminPlaceholderPages.test.jsx > Admin Placeholder Pages > UsersPage > renders correctly
Error: useAuth must be used within an AuthProvider
    at Module.useAuth (C:\Users\Cole\Documents\Antigravity Fastrack Workspace\Fastrack-Learning_Management-System\src\context\AuthContext.jsx:26:11)
    at UserManagementTab (C:\Users\Cole\Documents\Antigravity Fastrack Workspace\Fastrack-Learning_Management-System\src\components\admin\tabs\UserManagementTab.jsx:16:27)
    at renderWithHooks (C:\Users\Cole\Documents\Antigravity Fastrack Workspace\Fastrack-Learning_Management-System\node_modules\react-dom\cjs\react-dom.development.js:15486:18)
    at mountIndeterminateComponent (C:\Users\Cole\Documents\Antigravity Fastrack Workspace\Fastrack-Learning_Management-System\node_modules\react-dom\cjs\react-dom.development.js:20103:13)
    at beginWork (C:\Users\Cole\Documents\Antigravity Fastrack Workspace\Fastrack-Learning_Management-System\node_modules\react-dom\cjs\react-dom.development.js:21626:16)
    at HTMLUnknownElement.callCallback (C:\Users\Cole\Documents\Antigravity Fastrack Workspace\Fastrack-Learning_Management-System\node_modules\react-dom\cjs\react-dom.development.js:4164:14)
    at HTMLUnknownElement.callTheUserObjectsOperation (C:\Users\Cole\Documents\Antigravity Fastrack Workspace\Fastrack-Learning_Management-System\node_modules\jsdom\lib\jsdom\living\generated\EventListener.js:26:30)
    at innerInvokeEventListeners (C:\Users\Cole\Documents\Antigravity Fastrack Workspace\Fastrack-Learning_Management-System\node_modules\jsdom\lib\jsdom\living\events\EventTarget-impl.js:360:16)
    at invokeEventListeners (C:\Users\Cole\Documents\Antigravity Fastrack Workspace\Fastrack-Learning_Management-System\node_modules\jsdom\lib\jsdom\living\events\EventTarget-impl.js:296:3)
    at HTMLUnknownElementImpl._dispatch (C:\Users\Cole\Documents\Antigravity Fastrack Workspace\Fastrack-Learning_Management-System\node_modules\jsdom\lib\jsdom\living\events\EventTarget-impl.js:243:9)
Error: useAuth must be used within an AuthProvider
    at Module.useAuth (C:\Users\Cole\Documents\Antigravity Fastrack Workspace\Fastrack-Learning_Management-System\src\context\AuthContext.jsx:26:11)
    at UserManagementTab (C:\Users\Cole\Documents\Antigravity Fastrack Workspace\Fastrack-Learning_Management-System\src\components\admin\tabs\UserManagementTab.jsx:16:27)
    at renderWithHooks (C:\Users\Cole\Documents\Antigravity Fastrack Workspace\Fastrack-Learning_Management-System\node_modules\react-dom\cjs\react-dom.development.js:15486:18)
    at mountIndeterminateComponent (C:\Users\Cole\Documents\Antigravity Fastrack Workspace\Fastrack-Learning_Management-System\node_modules\react-dom\cjs\react-dom.development.js:20103:13)
    at beginWork (C:\Users\Cole\Documents\Antigravity Fastrack Workspace\Fastrack-Learning_Management-System\node_modules\react-dom\cjs\react-dom.development.js:21626:16)
    at HTMLUnknownElement.callCallback (C:\Users\Cole\Documents\Antigravity Fastrack Workspace\Fastrack-Learning_Management-System\node_modules\react-dom\cjs\react-dom.development.js:4164:14)
    at HTMLUnknownElement.callTheUserObjectsOperation (C:\Users\Cole\Documents\Antigravity Fastrack Workspace\Fastrack-Learning_Management-System\node_modules\jsdom\lib\jsdom\living\generated\EventListener.js:26:30)
    at innerInvokeEventListeners (C:\Users\Cole\Documents\Antigravity Fastrack Workspace\Fastrack-Learning_Management-System\node_modules\jsdom\lib\jsdom\living\events\EventTarget-impl.js:360:16)
    at invokeEventListeners (C:\Users\Cole\Documents\Antigravity Fastrack Workspace\Fastrack-Learning_Management-System\node_modules\jsdom\lib\jsdom\living\events\EventTarget-impl.js:296:3)
    at HTMLUnknownElementImpl._dispatch (C:\Users\Cole\Documents\Antigravity Fastrack Workspace\Fastrack-Learning_Management-System\node_modules\jsdom\lib\jsdom\living\events\EventTarget-impl.js:243:9)
The above error occurred in the <UserManagementTab> component:

    at UserManagementTab (C:\Users\Cole\Documents\Antigravity Fastrack Workspace\Fastrack-Learning_Management-System\src\components\admin\tabs\UserManagementTab.jsx:30:49)
    at div
    at UsersPage

Consider adding an error boundary to your tree to customize error handling behavior.
Visit https://reactjs.org/link/error-boundaries to learn more about error boundaries.

stderr | src/pages/Admin/__tests__/AdminPlaceholderPages.test.jsx > Admin Placeholder Pages > SchedulingPage > renders correctly
[UNKNOWN_ERROR] Expected first argument to collection() to be a CollectionReference, a DocumentReference or FirebaseFirestore [FirebaseError: Expected first argument to collection() to be a CollectionReference, a DocumentReference or FirebaseFirestore] {
  code: 'invalid-argument',
  customData: undefined,
  toString: [Function (anonymous)]
}
[UNKNOWN_ERROR] Expected first argument to collection() to be a CollectionReference, a DocumentReference or FirebaseFirestore [FirebaseError: Expected first argument to collection() to be a CollectionReference, a DocumentReference or FirebaseFirestore] {
  code: 'invalid-argument',
  customData: undefined,
  toString: [Function (anonymous)]
}
Error loading data: ApiError: Expected first argument to collection() to be a CollectionReference, a DocumentReference or FirebaseFirestore
    at Module.mapFirebaseError (C:\Users\Cole\Documents\Antigravity Fastrack Workspace\Fastrack-Learning_Management-System\src\api\errors\ApiError.js:146:10)
    at Module.executeService (C:\Users\Cole\Documents\Antigravity Fastrack Workspace\Fastrack-Learning_Management-System\src\api\base\ServiceWrapper.js:17:27) {
  code: 'UNKNOWN_ERROR',
  originalError: [FirebaseError: Expected first argument to collection() to be a CollectionReference, a DocumentReference or FirebaseFirestore] {
    code: 'invalid-argument',
    customData: undefined,
    toString: [Function (anonymous)]
  },
  timestamp: '2025-12-10T19:22:28.591Z'
}
Warning: An update to SchedulingManagement inside a test was not wrapped in act(...).

When testing, code that causes React state updates should be wrapped into act(...):

act(() => {
  /* fire events that update state */
});
/* assert on the output */

This ensures that you're testing the behavior the user would see in the browser. Learn more at https://reactjs.org/link/wrap-tests-with-act
    at SchedulingManagement (C:\Users\Cole\Documents\Antigravity Fastrack Workspace\Fastrack-Learning_Management-System\src\components\admin\SchedulingManagement.jsx:28:51)
    at div
    at Card (C:\Users\Cole\Documents\Antigravity Fastrack Workspace\Fastrack-Learning_Management-System\src\components\common\Card\Card.jsx:8:3)
    at div
    at SchedulingPage
Warning: An update to SchedulingManagement inside a test was not wrapped in act(...).

When testing, code that causes React state updates should be wrapped into act(...):

act(() => {
  /* fire events that update state */
});
/* assert on the output */

This ensures that you're testing the behavior the user would see in the browser. Learn more at https://reactjs.org/link/wrap-tests-with-act
    at SchedulingManagement (C:\Users\Cole\Documents\Antigravity Fastrack Workspace\Fastrack-Learning_Management-System\src\components\admin\SchedulingManagement.jsx:28:51)
    at div
    at Card (C:\Users\Cole\Documents\Antigravity Fastrack Workspace\Fastrack-Learning_Management-System\src\components\common\Card\Card.jsx:8:3)
    at div
    at SchedulingPage

 [33mÎ“Â¥Â»[39m src/pages/Admin/__tests__/AdminPlaceholderPages.test.jsx [2m ([22m[2m5 tests[22m [2m|[22m [31m3 failed[39m[2m)[22m[33m 937[2mms[22m[39m
[31m   [33mÎ“Â¥Â»[31m src/pages/Admin/__tests__/AdminPlaceholderPages.test.jsx[2m > [22mAdmin Placeholder Pages[2m > [22mAdminCoursesPage[2m > [22mrenders correctly[39m
[31m     Î“Ã¥Ã† Unable to find an element by: [data-testid="mock-card"]

Ignored nodes: comments, script, style
[36m<body>[31m
  [36m<div>[31m
    [36m<div[31m
      [33mstyle[31m=[32m"padding: 2rem;"[31m
    [36m>[31m
      [36m<h1>[31m
        [0mManage Courses[0m
      [36m</h1>[31m
      [36m<div[31m
        [33mclass[31m=[32m"card default padding-medium"[31m
      [36m>[31m
        [36m<p>[31m
          [0mCourse management features coming soon.[0m
        [36m</p>[31m
      [36m</div>[31m
    [36m</div>[31m
  [36m</div>[31m
[36m</body>[31m[39m
[31m   [33mÎ“Â¥Â»[31m src/pages/Admin/__tests__/AdminPlaceholderPages.test.jsx[2m > [22mAdmin Placeholder Pages[2m > [22mUsersPage[2m > [22mrenders correctly[39m
[31m     Î“Ã¥Ã† useAuth must be used within an AuthProvider[39m
[31m   [33mÎ“Â¥Â»[31m src/pages/Admin/__tests__/AdminPlaceholderPages.test.jsx[2m > [22mAdmin Placeholder Pages[2m > [22mComplianceReportsPage[2m > [22mrenders correctly[39m
[31m     Î“Ã¥Ã† Unable to find an element by: [data-testid="mock-compliance-reporting"]

Ignored nodes: comments, script, style
[36m<body>[31m
  [36m<div>[31m
    [36m<div[31m
      [33mstyle[31m=[32m"padding: 2rem;"[31m
    [36m>[31m
      [36m<h1>[31m
        [0mCompliance Reports[0m
      [36m</h1>[31m
      [36m<div[31m
        [33mclass[31m=[32m"container"[31m
      [36m>[31m
        [36m<h2[31m
          [33mclass[31m=[32m"title"[31m
        [36m>[31m
          [0mCompliance Report Export[0m
        [36m</h2>[31m
        [36m<div[31m
          [33mclass[31m=[32m"form"[31m
        [36m>[31m
          [36m<div[31m
            [33mclass[31m=[32m"formGroup"[31m
          [36m>[31m
            [36m<label[31m
              [33mclass[31m=[32m"label"[31m
            [36m>[31m
              [0mExport Type[0m
            [36m</label>[31m
            [36m<select[31m
              [33mclass[31m=[32m"select"[31m
            [36m>[31m
              [36m<option[31m
                [33mvalue[31m=[32m"course"[31m
              [36m>[31m
                [0mCourse-Wide Export[0m
              [36m</option>[31m
              [36m<option[31m
                [33mvalue[31m=[32m"student"[31m
              [36m>[31m
                [0mPer-Student Export[0m
              [36m</option>[31m
            [36m</select>[31m
          [36m</div>[31m
          [36m<div[31m
            [33mclass[31m=[32m"formGroup"[31m
          [36m>[31m
            [36m<label[31m
              [33mclass[31m=[32m"label"[31m
            [36m>[31m
              [0mCourse ID[0m
            [36m</label>[31m
            [36m<div[31m
              [33mclass[31m=[32m"inputWrapper "[31m
            [36m>[31m
              [36m<input[31m
                [33maria-invalid[31m=[32m"false"[31m
                [33mclass[31m=[32m"input"[31m
                [33mplaceholder[31m=[32m"e.g., fastrack-online"[31m
                [33mtype[31m=[32m"text"[31m
                [33mvalue[31m=[32m""[31m
              [36m/>[31m
            [36m</div>[31m
          [36m</div>[31m
          [36m<div[31m
            [33mclass[31m=[32m"formGroup"[31m
          [36m>[31m
            [36m<label[31m
              [33mclass[31m=[32m"label"[31m
            [36m>[31m
              [0mExport Format[0m
            [36m</label>[31m
            [36m<div[31m
              [33mclass[31m=[32m"formatOptions"[31m
            [36m>[31m
              [36m<label[31m
                [33mclass[31m=[32m"radioLabel"[31m
              [36m>[31m
                [36m<input[31m
                  [33mchecked[31m=[32m""[31m
                  [33mname[31m=[32m"format"[31m
                  [33mtype[31m=[32m"radio"[31m
                  [33mvalue[31m=[32m"csv"[31m
                [36m/>[31m
                [36m<span>[31m
                  [0mCSV[0m
                [36m</span>[31m
              [36m</label>[31m
              [36m<label[31m
                [33mclass[31m=[32m"radioLabel"[31m
              [36m>[31m
                [36m<input[31m
                  [33mname[31m=[32m"format"[31m
                  [33mtype[31m=[32m"radio"[31m
                  [33mvalue[31m=[32m"json"[31m
                [36m/>[31m
                [36m<span>[31m
                  [0mJSON[0m
                [36m</span>[31m
              [36m</label>[31m
              [36m<label[31m
                [33mclass[31m=[32m"radioLabel"[31m
              [36m>[31m
                [36m<input[31m
                  [33mname[31m=[32m"format"[31m
                  [33mtype[31m=[32m"radio"[31m
                  [33mvalue[31m=[32m"pdf"[31m
                [36m/>[31m
                [36m<span>[31m
                  [0mPDF[0m
                [36m</span>[31m
              [36m</label>[31m
            [36m</div>[31m
          [36m</div>[31m
          [36m<div[31m
            [33mclass[31m=[32m"info"[31m
          [36m>[31m
            [36m<p>[31m
              [36m<strong>[31m
                [0mReport Contents:[0m
              [36m</strong>[31m
              [0m Session history, quiz attempts, PVQ verification records, and certificate status.[0m
            [36m</p>[31m
            [36m<p>[31m
              [36m<strong>[31m
                [0mDownload Link:[0m
              [36m</strong>[31m
              [0m Valid for 7 days. Downloaded reports are logged for compliance audits.[0m
            [36m</p>[31m
          [36m</div>[31m
          [36m<button[31m
            [33mclass[31m=[32m"button primary medium disabled"[31m
            [33mdisabled[31m=[32m""[31m
            [33mstyle[31m=[32m"width: 100%;"[31m
            [33mtype[31m=[32m"button"[31m
          [36m>[31m
            [0mGenerate & Download Report[0m
          [36m</button>[31m
        [36m</div>[31m
      [36m</div>[31m
    [36m</div>[31m
  [36m</div>[31m
[36m</body>[31m[39m
 [32mÎ“Â£Ã´[39m src/components/common/Badge/__tests__/Badge.test.jsx [2m ([22m[2m3 tests[22m[2m)[22m[90m 87[2mms[22m[39m
 [33mÎ“Â¥Â»[39m src/components/layout/AdminSidebar/__tests__/AdminSidebar.test.jsx [2m ([22m[2m0 test[22m[2m)[22m
 [32mÎ“Â£Ã´[39m src/api/compliance/__tests__/schedulingServices.assignment.test.js [2m ([22m[2m3 tests[22m[2m)[22m[90m 7[2mms[22m[39m
 [32mÎ“Â£Ã´[39m src/components/common/Card/__tests__/Card.test.jsx [2m ([22m[2m3 tests[22m[2m)[22m[33m 439[2mms[22m[39m
(node:13932) MetadataLookupWarning: received unexpected error = fetch failed code = UNKNOWN
(node:13932) MetadataLookupWarning: received unexpected error = fetch failed code = UNKNOWN
 [32mÎ“Â£Ã´[39m src/components/layout/Sidebar/__tests__/Sidebar.test.jsx [2m ([22m[2m2 tests[22m[2m)[22m[90m 107[2mms[22m[39m
stderr | src/components/layout/Sidebar/__tests__/Sidebar.test.jsx > Sidebar > renders standard navigation items
Î“ÃœÃ¡âˆ©â••Ã… React Router Future Flag Warning: React Router will begin wrapping state updates in `React.startTransition` in v7. You can use the `v7_startTransition` future flag to opt-in early. For more information, see https://reactrouter.com/v6/upgrading/future#v7_starttransition.
Î“ÃœÃ¡âˆ©â••Ã… React Router Future Flag Warning: Relative route resolution within Splat routes is changing in v7. You can use the `v7_relativeSplatPath` future flag to opt-in early. For more information, see https://reactrouter.com/v6/upgrading/future#v7_relativesplatpath.

 [32mÎ“Â£Ã´[39m src/components/admin/dashboard/__tests__/RevenueWidget.test.jsx [2m ([22m[2m3 tests[22m[2m)[22m[90m 80[2mms[22m[39m
 [32mÎ“Â£Ã´[39m src/simple.test.js [2m ([22m[2m1 test[22m[2m)[22m[90m 2[2mms[22m[39m
 [33mÎ“Â¥Â»[39m functions/src/user/__tests__/userFunctions.test.js [2m ([22m[2m11 tests[22m [2m|[22m [31m2 failed[39m [2m|[22m [33m5 skipped[39m[2m)[22m[33m 20050[2mms[22m[39m
[31m   [33mÎ“Â¥Â»[31m functions/src/user/__tests__/userFunctions.test.js[2m > [22mUser Functions[2m > [22mcreateUser[2m > [22mshould log audit event on user creation[39m
[31m     Î“Ã¥Ã† Test timed out in 10000ms.
If this is a long-running test, pass a timeout value as the last argument or configure it globally with "testTimeout".[39m
[31m   [33mÎ“Â¥Â»[31m functions/src/user/__tests__/userFunctions.test.js[2m > [22mUser Functions[2m > [22mcreateUser[2m > [22mshould return user document in response[39m
[31m     Î“Ã¥Ã† Test timed out in 10000ms.
If this is a long-running test, pass a timeout value as the last argument or configure it globally with "testTimeout".[39m

Î“Ã„Â»Î“Ã„Â»Î“Ã„Â»Î“Ã„Â»Î“Ã„Â»Î“Ã„Â» Failed Suites 13 Î“Ã„Â»Î“Ã„Â»Î“Ã„Â»Î“Ã„Â»Î“Ã„Â»Î“Ã„Â»

 FAIL  src/context/AuthContext.test.js [ src/context/AuthContext.test.js ]
 FAIL  src/context/CourseContext.test.js [ src/context/CourseContext.test.js ]
 FAIL  src/context/ModalContext.test.js [ src/context/ModalContext.test.js ]
 FAIL  src/pages/CoursePlayer/CoursePlayerPage.quiz.integration.test.js [ src/pages/CoursePlayer/CoursePlayerPage.quiz.integration.test.js ]
 FAIL  src/components/auth/__tests__/ForcePasswordChangeModal.integration.test.js [ src/components/auth/__tests__/ForcePasswordChangeModal.integration.test.js ]
 FAIL  src/pages/Admin/__tests__/AdminPage.userManagement.integration.test.js [ src/pages/Admin/__tests__/AdminPage.userManagement.integration.test.js ]
Error: Failed to parse source for import analysis because the content contains invalid JS syntax. If you are using JSX, make sure to name the file with the .jsx or .tsx extension.
 Î“Â¥Â» TransformPluginContext._formatError ../../Antigravity%20Fastrack%20Workspace/Fastrack-Learning_Management-System/node_modules/vite/dist/node/chunks/dep-BK3b2jBa.js:49258:41
 Î“Â¥Â» TransformPluginContext.error ../../Antigravity%20Fastrack%20Workspace/Fastrack-Learning_Management-System/node_modules/vite/dist/node/chunks/dep-BK3b2jBa.js:49253:16
 Î“Â¥Â» TransformPluginContext.transform ../../Antigravity%20Fastrack%20Workspace/Fastrack-Learning_Management-System/node_modules/vite/dist/node/chunks/dep-BK3b2jBa.js:64259:14
 Î“Â¥Â» PluginContainer.transform ../../Antigravity%20Fastrack%20Workspace/Fastrack-Learning_Management-System/node_modules/vite/dist/node/chunks/dep-BK3b2jBa.js:49099:18
 Î“Â¥Â» loadAndTransform ../../Antigravity%20Fastrack%20Workspace/Fastrack-Learning_Management-System/node_modules/vite/dist/node/chunks/dep-BK3b2jBa.js:51978:27

Î“Ã„Â»Î“Ã„Â»Î“Ã„Â»Î“Ã„Â»Î“Ã„Â»Î“Ã„Â»Î“Ã„Â»Î“Ã„Â»Î“Ã„Â»Î“Ã„Â»Î“Ã„Â»Î“Ã„Â»Î“Ã„Â»Î“Ã„Â»Î“Ã„Â»Î“Ã„Â»Î“Ã„Â»Î“Ã„Â»Î“Ã„Â»Î“Ã„Â»Î“Ã„Â»Î“Ã„Â»Î“Ã„Â»[1/62]Î“Ã„Â»

 FAIL  src/api/enrollment/__tests__/enrollmentServices.concurrent.test.js [ src/api/enrollment/__tests__/enrollmentServices.concurrent.test.js ]
Error: [vitest] There was an error when mocking a module. If you are using "vi.mock" factory, make sure there are no top level variables inside, since this call is hoisted to top of the file. Read more: https://vitest.dev/api/vi.html#vi-mock
 Î“Â¥Â» src/api/enrollment/enrollmentServices.js:3:31
      1| import { doc, serverTimestamp, writeBatch, increment } from 'firebase/Î“Ã‡Âª
      2| import { db } from '../../config/firebase.js';
      3| import { EnrollmentError, ValidationError } from '../errors/ApiError.jÎ“Ã‡Âª
       |                               ^
      4| import ServiceBase from '../base/ServiceBase.js';
      5| import { getFirestoreTimestamps } from '../../utils/api/timestampHelpeÎ“Ã‡Âª

Caused by: ReferenceError: Cannot access '__vi_import_1__' before initialization
 Î“Â¥Â» src/api/enrollment/__tests__/enrollmentServices.concurrent.test.js:38:22
 Î“Â¥Â» src/api/enrollment/enrollmentServices.js:3:31

Î“Ã„Â»Î“Ã„Â»Î“Ã„Â»Î“Ã„Â»Î“Ã„Â»Î“Ã„Â»Î“Ã„Â»Î“Ã„Â»Î“Ã„Â»Î“Ã„Â»Î“Ã„Â»Î“Ã„Â»Î“Ã„Â»Î“Ã„Â»Î“Ã„Â»Î“Ã„Â»Î“Ã„Â»Î“Ã„Â»Î“Ã„Â»Î“Ã„Â»Î“Ã„Â»Î“Ã„Â»Î“Ã„Â»[2/62]Î“Ã„Â»

 FAIL  src/components/admin/__tests__/SchedulingManagement.assignment.test.js [ src/components/admin/__tests__/SchedulingManagement.assignment.test.js ]
 FAIL  src/components/common/Quiz/Quiz.test.js [ src/components/common/Quiz/Quiz.test.js ]
 FAIL  src/components/admin/tabs/__tests__/UserManagementTab.createUser.integration.test.js [ src/components/admin/tabs/__tests__/UserManagementTab.createUser.integration.test.js ]
Error: Expression expected
 Î“Â¥Â» getRollupError ../../Antigravity%20Fastrack%20Workspace/Fastrack-Learning_Management-System/node_modules/vite/node_modules/rollup/dist/es/shared/parseAst.js:401:41
 Î“Â¥Â» convertProgram ../../Antigravity%20Fastrack%20Workspace/Fastrack-Learning_Management-System/node_modules/vite/node_modules/rollup/dist/es/shared/parseAst.js:1098:26
 Î“Â¥Â» parseAstAsync ../../Antigravity%20Fastrack%20Workspace/Fastrack-Learning_Management-System/node_modules/vite/node_modules/rollup/dist/es/shared/parseAst.js:2084:106
 Î“Â¥Â» ssrTransformScript ../../Antigravity%20Fastrack%20Workspace/Fastrack-Learning_Management-System/node_modules/vite/dist/node/chunks/dep-BK3b2jBa.js:52430:11

Î“Ã„Â»Î“Ã„Â»Î“Ã„Â»Î“Ã„Â»Î“Ã„Â»Î“Ã„Â»Î“Ã„Â»Î“Ã„Â»Î“Ã„Â»Î“Ã„Â»Î“Ã„Â»Î“Ã„Â»Î“Ã„Â»Î“Ã„Â»Î“Ã„Â»Î“Ã„Â»Î“Ã„Â»Î“Ã„Â»Î“Ã„Â»Î“Ã„Â»Î“Ã„Â»Î“Ã„Â»Î“Ã„Â»[3/62]Î“Ã„Â»

 FAIL  src/pages/Admin/__tests__/AdminPage.comprehensive.test.jsx [ src/pages/Admin/__tests__/AdminPage.comprehensive.test.jsx ]
Error: Failed to resolve import "../AdminPage" from "src/pages/Admin/__tests__/AdminPage.comprehensive.test.jsx". Does the file exist?
 Î“Â¥Â» TransformPluginContext._formatError ../../Antigravity%20Fastrack%20Workspace/Fastrack-Learning_Management-System/node_modules/vite/dist/node/chunks/dep-BK3b2jBa.js:49258:41
 Î“Â¥Â» TransformPluginContext.error ../../Antigravity%20Fastrack%20Workspace/Fastrack-Learning_Management-System/node_modules/vite/dist/node/chunks/dep-BK3b2jBa.js:49253:16
 Î“Â¥Â» normalizeUrl ../../Antigravity%20Fastrack%20Workspace/Fastrack-Learning_Management-System/node_modules/vite/dist/node/chunks/dep-BK3b2jBa.js:64307:23
 Î“Â¥Â» async file:/C:/Users/Cole/Documents/Antigravity%20Fastrack%20Workspace/Fastrack-Learning_Management-System/node_modules/vite/dist/node/chunks/dep-BK3b2jBa.js:64439:39
 Î“Â¥Â» TransformPluginContext.transform ../../Antigravity%20Fastrack%20Workspace/Fastrack-Learning_Management-System/node_modules/vite/dist/node/chunks/dep-BK3b2jBa.js:64366:7
 Î“Â¥Â» PluginContainer.transform ../../Antigravity%20Fastrack%20Workspace/Fastrack-Learning_Management-System/node_modules/vite/dist/node/chunks/dep-BK3b2jBa.js:49099:18
 Î“Â¥Â» loadAndTransform ../../Antigravity%20Fastrack%20Workspace/Fastrack-Learning_Management-System/node_modules/vite/dist/node/chunks/dep-BK3b2jBa.js:51978:27

Î“Ã„Â»Î“Ã„Â»Î“Ã„Â»Î“Ã„Â»Î“Ã„Â»Î“Ã„Â»Î“Ã„Â»Î“Ã„Â»Î“Ã„Â»Î“Ã„Â»Î“Ã„Â»Î“Ã„Â»Î“Ã„Â»Î“Ã„Â»Î“Ã„Â»Î“Ã„Â»Î“Ã„Â»Î“Ã„Â»Î“Ã„Â»Î“Ã„Â»Î“Ã„Â»Î“Ã„Â»Î“Ã„Â»[4/62]Î“Ã„Â»

 FAIL  src/pages/Admin/__tests__/EnrollmentManagementPage.test.jsx [ src/pages/Admin/__tests__/EnrollmentManagementPage.test.jsx ]
Error: Failed to resolve import "../../hooks/useAdminPanel" from "src/pages/Admin/__tests__/EnrollmentManagementPage.test.jsx". Does the file exist?
 Î“Â¥Â» TransformPluginContext._formatError ../../Antigravity%20Fastrack%20Workspace/Fastrack-Learning_Management-System/node_modules/vite/dist/node/chunks/dep-BK3b2jBa.js:49258:41
 Î“Â¥Â» TransformPluginContext.error ../../Antigravity%20Fastrack%20Workspace/Fastrack-Learning_Management-System/node_modules/vite/dist/node/chunks/dep-BK3b2jBa.js:49253:16
 Î“Â¥Â» normalizeUrl ../../Antigravity%20Fastrack%20Workspace/Fastrack-Learning_Management-System/node_modules/vite/dist/node/chunks/dep-BK3b2jBa.js:64307:23
 Î“Â¥Â» async file:/C:/Users/Cole/Documents/Antigravity%20Fastrack%20Workspace/Fastrack-Learning_Management-System/node_modules/vite/dist/node/chunks/dep-BK3b2jBa.js:64439:39
 Î“Â¥Â» TransformPluginContext.transform ../../Antigravity%20Fastrack%20Workspace/Fastrack-Learning_Management-System/node_modules/vite/dist/node/chunks/dep-BK3b2jBa.js:64366:7
 Î“Â¥Â» PluginContainer.transform ../../Antigravity%20Fastrack%20Workspace/Fastrack-Learning_Management-System/node_modules/vite/dist/node/chunks/dep-BK3b2jBa.js:49099:18
 Î“Â¥Â» loadAndTransform ../../Antigravity%20Fastrack%20Workspace/Fastrack-Learning_Management-System/node_modules/vite/dist/node/chunks/dep-BK3b2jBa.js:51978:27

Î“Ã„Â»Î“Ã„Â»Î“Ã„Â»Î“Ã„Â»Î“Ã„Â»Î“Ã„Â»Î“Ã„Â»Î“Ã„Â»Î“Ã„Â»Î“Ã„Â»Î“Ã„Â»Î“Ã„Â»Î“Ã„Â»Î“Ã„Â»Î“Ã„Â»Î“Ã„Â»Î“Ã„Â»Î“Ã„Â»Î“Ã„Â»Î“Ã„Â»Î“Ã„Â»Î“Ã„Â»Î“Ã„Â»[5/62]Î“Ã„Â»

 FAIL  src/components/layout/AdminSidebar/__tests__/AdminSidebar.test.jsx [ src/components/layout/AdminSidebar/__tests__/AdminSidebar.test.jsx ]
TypeError: "" is not a function
 Î“Â¥Â» src/components/layout/AdminSidebar/__tests__/AdminSidebar.test.jsx:1:1
      1| ```javascript
       | ^
      2| import { render, screen } from '@testing-library/react';
      3| import { describe, it, expect, vi } from 'vitest';

Î“Ã„Â»Î“Ã„Â»Î“Ã„Â»Î“Ã„Â»Î“Ã„Â»Î“Ã„Â»Î“Ã„Â»Î“Ã„Â»Î“Ã„Â»Î“Ã„Â»Î“Ã„Â»Î“Ã„Â»Î“Ã„Â»Î“Ã„Â»Î“Ã„Â»Î“Ã„Â»Î“Ã„Â»Î“Ã„Â»Î“Ã„Â»Î“Ã„Â»Î“Ã„Â»Î“Ã„Â»Î“Ã„Â»[6/62]Î“Ã„Â»

Î“Ã„Â»Î“Ã„Â»Î“Ã„Â»Î“Ã„Â»Î“Ã„Â»Î“Ã„Â» Failed Tests 49 Î“Ã„Â»Î“Ã„Â»Î“Ã„Â»Î“Ã„Â»Î“Ã„Â»Î“Ã„Â»Î“Ã„Â»

 FAIL  src/hooks/useComplianceHeartbeat.test.js > useComplianceHeartbeat > should call heartbeat function every 60 seconds
 FAIL  src/hooks/useComplianceHeartbeat.test.js > useComplianceHeartbeat > should call onHeartbeatSuccess callback on successful heartbeat
 FAIL  src/hooks/useComplianceHeartbeat.test.js > useComplianceHeartbeat > should call onLimitReached when daily limit is exceeded
 FAIL  src/hooks/useComplianceHeartbeat.test.js > useComplianceHeartbeat > should not send heartbeat when disabled
 FAIL  src/hooks/useComplianceHeartbeat.test.js > useComplianceHeartbeat > should not send heartbeat without required parameters
 FAIL  src/hooks/useComplianceHeartbeat.test.js > useComplianceHeartbeat > should call onHeartbeatError callback on error
TypeError: vi.mocked(...).mockReturnValue is not a function
 Î“Â¥Â» src/hooks/useComplianceHeartbeat.test.js:12:30
     10|     vi.clearAllMocks();
     11|     mockHeartbeatFn = vi.fn();
     12|     vi.mocked(httpsCallable).mockReturnValue(mockHeartbeatFn);
       |                              ^
     13|     vi.useFakeTimers();
     14|   });

Î“Ã„Â»Î“Ã„Â»Î“Ã„Â»Î“Ã„Â»Î“Ã„Â»Î“Ã„Â»Î“Ã„Â»Î“Ã„Â»Î“Ã„Â»Î“Ã„Â»Î“Ã„Â»Î“Ã„Â»Î“Ã„Â»Î“Ã„Â»Î“Ã„Â»Î“Ã„Â»Î“Ã„Â»Î“Ã„Â»Î“Ã„Â»Î“Ã„Â»Î“Ã„Â»Î“Ã„Â»Î“Ã„Â»[7/62]Î“Ã„Â»

 FAIL  functions/src/user/__tests__/userFunctions.test.js > User Functions > createUser > should log audit event on user creation
 FAIL  functions/src/user/__tests__/userFunctions.test.js > User Functions > createUser > should return user document in response
Error: Test timed out in 10000ms.
If this is a long-running test, pass a timeout value as the last argument or configure it globally with "testTimeout".
Î“Ã„Â»Î“Ã„Â»Î“Ã„Â»Î“Ã„Â»Î“Ã„Â»Î“Ã„Â»Î“Ã„Â»Î“Ã„Â»Î“Ã„Â»Î“Ã„Â»Î“Ã„Â»Î“Ã„Â»Î“Ã„Â»Î“Ã„Â»Î“Ã„Â»Î“Ã„Â»Î“Ã„Â»Î“Ã„Â»Î“Ã„Â»Î“Ã„Â»Î“Ã„Â»Î“Ã„Â»Î“Ã„Â»[8/62]Î“Ã„Â»

 FAIL  src/api/admin/__tests__/userManagementServices.test.js > User Management Services > getAllUsers > should fetch and return all users
 FAIL  src/api/admin/__tests__/userManagementServices.test.js > User Management Services > getAllUsers > should handle empty user list
 FAIL  src/api/admin/__tests__/userManagementServices.test.js > User Management Services > getAllUsers > should throw error on fetch failure
 FAIL  src/api/admin/__tests__/userManagementServices.test.js > User Management Services > getUserById > should fetch user by ID
 FAIL  src/api/admin/__tests__/userManagementServices.test.js > User Management Services > getUserById > should return null if user does not exist
 FAIL  src/api/admin/__tests__/userManagementServices.test.js > User Management Services > getUserById > should throw error on fetch failure
 FAIL  src/api/admin/__tests__/userManagementServices.test.js > User Management Services > updateUserRole > should update user role and log activity
 FAIL  src/api/admin/__tests__/userManagementServices.test.js > User Management Services > updateUserRole > should throw error for invalid role
 FAIL  src/api/admin/__tests__/userManagementServices.test.js > User Management Services > updateUserRole > should throw error if user not found
 FAIL  src/api/admin/__tests__/userManagementServices.test.js > User Management Services > logActivity > should log activity with timestamp
 FAIL  src/api/admin/__tests__/userManagementServices.test.js > User Management Services > logActivity > should throw error on log failure
 FAIL  src/api/admin/__tests__/userManagementServices.test.js > User Management Services > getActivityLogs > should fetch all activity logs
 FAIL  src/api/admin/__tests__/userManagementServices.test.js > User Management Services > getActivityLogs > should filter logs by targetUserId
 FAIL  src/api/admin/__tests__/userManagementServices.test.js > User Management Services > getActivityLogs > should filter logs by type
 FAIL  src/api/admin/__tests__/userManagementServices.test.js > User Management Services > getActivityLogs > should throw error on fetch failure
 FAIL  src/api/admin/__tests__/userManagementServices.test.js > User Management Services > getUserActivityHistory > should fetch user activity history
 FAIL  src/api/admin/__tests__/userManagementServices.test.js > User Management Services > getUserActivityHistory > should throw error on fetch failure
 FAIL  src/api/admin/__tests__/userManagementServices.test.js > User Management Services > getAdminActivityHistory > should fetch admin activity history
 FAIL  src/api/admin/__tests__/userManagementServices.test.js > User Management Services > getAdminActivityHistory > should throw error on fetch failure
 FAIL  src/api/admin/__tests__/userManagementServices.test.js > User Management Services > deleteUser > should soft delete user and log activity
 FAIL  src/api/admin/__tests__/userManagementServices.test.js > User Management Services > deleteUser > should throw error on delete failure
 FAIL  src/api/admin/__tests__/userManagementServices.test.js > User Management Services > restoreUser > should restore deleted user and log activity
 FAIL  src/api/admin/__tests__/userManagementServices.test.js > User Management Services > restoreUser > should throw error on restore failure
 FAIL  src/api/admin/__tests__/userManagementServices.test.js > User Management Services > getUserStats > should calculate user statistics by role
 FAIL  src/api/admin/__tests__/userManagementServices.test.js > User Management Services > getUserStats > should count deleted users
 FAIL  src/api/admin/__tests__/userManagementServices.test.js > User Management Services > getUserStats > should throw error on fetch failure
TypeError: httpsCallable.mockReturnValue is not a function
 Î“Â¥Â» src/api/admin/__tests__/userManagementServices.test.js:28:19
     26|     // Default success mock for cloud functions
     27|     const { httpsCallable } = require('firebase/functions');
     28|     httpsCallable.mockReturnValue(() => Promise.resolve({ data: { succÎ“Ã‡Âª
       |                   ^
     29|   });
     30| 

Î“Ã„Â»Î“Ã„Â»Î“Ã„Â»Î“Ã„Â»Î“Ã„Â»Î“Ã„Â»Î“Ã„Â»Î“Ã„Â»Î“Ã„Â»Î“Ã„Â»Î“Ã„Â»Î“Ã„Â»Î“Ã„Â»Î“Ã„Â»Î“Ã„Â»Î“Ã„Â»Î“Ã„Â»Î“Ã„Â»Î“Ã„Â»Î“Ã„Â»Î“Ã„Â»Î“Ã„Â»Î“Ã„Â»[9/62]Î“Ã„Â»

 FAIL  functions/src/payment/__tests__/paymentFunctions.test.js > Payment Functions > createCheckoutSession > should throw error if user not authenticated
AssertionError: expected 'Failed to create checkout session: NeÎ“Ã‡Âª' to contain 'Neither user nor authenticated user'

- Expected
+ Received

- Neither user nor authenticated user
+ Failed to create checkout session: Neither apiKey nor config.authenticator provided

 Î“Â¥Â» functions/src/payment/__tests__/paymentFunctions.test.js:86:31
     84|         expect(true).toBe(false);
     85|       } catch (error) {
     86|         expect(error.message).toContain('Neither user nor authenticateÎ“Ã‡Âª
       |                               ^
     87|       }
     88|     });

Î“Ã„Â»Î“Ã„Â»Î“Ã„Â»Î“Ã„Â»Î“Ã„Â»Î“Ã„Â»Î“Ã„Â»Î“Ã„Â»Î“Ã„Â»Î“Ã„Â»Î“Ã„Â»Î“Ã„Â»Î“Ã„Â»Î“Ã„Â»Î“Ã„Â»Î“Ã„Â»Î“Ã„Â»Î“Ã„Â»Î“Ã„Â»Î“Ã„Â»Î“Ã„Â»Î“Ã„Â»[10/62]Î“Ã„Â»

 FAIL  functions/src/payment/__tests__/paymentFunctions.test.js > Payment Functions > createCheckoutSession > should throw error if courseId missing
AssertionError: expected 'Failed to create checkout session: NeÎ“Ã‡Âª' to contain 'Missing required parameters'

- Expected
+ Received

- Missing required parameters
+ Failed to create checkout session: Neither apiKey nor config.authenticator provided

 Î“Â¥Â» functions/src/payment/__tests__/paymentFunctions.test.js:100:31
     98|         expect(true).toBe(false);
     99|       } catch (error) {
    100|         expect(error.message).toContain('Missing required parameters');
       |                               ^
    101|       }
    102|     });

Î“Ã„Â»Î“Ã„Â»Î“Ã„Â»Î“Ã„Â»Î“Ã„Â»Î“Ã„Â»Î“Ã„Â»Î“Ã„Â»Î“Ã„Â»Î“Ã„Â»Î“Ã„Â»Î“Ã„Â»Î“Ã„Â»Î“Ã„Â»Î“Ã„Â»Î“Ã„Â»Î“Ã„Â»Î“Ã„Â»Î“Ã„Â»Î“Ã„Â»Î“Ã„Â»Î“Ã„Â»[11/62]Î“Ã„Â»

 FAIL  functions/src/payment/__tests__/paymentFunctions.test.js > Payment Functions > createCheckoutSession > should throw error if amount missing
AssertionError: expected 'Failed to create checkout session: NeÎ“Ã‡Âª' to contain 'Missing required parameters'

- Expected
+ Received

- Missing required parameters
+ Failed to create checkout session: Neither apiKey nor config.authenticator provided

 Î“Â¥Â» functions/src/payment/__tests__/paymentFunctions.test.js:114:31
    112|         expect(true).toBe(false);
    113|       } catch (error) {
    114|         expect(error.message).toContain('Missing required parameters');
       |                               ^
    115|       }
    116|     });

Î“Ã„Â»Î“Ã„Â»Î“Ã„Â»Î“Ã„Â»Î“Ã„Â»Î“Ã„Â»Î“Ã„Â»Î“Ã„Â»Î“Ã„Â»Î“Ã„Â»Î“Ã„Â»Î“Ã„Â»Î“Ã„Â»Î“Ã„Â»Î“Ã„Â»Î“Ã„Â»Î“Ã„Â»Î“Ã„Â»Î“Ã„Â»Î“Ã„Â»Î“Ã„Â»Î“Ã„Â»[12/62]Î“Ã„Â»

 FAIL  functions/src/payment/__tests__/paymentFunctions.test.js > Payment Functions > createCheckoutSession > should throw error if paymentType missing
AssertionError: expected 'Failed to create checkout session: NeÎ“Ã‡Âª' to contain 'Missing required parameters'

- Expected
+ Received

- Missing required parameters
+ Failed to create checkout session: Neither apiKey nor config.authenticator provided

 Î“Â¥Â» functions/src/payment/__tests__/paymentFunctions.test.js:128:31
    126|         expect(true).toBe(false);
    127|       } catch (error) {
    128|         expect(error.message).toContain('Missing required parameters');
       |                               ^
    129|       }
    130|     });

Î“Ã„Â»Î“Ã„Â»Î“Ã„Â»Î“Ã„Â»Î“Ã„Â»Î“Ã„Â»Î“Ã„Â»Î“Ã„Â»Î“Ã„Â»Î“Ã„Â»Î“Ã„Â»Î“Ã„Â»Î“Ã„Â»Î“Ã„Â»Î“Ã„Â»Î“Ã„Â»Î“Ã„Â»Î“Ã„Â»Î“Ã„Â»Î“Ã„Â»Î“Ã„Â»Î“Ã„Â»[13/62]Î“Ã„Â»

 FAIL  functions/src/payment/__tests__/paymentFunctions.test.js > Payment Functions > createPaymentIntent > should throw error if user not authenticated
AssertionError: expected 'Failed to create payment intent: NeitÎ“Ã‡Âª' to contain 'Neither user nor authenticated user'

- Expected
+ Received

- Neither user nor authenticated user
+ Failed to create payment intent: Neither apiKey nor config.authenticator provided

 Î“Â¥Â» functions/src/payment/__tests__/paymentFunctions.test.js:164:31
    162|         expect(true).toBe(false);
    163|       } catch (error) {
    164|         expect(error.message).toContain('Neither user nor authenticateÎ“Ã‡Âª
       |                               ^
    165|       }
    166|     });

Î“Ã„Â»Î“Ã„Â»Î“Ã„Â»Î“Ã„Â»Î“Ã„Â»Î“Ã„Â»Î“Ã„Â»Î“Ã„Â»Î“Ã„Â»Î“Ã„Â»Î“Ã„Â»Î“Ã„Â»Î“Ã„Â»Î“Ã„Â»Î“Ã„Â»Î“Ã„Â»Î“Ã„Â»Î“Ã„Â»Î“Ã„Â»Î“Ã„Â»Î“Ã„Â»Î“Ã„Â»[14/62]Î“Ã„Â»

 FAIL  functions/src/payment/__tests__/paymentFunctions.test.js > Payment Functions > createPaymentIntent > should throw error if courseId missing
AssertionError: expected 'Failed to create payment intent: NeitÎ“Ã‡Âª' to contain 'Missing required parameters'

- Expected
+ Received

- Missing required parameters
+ Failed to create payment intent: Neither apiKey nor config.authenticator provided

 Î“Â¥Â» functions/src/payment/__tests__/paymentFunctions.test.js:178:31
    176|         expect(true).toBe(false);
    177|       } catch (error) {
    178|         expect(error.message).toContain('Missing required parameters');
       |                               ^
    179|       }
    180|     });

Î“Ã„Â»Î“Ã„Â»Î“Ã„Â»Î“Ã„Â»Î“Ã„Â»Î“Ã„Â»Î“Ã„Â»Î“Ã„Â»Î“Ã„Â»Î“Ã„Â»Î“Ã„Â»Î“Ã„Â»Î“Ã„Â»Î“Ã„Â»Î“Ã„Â»Î“Ã„Â»Î“Ã„Â»Î“Ã„Â»Î“Ã„Â»Î“Ã„Â»Î“Ã„Â»Î“Ã„Â»[15/62]Î“Ã„Â»

 FAIL  functions/src/payment/__tests__/paymentFunctions.test.js > Payment Functions > createPaymentIntent > should throw error if amount missing
AssertionError: expected 'Failed to create payment intent: NeitÎ“Ã‡Âª' to contain 'Missing required parameters'

- Expected
+ Received

- Missing required parameters
+ Failed to create payment intent: Neither apiKey nor config.authenticator provided

 Î“Â¥Â» functions/src/payment/__tests__/paymentFunctions.test.js:192:31
    190|         expect(true).toBe(false);
    191|       } catch (error) {
    192|         expect(error.message).toContain('Missing required parameters');
       |                               ^
    193|       }
    194|     });

Î“Ã„Â»Î“Ã„Â»Î“Ã„Â»Î“Ã„Â»Î“Ã„Â»Î“Ã„Â»Î“Ã„Â»Î“Ã„Â»Î“Ã„Â»Î“Ã„Â»Î“Ã„Â»Î“Ã„Â»Î“Ã„Â»Î“Ã„Â»Î“Ã„Â»Î“Ã„Â»Î“Ã„Â»Î“Ã„Â»Î“Ã„Â»Î“Ã„Â»Î“Ã„Â»Î“Ã„Â»[16/62]Î“Ã„Â»

 FAIL  functions/src/payment/__tests__/paymentFunctions.test.js > Payment Functions > createPaymentIntent > should throw error if paymentType missing
AssertionError: expected 'Failed to create payment intent: NeitÎ“Ã‡Âª' to contain 'Missing required parameters'

- Expected
+ Received

- Missing required parameters
+ Failed to create payment intent: Neither apiKey nor config.authenticator provided

 Î“Â¥Â» functions/src/payment/__tests__/paymentFunctions.test.js:206:31
    204|         expect(true).toBe(false);
    205|       } catch (error) {
    206|         expect(error.message).toContain('Missing required parameters');
       |                               ^
    207|       }
    208|     });

Î“Ã„Â»Î“Ã„Â»Î“Ã„Â»Î“Ã„Â»Î“Ã„Â»Î“Ã„Â»Î“Ã„Â»Î“Ã„Â»Î“Ã„Â»Î“Ã„Â»Î“Ã„Â»Î“Ã„Â»Î“Ã„Â»Î“Ã„Â»Î“Ã„Â»Î“Ã„Â»Î“Ã„Â»Î“Ã„Â»Î“Ã„Â»Î“Ã„Â»Î“Ã„Â»Î“Ã„Â»[17/62]Î“Ã„Â»

 FAIL  src/components/admin/__tests__/SchedulingManagement.loadingIndicators.test.jsx > SchedulingManagement - Loading Indicators > Delete button loading state > should clear loading state after successful deletion
Error: expect(element).not.toHaveAttribute("disabled") // element.hasAttribute("disabled")

Expected the element not to have attribute:
  disabled
Received:
  disabled=""

Ignored nodes: comments, script, style
<html>
  <head />
  <body>
    <div>
      <div
        class="schedulingManagement"
      >
        <div
          class="header"
        >
          <h2>
            Lesson Time Slot Management
          </h2>
          <button
            class="button primary medium"
            type="button"
          >
            + Add New Time Slot
          </button>
        </div>
        <div
          class="slotsList"
        >
          <div
            class="card default padding-medium slotCard"
          >
            <div
              class="slotHeader"
            >
              <div
                class="slotDateTime"
              >
                <span
                  class="date"
                >
                  Mon, Dec 15
                </span>
                <span
                  class="time"
                >
                  9:00 AM
                   - 
                  10:00 AM
                </span>
              </div>
              <span
                class="status available"
              >
                Available
              </span>
            </div>
            <div
              class="slotDetails"
            >
              <div
                class="detail"
              >
                <span
                  class="label"
                >
                  Location:
                </span>
                <span>
                  Test Location
                </span>
              </div>
              <div
                class="detail"
              >
                <span
                  class="label"
                >
                  Instructor:
                </span>
                <span>
                  Test Instructor
                </span>
              </div>
              <div
                class="detail"
              >
                <span
                  class="label"
                >
                  Notes:
                </span>
                <span>
                  Test slot
                </span>
              </div>
            </div>
            <div
              class="slotActions"
            >
              <button
                class="button primary small"
                type="button"
              >
                Assign Student
              </button>
              <button
                class="button outline small"
                type="button"
              >
                Edit
              </button>
              <button
                class="button danger small"
                type="button"
              >
                Delete
              </button>
            </div>
          </div>
          <div
            class="card default padding-medium slotCard"
          >
            <div
              class="slotHeader"
            >
              <div
                class="slotDateTime"
              >
                <span
                  class="date"
                >
                  Mon, Dec 15
                </span>
                <span
                  class="time"
                >
                  10:00 AM
                   - 
                  11:00 AM
                </span>
              </div>
              <span
                class="status assigned"
              >
                Assigned
              </span>
            </div>
            <div
              class="slotDetails"
            >
              <div
                class="detail"
              >
                <span
                  class="label"
                >
                  Location:
                </span>
                <span>
                  Test Location 2
                </span>
              </div>
              <div
                class="detail"
              >
                <span
                  class="label"
                >
                  Instructor:
                </span>
                <span>
                  Test Instructor 2
                </span>
              </div>
              <div
                class="detail"
              >
                <span
                  class="label"
                >
                  Assigned to:
                </span>
                <span>
                  student-123
                </span>
              </div>
            </div>
            <div
              class="slotActions"
            >
              <button
                class="button secondary small"
                type="button"
              >
                Unassign
              </button>
              <button
                class="button outline small"
                type="button"
              >
                Edit
              </button>
              <button
                class="button danger small"
                type="button"
              >
                Delete
              </button>
            </div>
          </div>
        </div>
      </div>
    </div>
  </body>
</html>
 Î“Â¥Â» __vi_import_2__.waitFor.timeout src/components/admin/__tests__/SchedulingManagement.loadingIndicators.test.jsx:153:34
    151| 
    152|       await waitFor(() => {
    153|         expect(deleteButton).not.toHaveAttribute('disabled');
       |                                  ^
    154|       }, { timeout: 3000 });
    155|     });
 Î“Â¥Â» runWithExpensiveErrorDiagnosticsDisabled node_modules/@testing-library/dom/dist/config.js:47:12
 Î“Â¥Â» checkCallback node_modules/@testing-library/dom/dist/wait-for.js:124:77
 Î“Â¥Â» MutationObserver.checkRealTimersCallback node_modules/@testing-library/dom/dist/wait-for.js:118:16
 Î“Â¥Â» MutationObserver.invokeTheCallbackFunction node_modules/jsdom/lib/jsdom/living/generated/MutationCallback.js:19:26
 Î“Â¥Â» notifyMutationObservers node_modules/jsdom/lib/jsdom/living/helpers/mutation-observers.js:160:22
 Î“Â¥Â» node_modules/jsdom/lib/jsdom/living/helpers/mutation-observers.js:133:5

Î“Ã„Â»Î“Ã„Â»Î“Ã„Â»Î“Ã„Â»Î“Ã„Â»Î“Ã„Â»Î“Ã„Â»Î“Ã„Â»Î“Ã„Â»Î“Ã„Â»Î“Ã„Â»Î“Ã„Â»Î“Ã„Â»Î“Ã„Â»Î“Ã„Â»Î“Ã„Â»Î“Ã„Â»Î“Ã„Â»Î“Ã„Â»Î“Ã„Â»Î“Ã„Â»Î“Ã„Â»[18/62]Î“Ã„Â»

 FAIL  src/components/admin/__tests__/SchedulingManagement.loadingIndicators.test.jsx > SchedulingManagement - Loading Indicators > Unassign button loading state > should clear loading state after successful unassignment
Error: expect(element).not.toHaveAttribute("disabled") // element.hasAttribute("disabled")

Expected the element not to have attribute:
  disabled
Received:
  disabled=""

Ignored nodes: comments, script, style
<html>
  <head />
  <body>
    <div>
      <div
        class="schedulingManagement"
      >
        <div
          class="header"
        >
          <h2>
            Lesson Time Slot Management
          </h2>
          <button
            class="button primary medium"
            type="button"
          >
            + Add New Time Slot
          </button>
        </div>
        <div
          class="slotsList"
        >
          <div
            class="card default padding-medium slotCard"
          >
            <div
              class="slotHeader"
            >
              <div
                class="slotDateTime"
              >
                <span
                  class="date"
                >
                  Mon, Dec 15
                </span>
                <span
                  class="time"
                >
                  9:00 AM
                   - 
                  10:00 AM
                </span>
              </div>
              <span
                class="status available"
              >
                Available
              </span>
            </div>
            <div
              class="slotDetails"
            >
              <div
                class="detail"
              >
                <span
                  class="label"
                >
                  Location:
                </span>
                <span>
                  Test Location
                </span>
              </div>
              <div
                class="detail"
              >
                <span
                  class="label"
                >
                  Instructor:
                </span>
                <span>
                  Test Instructor
                </span>
              </div>
              <div
                class="detail"
              >
                <span
                  class="label"
                >
                  Notes:
                </span>
                <span>
                  Test slot
                </span>
              </div>
            </div>
            <div
              class="slotActions"
            >
              <button
                class="button primary small"
                type="button"
              >
                Assign Student
              </button>
              <button
                class="button outline small"
                type="button"
              >
                Edit
              </button>
              <button
                class="button danger small"
                type="button"
              >
                Delete
              </button>
            </div>
          </div>
          <div
            class="card default padding-medium slotCard"
          >
            <div
              class="slotHeader"
            >
              <div
                class="slotDateTime"
              >
                <span
                  class="date"
                >
                  Mon, Dec 15
                </span>
                <span
                  class="time"
                >
                  10:00 AM
                   - 
                  11:00 AM
                </span>
              </div>
              <span
                class="status assigned"
              >
                Assigned
              </span>
            </div>
            <div
              class="slotDetails"
            >
              <div
                class="detail"
              >
                <span
                  class="label"
                >
                  Location:
                </span>
                <span>
                  Test Location 2
                </span>
              </div>
              <div
                class="detail"
              >
                <span
                  class="label"
                >
                  Instructor:
                </span>
                <span>
                  Test Instructor 2
                </span>
              </div>
              <div
                class="detail"
              >
                <span
                  class="label"
                >
                  Assigned to:
                </span>
                <span>
                  student-123
                </span>
              </div>
            </div>
            <div
              class="slotActions"
            >
              <button
                class="button secondary small"
                type="button"
              >
                Unassign
              </button>
              <button
                class="button outline small"
                type="button"
              >
                Edit
              </button>
              <button
                class="button danger small"
                type="button"
              >
                Delete
              </button>
            </div>
          </div>
        </div>
      </div>
    </div>
  </body>
</html>
 Î“Â¥Â» __vi_import_2__.waitFor.timeout src/components/admin/__tests__/SchedulingManagement.loadingIndicators.test.jsx:243:36
    241| 
    242|       await waitFor(() => {
    243|         expect(unassignButton).not.toHaveAttribute('disabled');
       |                                    ^
    244|       }, { timeout: 3000 });
    245|     });
 Î“Â¥Â» runWithExpensiveErrorDiagnosticsDisabled node_modules/@testing-library/dom/dist/config.js:47:12
 Î“Â¥Â» checkCallback node_modules/@testing-library/dom/dist/wait-for.js:124:77
 Î“Â¥Â» Timeout.checkRealTimersCallback node_modules/@testing-library/dom/dist/wait-for.js:118:16

Î“Ã„Â»Î“Ã„Â»Î“Ã„Â»Î“Ã„Â»Î“Ã„Â»Î“Ã„Â»Î“Ã„Â»Î“Ã„Â»Î“Ã„Â»Î“Ã„Â»Î“Ã„Â»Î“Ã„Â»Î“Ã„Â»Î“Ã„Â»Î“Ã„Â»Î“Ã„Â»Î“Ã„Â»Î“Ã„Â»Î“Ã„Â»Î“Ã„Â»Î“Ã„Â»Î“Ã„Â»[19/62]Î“Ã„Â»

 FAIL  src/components/admin/__tests__/SchedulingManagement.loadingIndicators.test.jsx > SchedulingManagement - Loading Indicators > Loading state persistence > should clear loading state when operations complete
Error: expect(element).not.toHaveAttribute("disabled") // element.hasAttribute("disabled")

Expected the element not to have attribute:
  disabled
Received:
  disabled=""

Ignored nodes: comments, script, style
<html>
  <head />
  <body>
    <div>
      <div
        class="schedulingManagement"
      >
        <div
          class="header"
        >
          <h2>
            Lesson Time Slot Management
          </h2>
          <button
            class="button primary medium"
            type="button"
          >
            + Add New Time Slot
          </button>
        </div>
        <div
          class="slotsList"
        >
          <div
            class="card default padding-medium slotCard"
          >
            <div
              class="slotHeader"
            >
              <div
                class="slotDateTime"
              >
                <span
                  class="date"
                >
                  Mon, Dec 15
                </span>
                <span
                  class="time"
                >
                  9:00 AM
                   - 
                  10:00 AM
                </span>
              </div>
              <span
                class="status available"
              >
                Available
              </span>
            </div>
            <div
              class="slotDetails"
            >
              <div
                class="detail"
              >
                <span
                  class="label"
                >
                  Location:
                </span>
                <span>
                  Test Location
                </span>
              </div>
              <div
                class="detail"
              >
                <span
                  class="label"
                >
                  Instructor:
                </span>
                <span>
                  Test Instructor
                </span>
              </div>
              <div
                class="detail"
              >
                <span
                  class="label"
                >
                  Notes:
                </span>
                <span>
                  Test slot
                </span>
              </div>
            </div>
            <div
              class="slotActions"
            >
              <button
                class="button primary small"
                type="button"
              >
                Assign Student
              </button>
              <button
                class="button outline small"
                type="button"
              >
                Edit
              </button>
              <button
                class="button danger small"
                type="button"
              >
                Delete
              </button>
            </div>
          </div>
          <div
            class="card default padding-medium slotCard"
          >
            <div
              class="slotHeader"
            >
              <div
                class="slotDateTime"
              >
                <span
                  class="date"
                >
                  Mon, Dec 15
                </span>
                <span
                  class="time"
                >
                  10:00 AM
                   - 
                  11:00 AM
                </span>
              </div>
              <span
                class="status assigned"
              >
                Assigned
              </span>
            </div>
            <div
              class="slotDetails"
            >
              <div
                class="detail"
              >
                <span
                  class="label"
                >
                  Location:
                </span>
                <span>
                  Test Location 2
                </span>
              </div>
              <div
                class="detail"
              >
                <span
                  class="label"
                >
                  Instructor:
                </span>
                <span>
                  Test Instructor 2
                </span>
              </div>
              <div
                class="detail"
              >
                <span
                  class="label"
                >
                  Assigned to:
                </span>
                <span>
                  student-123
                </span>
              </div>
            </div>
            <div
              class="slotActions"
            >
              <button
                class="button secondary small"
                type="button"
              >
                Unassign
              </button>
              <button
                class="button outline small"
                type="button"
              >
                Edit
              </button>
              <button
                class="button danger small"
                type="button"
              >
                Delete
              </button>
            </div>
          </div>
        </div>
      </div>
    </div>
  </body>
</html>
 Î“Â¥Â» __vi_import_2__.waitFor.timeout src/components/admin/__tests__/SchedulingManagement.loadingIndicators.test.jsx:387:40
    385| 
    386|       await waitFor(() => {
    387|         expect(unassignButtons[0]).not.toHaveAttribute('disabled');
       |                                        ^
    388|       }, { timeout: 3000 });
    389|     });
 Î“Â¥Â» runWithExpensiveErrorDiagnosticsDisabled node_modules/@testing-library/dom/dist/config.js:47:12
 Î“Â¥Â» checkCallback node_modules/@testing-library/dom/dist/wait-for.js:124:77
 Î“Â¥Â» Timeout.checkRealTimersCallback node_modules/@testing-library/dom/dist/wait-for.js:118:16

Î“Ã„Â»Î“Ã„Â»Î“Ã„Â»Î“Ã„Â»Î“Ã„Â»Î“Ã„Â»Î“Ã„Â»Î“Ã„Â»Î“Ã„Â»Î“Ã„Â»Î“Ã„Â»Î“Ã„Â»Î“Ã„Â»Î“Ã„Â»Î“Ã„Â»Î“Ã„Â»Î“Ã„Â»Î“Ã„Â»Î“Ã„Â»Î“Ã„Â»Î“Ã„Â»Î“Ã„Â»[20/62]Î“Ã„Â»

 FAIL  src/pages/Admin/__tests__/AdminPlaceholderPages.test.jsx > Admin Placeholder Pages > AdminCoursesPage > renders correctly
TestingLibraryElementError: Unable to find an element by: [data-testid="mock-card"]

Ignored nodes: comments, script, style
<body>
  <div>
    <div
      style="padding: 2rem;"
    >
      <h1>
        Manage Courses
      </h1>
      <div
        class="card default padding-medium"
      >
        <p>
          Course management features coming soon.
        </p>
      </div>
    </div>
  </div>
</body>
 Î“Â¥Â» Object.getElementError node_modules/@testing-library/dom/dist/config.js:37:19
 Î“Â¥Â» node_modules/@testing-library/dom/dist/query-helpers.js:76:38
 Î“Â¥Â» node_modules/@testing-library/dom/dist/query-helpers.js:52:17
 Î“Â¥Â» node_modules/@testing-library/dom/dist/query-helpers.js:95:19
 Î“Â¥Â» src/pages/Admin/__tests__/AdminPlaceholderPages.test.jsx:25:27
     23|             render(<AdminCoursesPage />);
     24|             expect(screen.getByText('Manage Courses')).toBeInTheDocumeÎ“Ã‡Âª
     25|             expect(screen.getByTestId('mock-card')).toBeInTheDocument(Î“Ã‡Âª
       |                           ^
     26|         });
     27|     });

Î“Ã„Â»Î“Ã„Â»Î“Ã„Â»Î“Ã„Â»Î“Ã„Â»Î“Ã„Â»Î“Ã„Â»Î“Ã„Â»Î“Ã„Â»Î“Ã„Â»Î“Ã„Â»Î“Ã„Â»Î“Ã„Â»Î“Ã„Â»Î“Ã„Â»Î“Ã„Â»Î“Ã„Â»Î“Ã„Â»Î“Ã„Â»Î“Ã„Â»Î“Ã„Â»Î“Ã„Â»[21/62]Î“Ã„Â»

 FAIL  src/pages/Admin/__tests__/AdminPlaceholderPages.test.jsx > Admin Placeholder Pages > UsersPage > renders correctly
Error: useAuth must be used within an AuthProvider
 Î“Â¥Â» Module.useAuth src/context/AuthContext.jsx:26:11
     24|   const context = useContext(AuthContext);
     25|   if (!context) {
     26|     throw new Error('useAuth must be used within an AuthProvider');
       |           ^
     27|   }
     28|   return context;
 Î“Â¥Â» UserManagementTab src/components/admin/tabs/UserManagementTab.jsx:16:27
 Î“Â¥Â» renderWithHooks node_modules/react-dom/cjs/react-dom.development.js:15486:18
 Î“Â¥Â» mountIndeterminateComponent node_modules/react-dom/cjs/react-dom.development.js:20103:13
 Î“Â¥Â» beginWork node_modules/react-dom/cjs/react-dom.development.js:21626:16
 Î“Â¥Â» beginWork$1 node_modules/react-dom/cjs/react-dom.development.js:27465:14
 Î“Â¥Â» performUnitOfWork node_modules/react-dom/cjs/react-dom.development.js:26599:12
 Î“Â¥Â» workLoopSync node_modules/react-dom/cjs/react-dom.development.js:26505:5
 Î“Â¥Â» renderRootSync node_modules/react-dom/cjs/react-dom.development.js:26473:7
 Î“Â¥Â» recoverFromConcurrentError node_modules/react-dom/cjs/react-dom.development.js:25889:20

Î“Ã„Â»Î“Ã„Â»Î“Ã„Â»Î“Ã„Â»Î“Ã„Â»Î“Ã„Â»Î“Ã„Â»Î“Ã„Â»Î“Ã„Â»Î“Ã„Â»Î“Ã„Â»Î“Ã„Â»Î“Ã„Â»Î“Ã„Â»Î“Ã„Â»Î“Ã„Â»Î“Ã„Â»Î“Ã„Â»Î“Ã„Â»Î“Ã„Â»Î“Ã„Â»Î“Ã„Â»[22/62]Î“Ã„Â»

 FAIL  src/pages/Admin/__tests__/AdminPlaceholderPages.test.jsx > Admin Placeholder Pages > ComplianceReportsPage > renders correctly
TestingLibraryElementError: Unable to find an element by: [data-testid="mock-compliance-reporting"]

Ignored nodes: comments, script, style
<body>
  <div>
    <div
      style="padding: 2rem;"
    >
      <h1>
        Compliance Reports
      </h1>
      <div
        class="container"
      >
        <h2
          class="title"
        >
          Compliance Report Export
        </h2>
        <div
          class="form"
        >
          <div
            class="formGroup"
          >
            <label
              class="label"
            >
              Export Type
            </label>
            <select
              class="select"
            >
              <option
                value="course"
              >
                Course-Wide Export
              </option>
              <option
                value="student"
              >
                Per-Student Export
              </option>
            </select>
          </div>
          <div
            class="formGroup"
          >
            <label
              class="label"
            >
              Course ID
            </label>
            <div
              class="inputWrapper "
            >
              <input
                aria-invalid="false"
                class="input"
                placeholder="e.g., fastrack-online"
                type="text"
                value=""
              />
            </div>
          </div>
          <div
            class="formGroup"
          >
            <label
              class="label"
            >
              Export Format
            </label>
            <div
              class="formatOptions"
            >
              <label
                class="radioLabel"
              >
                <input
                  checked=""
                  name="format"
                  type="radio"
                  value="csv"
                />
                <span>
                  CSV
                </span>
              </label>
              <label
                class="radioLabel"
              >
                <input
                  name="format"
                  type="radio"
                  value="json"
                />
                <span>
                  JSON
                </span>
              </label>
              <label
                class="radioLabel"
              >
                <input
                  name="format"
                  type="radio"
                  value="pdf"
                />
                <span>
                  PDF
                </span>
              </label>
            </div>
          </div>
          <div
            class="info"
          >
            <p>
              <strong>
                Report Contents:
              </strong>
               Session history, quiz attempts, PVQ verification records, and certificate status.
            </p>
            <p>
              <strong>
                Download Link:
              </strong>
               Valid for 7 days. Downloaded reports are logged for compliance audits.
            </p>
          </div>
          <button
            class="button primary medium disabled"
            disabled=""
            style="width: 100%;"
            type="button"
          >
            Generate & Download Report
          </button>
        </div>
      </div>
    </div>
  </div>
</body>
 Î“Â¥Â» Object.getElementError node_modules/@testing-library/dom/dist/config.js:37:19
 Î“Â¥Â» node_modules/@testing-library/dom/dist/query-helpers.js:76:38
 Î“Â¥Â» node_modules/@testing-library/dom/dist/query-helpers.js:52:17
 Î“Â¥Â» node_modules/@testing-library/dom/dist/query-helpers.js:95:19
 Î“Â¥Â» src/pages/Admin/__tests__/AdminPlaceholderPages.test.jsx:55:27
     53|             render(<ComplianceReportsPage />);
     54|             expect(screen.getByText('Compliance Reports')).toBeInTheDoÎ“Ã‡Âª
     55|             expect(screen.getByTestId('mock-compliance-reporting')).toÎ“Ã‡Âª
       |                           ^
     56|         });
     57|     });

Î“Ã„Â»Î“Ã„Â»Î“Ã„Â»Î“Ã„Â»Î“Ã„Â»Î“Ã„Â»Î“Ã„Â»Î“Ã„Â»Î“Ã„Â»Î“Ã„Â»Î“Ã„Â»Î“Ã„Â»Î“Ã„Â»Î“Ã„Â»Î“Ã„Â»Î“Ã„Â»Î“Ã„Â»Î“Ã„Â»Î“Ã„Â»Î“Ã„Â»Î“Ã„Â»Î“Ã„Â»[23/62]Î“Ã„Â»

 FAIL  src/components/admin/dashboard/__tests__/CertificatesWidget.test.jsx > CertificatesWidget > navigates to certificates page on click
AssertionError: expected "spy" to be called with arguments: [ '/admin/certificates' ]

Received: 



Number of calls: 0

 Î“Â¥Â» src/components/admin/dashboard/__tests__/CertificatesWidget.test.jsx:54:30
     52|         fireEvent.click(card);
     53| 
     54|         expect(mockNavigate).toHaveBeenCalledWith('/admin/certificatesÎ“Ã‡Âª
       |                              ^
     55|     });
     56| });

Î“Ã„Â»Î“Ã„Â»Î“Ã„Â»Î“Ã„Â»Î“Ã„Â»Î“Ã„Â»Î“Ã„Â»Î“Ã„Â»Î“Ã„Â»Î“Ã„Â»Î“Ã„Â»Î“Ã„Â»Î“Ã„Â»Î“Ã„Â»Î“Ã„Â»Î“Ã„Â»Î“Ã„Â»Î“Ã„Â»Î“Ã„Â»Î“Ã„Â»Î“Ã„Â»Î“Ã„Â»[24/62]Î“Ã„Â»

[31mÎ“Ã„Â»Î“Ã„Â»Î“Ã„Â»Î“Ã„Â»Î“Ã„Â»Î“Ã„Â»[1m[7m Unhandled Errors [27m[22mÎ“Ã„Â»Î“Ã„Â»Î“Ã„Â»Î“Ã„Â»Î“Ã„Â»Î“Ã„Â»[39m
[31m[1m
Vitest caught 1 unhandled error during the test run.
This might cause false positive tests. Resolve unhandled errors to make sure your tests are not affected.[22m[39m

Î“Ã„Â»Î“Ã„Â»Î“Ã„Â»Î“Ã„Â»Î“Ã„Â» Uncaught Exception Î“Ã„Â»Î“Ã„Â»Î“Ã„Â»Î“Ã„Â»Î“Ã„Â»
Error: Could not load the default credentials. Browse to https://cloud.google.com/docs/authentication/getting-started for more information.
 Î“Â¥Â» GoogleAuth.getApplicationDefaultAsync functions/node_modules/google-auth-library/build/src/auth/googleauth.js:287:15
 Î“Â¥Â» processTicksAndRejections node:internal/process/task_queues:105:5
 Î“Â¥Â» GoogleAuth._GoogleAuth_determineClient functions/node_modules/google-auth-library/build/src/auth/googleauth.js:834:32
 Î“Â¥Â» GoogleAuth.getClient functions/node_modules/google-auth-library/build/src/auth/googleauth.js:698:20
 Î“Â¥Â» GrpcClient.createStub functions/node_modules/google-gax/src/fallback.ts:285:28

This error originated in "functions/src/user/__tests__/userFunctions.test.js" test file. It doesn't mean the error was thrown inside the file itself, but while it was running.
The latest test that might've caused the error is "should return user document in response". It might mean one of the following:
- The error was thrown, while Vitest was running this test.
- If the error occurred after the test had been completed, this was the last documented test before it was thrown.
[31mÎ“Ã„Â»Î“Ã„Â»Î“Ã„Â»Î“Ã„Â»Î“Ã„Â»Î“Ã„Â»Î“Ã„Â»Î“Ã„Â»Î“Ã„Â»Î“Ã„Â»Î“Ã„Â»Î“Ã„Â»Î“Ã„Â»Î“Ã„Â»Î“Ã„Â»Î“Ã„Â»Î“Ã„Â»Î“Ã„Â»Î“Ã„Â»Î“Ã„Â»Î“Ã„Â»Î“Ã„Â»Î“Ã„Â»Î“Ã„Â»Î“Ã„Â»Î“Ã„Â»Î“Ã„Â»Î“Ã„Â»Î“Ã„Â»Î“Ã„Â»[39m

[2m Test Files [22m [1m[31m20 failed[39m[22m[2m | [22m[1m[32m49 passed[39m[22m[90m (69)[39m
[2m      Tests [22m [1m[31m49 failed[39m[22m[2m | [22m[1m[32m894 passed[39m[22m[2m | [22m[33m7 skipped[39m[90m (950)[39m
[2m     Errors [22m [1m[31m1 error[39m[22m
[2m   Start at [22m 14:21:58
[2m   Duration [22m 38.90s[2m (transform 13.29s, setup 37.16s, collect 52.84s, tests 49.82s, environment 227.51s, prepare 50.42s)[22m

