
> fastrack-driving-school-lms@1.0.0 test
> vitest run


[7m[1m[36m RUN [39m[22m[27m [36mv1.6.1[39m [90mC:/Users/Cole/Documents/Antigravity Fastrack Workspace/Fastrack-Learning_Management-System[39m

 [33mÎ“Â¥Â»[39m src/pages/Admin/__tests__/AdminPage.comprehensive.test.jsx [2m ([22m[2m0 test[22m[2m)[22m
 [32mÎ“Â£Ã´[39m src/__tests__/firestore-rules-production.test.js [2m ([22m[2m57 tests[22m[2m)[22m[90m 30[2mms[22m[39m
stderr | src/api/base/__tests__/RetryHandler.test.js > RetryHandler > execute > should retry and eventually succeed
Î“Ã…â–’âˆ©â••Ã…  [test-operation] Attempt 1/3 failed, retrying in 9ms: Network timeout

stderr | src/api/base/__tests__/RetryHandler.test.js > RetryHandler > execute > should retry and eventually succeed
Î“Ã…â–’âˆ©â••Ã…  [test-operation] Attempt 2/3 failed, retrying in 19ms: Network timeout

stderr | src/api/base/__tests__/RetryHandler.test.js > RetryHandler > execute > should retry and eventually succeed
<empty line>
[90mstdout[2m | src/api/base/__tests__/RetryHandler.test.js[2m > [22m[2mRetryHandler[2m > [22m[2mexecute[2m > [22m[2mshould retry and eventually succeed[22m[39m
Î“Â£Ã  [test-operation] Succeeded on attempt 3/3

stderr | src/api/base/__tests__/RetryHandler.test.js > RetryHandler > execute > should fail immediately for non-retryable errors
Î“Â¥Ã® [test-operation] Non-retryable error on attempt 1: Invalid credentials

stderr | src/api/base/__tests__/RetryHandler.test.js > RetryHandler > execute > should throw after max attempts exhausted
Î“Ã…â–’âˆ©â••Ã…  [test-operation] Attempt 1/3 failed, retrying in 10ms: Persistent network error

stderr | src/api/base/__tests__/RetryHandler.test.js > RetryHandler > execute > should throw after max attempts exhausted
Î“Ã…â–’âˆ©â••Ã…  [test-operation] Attempt 2/3 failed, retrying in 21ms: Persistent network error

stderr | src/api/base/__tests__/RetryHandler.test.js > RetryHandler > execute > should throw after max attempts exhausted
Î“Â¥Ã® [test-operation] Failed after 3 attempts. Last error: Persistent network error

stderr | src/api/base/__tests__/RetryHandler.test.js > RetryHandler > execute > should throw ApiError with context information
Î“Ã…â–’âˆ©â••Ã…  [updateUser] Attempt 1/3 failed, retrying in 10ms: Connection failed

stderr | src/api/base/__tests__/RetryHandler.test.js > RetryHandler > execute > should throw ApiError with context information
Î“Ã…â–’âˆ©â••Ã…  [updateUser] Attempt 2/3 failed, retrying in 20ms: Connection failed

stderr | src/api/base/__tests__/RetryHandler.test.js > RetryHandler > execute > should throw ApiError with context information
Î“Â¥Ã® [updateUser] Failed after 3 attempts. Last error: Connection failed

stderr | src/api/base/__tests__/RetryHandler.test.js > RetryHandler > execute > should handle async operations correctly
Î“Ã…â–’âˆ©â••Ã…  [async-operation] Attempt 1/3 failed, retrying in 10ms: Network error

stderr | src/api/base/__tests__/RetryHandler.test.js > RetryHandler > execute > should handle async operations correctly
<empty line>
[90mstdout[2m | src/api/base/__tests__/RetryHandler.test.js[2m > [22m[2mRetryHandler[2m > [22m[2mexecute[2m > [22m[2mshould handle async operations correctly[22m[39m
Î“Â£Ã  [async-operation] Succeeded on attempt 2/3

stderr | src/api/base/__tests__/RetryHandler.test.js > RetryHandler > execute > should use exponential backoff timing
Î“Ã…â–’âˆ©â••Ã…  [timed-operation] Attempt 1/3 failed, retrying in 10ms: Network error

stderr | src/api/base/__tests__/RetryHandler.test.js > RetryHandler > execute > should use exponential backoff timing
Î“Ã…â–’âˆ©â••Ã…  [timed-operation] Attempt 2/3 failed, retrying in 22ms: Network error

stderr | src/api/base/__tests__/RetryHandler.test.js > RetryHandler > execute > should use exponential backoff timing
<empty line>
[90mstdout[2m | src/api/base/__tests__/RetryHandler.test.js[2m > [22m[2mRetryHandler[2m > [22m[2mexecute[2m > [22m[2mshould use exponential backoff timing[22m[39m
Î“Â£Ã  [timed-operation] Succeeded on attempt 3/3

stderr | src/api/base/__tests__/RetryHandler.test.js > RetryHandler > execute > should handle errors with message property
Î“Ã…â–’âˆ©â••Ã…  [test-operation] Attempt 1/3 failed, retrying in 9ms: Specific failure reason

stderr | src/api/base/__tests__/RetryHandler.test.js > RetryHandler > execute > should handle errors with message property
Î“Ã…â–’âˆ©â••Ã…  [test-operation] Attempt 2/3 failed, retrying in 20ms: Specific failure reason

stderr | src/api/base/__tests__/RetryHandler.test.js > RetryHandler > execute > should handle errors with message property
Î“Â¥Ã® [test-operation] Failed after 3 attempts. Last error: Specific failure reason

 [33mÎ“Â¥Â»[39m src/api/admin/__tests__/userManagementServices.test.js [2m ([22m[2m26 tests[22m [2m|[22m [31m2 failed[39m[2m)[22m[90m 86[2mms[22m[39m
[31m   [33mÎ“Â¥Â»[31m src/api/admin/__tests__/userManagementServices.test.js[2m > [22mUser Management Services[2m > [22mupdateUserRole[2m > [22mshould update user role and log activity[39m
[31m     Î“Ã¥Ã† expected "updateDoc" to be called with arguments: [ undefined, ObjectContaining{Î“Ã‡Âª} ][90m

Received: 

[31m[90m

Number of calls: [1m0[22m
[31m[39m
[31m   [33mÎ“Â¥Â»[31m src/api/admin/__tests__/userManagementServices.test.js[2m > [22mUser Management Services[2m > [22mupdateUserRole[2m > [22mshould throw error if user not found[39m
[31m     Î“Ã¥Ã† expected [Function] to throw error including 'User not found' but got 'userData.data is not a function'[39m
stderr | src/api/base/__tests__/RetryHandler.test.js > RetryHandler > execute > should log context in thrown error
Î“Ã…â–’âˆ©â••Ã…  [myOperation] Attempt 1/3 failed, retrying in 10ms: Network unavailable

stderr | src/api/base/__tests__/RetryHandler.test.js > RetryHandler > execute > should log context in thrown error
Î“Ã…â–’âˆ©â••Ã…  [myOperation] Attempt 2/3 failed, retrying in 18ms: Network unavailable

stderr | src/api/base/__tests__/RetryHandler.test.js > RetryHandler > execute > should log context in thrown error
Î“Â¥Ã® [myOperation] Failed after 3 attempts. Last error: Network unavailable

stderr | src/api/base/__tests__/RetryHandler.test.js > RetryHandler > retryAsync convenience function > should work with default configuration
Î“Ã…â–’âˆ©â••Ã…  [test-operation] Attempt 1/3 failed, retrying in 97ms: Network error

stderr | src/api/admin/__tests__/userManagementServices.test.js > User Management Services > getAllUsers > should throw error on fetch failure
Error fetching all users: Error: Firestore error
    at C:\Users\Cole\Documents\Antigravity Fastrack Workspace\Fastrack-Learning_Management-System\src\api\admin\__tests__\userManagementServices.test.js:63:21
    at file:///C:/Users/Cole/Documents/Antigravity%20Fastrack%20Workspace/Fastrack-Learning_Management-System/node_modules/@vitest/runner/dist/index.js:135:14
    at file:///C:/Users/Cole/Documents/Antigravity%20Fastrack%20Workspace/Fastrack-Learning_Management-System/node_modules/@vitest/runner/dist/index.js:60:26
    at runTest (file:///C:/Users/Cole/Documents/Antigravity%20Fastrack%20Workspace/Fastrack-Learning_Management-System/node_modules/@vitest/runner/dist/index.js:781:17)
    at runSuite (file:///C:/Users/Cole/Documents/Antigravity%20Fastrack%20Workspace/Fastrack-Learning_Management-System/node_modules/@vitest/runner/dist/index.js:909:15)
    at runSuite (file:///C:/Users/Cole/Documents/Antigravity%20Fastrack%20Workspace/Fastrack-Learning_Management-System/node_modules/@vitest/runner/dist/index.js:909:15)
    at runSuite (file:///C:/Users/Cole/Documents/Antigravity%20Fastrack%20Workspace/Fastrack-Learning_Management-System/node_modules/@vitest/runner/dist/index.js:909:15)
    at runFiles (file:///C:/Users/Cole/Documents/Antigravity%20Fastrack%20Workspace/Fastrack-Learning_Management-System/node_modules/@vitest/runner/dist/index.js:958:5)
    at startTests (file:///C:/Users/Cole/Documents/Antigravity%20Fastrack%20Workspace/Fastrack-Learning_Management-System/node_modules/@vitest/runner/dist/index.js:967:3)
    at file:///C:/Users/Cole/Documents/Antigravity%20Fastrack%20Workspace/Fastrack-Learning_Management-System/node_modules/vitest/dist/chunks/runtime-runBaseTests.oAvMKtQC.js:116:7

stderr | src/api/admin/__tests__/userManagementServices.test.js > User Management Services > getUserById > should throw error on fetch failure
Error fetching user: Error: Firestore error
    at C:\Users\Cole\Documents\Antigravity Fastrack Workspace\Fastrack-Learning_Management-System\src\api\admin\__tests__\userManagementServices.test.js:102:21
    at file:///C:/Users/Cole/Documents/Antigravity%20Fastrack%20Workspace/Fastrack-Learning_Management-System/node_modules/@vitest/runner/dist/index.js:135:14
    at file:///C:/Users/Cole/Documents/Antigravity%20Fastrack%20Workspace/Fastrack-Learning_Management-System/node_modules/@vitest/runner/dist/index.js:60:26
    at runTest (file:///C:/Users/Cole/Documents/Antigravity%20Fastrack%20Workspace/Fastrack-Learning_Management-System/node_modules/@vitest/runner/dist/index.js:781:17)
    at runSuite (file:///C:/Users/Cole/Documents/Antigravity%20Fastrack%20Workspace/Fastrack-Learning_Management-System/node_modules/@vitest/runner/dist/index.js:909:15)
    at runSuite (file:///C:/Users/Cole/Documents/Antigravity%20Fastrack%20Workspace/Fastrack-Learning_Management-System/node_modules/@vitest/runner/dist/index.js:909:15)
    at runSuite (file:///C:/Users/Cole/Documents/Antigravity%20Fastrack%20Workspace/Fastrack-Learning_Management-System/node_modules/@vitest/runner/dist/index.js:909:15)
    at runFiles (file:///C:/Users/Cole/Documents/Antigravity%20Fastrack%20Workspace/Fastrack-Learning_Management-System/node_modules/@vitest/runner/dist/index.js:958:5)
    at startTests (file:///C:/Users/Cole/Documents/Antigravity%20Fastrack%20Workspace/Fastrack-Learning_Management-System/node_modules/@vitest/runner/dist/index.js:967:3)
    at file:///C:/Users/Cole/Documents/Antigravity%20Fastrack%20Workspace/Fastrack-Learning_Management-System/node_modules/vitest/dist/chunks/runtime-runBaseTests.oAvMKtQC.js:116:7

stderr | src/api/admin/__tests__/userManagementServices.test.js > User Management Services > updateUserRole > should throw error for invalid role
Error updating user role: Error: Invalid role: invalid_role
    at UserManagementService.updateUserRole (C:\Users\Cole\Documents\Antigravity Fastrack Workspace\Fastrack-Learning_Management-System\src\api\admin\userManagementServices.js:57:15)
    at C:\Users\Cole\Documents\Antigravity Fastrack Workspace\Fastrack-Learning_Management-System\src\api\admin\__tests__\userManagementServices.test.js:144:32
    at file:///C:/Users/Cole/Documents/Antigravity%20Fastrack%20Workspace/Fastrack-Learning_Management-System/node_modules/@vitest/runner/dist/index.js:135:14
    at file:///C:/Users/Cole/Documents/Antigravity%20Fastrack%20Workspace/Fastrack-Learning_Management-System/node_modules/@vitest/runner/dist/index.js:60:26
    at runTest (file:///C:/Users/Cole/Documents/Antigravity%20Fastrack%20Workspace/Fastrack-Learning_Management-System/node_modules/@vitest/runner/dist/index.js:781:17)
    at runSuite (file:///C:/Users/Cole/Documents/Antigravity%20Fastrack%20Workspace/Fastrack-Learning_Management-System/node_modules/@vitest/runner/dist/index.js:909:15)
    at runSuite (file:///C:/Users/Cole/Documents/Antigravity%20Fastrack%20Workspace/Fastrack-Learning_Management-System/node_modules/@vitest/runner/dist/index.js:909:15)
    at runSuite (file:///C:/Users/Cole/Documents/Antigravity%20Fastrack%20Workspace/Fastrack-Learning_Management-System/node_modules/@vitest/runner/dist/index.js:909:15)
    at runFiles (file:///C:/Users/Cole/Documents/Antigravity%20Fastrack%20Workspace/Fastrack-Learning_Management-System/node_modules/@vitest/runner/dist/index.js:958:5)
    at startTests (file:///C:/Users/Cole/Documents/Antigravity%20Fastrack%20Workspace/Fastrack-Learning_Management-System/node_modules/@vitest/runner/dist/index.js:967:3)

stderr | src/api/admin/__tests__/userManagementServices.test.js > User Management Services > updateUserRole > should throw error if user not found
Error updating user role: TypeError: userData.data is not a function
    at UserManagementService.updateUserRole (C:\Users\Cole\Documents\Antigravity Fastrack Workspace\Fastrack-Learning_Management-System\src\api\admin\userManagementServices.js:87:21)
    at C:\Users\Cole\Documents\Antigravity Fastrack Workspace\Fastrack-Learning_Management-System\src\api\admin\__tests__\userManagementServices.test.js:155:7
    at runTest (file:///C:/Users/Cole/Documents/Antigravity%20Fastrack%20Workspace/Fastrack-Learning_Management-System/node_modules/@vitest/runner/dist/index.js:781:11)
    at runSuite (file:///C:/Users/Cole/Documents/Antigravity%20Fastrack%20Workspace/Fastrack-Learning_Management-System/node_modules/@vitest/runner/dist/index.js:909:15)
    at runSuite (file:///C:/Users/Cole/Documents/Antigravity%20Fastrack%20Workspace/Fastrack-Learning_Management-System/node_modules/@vitest/runner/dist/index.js:909:15)
    at runSuite (file:///C:/Users/Cole/Documents/Antigravity%20Fastrack%20Workspace/Fastrack-Learning_Management-System/node_modules/@vitest/runner/dist/index.js:909:15)
    at runFiles (file:///C:/Users/Cole/Documents/Antigravity%20Fastrack%20Workspace/Fastrack-Learning_Management-System/node_modules/@vitest/runner/dist/index.js:958:5)
    at startTests (file:///C:/Users/Cole/Documents/Antigravity%20Fastrack%20Workspace/Fastrack-Learning_Management-System/node_modules/@vitest/runner/dist/index.js:967:3)
    at file:///C:/Users/Cole/Documents/Antigravity%20Fastrack%20Workspace/Fastrack-Learning_Management-System/node_modules/vitest/dist/chunks/runtime-runBaseTests.oAvMKtQC.js:116:7
    at withEnv (file:///C:/Users/Cole/Documents/Antigravity%20Fastrack%20Workspace/Fastrack-Learning_Management-System/node_modules/vitest/dist/chunks/runtime-runBaseTests.oAvMKtQC.js:83:5)

stderr | src/api/admin/__tests__/userManagementServices.test.js > User Management Services > logActivity > should throw error on log failure
Error logging activity: Error: Failed to log
    at C:\Users\Cole\Documents\Antigravity Fastrack Workspace\Fastrack-Learning_Management-System\src\api\admin\__tests__\userManagementServices.test.js:182:21
    at file:///C:/Users/Cole/Documents/Antigravity%20Fastrack%20Workspace/Fastrack-Learning_Management-System/node_modules/@vitest/runner/dist/index.js:135:14
    at file:///C:/Users/Cole/Documents/Antigravity%20Fastrack%20Workspace/Fastrack-Learning_Management-System/node_modules/@vitest/runner/dist/index.js:60:26
    at runTest (file:///C:/Users/Cole/Documents/Antigravity%20Fastrack%20Workspace/Fastrack-Learning_Management-System/node_modules/@vitest/runner/dist/index.js:781:17)
    at runSuite (file:///C:/Users/Cole/Documents/Antigravity%20Fastrack%20Workspace/Fastrack-Learning_Management-System/node_modules/@vitest/runner/dist/index.js:909:15)
    at runSuite (file:///C:/Users/Cole/Documents/Antigravity%20Fastrack%20Workspace/Fastrack-Learning_Management-System/node_modules/@vitest/runner/dist/index.js:909:15)
    at runSuite (file:///C:/Users/Cole/Documents/Antigravity%20Fastrack%20Workspace/Fastrack-Learning_Management-System/node_modules/@vitest/runner/dist/index.js:909:15)
    at runFiles (file:///C:/Users/Cole/Documents/Antigravity%20Fastrack%20Workspace/Fastrack-Learning_Management-System/node_modules/@vitest/runner/dist/index.js:958:5)
    at startTests (file:///C:/Users/Cole/Documents/Antigravity%20Fastrack%20Workspace/Fastrack-Learning_Management-System/node_modules/@vitest/runner/dist/index.js:967:3)
    at file:///C:/Users/Cole/Documents/Antigravity%20Fastrack%20Workspace/Fastrack-Learning_Management-System/node_modules/vitest/dist/chunks/runtime-runBaseTests.oAvMKtQC.js:116:7

stderr | src/api/admin/__tests__/userManagementServices.test.js > User Management Services > getActivityLogs > should throw error on fetch failure
Error fetching activity logs: Error: Firestore error
    at C:\Users\Cole\Documents\Antigravity Fastrack Workspace\Fastrack-Learning_Management-System\src\api\admin\__tests__\userManagementServices.test.js:233:21
    at file:///C:/Users/Cole/Documents/Antigravity%20Fastrack%20Workspace/Fastrack-Learning_Management-System/node_modules/@vitest/runner/dist/index.js:135:14
    at file:///C:/Users/Cole/Documents/Antigravity%20Fastrack%20Workspace/Fastrack-Learning_Management-System/node_modules/@vitest/runner/dist/index.js:60:26
    at runTest (file:///C:/Users/Cole/Documents/Antigravity%20Fastrack%20Workspace/Fastrack-Learning_Management-System/node_modules/@vitest/runner/dist/index.js:781:17)
    at runSuite (file:///C:/Users/Cole/Documents/Antigravity%20Fastrack%20Workspace/Fastrack-Learning_Management-System/node_modules/@vitest/runner/dist/index.js:909:15)
    at runSuite (file:///C:/Users/Cole/Documents/Antigravity%20Fastrack%20Workspace/Fastrack-Learning_Management-System/node_modules/@vitest/runner/dist/index.js:909:15)
    at runSuite (file:///C:/Users/Cole/Documents/Antigravity%20Fastrack%20Workspace/Fastrack-Learning_Management-System/node_modules/@vitest/runner/dist/index.js:909:15)
    at runFiles (file:///C:/Users/Cole/Documents/Antigravity%20Fastrack%20Workspace/Fastrack-Learning_Management-System/node_modules/@vitest/runner/dist/index.js:958:5)
    at startTests (file:///C:/Users/Cole/Documents/Antigravity%20Fastrack%20Workspace/Fastrack-Learning_Management-System/node_modules/@vitest/runner/dist/index.js:967:3)
    at file:///C:/Users/Cole/Documents/Antigravity%20Fastrack%20Workspace/Fastrack-Learning_Management-System/node_modules/vitest/dist/chunks/runtime-runBaseTests.oAvMKtQC.js:116:7

stderr | src/api/admin/__tests__/userManagementServices.test.js > User Management Services > getUserActivityHistory > should throw error on fetch failure
Error fetching user activity history: Error: Firestore error
    at C:\Users\Cole\Documents\Antigravity Fastrack Workspace\Fastrack-Learning_Management-System\src\api\admin\__tests__\userManagementServices.test.js:264:21
    at file:///C:/Users/Cole/Documents/Antigravity%20Fastrack%20Workspace/Fastrack-Learning_Management-System/node_modules/@vitest/runner/dist/index.js:135:14
    at file:///C:/Users/Cole/Documents/Antigravity%20Fastrack%20Workspace/Fastrack-Learning_Management-System/node_modules/@vitest/runner/dist/index.js:60:26
    at runTest (file:///C:/Users/Cole/Documents/Antigravity%20Fastrack%20Workspace/Fastrack-Learning_Management-System/node_modules/@vitest/runner/dist/index.js:781:17)
    at runSuite (file:///C:/Users/Cole/Documents/Antigravity%20Fastrack%20Workspace/Fastrack-Learning_Management-System/node_modules/@vitest/runner/dist/index.js:909:15)
    at runSuite (file:///C:/Users/Cole/Documents/Antigravity%20Fastrack%20Workspace/Fastrack-Learning_Management-System/node_modules/@vitest/runner/dist/index.js:909:15)
    at runSuite (file:///C:/Users/Cole/Documents/Antigravity%20Fastrack%20Workspace/Fastrack-Learning_Management-System/node_modules/@vitest/runner/dist/index.js:909:15)
    at runFiles (file:///C:/Users/Cole/Documents/Antigravity%20Fastrack%20Workspace/Fastrack-Learning_Management-System/node_modules/@vitest/runner/dist/index.js:958:5)
    at startTests (file:///C:/Users/Cole/Documents/Antigravity%20Fastrack%20Workspace/Fastrack-Learning_Management-System/node_modules/@vitest/runner/dist/index.js:967:3)
    at file:///C:/Users/Cole/Documents/Antigravity%20Fastrack%20Workspace/Fastrack-Learning_Management-System/node_modules/vitest/dist/chunks/runtime-runBaseTests.oAvMKtQC.js:116:7

stderr | src/api/admin/__tests__/userManagementServices.test.js > User Management Services > getAdminActivityHistory > should throw error on fetch failure
Error fetching admin activity history: Error: Firestore error
    at C:\Users\Cole\Documents\Antigravity Fastrack Workspace\Fastrack-Learning_Management-System\src\api\admin\__tests__\userManagementServices.test.js:295:21
    at file:///C:/Users/Cole/Documents/Antigravity%20Fastrack%20Workspace/Fastrack-Learning_Management-System/node_modules/@vitest/runner/dist/index.js:135:14
    at file:///C:/Users/Cole/Documents/Antigravity%20Fastrack%20Workspace/Fastrack-Learning_Management-System/node_modules/@vitest/runner/dist/index.js:60:26
    at runTest (file:///C:/Users/Cole/Documents/Antigravity%20Fastrack%20Workspace/Fastrack-Learning_Management-System/node_modules/@vitest/runner/dist/index.js:781:17)
    at runSuite (file:///C:/Users/Cole/Documents/Antigravity%20Fastrack%20Workspace/Fastrack-Learning_Management-System/node_modules/@vitest/runner/dist/index.js:909:15)
    at runSuite (file:///C:/Users/Cole/Documents/Antigravity%20Fastrack%20Workspace/Fastrack-Learning_Management-System/node_modules/@vitest/runner/dist/index.js:909:15)
    at runSuite (file:///C:/Users/Cole/Documents/Antigravity%20Fastrack%20Workspace/Fastrack-Learning_Management-System/node_modules/@vitest/runner/dist/index.js:909:15)
    at runFiles (file:///C:/Users/Cole/Documents/Antigravity%20Fastrack%20Workspace/Fastrack-Learning_Management-System/node_modules/@vitest/runner/dist/index.js:958:5)
    at startTests (file:///C:/Users/Cole/Documents/Antigravity%20Fastrack%20Workspace/Fastrack-Learning_Management-System/node_modules/@vitest/runner/dist/index.js:967:3)
    at file:///C:/Users/Cole/Documents/Antigravity%20Fastrack%20Workspace/Fastrack-Learning_Management-System/node_modules/vitest/dist/chunks/runtime-runBaseTests.oAvMKtQC.js:116:7

stderr | src/api/admin/__tests__/userManagementServices.test.js > User Management Services > deleteUser > should throw error on delete failure
Error deleting user: Error: Failed to delete
    at C:\Users\Cole\Documents\Antigravity Fastrack Workspace\Fastrack-Learning_Management-System\src\api\admin\__tests__\userManagementServices.test.js:330:21
    at file:///C:/Users/Cole/Documents/Antigravity%20Fastrack%20Workspace/Fastrack-Learning_Management-System/node_modules/@vitest/runner/dist/index.js:135:14
    at file:///C:/Users/Cole/Documents/Antigravity%20Fastrack%20Workspace/Fastrack-Learning_Management-System/node_modules/@vitest/runner/dist/index.js:60:26
    at runTest (file:///C:/Users/Cole/Documents/Antigravity%20Fastrack%20Workspace/Fastrack-Learning_Management-System/node_modules/@vitest/runner/dist/index.js:781:17)
    at runSuite (file:///C:/Users/Cole/Documents/Antigravity%20Fastrack%20Workspace/Fastrack-Learning_Management-System/node_modules/@vitest/runner/dist/index.js:909:15)
    at runSuite (file:///C:/Users/Cole/Documents/Antigravity%20Fastrack%20Workspace/Fastrack-Learning_Management-System/node_modules/@vitest/runner/dist/index.js:909:15)
    at runSuite (file:///C:/Users/Cole/Documents/Antigravity%20Fastrack%20Workspace/Fastrack-Learning_Management-System/node_modules/@vitest/runner/dist/index.js:909:15)
    at runFiles (file:///C:/Users/Cole/Documents/Antigravity%20Fastrack%20Workspace/Fastrack-Learning_Management-System/node_modules/@vitest/runner/dist/index.js:958:5)
    at startTests (file:///C:/Users/Cole/Documents/Antigravity%20Fastrack%20Workspace/Fastrack-Learning_Management-System/node_modules/@vitest/runner/dist/index.js:967:3)
    at file:///C:/Users/Cole/Documents/Antigravity%20Fastrack%20Workspace/Fastrack-Learning_Management-System/node_modules/vitest/dist/chunks/runtime-runBaseTests.oAvMKtQC.js:116:7

stderr | src/api/admin/__tests__/userManagementServices.test.js > User Management Services > restoreUser > should throw error on restore failure
Error restoring user: Error: Failed to restore
    at C:\Users\Cole\Documents\Antigravity Fastrack Workspace\Fastrack-Learning_Management-System\src\api\admin\__tests__\userManagementServices.test.js:365:21
    at file:///C:/Users/Cole/Documents/Antigravity%20Fastrack%20Workspace/Fastrack-Learning_Management-System/node_modules/@vitest/runner/dist/index.js:135:14
    at file:///C:/Users/Cole/Documents/Antigravity%20Fastrack%20Workspace/Fastrack-Learning_Management-System/node_modules/@vitest/runner/dist/index.js:60:26
    at runTest (file:///C:/Users/Cole/Documents/Antigravity%20Fastrack%20Workspace/Fastrack-Learning_Management-System/node_modules/@vitest/runner/dist/index.js:781:17)
    at runSuite (file:///C:/Users/Cole/Documents/Antigravity%20Fastrack%20Workspace/Fastrack-Learning_Management-System/node_modules/@vitest/runner/dist/index.js:909:15)
    at runSuite (file:///C:/Users/Cole/Documents/Antigravity%20Fastrack%20Workspace/Fastrack-Learning_Management-System/node_modules/@vitest/runner/dist/index.js:909:15)
    at runSuite (file:///C:/Users/Cole/Documents/Antigravity%20Fastrack%20Workspace/Fastrack-Learning_Management-System/node_modules/@vitest/runner/dist/index.js:909:15)
    at runFiles (file:///C:/Users/Cole/Documents/Antigravity%20Fastrack%20Workspace/Fastrack-Learning_Management-System/node_modules/@vitest/runner/dist/index.js:958:5)
    at startTests (file:///C:/Users/Cole/Documents/Antigravity%20Fastrack%20Workspace/Fastrack-Learning_Management-System/node_modules/@vitest/runner/dist/index.js:967:3)
    at file:///C:/Users/Cole/Documents/Antigravity%20Fastrack%20Workspace/Fastrack-Learning_Management-System/node_modules/vitest/dist/chunks/runtime-runBaseTests.oAvMKtQC.js:116:7

stderr | src/api/admin/__tests__/userManagementServices.test.js > User Management Services > getUserStats > should throw error on fetch failure
Error fetching user stats: Error: Firestore error
    at C:\Users\Cole\Documents\Antigravity Fastrack Workspace\Fastrack-Learning_Management-System\src\api\admin\__tests__\userManagementServices.test.js:423:21
    at file:///C:/Users/Cole/Documents/Antigravity%20Fastrack%20Workspace/Fastrack-Learning_Management-System/node_modules/@vitest/runner/dist/index.js:135:14
    at file:///C:/Users/Cole/Documents/Antigravity%20Fastrack%20Workspace/Fastrack-Learning_Management-System/node_modules/@vitest/runner/dist/index.js:60:26
    at runTest (file:///C:/Users/Cole/Documents/Antigravity%20Fastrack%20Workspace/Fastrack-Learning_Management-System/node_modules/@vitest/runner/dist/index.js:781:17)
    at runSuite (file:///C:/Users/Cole/Documents/Antigravity%20Fastrack%20Workspace/Fastrack-Learning_Management-System/node_modules/@vitest/runner/dist/index.js:909:15)
    at runSuite (file:///C:/Users/Cole/Documents/Antigravity%20Fastrack%20Workspace/Fastrack-Learning_Management-System/node_modules/@vitest/runner/dist/index.js:909:15)
    at runSuite (file:///C:/Users/Cole/Documents/Antigravity%20Fastrack%20Workspace/Fastrack-Learning_Management-System/node_modules/@vitest/runner/dist/index.js:909:15)
    at runFiles (file:///C:/Users/Cole/Documents/Antigravity%20Fastrack%20Workspace/Fastrack-Learning_Management-System/node_modules/@vitest/runner/dist/index.js:958:5)
    at startTests (file:///C:/Users/Cole/Documents/Antigravity%20Fastrack%20Workspace/Fastrack-Learning_Management-System/node_modules/@vitest/runner/dist/index.js:967:3)
    at file:///C:/Users/Cole/Documents/Antigravity%20Fastrack%20Workspace/Fastrack-Learning_Management-System/node_modules/vitest/dist/chunks/runtime-runBaseTests.oAvMKtQC.js:116:7

stderr | src/api/base/__tests__/RetryHandler.test.js > RetryHandler > retryAsync convenience function > should work with default configuration
<empty line>
[90mstdout[2m | src/api/base/__tests__/RetryHandler.test.js[2m > [22m[2mRetryHandler[2m > [22m[2mretryAsync convenience function[2m > [22m[2mshould work with default configuration[22m[39m
Î“Â£Ã  [test-operation] Succeeded on attempt 2/3

stderr | src/api/base/__tests__/RetryHandler.test.js > RetryHandler > retryAsync convenience function > should throw after max attempts
Î“Ã…â–’âˆ©â••Ã…  [test-operation] Attempt 1/3 failed, retrying in 104ms: Persistent error

stderr | src/api/base/__tests__/RetryHandler.test.js > RetryHandler > retryAsync convenience function > should throw after max attempts
Î“Ã…â–’âˆ©â••Ã…  [test-operation] Attempt 2/3 failed, retrying in 205ms: Persistent error

stderr | src/api/base/__tests__/RetryHandler.test.js > RetryHandler > retryAsync convenience function > should throw after max attempts
Î“Â¥Ã® [test-operation] Failed after 3 attempts. Last error: Persistent error

stderr | src/api/base/__tests__/RetryHandler.test.js > RetryHandler > createRetryHandler factory > should work with custom handler
Î“Ã…â–’âˆ©â••Ã…  [test] Attempt 1/2 failed, retrying in 5ms: Error

stderr | src/api/base/__tests__/RetryHandler.test.js > RetryHandler > createRetryHandler factory > should work with custom handler
Î“Â¥Ã® [test] Failed after 2 attempts. Last error: Error

stderr | src/api/base/__tests__/RetryHandler.test.js > RetryHandler > real-world scenarios > should handle temporary network failure
Î“Ã…â–’âˆ©â••Ã…  [fetchData] Attempt 1/3 failed, retrying in 10ms: Network error

stderr | src/api/base/__tests__/RetryHandler.test.js > RetryHandler > real-world scenarios > should handle temporary network failure
Î“Ã…â–’âˆ©â••Ã…  [fetchData] Attempt 2/3 failed, retrying in 20ms: Network error

stderr | src/api/base/__tests__/RetryHandler.test.js > RetryHandler > real-world scenarios > should handle temporary network failure
<empty line>
[90mstdout[2m | src/api/base/__tests__/RetryHandler.test.js[2m > [22m[2mRetryHandler[2m > [22m[2mreal-world scenarios[2m > [22m[2mshould handle temporary network failure[22m[39m
Î“Â£Ã  [fetchData] Succeeded on attempt 3/3

stderr | src/api/base/__tests__/RetryHandler.test.js > RetryHandler > real-world scenarios > should fail fast on permission error
Î“Â¥Ã® [updateDocument] Non-retryable error on attempt 1: Access denied

stderr | src/api/base/__tests__/RetryHandler.test.js > RetryHandler > real-world scenarios > should recover from server temporarily unavailable
Î“Ã…â–’âˆ©â••Ã…  [submitForm] Attempt 1/3 failed, retrying in 10ms: Service unavailable

stderr | src/api/base/__tests__/RetryHandler.test.js > RetryHandler > real-world scenarios > should recover from server temporarily unavailable
<empty line>
[90mstdout[2m | src/api/base/__tests__/RetryHandler.test.js[2m > [22m[2mRetryHandler[2m > [22m[2mreal-world scenarios[2m > [22m[2mshould recover from server temporarily unavailable[22m[39m
Î“Â£Ã  [submitForm] Succeeded on attempt 2/3

 [32mÎ“Â£Ã´[39m src/api/base/__tests__/RetryHandler.test.js [2m ([22m[2m31 tests[22m[2m)[22m[33m 927[2mms[22m[39m
 [32mÎ“Â£Ã´[39m src/api/base/__tests__/QueryHelper.test.js [2m ([22m[2m21 tests[22m[2m)[22m[90m 54[2mms[22m[39m
 [32mÎ“Â£Ã´[39m src/hooks/useSessionData.test.js [2m ([22m[2m45 tests[22m[2m)[22m[90m 120[2mms[22m[39m
 [32mÎ“Â£Ã´[39m src/services/__tests__/loggingService.test.js [2m ([22m[2m50 tests[22m[2m)[22m[90m 87[2mms[22m[39m
 [32mÎ“Â£Ã´[39m src/hooks/useBreakManagement.test.js [2m ([22m[2m42 tests[22m[2m)[22m[90m 86[2mms[22m[39m
 [32mÎ“Â£Ã´[39m src/hooks/usePVQTrigger.test.js [2m ([22m[2m42 tests[22m[2m)[22m[90m 109[2mms[22m[39m
 [32mÎ“Â£Ã´[39m src/api/errors/__tests__/ApiError.test.js [2m ([22m[2m38 tests[22m[2m)[22m[90m 53[2mms[22m[39m
 [32mÎ“Â£Ã´[39m src/api/base/__tests__/ServiceBase.test.js [2m ([22m[2m25 tests[22m[2m)[22m[90m 154[2mms[22m[39m
 [33mÎ“Â¥Â»[39m src/context/ModalContext.test.js [2m ([22m[2m0 test[22m[2m)[22m
stderr | functions/src/compliance/__tests__/videoQuestionFunctions.test.js > Video Question Functions > checkVideoQuestionAnswer > should throw error if question not found
{"severity":"ERROR","message":"Error checking video question answer: HttpsError: Question not found\n    at C:\\Users\\Cole\\Documents\\Antigravity Fastrack Workspace\\Fastrack-Learning_Management-System\\functions\\src\\compliance\\videoQuestionFunctions.js:42:15\n    at C:\\Users\\Cole\\Documents\\Antigravity Fastrack Workspace\\Fastrack-Learning_Management-System\\functions\\src\\compliance\\__tests__\\videoQuestionFunctions.test.js:189:9\n    at runTest (file:///C:/Users/Cole/Documents/Antigravity%20Fastrack%20Workspace/Fastrack-Learning_Management-System/node_modules/@vitest/runner/dist/index.js:781:11)\n    at runSuite (file:///C:/Users/Cole/Documents/Antigravity%20Fastrack%20Workspace/Fastrack-Learning_Management-System/node_modules/@vitest/runner/dist/index.js:909:15)\n    at runSuite (file:///C:/Users/Cole/Documents/Antigravity%20Fastrack%20Workspace/Fastrack-Learning_Management-System/node_modules/@vitest/runner/dist/index.js:909:15)\n    at runSuite (file:///C:/Users/Cole/Documents/Antigravity%20Fastrack%20Workspace/Fastrack-Learning_Management-System/node_modules/@vitest/runner/dist/index.js:909:15)\n    at runFiles (file:///C:/Users/Cole/Documents/Antigravity%20Fastrack%20Workspace/Fastrack-Learning_Management-System/node_modules/@vitest/runner/dist/index.js:958:5)\n    at startTests (file:///C:/Users/Cole/Documents/Antigravity%20Fastrack%20Workspace/Fastrack-Learning_Management-System/node_modules/@vitest/runner/dist/index.js:967:3)\n    at file:///C:/Users/Cole/Documents/Antigravity%20Fastrack%20Workspace/Fastrack-Learning_Management-System/node_modules/vitest/dist/chunks/runtime-runBaseTests.oAvMKtQC.js:116:7\n    at withEnv (file:///C:/Users/Cole/Documents/Antigravity%20Fastrack%20Workspace/Fastrack-Learning_Management-System/node_modules/vitest/dist/chunks/runtime-runBaseTests.oAvMKtQC.js:83:5) {\n  code: 'not-found',\n  details: undefined,\n  httpErrorCode: { canonicalName: 'NOT_FOUND', status: 404 }\n}"}

stderr | functions/src/compliance/__tests__/videoQuestionFunctions.test.js > Video Question Functions > getVideoQuestion > should handle database errors
{"severity":"ERROR","message":"Error getting video question: Error: Database error\n    at Object.<anonymous> (C:\\Users\\Cole\\Documents\\Antigravity Fastrack Workspace\\Fastrack-Learning_Management-System\\functions\\src\\compliance\\__tests__\\videoQuestionFunctions.test.js:613:41)\n    at Object.mockCall (file:///C:/Users/Cole/Documents/Antigravity%20Fastrack%20Workspace/Fastrack-Learning_Management-System/node_modules/@vitest/spy/dist/index.js:50:17)\n    at Object.spy (file:///C:/Users/Cole/Documents/Antigravity%20Fastrack%20Workspace/Fastrack-Learning_Management-System/node_modules/tinyspy/dist/index.js:42:80)\n    at C:\\Users\\Cole\\Documents\\Antigravity Fastrack Workspace\\Fastrack-Learning_Management-System\\functions\\src\\compliance\\videoQuestionFunctions.js:111:10\n    at Function.run (C:\\Users\\Cole\\Documents\\Antigravity Fastrack Workspace\\Fastrack-Learning_Management-System\\functions\\node_modules\\firebase-functions\\lib\\common\\onInit.js:28:10)\n    at C:\\Users\\Cole\\Documents\\Antigravity Fastrack Workspace\\Fastrack-Learning_Management-System\\functions\\src\\compliance\\__tests__\\videoQuestionFunctions.test.js:620:32\n    at file:///C:/Users/Cole/Documents/Antigravity%20Fastrack%20Workspace/Fastrack-Learning_Management-System/node_modules/@vitest/runner/dist/index.js:135:14\n    at file:///C:/Users/Cole/Documents/Antigravity%20Fastrack%20Workspace/Fastrack-Learning_Management-System/node_modules/@vitest/runner/dist/index.js:60:26\n    at runTest (file:///C:/Users/Cole/Documents/Antigravity%20Fastrack%20Workspace/Fastrack-Learning_Management-System/node_modules/@vitest/runner/dist/index.js:781:17)\n    at runSuite (file:///C:/Users/Cole/Documents/Antigravity%20Fastrack%20Workspace/Fastrack-Learning_Management-System/node_modules/@vitest/runner/dist/index.js:909:15)"}

stderr | functions/src/compliance/__tests__/videoQuestionFunctions.test.js > Video Question Functions > recordVideoQuestionResponse > should handle database errors
{"severity":"ERROR","message":"Error recording video question response: Error: Database error\n    at Object.<anonymous> (C:\\Users\\Cole\\Documents\\Antigravity Fastrack Workspace\\Fastrack-Learning_Management-System\\functions\\src\\compliance\\__tests__\\videoQuestionFunctions.test.js:913:41)\n    at Object.mockCall (file:///C:/Users/Cole/Documents/Antigravity%20Fastrack%20Workspace/Fastrack-Learning_Management-System/node_modules/@vitest/spy/dist/index.js:50:17)\n    at Object.spy (file:///C:/Users/Cole/Documents/Antigravity%20Fastrack%20Workspace/Fastrack-Learning_Management-System/node_modules/tinyspy/dist/index.js:42:80)\n    at C:\\Users\\Cole\\Documents\\Antigravity Fastrack Workspace\\Fastrack-Learning_Management-System\\functions\\src\\compliance\\videoQuestionFunctions.js:164:10\n    at Function.run (C:\\Users\\Cole\\Documents\\Antigravity Fastrack Workspace\\Fastrack-Learning_Management-System\\functions\\node_modules\\firebase-functions\\lib\\common\\onInit.js:28:10)\n    at C:\\Users\\Cole\\Documents\\Antigravity Fastrack Workspace\\Fastrack-Learning_Management-System\\functions\\src\\compliance\\__tests__\\videoQuestionFunctions.test.js:927:43\n    at file:///C:/Users/Cole/Documents/Antigravity%20Fastrack%20Workspace/Fastrack-Learning_Management-System/node_modules/@vitest/runner/dist/index.js:135:14\n    at file:///C:/Users/Cole/Documents/Antigravity%20Fastrack%20Workspace/Fastrack-Learning_Management-System/node_modules/@vitest/runner/dist/index.js:60:26\n    at runTest (file:///C:/Users/Cole/Documents/Antigravity%20Fastrack%20Workspace/Fastrack-Learning_Management-System/node_modules/@vitest/runner/dist/index.js:781:17)\n    at runSuite (file:///C:/Users/Cole/Documents/Antigravity%20Fastrack%20Workspace/Fastrack-Learning_Management-System/node_modules/@vitest/runner/dist/index.js:909:15)"}

 [32mÎ“Â£Ã´[39m functions/src/compliance/__tests__/videoQuestionFunctions.test.js [2m ([22m[2m36 tests[22m[2m)[22m[90m 130[2mms[22m[39m
 [32mÎ“Â£Ã´[39m src/api/admin/__tests__/analyticsServices.test.js [2m ([22m[2m35 tests[22m[2m)[22m[90m 29[2mms[22m[39m
 [32mÎ“Â£Ã´[39m src/components/common/ErrorBoundary/ErrorBoundary.test.jsx [2m ([22m[2m32 tests[22m[2m)[22m[33m 1717[2mms[22m[39m
 [33mÎ“Â¥Â»[39m src/api/enrollment/__tests__/enrollmentServices.concurrent.test.js [2m ([22m[2m0 test[22m[2m)[22m
stderr | src/components/admin/tabs/__tests__/UserManagementTab.test.jsx > UserManagementTab > Error Handling > should display error message on load failure
Error loading users: Error: Load failed
    at C:\Users\Cole\Documents\Antigravity Fastrack Workspace\Fastrack-Learning_Management-System\src\components\admin\tabs\__tests__\UserManagementTab.test.jsx:552:21
    at file:///C:/Users/Cole/Documents/Antigravity%20Fastrack%20Workspace/Fastrack-Learning_Management-System/node_modules/@vitest/runner/dist/index.js:135:14
    at file:///C:/Users/Cole/Documents/Antigravity%20Fastrack%20Workspace/Fastrack-Learning_Management-System/node_modules/@vitest/runner/dist/index.js:60:26
    at runTest (file:///C:/Users/Cole/Documents/Antigravity%20Fastrack%20Workspace/Fastrack-Learning_Management-System/node_modules/@vitest/runner/dist/index.js:781:17)
    at runSuite (file:///C:/Users/Cole/Documents/Antigravity%20Fastrack%20Workspace/Fastrack-Learning_Management-System/node_modules/@vitest/runner/dist/index.js:909:15)
    at runSuite (file:///C:/Users/Cole/Documents/Antigravity%20Fastrack%20Workspace/Fastrack-Learning_Management-System/node_modules/@vitest/runner/dist/index.js:909:15)
    at runSuite (file:///C:/Users/Cole/Documents/Antigravity%20Fastrack%20Workspace/Fastrack-Learning_Management-System/node_modules/@vitest/runner/dist/index.js:909:15)
    at runFiles (file:///C:/Users/Cole/Documents/Antigravity%20Fastrack%20Workspace/Fastrack-Learning_Management-System/node_modules/@vitest/runner/dist/index.js:958:5)
    at startTests (file:///C:/Users/Cole/Documents/Antigravity%20Fastrack%20Workspace/Fastrack-Learning_Management-System/node_modules/@vitest/runner/dist/index.js:967:3)
    at file:///C:/Users/Cole/Documents/Antigravity%20Fastrack%20Workspace/Fastrack-Learning_Management-System/node_modules/vitest/dist/chunks/runtime-runBaseTests.oAvMKtQC.js:116:7

stderr | src/components/admin/tabs/__tests__/UserManagementTab.test.jsx > UserManagementTab > Error Handling > should display error on role change failure
Error changing user role: Error: Role change failed
    at C:\Users\Cole\Documents\Antigravity Fastrack Workspace\Fastrack-Learning_Management-System\src\components\admin\tabs\__tests__\UserManagementTab.test.jsx:563:21
    at file:///C:/Users/Cole/Documents/Antigravity%20Fastrack%20Workspace/Fastrack-Learning_Management-System/node_modules/@vitest/runner/dist/index.js:135:14
    at file:///C:/Users/Cole/Documents/Antigravity%20Fastrack%20Workspace/Fastrack-Learning_Management-System/node_modules/@vitest/runner/dist/index.js:60:26
    at runTest (file:///C:/Users/Cole/Documents/Antigravity%20Fastrack%20Workspace/Fastrack-Learning_Management-System/node_modules/@vitest/runner/dist/index.js:781:17)
    at runSuite (file:///C:/Users/Cole/Documents/Antigravity%20Fastrack%20Workspace/Fastrack-Learning_Management-System/node_modules/@vitest/runner/dist/index.js:909:15)
    at runSuite (file:///C:/Users/Cole/Documents/Antigravity%20Fastrack%20Workspace/Fastrack-Learning_Management-System/node_modules/@vitest/runner/dist/index.js:909:15)
    at runSuite (file:///C:/Users/Cole/Documents/Antigravity%20Fastrack%20Workspace/Fastrack-Learning_Management-System/node_modules/@vitest/runner/dist/index.js:909:15)
    at runFiles (file:///C:/Users/Cole/Documents/Antigravity%20Fastrack%20Workspace/Fastrack-Learning_Management-System/node_modules/@vitest/runner/dist/index.js:958:5)
    at startTests (file:///C:/Users/Cole/Documents/Antigravity%20Fastrack%20Workspace/Fastrack-Learning_Management-System/node_modules/@vitest/runner/dist/index.js:967:3)
    at file:///C:/Users/Cole/Documents/Antigravity%20Fastrack%20Workspace/Fastrack-Learning_Management-System/node_modules/vitest/dist/chunks/runtime-runBaseTests.oAvMKtQC.js:116:7

stderr | src/components/admin/tabs/__tests__/UserManagementTab.test.jsx > UserManagementTab > Error Handling > should display error on activity logs load failure
Error loading activity logs: Error: Logs load failed
    at C:\Users\Cole\Documents\Antigravity Fastrack Workspace\Fastrack-Learning_Management-System\src\components\admin\tabs\__tests__\UserManagementTab.test.jsx:588:21
    at file:///C:/Users/Cole/Documents/Antigravity%20Fastrack%20Workspace/Fastrack-Learning_Management-System/node_modules/@vitest/runner/dist/index.js:135:14
    at file:///C:/Users/Cole/Documents/Antigravity%20Fastrack%20Workspace/Fastrack-Learning_Management-System/node_modules/@vitest/runner/dist/index.js:60:26
    at runTest (file:///C:/Users/Cole/Documents/Antigravity%20Fastrack%20Workspace/Fastrack-Learning_Management-System/node_modules/@vitest/runner/dist/index.js:781:17)
    at runSuite (file:///C:/Users/Cole/Documents/Antigravity%20Fastrack%20Workspace/Fastrack-Learning_Management-System/node_modules/@vitest/runner/dist/index.js:909:15)
    at runSuite (file:///C:/Users/Cole/Documents/Antigravity%20Fastrack%20Workspace/Fastrack-Learning_Management-System/node_modules/@vitest/runner/dist/index.js:909:15)
    at runSuite (file:///C:/Users/Cole/Documents/Antigravity%20Fastrack%20Workspace/Fastrack-Learning_Management-System/node_modules/@vitest/runner/dist/index.js:909:15)
    at runFiles (file:///C:/Users/Cole/Documents/Antigravity%20Fastrack%20Workspace/Fastrack-Learning_Management-System/node_modules/@vitest/runner/dist/index.js:958:5)
    at startTests (file:///C:/Users/Cole/Documents/Antigravity%20Fastrack%20Workspace/Fastrack-Learning_Management-System/node_modules/@vitest/runner/dist/index.js:967:3)
    at file:///C:/Users/Cole/Documents/Antigravity%20Fastrack%20Workspace/Fastrack-Learning_Management-System/node_modules/vitest/dist/chunks/runtime-runBaseTests.oAvMKtQC.js:116:7

 [32mÎ“Â£Ã´[39m src/components/admin/tabs/__tests__/UserManagementTab.test.jsx [2m ([22m[2m28 tests[22m[2m)[22m[33m 2500[2mms[22m[39m
 [32mÎ“Â£Ã´[39m src/context/ModalContext.test.jsx [2m ([22m[2m19 tests[22m[2m)[22m[33m 414[2mms[22m[39m
 [33mÎ“Â¥Â»[39m src/components/common/Quiz/Quiz.test.js [2m ([22m[2m0 test[22m[2m)[22m
 [32mÎ“Â£Ã´[39m src/hooks/useSessionTimer.test.js [2m ([22m[2m26 tests[22m[2m)[22m[90m 83[2mms[22m[39m
stderr | functions/src/payment/__tests__/paymentFunctions.test.js > Payment Functions > createCheckoutSession > should throw error if user not authenticated
Error creating checkout session: Error: Neither apiKey nor config.authenticator provided
    at Stripe._setAuthenticator (C:\Users\Cole\Documents\Antigravity Fastrack Workspace\Fastrack-Learning_Management-System\functions\node_modules\stripe\cjs\stripe.core.js:158:23)
    at new Stripe (C:\Users\Cole\Documents\Antigravity Fastrack Workspace\Fastrack-Learning_Management-System\functions\node_modules\stripe\cjs\stripe.core.js:96:14)
    at Stripe (C:\Users\Cole\Documents\Antigravity Fastrack Workspace\Fastrack-Learning_Management-System\functions\node_modules\stripe\cjs\stripe.core.js:52:20)
    at C:\Users\Cole\Documents\Antigravity Fastrack Workspace\Fastrack-Learning_Management-System\functions\src\payment\paymentFunctions.js:86:28
    at Function.run (C:\Users\Cole\Documents\Antigravity Fastrack Workspace\Fastrack-Learning_Management-System\functions\node_modules\firebase-functions\lib\common\onInit.js:28:10)
    at C:\Users\Cole\Documents\Antigravity Fastrack Workspace\Fastrack-Learning_Management-System\functions\src\payment\__tests__\paymentFunctions.test.js:83:37
    at file:///C:/Users/Cole/Documents/Antigravity%20Fastrack%20Workspace/Fastrack-Learning_Management-System/node_modules/@vitest/runner/dist/index.js:135:14
    at file:///C:/Users/Cole/Documents/Antigravity%20Fastrack%20Workspace/Fastrack-Learning_Management-System/node_modules/@vitest/runner/dist/index.js:60:26
    at runTest (file:///C:/Users/Cole/Documents/Antigravity%20Fastrack%20Workspace/Fastrack-Learning_Management-System/node_modules/@vitest/runner/dist/index.js:781:17)
    at runSuite (file:///C:/Users/Cole/Documents/Antigravity%20Fastrack%20Workspace/Fastrack-Learning_Management-System/node_modules/@vitest/runner/dist/index.js:909:15)

stderr | functions/src/payment/__tests__/paymentFunctions.test.js > Payment Functions > createCheckoutSession > should throw error if courseId missing
Error creating checkout session: Error: Neither apiKey nor config.authenticator provided
    at Stripe._setAuthenticator (C:\Users\Cole\Documents\Antigravity Fastrack Workspace\Fastrack-Learning_Management-System\functions\node_modules\stripe\cjs\stripe.core.js:158:23)
    at new Stripe (C:\Users\Cole\Documents\Antigravity Fastrack Workspace\Fastrack-Learning_Management-System\functions\node_modules\stripe\cjs\stripe.core.js:96:14)
    at Stripe (C:\Users\Cole\Documents\Antigravity Fastrack Workspace\Fastrack-Learning_Management-System\functions\node_modules\stripe\cjs\stripe.core.js:52:20)
    at C:\Users\Cole\Documents\Antigravity Fastrack Workspace\Fastrack-Learning_Management-System\functions\src\payment\paymentFunctions.js:86:28
    at Function.run (C:\Users\Cole\Documents\Antigravity Fastrack Workspace\Fastrack-Learning_Management-System\functions\node_modules\firebase-functions\lib\common\onInit.js:28:10)
    at C:\Users\Cole\Documents\Antigravity Fastrack Workspace\Fastrack-Learning_Management-System\functions\src\payment\__tests__\paymentFunctions.test.js:97:37
    at file:///C:/Users/Cole/Documents/Antigravity%20Fastrack%20Workspace/Fastrack-Learning_Management-System/node_modules/@vitest/runner/dist/index.js:135:14
    at file:///C:/Users/Cole/Documents/Antigravity%20Fastrack%20Workspace/Fastrack-Learning_Management-System/node_modules/@vitest/runner/dist/index.js:60:26
    at runTest (file:///C:/Users/Cole/Documents/Antigravity%20Fastrack%20Workspace/Fastrack-Learning_Management-System/node_modules/@vitest/runner/dist/index.js:781:17)
    at runSuite (file:///C:/Users/Cole/Documents/Antigravity%20Fastrack%20Workspace/Fastrack-Learning_Management-System/node_modules/@vitest/runner/dist/index.js:909:15)

stderr | functions/src/payment/__tests__/paymentFunctions.test.js > Payment Functions > createCheckoutSession > should throw error if amount missing
Error creating checkout session: Error: Neither apiKey nor config.authenticator provided
    at Stripe._setAuthenticator (C:\Users\Cole\Documents\Antigravity Fastrack Workspace\Fastrack-Learning_Management-System\functions\node_modules\stripe\cjs\stripe.core.js:158:23)
    at new Stripe (C:\Users\Cole\Documents\Antigravity Fastrack Workspace\Fastrack-Learning_Management-System\functions\node_modules\stripe\cjs\stripe.core.js:96:14)
    at Stripe (C:\Users\Cole\Documents\Antigravity Fastrack Workspace\Fastrack-Learning_Management-System\functions\node_modules\stripe\cjs\stripe.core.js:52:20)
    at C:\Users\Cole\Documents\Antigravity Fastrack Workspace\Fastrack-Learning_Management-System\functions\src\payment\paymentFunctions.js:86:28
    at Function.run (C:\Users\Cole\Documents\Antigravity Fastrack Workspace\Fastrack-Learning_Management-System\functions\node_modules\firebase-functions\lib\common\onInit.js:28:10)
    at C:\Users\Cole\Documents\Antigravity Fastrack Workspace\Fastrack-Learning_Management-System\functions\src\payment\__tests__\paymentFunctions.test.js:111:37
    at file:///C:/Users/Cole/Documents/Antigravity%20Fastrack%20Workspace/Fastrack-Learning_Management-System/node_modules/@vitest/runner/dist/index.js:135:14
    at file:///C:/Users/Cole/Documents/Antigravity%20Fastrack%20Workspace/Fastrack-Learning_Management-System/node_modules/@vitest/runner/dist/index.js:60:26
    at runTest (file:///C:/Users/Cole/Documents/Antigravity%20Fastrack%20Workspace/Fastrack-Learning_Management-System/node_modules/@vitest/runner/dist/index.js:781:17)
    at runSuite (file:///C:/Users/Cole/Documents/Antigravity%20Fastrack%20Workspace/Fastrack-Learning_Management-System/node_modules/@vitest/runner/dist/index.js:909:15)

stderr | functions/src/payment/__tests__/paymentFunctions.test.js > Payment Functions > createCheckoutSession > should throw error if paymentType missing
Error creating checkout session: Error: Neither apiKey nor config.authenticator provided
    at Stripe._setAuthenticator (C:\Users\Cole\Documents\Antigravity Fastrack Workspace\Fastrack-Learning_Management-System\functions\node_modules\stripe\cjs\stripe.core.js:158:23)
    at new Stripe (C:\Users\Cole\Documents\Antigravity Fastrack Workspace\Fastrack-Learning_Management-System\functions\node_modules\stripe\cjs\stripe.core.js:96:14)
    at Stripe (C:\Users\Cole\Documents\Antigravity Fastrack Workspace\Fastrack-Learning_Management-System\functions\node_modules\stripe\cjs\stripe.core.js:52:20)
    at C:\Users\Cole\Documents\Antigravity Fastrack Workspace\Fastrack-Learning_Management-System\functions\src\payment\paymentFunctions.js:86:28
    at Function.run (C:\Users\Cole\Documents\Antigravity Fastrack Workspace\Fastrack-Learning_Management-System\functions\node_modules\firebase-functions\lib\common\onInit.js:28:10)
    at C:\Users\Cole\Documents\Antigravity Fastrack Workspace\Fastrack-Learning_Management-System\functions\src\payment\__tests__\paymentFunctions.test.js:125:37
    at file:///C:/Users/Cole/Documents/Antigravity%20Fastrack%20Workspace/Fastrack-Learning_Management-System/node_modules/@vitest/runner/dist/index.js:135:14
    at file:///C:/Users/Cole/Documents/Antigravity%20Fastrack%20Workspace/Fastrack-Learning_Management-System/node_modules/@vitest/runner/dist/index.js:60:26
    at runTest (file:///C:/Users/Cole/Documents/Antigravity%20Fastrack%20Workspace/Fastrack-Learning_Management-System/node_modules/@vitest/runner/dist/index.js:781:17)
    at runSuite (file:///C:/Users/Cole/Documents/Antigravity%20Fastrack%20Workspace/Fastrack-Learning_Management-System/node_modules/@vitest/runner/dist/index.js:909:15)

stderr | functions/src/payment/__tests__/paymentFunctions.test.js > Payment Functions > createPaymentIntent > should throw error if user not authenticated
Error creating payment intent: Error: Neither apiKey nor config.authenticator provided
    at Stripe._setAuthenticator (C:\Users\Cole\Documents\Antigravity Fastrack Workspace\Fastrack-Learning_Management-System\functions\node_modules\stripe\cjs\stripe.core.js:158:23)
    at new Stripe (C:\Users\Cole\Documents\Antigravity Fastrack Workspace\Fastrack-Learning_Management-System\functions\node_modules\stripe\cjs\stripe.core.js:96:14)
    at Stripe (C:\Users\Cole\Documents\Antigravity Fastrack Workspace\Fastrack-Learning_Management-System\functions\node_modules\stripe\cjs\stripe.core.js:52:20)
    at C:\Users\Cole\Documents\Antigravity Fastrack Workspace\Fastrack-Learning_Management-System\functions\src\payment\paymentFunctions.js:145:28
    at Function.run (C:\Users\Cole\Documents\Antigravity Fastrack Workspace\Fastrack-Learning_Management-System\functions\node_modules\firebase-functions\lib\common\onInit.js:28:10)
    at C:\Users\Cole\Documents\Antigravity Fastrack Workspace\Fastrack-Learning_Management-System\functions\src\payment\__tests__\paymentFunctions.test.js:161:35
    at file:///C:/Users/Cole/Documents/Antigravity%20Fastrack%20Workspace/Fastrack-Learning_Management-System/node_modules/@vitest/runner/dist/index.js:135:14
    at file:///C:/Users/Cole/Documents/Antigravity%20Fastrack%20Workspace/Fastrack-Learning_Management-System/node_modules/@vitest/runner/dist/index.js:60:26
    at runTest (file:///C:/Users/Cole/Documents/Antigravity%20Fastrack%20Workspace/Fastrack-Learning_Management-System/node_modules/@vitest/runner/dist/index.js:781:17)
    at runSuite (file:///C:/Users/Cole/Documents/Antigravity%20Fastrack%20Workspace/Fastrack-Learning_Management-System/node_modules/@vitest/runner/dist/index.js:909:15)

stderr | functions/src/payment/__tests__/paymentFunctions.test.js > Payment Functions > createPaymentIntent > should throw error if courseId missing
Error creating payment intent: Error: Neither apiKey nor config.authenticator provided
    at Stripe._setAuthenticator (C:\Users\Cole\Documents\Antigravity Fastrack Workspace\Fastrack-Learning_Management-System\functions\node_modules\stripe\cjs\stripe.core.js:158:23)
    at new Stripe (C:\Users\Cole\Documents\Antigravity Fastrack Workspace\Fastrack-Learning_Management-System\functions\node_modules\stripe\cjs\stripe.core.js:96:14)
    at Stripe (C:\Users\Cole\Documents\Antigravity Fastrack Workspace\Fastrack-Learning_Management-System\functions\node_modules\stripe\cjs\stripe.core.js:52:20)
    at C:\Users\Cole\Documents\Antigravity Fastrack Workspace\Fastrack-Learning_Management-System\functions\src\payment\paymentFunctions.js:145:28
    at Function.run (C:\Users\Cole\Documents\Antigravity Fastrack Workspace\Fastrack-Learning_Management-System\functions\node_modules\firebase-functions\lib\common\onInit.js:28:10)
    at C:\Users\Cole\Documents\Antigravity Fastrack Workspace\Fastrack-Learning_Management-System\functions\src\payment\__tests__\paymentFunctions.test.js:175:35
    at file:///C:/Users/Cole/Documents/Antigravity%20Fastrack%20Workspace/Fastrack-Learning_Management-System/node_modules/@vitest/runner/dist/index.js:135:14
    at file:///C:/Users/Cole/Documents/Antigravity%20Fastrack%20Workspace/Fastrack-Learning_Management-System/node_modules/@vitest/runner/dist/index.js:60:26
    at runTest (file:///C:/Users/Cole/Documents/Antigravity%20Fastrack%20Workspace/Fastrack-Learning_Management-System/node_modules/@vitest/runner/dist/index.js:781:17)
    at runSuite (file:///C:/Users/Cole/Documents/Antigravity%20Fastrack%20Workspace/Fastrack-Learning_Management-System/node_modules/@vitest/runner/dist/index.js:909:15)

stderr | functions/src/payment/__tests__/paymentFunctions.test.js > Payment Functions > createPaymentIntent > should throw error if amount missing
Error creating payment intent: Error: Neither apiKey nor config.authenticator provided
    at Stripe._setAuthenticator (C:\Users\Cole\Documents\Antigravity Fastrack Workspace\Fastrack-Learning_Management-System\functions\node_modules\stripe\cjs\stripe.core.js:158:23)
    at new Stripe (C:\Users\Cole\Documents\Antigravity Fastrack Workspace\Fastrack-Learning_Management-System\functions\node_modules\stripe\cjs\stripe.core.js:96:14)
    at Stripe (C:\Users\Cole\Documents\Antigravity Fastrack Workspace\Fastrack-Learning_Management-System\functions\node_modules\stripe\cjs\stripe.core.js:52:20)
    at C:\Users\Cole\Documents\Antigravity Fastrack Workspace\Fastrack-Learning_Management-System\functions\src\payment\paymentFunctions.js:145:28
    at Function.run (C:\Users\Cole\Documents\Antigravity Fastrack Workspace\Fastrack-Learning_Management-System\functions\node_modules\firebase-functions\lib\common\onInit.js:28:10)
    at C:\Users\Cole\Documents\Antigravity Fastrack Workspace\Fastrack-Learning_Management-System\functions\src\payment\__tests__\paymentFunctions.test.js:189:35
    at file:///C:/Users/Cole/Documents/Antigravity%20Fastrack%20Workspace/Fastrack-Learning_Management-System/node_modules/@vitest/runner/dist/index.js:135:14
    at file:///C:/Users/Cole/Documents/Antigravity%20Fastrack%20Workspace/Fastrack-Learning_Management-System/node_modules/@vitest/runner/dist/index.js:60:26
    at runTest (file:///C:/Users/Cole/Documents/Antigravity%20Fastrack%20Workspace/Fastrack-Learning_Management-System/node_modules/@vitest/runner/dist/index.js:781:17)
    at runSuite (file:///C:/Users/Cole/Documents/Antigravity%20Fastrack%20Workspace/Fastrack-Learning_Management-System/node_modules/@vitest/runner/dist/index.js:909:15)

stderr | functions/src/payment/__tests__/paymentFunctions.test.js > Payment Functions > createPaymentIntent > should throw error if paymentType missing
Error creating payment intent: Error: Neither apiKey nor config.authenticator provided
    at Stripe._setAuthenticator (C:\Users\Cole\Documents\Antigravity Fastrack Workspace\Fastrack-Learning_Management-System\functions\node_modules\stripe\cjs\stripe.core.js:158:23)
    at new Stripe (C:\Users\Cole\Documents\Antigravity Fastrack Workspace\Fastrack-Learning_Management-System\functions\node_modules\stripe\cjs\stripe.core.js:96:14)
    at Stripe (C:\Users\Cole\Documents\Antigravity Fastrack Workspace\Fastrack-Learning_Management-System\functions\node_modules\stripe\cjs\stripe.core.js:52:20)
    at C:\Users\Cole\Documents\Antigravity Fastrack Workspace\Fastrack-Learning_Management-System\functions\src\payment\paymentFunctions.js:145:28
    at Function.run (C:\Users\Cole\Documents\Antigravity Fastrack Workspace\Fastrack-Learning_Management-System\functions\node_modules\firebase-functions\lib\common\onInit.js:28:10)
    at C:\Users\Cole\Documents\Antigravity Fastrack Workspace\Fastrack-Learning_Management-System\functions\src\payment\__tests__\paymentFunctions.test.js:203:35
    at file:///C:/Users/Cole/Documents/Antigravity%20Fastrack%20Workspace/Fastrack-Learning_Management-System/node_modules/@vitest/runner/dist/index.js:135:14
    at file:///C:/Users/Cole/Documents/Antigravity%20Fastrack%20Workspace/Fastrack-Learning_Management-System/node_modules/@vitest/runner/dist/index.js:60:26
    at runTest (file:///C:/Users/Cole/Documents/Antigravity%20Fastrack%20Workspace/Fastrack-Learning_Management-System/node_modules/@vitest/runner/dist/index.js:781:17)
    at runSuite (file:///C:/Users/Cole/Documents/Antigravity%20Fastrack%20Workspace/Fastrack-Learning_Management-System/node_modules/@vitest/runner/dist/index.js:909:15)

 [33mÎ“Â¥Â»[39m functions/src/payment/__tests__/paymentFunctions.test.js [2m ([22m[2m21 tests[22m [2m|[22m [31m8 failed[39m [2m|[22m [33m2 skipped[39m[2m)[22m[33m 330[2mms[22m[39m
[31m   [33mÎ“Â¥Â»[31m functions/src/payment/__tests__/paymentFunctions.test.js[2m > [22mPayment Functions[2m > [22mcreateCheckoutSession[2m > [22mshould throw error if user not authenticated[39m
[31m     Î“Ã¥Ã† expected 'Failed to create checkout session: NeÎ“Ã‡Âª' to contain 'Neither user nor authenticated user'[39m
[31m   [33mÎ“Â¥Â»[31m functions/src/payment/__tests__/paymentFunctions.test.js[2m > [22mPayment Functions[2m > [22mcreateCheckoutSession[2m > [22mshould throw error if courseId missing[39m
[31m     Î“Ã¥Ã† expected 'Failed to create checkout session: NeÎ“Ã‡Âª' to contain 'Missing required parameters'[39m
[31m   [33mÎ“Â¥Â»[31m functions/src/payment/__tests__/paymentFunctions.test.js[2m > [22mPayment Functions[2m > [22mcreateCheckoutSession[2m > [22mshould throw error if amount missing[39m
[31m     Î“Ã¥Ã† expected 'Failed to create checkout session: NeÎ“Ã‡Âª' to contain 'Missing required parameters'[39m
[31m   [33mÎ“Â¥Â»[31m functions/src/payment/__tests__/paymentFunctions.test.js[2m > [22mPayment Functions[2m > [22mcreateCheckoutSession[2m > [22mshould throw error if paymentType missing[39m
[31m     Î“Ã¥Ã† expected 'Failed to create checkout session: NeÎ“Ã‡Âª' to contain 'Missing required parameters'[39m
[31m   [33mÎ“Â¥Â»[31m functions/src/payment/__tests__/paymentFunctions.test.js[2m > [22mPayment Functions[2m > [22mcreatePaymentIntent[2m > [22mshould throw error if user not authenticated[39m
[31m     Î“Ã¥Ã† expected 'Failed to create payment intent: NeitÎ“Ã‡Âª' to contain 'Neither user nor authenticated user'[39m
[31m   [33mÎ“Â¥Â»[31m functions/src/payment/__tests__/paymentFunctions.test.js[2m > [22mPayment Functions[2m > [22mcreatePaymentIntent[2m > [22mshould throw error if courseId missing[39m
[31m     Î“Ã¥Ã† expected 'Failed to create payment intent: NeitÎ“Ã‡Âª' to contain 'Missing required parameters'[39m
[31m   [33mÎ“Â¥Â»[31m functions/src/payment/__tests__/paymentFunctions.test.js[2m > [22mPayment Functions[2m > [22mcreatePaymentIntent[2m > [22mshould throw error if amount missing[39m
[31m     Î“Ã¥Ã† expected 'Failed to create payment intent: NeitÎ“Ã‡Âª' to contain 'Missing required parameters'[39m
[31m   [33mÎ“Â¥Â»[31m functions/src/payment/__tests__/paymentFunctions.test.js[2m > [22mPayment Functions[2m > [22mcreatePaymentIntent[2m > [22mshould throw error if paymentType missing[39m
[31m     Î“Ã¥Ã† expected 'Failed to create payment intent: NeitÎ“Ã‡Âª' to contain 'Missing required parameters'[39m
Cannot parse C:/Users/Cole/Documents/Antigravity Fastrack Workspace/Fastrack-Learning_Management-System/src/pages/Admin/__tests__/AdminPage.userManagement.integration.test.js:
Expression expected
 [32mÎ“Â£Ã´[39m src/__tests__/firestore.rules.test.js [2m ([22m[2m25 tests[22m[2m)[22m[90m 19[2mms[22m[39m
 [33mÎ“Â¥Â»[39m src/pages/Admin/__tests__/AdminPage.userManagement.integration.test.js [2m ([22m[2m0 test[22m[2m)[22m
stderr | src/components/admin/__tests__/SchedulingManagement.loadingIndicators.test.jsx > SchedulingManagement - Loading Indicators > Delete button loading state > should clear loading state after deletion error
Error deleting time slot: Error: Delete failed
    at C:\Users\Cole\Documents\Antigravity Fastrack Workspace\Fastrack-Learning_Management-System\src\components\admin\__tests__\SchedulingManagement.loadingIndicators.test.jsx:168:58
    at runTest (file:///C:/Users/Cole/Documents/Antigravity%20Fastrack%20Workspace/Fastrack-Learning_Management-System/node_modules/@vitest/runner/dist/index.js:781:11)
    at runSuite (file:///C:/Users/Cole/Documents/Antigravity%20Fastrack%20Workspace/Fastrack-Learning_Management-System/node_modules/@vitest/runner/dist/index.js:909:15)
    at runSuite (file:///C:/Users/Cole/Documents/Antigravity%20Fastrack%20Workspace/Fastrack-Learning_Management-System/node_modules/@vitest/runner/dist/index.js:909:15)
    at runSuite (file:///C:/Users/Cole/Documents/Antigravity%20Fastrack%20Workspace/Fastrack-Learning_Management-System/node_modules/@vitest/runner/dist/index.js:909:15)
    at runFiles (file:///C:/Users/Cole/Documents/Antigravity%20Fastrack%20Workspace/Fastrack-Learning_Management-System/node_modules/@vitest/runner/dist/index.js:958:5)
    at startTests (file:///C:/Users/Cole/Documents/Antigravity%20Fastrack%20Workspace/Fastrack-Learning_Management-System/node_modules/@vitest/runner/dist/index.js:967:3)
    at file:///C:/Users/Cole/Documents/Antigravity%20Fastrack%20Workspace/Fastrack-Learning_Management-System/node_modules/vitest/dist/chunks/runtime-runBaseTests.oAvMKtQC.js:116:7
    at withEnv (file:///C:/Users/Cole/Documents/Antigravity%20Fastrack%20Workspace/Fastrack-Learning_Management-System/node_modules/vitest/dist/chunks/runtime-runBaseTests.oAvMKtQC.js:83:5)
    at run (file:///C:/Users/Cole/Documents/Antigravity%20Fastrack%20Workspace/Fastrack-Learning_Management-System/node_modules/vitest/dist/chunks/runtime-runBaseTests.oAvMKtQC.js:105:3)

 [32mÎ“Â£Ã´[39m src/api/enrollment/__tests__/enrollmentServices.refactor.test.js [2m ([22m[2m13 tests[22m[2m)[22m[90m 31[2mms[22m[39m
Cannot parse C:/Users/Cole/Documents/Antigravity Fastrack Workspace/Fastrack-Learning_Management-System/src/context/CourseContext.test.js:
Expression expected
 [33mÎ“Â¥Â»[39m src/context/CourseContext.test.js [2m ([22m[2m0 test[22m[2m)[22m
 [32mÎ“Â£Ã´[39m src/components/admin/tabs/__tests__/AnalyticsTab.test.jsx [2m ([22m[2m30 tests[22m[2m)[22m[33m 1308[2mms[22m[39m
 [32mÎ“Â£Ã´[39m src/api/base/__tests__/CacheService.test.js [2m ([22m[2m32 tests[22m[2m)[22m[90m 48[2mms[22m[39m
stderr | src/context/CourseContext.test.jsx > CourseContext > useCourse hook > should provide course context inside CourseProvider
Warning: An update to CourseProvider inside a test was not wrapped in act(...).

When testing, code that causes React state updates should be wrapped into act(...):

act(() => {
  /* fire events that update state */
});
/* assert on the output */

This ensures that you're testing the behavior the user would see in the browser. Learn more at https://reactjs.org/link/wrap-tests-with-act
    at CourseProvider (C:\Users\Cole\Documents\Antigravity Fastrack Workspace\Fastrack-Learning_Management-System\src\context\CourseContext.jsx:24:27)
Warning: An update to CourseProvider inside a test was not wrapped in act(...).

When testing, code that causes React state updates should be wrapped into act(...):

act(() => {
  /* fire events that update state */
});
/* assert on the output */

 [32mÎ“Â£Ã´[39m src/context/CourseContext.test.jsx [2m ([22m[2m18 tests[22m[2m)[22m[90m 264[2mms[22m[39m
This ensures that you're testing the behavior the user would see in the browser. Learn more at https://reactjs.org/link/wrap-tests-with-act
    at CourseProvider (C:\Users\Cole\Documents\Antigravity Fastrack Workspace\Fastrack-Learning_Management-System\src\context\CourseContext.jsx:24:27)

stderr | src/context/CourseContext.test.jsx > CourseContext > CourseProvider > should render children
Warning: An update to CourseProvider inside a test was not wrapped in act(...).

When testing, code that causes React state updates should be wrapped into act(...):

act(() => {
  /* fire events that update state */
});
/* assert on the output */

This ensures that you're testing the behavior the user would see in the browser. Learn more at https://reactjs.org/link/wrap-tests-with-act
    at CourseProvider (C:\Users\Cole\Documents\Antigravity Fastrack Workspace\Fastrack-Learning_Management-System\src\context\CourseContext.jsx:24:27)
Warning: An update to CourseProvider inside a test was not wrapped in act(...).

When testing, code that causes React state updates should be wrapped into act(...):

act(() => {
  /* fire events that update state */
});
/* assert on the output */

This ensures that you're testing the behavior the user would see in the browser. Learn more at https://reactjs.org/link/wrap-tests-with-act
    at CourseProvider (C:\Users\Cole\Documents\Antigravity Fastrack Workspace\Fastrack-Learning_Management-System\src\context\CourseContext.jsx:24:27)

 [32mÎ“Â£Ã´[39m src/api/enrollment/__tests__/enrollmentServices.reset.test.js [2m ([22m[2m19 tests[22m[2m)[22m[90m 85[2mms[22m[39m
Cannot parse C:/Users/Cole/Documents/Antigravity Fastrack Workspace/Fastrack-Learning_Management-System/src/context/AuthContext.test.js:
Expression expected
 [33mÎ“Â¥Â»[39m src/context/AuthContext.test.js [2m ([22m[2m0 test[22m[2m)[22m
stderr | functions/src/certificate/__tests__/certificateFunctions.test.js > Certificate Functions > generateCertificate > should throw error if user not authenticated
Error generating certificate: Error: Authentication required
    at C:\Users\Cole\Documents\Antigravity Fastrack Workspace\Fastrack-Learning_Management-System\functions\src\certificate\certificateFunctions.js:9:13
    at Function.run (C:\Users\Cole\Documents\Antigravity Fastrack Workspace\Fastrack-Learning_Management-System\functions\node_modules\firebase-functions\lib\common\onInit.js:28:10)
    at C:\Users\Cole\Documents\Antigravity Fastrack Workspace\Fastrack-Learning_Management-System\functions\src\certificate\__tests__\certificateFunctions.test.js:40:35
    at file:///C:/Users/Cole/Documents/Antigravity%20Fastrack%20Workspace/Fastrack-Learning_Management-System/node_modules/@vitest/runner/dist/index.js:135:14
    at file:///C:/Users/Cole/Documents/Antigravity%20Fastrack%20Workspace/Fastrack-Learning_Management-System/node_modules/@vitest/runner/dist/index.js:60:26
    at runTest (file:///C:/Users/Cole/Documents/Antigravity%20Fastrack%20Workspace/Fastrack-Learning_Management-System/node_modules/@vitest/runner/dist/index.js:781:17)
    at runSuite (file:///C:/Users/Cole/Documents/Antigravity%20Fastrack%20Workspace/Fastrack-Learning_Management-System/node_modules/@vitest/runner/dist/index.js:909:15)
    at runSuite (file:///C:/Users/Cole/Documents/Antigravity%20Fastrack%20Workspace/Fastrack-Learning_Management-System/node_modules/@vitest/runner/dist/index.js:909:15)
    at runSuite (file:///C:/Users/Cole/Documents/Antigravity%20Fastrack%20Workspace/Fastrack-Learning_Management-System/node_modules/@vitest/runner/dist/index.js:909:15)
    at runFiles (file:///C:/Users/Cole/Documents/Antigravity%20Fastrack%20Workspace/Fastrack-Learning_Management-System/node_modules/@vitest/runner/dist/index.js:958:5)

stderr | functions/src/certificate/__tests__/certificateFunctions.test.js > Certificate Functions > generateCertificate > should throw error if userId missing
Error generating certificate: Error: Missing required parameters: userId, courseId
    at C:\Users\Cole\Documents\Antigravity Fastrack Workspace\Fastrack-Learning_Management-System\functions\src\certificate\certificateFunctions.js:16:13
    at Function.run (C:\Users\Cole\Documents\Antigravity Fastrack Workspace\Fastrack-Learning_Management-System\functions\node_modules\firebase-functions\lib\common\onInit.js:28:10)
    at C:\Users\Cole\Documents\Antigravity Fastrack Workspace\Fastrack-Learning_Management-System\functions\src\certificate\__tests__\certificateFunctions.test.js:51:35
    at file:///C:/Users/Cole/Documents/Antigravity%20Fastrack%20Workspace/Fastrack-Learning_Management-System/node_modules/@vitest/runner/dist/index.js:135:14
    at file:///C:/Users/Cole/Documents/Antigravity%20Fastrack%20Workspace/Fastrack-Learning_Management-System/node_modules/@vitest/runner/dist/index.js:60:26
    at runTest (file:///C:/Users/Cole/Documents/Antigravity%20Fastrack%20Workspace/Fastrack-Learning_Management-System/node_modules/@vitest/runner/dist/index.js:781:17)
    at runSuite (file:///C:/Users/Cole/Documents/Antigravity%20Fastrack%20Workspace/Fastrack-Learning_Management-System/node_modules/@vitest/runner/dist/index.js:909:15)
    at runSuite (file:///C:/Users/Cole/Documents/Antigravity%20Fastrack%20Workspace/Fastrack-Learning_Management-System/node_modules/@vitest/runner/dist/index.js:909:15)
    at runSuite (file:///C:/Users/Cole/Documents/Antigravity%20Fastrack%20Workspace/Fastrack-Learning_Management-System/node_modules/@vitest/runner/dist/index.js:909:15)
    at runFiles (file:///C:/Users/Cole/Documents/Antigravity%20Fastrack%20Workspace/Fastrack-Learning_Management-System/node_modules/@vitest/runner/dist/index.js:958:5)

stderr | functions/src/certificate/__tests__/certificateFunctions.test.js > Certificate Functions > generateCertificate > should throw error if courseId missing
Error generating certificate: Error: Missing required parameters: userId, courseId
    at C:\Users\Cole\Documents\Antigravity Fastrack Workspace\Fastrack-Learning_Management-System\functions\src\certificate\certificateFunctions.js:16:13
    at Function.run (C:\Users\Cole\Documents\Antigravity Fastrack Workspace\Fastrack-Learning_Management-System\functions\node_modules\firebase-functions\lib\common\onInit.js:28:10)
    at C:\Users\Cole\Documents\Antigravity Fastrack Workspace\Fastrack-Learning_Management-System\functions\src\certificate\__tests__\certificateFunctions.test.js:62:35
    at file:///C:/Users/Cole/Documents/Antigravity%20Fastrack%20Workspace/Fastrack-Learning_Management-System/node_modules/@vitest/runner/dist/index.js:135:14
    at file:///C:/Users/Cole/Documents/Antigravity%20Fastrack%20Workspace/Fastrack-Learning_Management-System/node_modules/@vitest/runner/dist/index.js:60:26
    at runTest (file:///C:/Users/Cole/Documents/Antigravity%20Fastrack%20Workspace/Fastrack-Learning_Management-System/node_modules/@vitest/runner/dist/index.js:781:17)
    at runSuite (file:///C:/Users/Cole/Documents/Antigravity%20Fastrack%20Workspace/Fastrack-Learning_Management-System/node_modules/@vitest/runner/dist/index.js:909:15)
    at runSuite (file:///C:/Users/Cole/Documents/Antigravity%20Fastrack%20Workspace/Fastrack-Learning_Management-System/node_modules/@vitest/runner/dist/index.js:909:15)
    at runSuite (file:///C:/Users/Cole/Documents/Antigravity%20Fastrack%20Workspace/Fastrack-Learning_Management-System/node_modules/@vitest/runner/dist/index.js:909:15)
    at runFiles (file:///C:/Users/Cole/Documents/Antigravity%20Fastrack%20Workspace/Fastrack-Learning_Management-System/node_modules/@vitest/runner/dist/index.js:958:5)

stderr | functions/src/certificate/__tests__/certificateFunctions.test.js > Certificate Functions > generateCertificate > should throw error if enrollment not found
Error generating certificate: Error: Enrollment not found
    at C:\Users\Cole\Documents\Antigravity Fastrack Workspace\Fastrack-Learning_Management-System\functions\src\certificate\certificateFunctions.js:23:13
    at C:\Users\Cole\Documents\Antigravity Fastrack Workspace\Fastrack-Learning_Management-System\functions\src\certificate\__tests__\certificateFunctions.test.js:86:9
    at runTest (file:///C:/Users/Cole/Documents/Antigravity%20Fastrack%20Workspace/Fastrack-Learning_Management-System/node_modules/@vitest/runner/dist/index.js:781:11)
    at runSuite (file:///C:/Users/Cole/Documents/Antigravity%20Fastrack%20Workspace/Fastrack-Learning_Management-System/node_modules/@vitest/runner/dist/index.js:909:15)
    at runSuite (file:///C:/Users/Cole/Documents/Antigravity%20Fastrack%20Workspace/Fastrack-Learning_Management-System/node_modules/@vitest/runner/dist/index.js:909:15)
    at runSuite (file:///C:/Users/Cole/Documents/Antigravity%20Fastrack%20Workspace/Fastrack-Learning_Management-System/node_modules/@vitest/runner/dist/index.js:909:15)
    at runFiles (file:///C:/Users/Cole/Documents/Antigravity%20Fastrack%20Workspace/Fastrack-Learning_Management-System/node_modules/@vitest/runner/dist/index.js:958:5)
    at startTests (file:///C:/Users/Cole/Documents/Antigravity%20Fastrack%20Workspace/Fastrack-Learning_Management-System/node_modules/@vitest/runner/dist/index.js:967:3)
    at file:///C:/Users/Cole/Documents/Antigravity%20Fastrack%20Workspace/Fastrack-Learning_Management-System/node_modules/vitest/dist/chunks/runtime-runBaseTests.oAvMKtQC.js:116:7
    at withEnv (file:///C:/Users/Cole/Documents/Antigravity%20Fastrack%20Workspace/Fastrack-Learning_Management-System/node_modules/vitest/dist/chunks/runtime-runBaseTests.oAvMKtQC.js:83:5)

stderr | functions/src/certificate/__tests__/certificateFunctions.test.js > Certificate Functions > generateCertificate > should throw error if payment not completed
Error generating certificate: Error: Payment not completed. Cannot generate certificate.
    at C:\Users\Cole\Documents\Antigravity Fastrack Workspace\Fastrack-Learning_Management-System\functions\src\certificate\certificateFunctions.js:29:13
    at C:\Users\Cole\Documents\Antigravity Fastrack Workspace\Fastrack-Learning_Management-System\functions\src\certificate\__tests__\certificateFunctions.test.js:118:9
    at runTest (file:///C:/Users/Cole/Documents/Antigravity%20Fastrack%20Workspace/Fastrack-Learning_Management-System/node_modules/@vitest/runner/dist/index.js:781:11)
    at runSuite (file:///C:/Users/Cole/Documents/Antigravity%20Fastrack%20Workspace/Fastrack-Learning_Management-System/node_modules/@vitest/runner/dist/index.js:909:15)
    at runSuite (file:///C:/Users/Cole/Documents/Antigravity%20Fastrack%20Workspace/Fastrack-Learning_Management-System/node_modules/@vitest/runner/dist/index.js:909:15)
    at runSuite (file:///C:/Users/Cole/Documents/Antigravity%20Fastrack%20Workspace/Fastrack-Learning_Management-System/node_modules/@vitest/runner/dist/index.js:909:15)
    at runFiles (file:///C:/Users/Cole/Documents/Antigravity%20Fastrack%20Workspace/Fastrack-Learning_Management-System/node_modules/@vitest/runner/dist/index.js:958:5)
    at startTests (file:///C:/Users/Cole/Documents/Antigravity%20Fastrack%20Workspace/Fastrack-Learning_Management-System/node_modules/@vitest/runner/dist/index.js:967:3)
    at file:///C:/Users/Cole/Documents/Antigravity%20Fastrack%20Workspace/Fastrack-Learning_Management-System/node_modules/vitest/dist/chunks/runtime-runBaseTests.oAvMKtQC.js:116:7
    at withEnv (file:///C:/Users/Cole/Documents/Antigravity%20Fastrack%20Workspace/Fastrack-Learning_Management-System/node_modules/vitest/dist/chunks/runtime-runBaseTests.oAvMKtQC.js:83:5)

stderr | functions/src/certificate/__tests__/certificateFunctions.test.js > Certificate Functions > generateCertificate > should throw error if course not found
Error generating certificate: Error: Course not found
    at C:\Users\Cole\Documents\Antigravity Fastrack Workspace\Fastrack-Learning_Management-System\functions\src\certificate\certificateFunctions.js:36:13
    at C:\Users\Cole\Documents\Antigravity Fastrack Workspace\Fastrack-Learning_Management-System\functions\src\certificate\__tests__\certificateFunctions.test.js:159:9
    at runTest (file:///C:/Users/Cole/Documents/Antigravity%20Fastrack%20Workspace/Fastrack-Learning_Management-System/node_modules/@vitest/runner/dist/index.js:781:11)
    at runSuite (file:///C:/Users/Cole/Documents/Antigravity%20Fastrack%20Workspace/Fastrack-Learning_Management-System/node_modules/@vitest/runner/dist/index.js:909:15)
    at runSuite (file:///C:/Users/Cole/Documents/Antigravity%20Fastrack%20Workspace/Fastrack-Learning_Management-System/node_modules/@vitest/runner/dist/index.js:909:15)
    at runSuite (file:///C:/Users/Cole/Documents/Antigravity%20Fastrack%20Workspace/Fastrack-Learning_Management-System/node_modules/@vitest/runner/dist/index.js:909:15)
    at runFiles (file:///C:/Users/Cole/Documents/Antigravity%20Fastrack%20Workspace/Fastrack-Learning_Management-System/node_modules/@vitest/runner/dist/index.js:958:5)
    at startTests (file:///C:/Users/Cole/Documents/Antigravity%20Fastrack%20Workspace/Fastrack-Learning_Management-System/node_modules/@vitest/runner/dist/index.js:967:3)
    at file:///C:/Users/Cole/Documents/Antigravity%20Fastrack%20Workspace/Fastrack-Learning_Management-System/node_modules/vitest/dist/chunks/runtime-runBaseTests.oAvMKtQC.js:116:7
    at withEnv (file:///C:/Users/Cole/Documents/Antigravity%20Fastrack%20Workspace/Fastrack-Learning_Management-System/node_modules/vitest/dist/chunks/runtime-runBaseTests.oAvMKtQC.js:83:5)

 [32mÎ“Â£Ã´[39m functions/src/certificate/__tests__/certificateFunctions.test.js [2m ([22m[2m8 tests[22m[2m)[22m[90m 49[2mms[22m[39m
 [32mÎ“Â£Ã´[39m src/constants/__tests__/userRoles.assignment.test.js [2m ([22m[2m35 tests[22m[2m)[22m[90m 17[2mms[22m[39m
stderr | src/components/admin/__tests__/SchedulingManagement.loadingIndicators.test.jsx > SchedulingManagement - Loading Indicators > Unassign button loading state > should clear loading state after unassignment error
Error unassigning slot: Error: Unassign failed
    at C:\Users\Cole\Documents\Antigravity Fastrack Workspace\Fastrack-Learning_Management-System\src\components\admin\__tests__\SchedulingManagement.loadingIndicators.test.jsx:258:60
    at runTest (file:///C:/Users/Cole/Documents/Antigravity%20Fastrack%20Workspace/Fastrack-Learning_Management-System/node_modules/@vitest/runner/dist/index.js:781:11)
    at runSuite (file:///C:/Users/Cole/Documents/Antigravity%20Fastrack%20Workspace/Fastrack-Learning_Management-System/node_modules/@vitest/runner/dist/index.js:909:15)
    at runSuite (file:///C:/Users/Cole/Documents/Antigravity%20Fastrack%20Workspace/Fastrack-Learning_Management-System/node_modules/@vitest/runner/dist/index.js:909:15)
    at runSuite (file:///C:/Users/Cole/Documents/Antigravity%20Fastrack%20Workspace/Fastrack-Learning_Management-System/node_modules/@vitest/runner/dist/index.js:909:15)
    at runFiles (file:///C:/Users/Cole/Documents/Antigravity%20Fastrack%20Workspace/Fastrack-Learning_Management-System/node_modules/@vitest/runner/dist/index.js:958:5)
    at startTests (file:///C:/Users/Cole/Documents/Antigravity%20Fastrack%20Workspace/Fastrack-Learning_Management-System/node_modules/@vitest/runner/dist/index.js:967:3)
    at file:///C:/Users/Cole/Documents/Antigravity%20Fastrack%20Workspace/Fastrack-Learning_Management-System/node_modules/vitest/dist/chunks/runtime-runBaseTests.oAvMKtQC.js:116:7
    at withEnv (file:///C:/Users/Cole/Documents/Antigravity%20Fastrack%20Workspace/Fastrack-Learning_Management-System/node_modules/vitest/dist/chunks/runtime-runBaseTests.oAvMKtQC.js:83:5)
    at run (file:///C:/Users/Cole/Documents/Antigravity%20Fastrack%20Workspace/Fastrack-Learning_Management-System/node_modules/vitest/dist/chunks/runtime-runBaseTests.oAvMKtQC.js:105:3)

Cannot parse C:/Users/Cole/Documents/Antigravity Fastrack Workspace/Fastrack-Learning_Management-System/src/components/admin/tabs/__tests__/UserManagementTab.createUser.integration.test.js:
Expression expected
 [33mÎ“Â¥Â»[39m src/components/admin/tabs/__tests__/UserManagementTab.createUser.integration.test.js [2m ([22m[2m0 test[22m[2m)[22m
 [32mÎ“Â£Ã´[39m src/api/student/__tests__/userServices.getAllStudents.test.js [2m ([22m[2m6 tests[22m[2m)[22m[90m 37[2mms[22m[39m
Cannot parse C:/Users/Cole/Documents/Antigravity Fastrack Workspace/Fastrack-Learning_Management-System/src/components/auth/__tests__/ForcePasswordChangeModal.integration.test.js:
Expression expected
 [33mÎ“Â¥Â»[39m src/hooks/useComplianceHeartbeat.test.js [2m ([22m[2m6 tests[22m [2m|[22m [31m6 failed[39m[2m)[22m[90m 30[2mms[22m[39m
[31m   [33mÎ“Â¥Â»[31m src/hooks/useComplianceHeartbeat.test.js[2m > [22museComplianceHeartbeat[2m > [22mshould call heartbeat function every 60 seconds[39m
[31m     Î“Ã¥Ã† vi.mocked(...).mockReturnValue is not a function[39m
[31m   [33mÎ“Â¥Â»[31m src/hooks/useComplianceHeartbeat.test.js[2m > [22museComplianceHeartbeat[2m > [22mshould call onHeartbeatSuccess callback on successful heartbeat[39m
[31m     Î“Ã¥Ã† vi.mocked(...).mockReturnValue is not a function[39m
[31m   [33mÎ“Â¥Â»[31m src/hooks/useComplianceHeartbeat.test.js[2m > [22museComplianceHeartbeat[2m > [22mshould call onLimitReached when daily limit is exceeded[39m
[31m     Î“Ã¥Ã† vi.mocked(...).mockReturnValue is not a function[39m
[31m   [33mÎ“Â¥Â»[31m src/hooks/useComplianceHeartbeat.test.js[2m > [22museComplianceHeartbeat[2m > [22mshould not send heartbeat when disabled[39m
[31m     Î“Ã¥Ã† vi.mocked(...).mockReturnValue is not a function[39m
[31m   [33mÎ“Â¥Â»[31m src/hooks/useComplianceHeartbeat.test.js[2m > [22museComplianceHeartbeat[2m > [22mshould not send heartbeat without required parameters[39m
[31m     Î“Ã¥Ã† vi.mocked(...).mockReturnValue is not a function[39m
[31m   [33mÎ“Â¥Â»[31m src/hooks/useComplianceHeartbeat.test.js[2m > [22museComplianceHeartbeat[2m > [22mshould call onHeartbeatError callback on error[39m
[31m     Î“Ã¥Ã† vi.mocked(...).mockReturnValue is not a function[39m
 [32mÎ“Â£Ã´[39m src/context/AuthContext.test.jsx [2m ([22m[2m14 tests[22m[2m)[22m[33m 569[2mms[22m[39m
 [33mÎ“Â¥Â»[39m src/components/auth/__tests__/ForcePasswordChangeModal.integration.test.js [2m ([22m[2m0 test[22m[2m)[22m
 [32mÎ“Â£Ã´[39m src/api/enrollment/__tests__/enrollmentServices.checkCourseAccess.test.js [2m ([22m[2m9 tests[22m[2m)[22m[90m 49[2mms[22m[39m
stderr | src/api/admin/__tests__/userManagementServices.createUserFunction.test.js > User Management - createUser Function > should handle Cloud Function errors
Error creating user: Error: Failed to create user: Email already exists
    at C:\Users\Cole\Documents\Antigravity Fastrack Workspace\Fastrack-Learning_Management-System\src\api\admin\__tests__\userManagementServices.createUserFunction.test.js:84:19
    at file:///C:/Users/Cole/Documents/Antigravity%20Fastrack%20Workspace/Fastrack-Learning_Management-System/node_modules/@vitest/runner/dist/index.js:135:14
    at file:///C:/Users/Cole/Documents/Antigravity%20Fastrack%20Workspace/Fastrack-Learning_Management-System/node_modules/@vitest/runner/dist/index.js:60:26
    at runTest (file:///C:/Users/Cole/Documents/Antigravity%20Fastrack%20Workspace/Fastrack-Learning_Management-System/node_modules/@vitest/runner/dist/index.js:781:17)
    at runSuite (file:///C:/Users/Cole/Documents/Antigravity%20Fastrack%20Workspace/Fastrack-Learning_Management-System/node_modules/@vitest/runner/dist/index.js:909:15)
    at runSuite (file:///C:/Users/Cole/Documents/Antigravity%20Fastrack%20Workspace/Fastrack-Learning_Management-System/node_modules/@vitest/runner/dist/index.js:909:15)
    at runFiles (file:///C:/Users/Cole/Documents/Antigravity%20Fastrack%20Workspace/Fastrack-Learning_Management-System/node_modules/@vitest/runner/dist/index.js:958:5)
    at startTests (file:///C:/Users/Cole/Documents/Antigravity%20Fastrack%20Workspace/Fastrack-Learning_Management-System/node_modules/@vitest/runner/dist/index.js:967:3)
    at file:///C:/Users/Cole/Documents/Antigravity%20Fastrack%20Workspace/Fastrack-Learning_Management-System/node_modules/vitest/dist/chunks/runtime-runBaseTests.oAvMKtQC.js:116:7
    at withEnv (file:///C:/Users/Cole/Documents/Antigravity%20Fastrack%20Workspace/Fastrack-Learning_Management-System/node_modules/vitest/dist/chunks/runtime-runBaseTests.oAvMKtQC.js:83:5)

stderr | src/api/admin/__tests__/userManagementServices.createUserFunction.test.js > User Management - createUser Function > should handle authentication errors
Error creating user: Error: User must be authenticated
    at C:\Users\Cole\Documents\Antigravity Fastrack Workspace\Fastrack-Learning_Management-System\src\api\admin\__tests__\userManagementServices.createUserFunction.test.js:98:36
    at file:///C:/Users/Cole/Documents/Antigravity%20Fastrack%20Workspace/Fastrack-Learning_Management-System/node_modules/@vitest/runner/dist/index.js:135:14
    at file:///C:/Users/Cole/Documents/Antigravity%20Fastrack%20Workspace/Fastrack-Learning_Management-System/node_modules/@vitest/runner/dist/index.js:60:26
    at runTest (file:///C:/Users/Cole/Documents/Antigravity%20Fastrack%20Workspace/Fastrack-Learning_Management-System/node_modules/@vitest/runner/dist/index.js:781:17)
    at runSuite (file:///C:/Users/Cole/Documents/Antigravity%20Fastrack%20Workspace/Fastrack-Learning_Management-System/node_modules/@vitest/runner/dist/index.js:909:15)
    at runSuite (file:///C:/Users/Cole/Documents/Antigravity%20Fastrack%20Workspace/Fastrack-Learning_Management-System/node_modules/@vitest/runner/dist/index.js:909:15)
    at runFiles (file:///C:/Users/Cole/Documents/Antigravity%20Fastrack%20Workspace/Fastrack-Learning_Management-System/node_modules/@vitest/runner/dist/index.js:958:5)
    at startTests (file:///C:/Users/Cole/Documents/Antigravity%20Fastrack%20Workspace/Fastrack-Learning_Management-System/node_modules/@vitest/runner/dist/index.js:967:3)
    at file:///C:/Users/Cole/Documents/Antigravity%20Fastrack%20Workspace/Fastrack-Learning_Management-System/node_modules/vitest/dist/chunks/runtime-runBaseTests.oAvMKtQC.js:116:7
    at withEnv (file:///C:/Users/Cole/Documents/Antigravity%20Fastrack%20Workspace/Fastrack-Learning_Management-System/node_modules/vitest/dist/chunks/runtime-runBaseTests.oAvMKtQC.js:83:5)

stderr | src/api/admin/__tests__/userManagementServices.createUserFunction.test.js > User Management - createUser Function > should handle permission errors for non-super-admins
Error creating user: Error: Only Super Admins can create users
    at C:\Users\Cole\Documents\Antigravity Fastrack Workspace\Fastrack-Learning_Management-System\src\api\admin\__tests__\userManagementServices.createUserFunction.test.js:106:36
    at file:///C:/Users/Cole/Documents/Antigravity%20Fastrack%20Workspace/Fastrack-Learning_Management-System/node_modules/@vitest/runner/dist/index.js:135:14
    at file:///C:/Users/Cole/Documents/Antigravity%20Fastrack%20Workspace/Fastrack-Learning_Management-System/node_modules/@vitest/runner/dist/index.js:60:26
    at runTest (file:///C:/Users/Cole/Documents/Antigravity%20Fastrack%20Workspace/Fastrack-Learning_Management-System/node_modules/@vitest/runner/dist/index.js:781:17)
    at runSuite (file:///C:/Users/Cole/Documents/Antigravity%20Fastrack%20Workspace/Fastrack-Learning_Management-System/node_modules/@vitest/runner/dist/index.js:909:15)
    at runSuite (file:///C:/Users/Cole/Documents/Antigravity%20Fastrack%20Workspace/Fastrack-Learning_Management-System/node_modules/@vitest/runner/dist/index.js:909:15)
    at runFiles (file:///C:/Users/Cole/Documents/Antigravity%20Fastrack%20Workspace/Fastrack-Learning_Management-System/node_modules/@vitest/runner/dist/index.js:958:5)
    at startTests (file:///C:/Users/Cole/Documents/Antigravity%20Fastrack%20Workspace/Fastrack-Learning_Management-System/node_modules/@vitest/runner/dist/index.js:967:3)
    at file:///C:/Users/Cole/Documents/Antigravity%20Fastrack%20Workspace/Fastrack-Learning_Management-System/node_modules/vitest/dist/chunks/runtime-runBaseTests.oAvMKtQC.js:116:7
    at withEnv (file:///C:/Users/Cole/Documents/Antigravity%20Fastrack%20Workspace/Fastrack-Learning_Management-System/node_modules/vitest/dist/chunks/runtime-runBaseTests.oAvMKtQC.js:83:5)

stderr | src/api/admin/__tests__/userManagementServices.createUserFunction.test.js > User Management - createUser Function > should handle network errors
Error creating user: Error: Network error
    at C:\Users\Cole\Documents\Antigravity Fastrack Workspace\Fastrack-Learning_Management-System\src\api\admin\__tests__\userManagementServices.createUserFunction.test.js:131:36
    at file:///C:/Users/Cole/Documents/Antigravity%20Fastrack%20Workspace/Fastrack-Learning_Management-System/node_modules/@vitest/runner/dist/index.js:135:14
    at file:///C:/Users/Cole/Documents/Antigravity%20Fastrack%20Workspace/Fastrack-Learning_Management-System/node_modules/@vitest/runner/dist/index.js:60:26
    at runTest (file:///C:/Users/Cole/Documents/Antigravity%20Fastrack%20Workspace/Fastrack-Learning_Management-System/node_modules/@vitest/runner/dist/index.js:781:17)
    at runSuite (file:///C:/Users/Cole/Documents/Antigravity%20Fastrack%20Workspace/Fastrack-Learning_Management-System/node_modules/@vitest/runner/dist/index.js:909:15)
    at runSuite (file:///C:/Users/Cole/Documents/Antigravity%20Fastrack%20Workspace/Fastrack-Learning_Management-System/node_modules/@vitest/runner/dist/index.js:909:15)
    at runFiles (file:///C:/Users/Cole/Documents/Antigravity%20Fastrack%20Workspace/Fastrack-Learning_Management-System/node_modules/@vitest/runner/dist/index.js:958:5)
    at startTests (file:///C:/Users/Cole/Documents/Antigravity%20Fastrack%20Workspace/Fastrack-Learning_Management-System/node_modules/@vitest/runner/dist/index.js:967:3)
    at file:///C:/Users/Cole/Documents/Antigravity%20Fastrack%20Workspace/Fastrack-Learning_Management-System/node_modules/vitest/dist/chunks/runtime-runBaseTests.oAvMKtQC.js:116:7
    at withEnv (file:///C:/Users/Cole/Documents/Antigravity%20Fastrack%20Workspace/Fastrack-Learning_Management-System/node_modules/vitest/dist/chunks/runtime-runBaseTests.oAvMKtQC.js:83:5)

 [32mÎ“Â£Ã´[39m src/api/admin/__tests__/userManagementServices.createUserFunction.test.js [2m ([22m[2m9 tests[22m[2m)[22m[90m 37[2mms[22m[39m
stderr | functions/src/user/__tests__/userFunctions.test.js > User Functions > createUser > should throw error if email missing
Error creating user: Error: Missing required fields: email, password, displayName
    at C:\Users\Cole\Documents\Antigravity Fastrack Workspace\Fastrack-Learning_Management-System\functions\src\user\userFunctions.js:12:13
    at Function.run (C:\Users\Cole\Documents\Antigravity Fastrack Workspace\Fastrack-Learning_Management-System\functions\node_modules\firebase-functions\lib\common\onInit.js:28:10)
    at C:\Users\Cole\Documents\Antigravity Fastrack Workspace\Fastrack-Learning_Management-System\functions\src\user\__tests__\userFunctions.test.js:92:26
    at file:///C:/Users/Cole/Documents/Antigravity%20Fastrack%20Workspace/Fastrack-Learning_Management-System/node_modules/@vitest/runner/dist/index.js:135:14
    at file:///C:/Users/Cole/Documents/Antigravity%20Fastrack%20Workspace/Fastrack-Learning_Management-System/node_modules/@vitest/runner/dist/index.js:60:26
    at runTest (file:///C:/Users/Cole/Documents/Antigravity%20Fastrack%20Workspace/Fastrack-Learning_Management-System/node_modules/@vitest/runner/dist/index.js:781:17)
    at runSuite (file:///C:/Users/Cole/Documents/Antigravity%20Fastrack%20Workspace/Fastrack-Learning_Management-System/node_modules/@vitest/runner/dist/index.js:909:15)
    at runSuite (file:///C:/Users/Cole/Documents/Antigravity%20Fastrack%20Workspace/Fastrack-Learning_Management-System/node_modules/@vitest/runner/dist/index.js:909:15)
    at runSuite (file:///C:/Users/Cole/Documents/Antigravity%20Fastrack%20Workspace/Fastrack-Learning_Management-System/node_modules/@vitest/runner/dist/index.js:909:15)
    at runFiles (file:///C:/Users/Cole/Documents/Antigravity%20Fastrack%20Workspace/Fastrack-Learning_Management-System/node_modules/@vitest/runner/dist/index.js:958:5)

stderr | functions/src/user/__tests__/userFunctions.test.js > User Functions > createUser > should throw error if password missing
Error creating user: Error: Missing required fields: email, password, displayName
    at C:\Users\Cole\Documents\Antigravity Fastrack Workspace\Fastrack-Learning_Management-System\functions\src\user\userFunctions.js:12:13
    at Function.run (C:\Users\Cole\Documents\Antigravity Fastrack Workspace\Fastrack-Learning_Management-System\functions\node_modules\firebase-functions\lib\common\onInit.js:28:10)
    at C:\Users\Cole\Documents\Antigravity Fastrack Workspace\Fastrack-Learning_Management-System\functions\src\user\__tests__\userFunctions.test.js:106:26
    at file:///C:/Users/Cole/Documents/Antigravity%20Fastrack%20Workspace/Fastrack-Learning_Management-System/node_modules/@vitest/runner/dist/index.js:135:14
    at file:///C:/Users/Cole/Documents/Antigravity%20Fastrack%20Workspace/Fastrack-Learning_Management-System/node_modules/@vitest/runner/dist/index.js:60:26
    at runTest (file:///C:/Users/Cole/Documents/Antigravity%20Fastrack%20Workspace/Fastrack-Learning_Management-System/node_modules/@vitest/runner/dist/index.js:781:17)
    at runSuite (file:///C:/Users/Cole/Documents/Antigravity%20Fastrack%20Workspace/Fastrack-Learning_Management-System/node_modules/@vitest/runner/dist/index.js:909:15)
    at runSuite (file:///C:/Users/Cole/Documents/Antigravity%20Fastrack%20Workspace/Fastrack-Learning_Management-System/node_modules/@vitest/runner/dist/index.js:909:15)
    at runSuite (file:///C:/Users/Cole/Documents/Antigravity%20Fastrack%20Workspace/Fastrack-Learning_Management-System/node_modules/@vitest/runner/dist/index.js:909:15)
    at runFiles (file:///C:/Users/Cole/Documents/Antigravity%20Fastrack%20Workspace/Fastrack-Learning_Management-System/node_modules/@vitest/runner/dist/index.js:958:5)

stderr | functions/src/user/__tests__/userFunctions.test.js > User Functions > createUser > should throw error if displayName missing
Error creating user: Error: Missing required fields: email, password, displayName
    at C:\Users\Cole\Documents\Antigravity Fastrack Workspace\Fastrack-Learning_Management-System\functions\src\user\userFunctions.js:12:13
    at Function.run (C:\Users\Cole\Documents\Antigravity Fastrack Workspace\Fastrack-Learning_Management-System\functions\node_modules\firebase-functions\lib\common\onInit.js:28:10)
    at C:\Users\Cole\Documents\Antigravity Fastrack Workspace\Fastrack-Learning_Management-System\functions\src\user\__tests__\userFunctions.test.js:120:26
    at file:///C:/Users/Cole/Documents/Antigravity%20Fastrack%20Workspace/Fastrack-Learning_Management-System/node_modules/@vitest/runner/dist/index.js:135:14
    at file:///C:/Users/Cole/Documents/Antigravity%20Fastrack%20Workspace/Fastrack-Learning_Management-System/node_modules/@vitest/runner/dist/index.js:60:26
    at runTest (file:///C:/Users/Cole/Documents/Antigravity%20Fastrack%20Workspace/Fastrack-Learning_Management-System/node_modules/@vitest/runner/dist/index.js:781:17)
    at runSuite (file:///C:/Users/Cole/Documents/Antigravity%20Fastrack%20Workspace/Fastrack-Learning_Management-System/node_modules/@vitest/runner/dist/index.js:909:15)
    at runSuite (file:///C:/Users/Cole/Documents/Antigravity%20Fastrack%20Workspace/Fastrack-Learning_Management-System/node_modules/@vitest/runner/dist/index.js:909:15)
    at runSuite (file:///C:/Users/Cole/Documents/Antigravity%20Fastrack%20Workspace/Fastrack-Learning_Management-System/node_modules/@vitest/runner/dist/index.js:909:15)
    at runFiles (file:///C:/Users/Cole/Documents/Antigravity%20Fastrack%20Workspace/Fastrack-Learning_Management-System/node_modules/@vitest/runner/dist/index.js:958:5)

stderr | functions/src/compliance/sessionHeartbeat.test.js > sessionHeartbeat Cloud Function > should throw error if not authenticated
Error processing session heartbeat: Error: Authentication required
    at C:\Users\Cole\Documents\Antigravity Fastrack Workspace\Fastrack-Learning_Management-System\functions\src\compliance\complianceFunctions.js:147:15
    at Function.run (C:\Users\Cole\Documents\Antigravity Fastrack Workspace\Fastrack-Learning_Management-System\functions\node_modules\firebase-functions\lib\common\onInit.js:28:10)
    at C:\Users\Cole\Documents\Antigravity Fastrack Workspace\Fastrack-Learning_Management-System\functions\src\compliance\sessionHeartbeat.test.js:89:30
    at file:///C:/Users/Cole/Documents/Antigravity%20Fastrack%20Workspace/Fastrack-Learning_Management-System/node_modules/@vitest/runner/dist/index.js:135:14
    at file:///C:/Users/Cole/Documents/Antigravity%20Fastrack%20Workspace/Fastrack-Learning_Management-System/node_modules/@vitest/runner/dist/index.js:60:26
    at runTest (file:///C:/Users/Cole/Documents/Antigravity%20Fastrack%20Workspace/Fastrack-Learning_Management-System/node_modules/@vitest/runner/dist/index.js:781:17)
    at runSuite (file:///C:/Users/Cole/Documents/Antigravity%20Fastrack%20Workspace/Fastrack-Learning_Management-System/node_modules/@vitest/runner/dist/index.js:909:15)
    at runSuite (file:///C:/Users/Cole/Documents/Antigravity%20Fastrack%20Workspace/Fastrack-Learning_Management-System/node_modules/@vitest/runner/dist/index.js:909:15)
    at runFiles (file:///C:/Users/Cole/Documents/Antigravity%20Fastrack%20Workspace/Fastrack-Learning_Management-System/node_modules/@vitest/runner/dist/index.js:958:5)
    at startTests (file:///C:/Users/Cole/Documents/Antigravity%20Fastrack%20Workspace/Fastrack-Learning_Management-System/node_modules/@vitest/runner/dist/index.js:967:3)
Failed to log audit event: ReferenceError: data is not defined
    at C:\Users\Cole\Documents\Antigravity Fastrack Workspace\Fastrack-Learning_Management-System\functions\src\compliance\complianceFunctions.js:304:49
    at Function.run (C:\Users\Cole\Documents\Antigravity Fastrack Workspace\Fastrack-Learning_Management-System\functions\node_modules\firebase-functions\lib\common\onInit.js:28:10)
    at C:\Users\Cole\Documents\Antigravity Fastrack Workspace\Fastrack-Learning_Management-System\functions\src\compliance\sessionHeartbeat.test.js:89:30
    at file:///C:/Users/Cole/Documents/Antigravity%20Fastrack%20Workspace/Fastrack-Learning_Management-System/node_modules/@vitest/runner/dist/index.js:135:14
    at file:///C:/Users/Cole/Documents/Antigravity%20Fastrack%20Workspace/Fastrack-Learning_Management-System/node_modules/@vitest/runner/dist/index.js:60:26
    at runTest (file:///C:/Users/Cole/Documents/Antigravity%20Fastrack%20Workspace/Fastrack-Learning_Management-System/node_modules/@vitest/runner/dist/index.js:781:17)
    at runSuite (file:///C:/Users/Cole/Documents/Antigravity%20Fastrack%20Workspace/Fastrack-Learning_Management-System/node_modules/@vitest/runner/dist/index.js:909:15)
    at runSuite (file:///C:/Users/Cole/Documents/Antigravity%20Fastrack%20Workspace/Fastrack-Learning_Management-System/node_modules/@vitest/runner/dist/index.js:909:15)
    at runFiles (file:///C:/Users/Cole/Documents/Antigravity%20Fastrack%20Workspace/Fastrack-Learning_Management-System/node_modules/@vitest/runner/dist/index.js:958:5)
    at startTests (file:///C:/Users/Cole/Documents/Antigravity%20Fastrack%20Workspace/Fastrack-Learning_Management-System/node_modules/@vitest/runner/dist/index.js:967:3)

stderr | functions/src/compliance/sessionHeartbeat.test.js > sessionHeartbeat Cloud Function > should throw error if userId is missing
Error processing session heartbeat: Error: Authentication required
    at C:\Users\Cole\Documents\Antigravity Fastrack Workspace\Fastrack-Learning_Management-System\functions\src\compliance\complianceFunctions.js:147:15
    at Function.run (C:\Users\Cole\Documents\Antigravity Fastrack Workspace\Fastrack-Learning_Management-System\functions\node_modules\firebase-functions\lib\common\onInit.js:28:10)
    at C:\Users\Cole\Documents\Antigravity Fastrack Workspace\Fastrack-Learning_Management-System\functions\src\compliance\sessionHeartbeat.test.js:103:30
    at file:///C:/Users/Cole/Documents/Antigravity%20Fastrack%20Workspace/Fastrack-Learning_Management-System/node_modules/@vitest/runner/dist/index.js:135:14
    at file:///C:/Users/Cole/Documents/Antigravity%20Fastrack%20Workspace/Fastrack-Learning_Management-System/node_modules/@vitest/runner/dist/index.js:60:26
    at runTest (file:///C:/Users/Cole/Documents/Antigravity%20Fastrack%20Workspace/Fastrack-Learning_Management-System/node_modules/@vitest/runner/dist/index.js:781:17)
    at runSuite (file:///C:/Users/Cole/Documents/Antigravity%20Fastrack%20Workspace/Fastrack-Learning_Management-System/node_modules/@vitest/runner/dist/index.js:909:15)
    at runSuite (file:///C:/Users/Cole/Documents/Antigravity%20Fastrack%20Workspace/Fastrack-Learning_Management-System/node_modules/@vitest/runner/dist/index.js:909:15)
    at runFiles (file:///C:/Users/Cole/Documents/Antigravity%20Fastrack%20Workspace/Fastrack-Learning_Management-System/node_modules/@vitest/runner/dist/index.js:958:5)
    at startTests (file:///C:/Users/Cole/Documents/Antigravity%20Fastrack%20Workspace/Fastrack-Learning_Management-System/node_modules/@vitest/runner/dist/index.js:967:3)
Failed to log audit event: ReferenceError: data is not defined
    at C:\Users\Cole\Documents\Antigravity Fastrack Workspace\Fastrack-Learning_Management-System\functions\src\compliance\complianceFunctions.js:304:49
    at Function.run (C:\Users\Cole\Documents\Antigravity Fastrack Workspace\Fastrack-Learning_Management-System\functions\node_modules\firebase-functions\lib\common\onInit.js:28:10)
    at C:\Users\Cole\Documents\Antigravity Fastrack Workspace\Fastrack-Learning_Management-System\functions\src\compliance\sessionHeartbeat.test.js:103:30
    at file:///C:/Users/Cole/Documents/Antigravity%20Fastrack%20Workspace/Fastrack-Learning_Management-System/node_modules/@vitest/runner/dist/index.js:135:14
    at file:///C:/Users/Cole/Documents/Antigravity%20Fastrack%20Workspace/Fastrack-Learning_Management-System/node_modules/@vitest/runner/dist/index.js:60:26
    at runTest (file:///C:/Users/Cole/Documents/Antigravity%20Fastrack%20Workspace/Fastrack-Learning_Management-System/node_modules/@vitest/runner/dist/index.js:781:17)
    at runSuite (file:///C:/Users/Cole/Documents/Antigravity%20Fastrack%20Workspace/Fastrack-Learning_Management-System/node_modules/@vitest/runner/dist/index.js:909:15)
    at runSuite (file:///C:/Users/Cole/Documents/Antigravity%20Fastrack%20Workspace/Fastrack-Learning_Management-System/node_modules/@vitest/runner/dist/index.js:909:15)
    at runFiles (file:///C:/Users/Cole/Documents/Antigravity%20Fastrack%20Workspace/Fastrack-Learning_Management-System/node_modules/@vitest/runner/dist/index.js:958:5)
    at startTests (file:///C:/Users/Cole/Documents/Antigravity%20Fastrack%20Workspace/Fastrack-Learning_Management-System/node_modules/@vitest/runner/dist/index.js:967:3)

stderr | functions/src/compliance/sessionHeartbeat.test.js > sessionHeartbeat Cloud Function > should throw error if user ID does not match authenticated user
Error processing session heartbeat: Error: Authentication required
    at C:\Users\Cole\Documents\Antigravity Fastrack Workspace\Fastrack-Learning_Management-System\functions\src\compliance\complianceFunctions.js:147:15
    at Function.run (C:\Users\Cole\Documents\Antigravity Fastrack Workspace\Fastrack-Learning_Management-System\functions\node_modules\firebase-functions\lib\common\onInit.js:28:10)
    at C:\Users\Cole\Documents\Antigravity Fastrack Workspace\Fastrack-Learning_Management-System\functions\src\compliance\sessionHeartbeat.test.js:117:30
    at file:///C:/Users/Cole/Documents/Antigravity%20Fastrack%20Workspace/Fastrack-Learning_Management-System/node_modules/@vitest/runner/dist/index.js:135:14
    at file:///C:/Users/Cole/Documents/Antigravity%20Fastrack%20Workspace/Fastrack-Learning_Management-System/node_modules/@vitest/runner/dist/index.js:60:26
    at runTest (file:///C:/Users/Cole/Documents/Antigravity%20Fastrack%20Workspace/Fastrack-Learning_Management-System/node_modules/@vitest/runner/dist/index.js:781:17)
    at runSuite (file:///C:/Users/Cole/Documents/Antigravity%20Fastrack%20Workspace/Fastrack-Learning_Management-System/node_modules/@vitest/runner/dist/index.js:909:15)
    at runSuite (file:///C:/Users/Cole/Documents/Antigravity%20Fastrack%20Workspace/Fastrack-Learning_Management-System/node_modules/@vitest/runner/dist/index.js:909:15)
    at runFiles (file:///C:/Users/Cole/Documents/Antigravity%20Fastrack%20Workspace/Fastrack-Learning_Management-System/node_modules/@vitest/runner/dist/index.js:958:5)
    at startTests (file:///C:/Users/Cole/Documents/Antigravity%20Fastrack%20Workspace/Fastrack-Learning_Management-System/node_modules/@vitest/runner/dist/index.js:967:3)
Failed to log audit event: ReferenceError: data is not defined
    at C:\Users\Cole\Documents\Antigravity Fastrack Workspace\Fastrack-Learning_Management-System\functions\src\compliance\complianceFunctions.js:304:49
    at Function.run (C:\Users\Cole\Documents\Antigravity Fastrack Workspace\Fastrack-Learning_Management-System\functions\node_modules\firebase-functions\lib\common\onInit.js:28:10)
    at C:\Users\Cole\Documents\Antigravity Fastrack Workspace\Fastrack-Learning_Management-System\functions\src\compliance\sessionHeartbeat.test.js:117:30
    at file:///C:/Users/Cole/Documents/Antigravity%20Fastrack%20Workspace/Fastrack-Learning_Management-System/node_modules/@vitest/runner/dist/index.js:135:14
    at file:///C:/Users/Cole/Documents/Antigravity%20Fastrack%20Workspace/Fastrack-Learning_Management-System/node_modules/@vitest/runner/dist/index.js:60:26
    at runTest (file:///C:/Users/Cole/Documents/Antigravity%20Fastrack%20Workspace/Fastrack-Learning_Management-System/node_modules/@vitest/runner/dist/index.js:781:17)
    at runSuite (file:///C:/Users/Cole/Documents/Antigravity%20Fastrack%20Workspace/Fastrack-Learning_Management-System/node_modules/@vitest/runner/dist/index.js:909:15)
    at runSuite (file:///C:/Users/Cole/Documents/Antigravity%20Fastrack%20Workspace/Fastrack-Learning_Management-System/node_modules/@vitest/runner/dist/index.js:909:15)
    at runFiles (file:///C:/Users/Cole/Documents/Antigravity%20Fastrack%20Workspace/Fastrack-Learning_Management-System/node_modules/@vitest/runner/dist/index.js:958:5)
    at startTests (file:///C:/Users/Cole/Documents/Antigravity%20Fastrack%20Workspace/Fastrack-Learning_Management-System/node_modules/@vitest/runner/dist/index.js:967:3)

 [32mÎ“Â£Ã´[39m functions/src/compliance/sessionHeartbeat.test.js [2m ([22m[2m11 tests[22m[2m)[22m[90m 64[2mms[22m[39m
 [33mÎ“Â¥Â»[39m src/components/admin/__tests__/SchedulingManagement.loadingIndicators.test.jsx [2m ([22m[2m16 tests[22m [2m|[22m [31m3 failed[39m[2m)[22m[33m 13000[2mms[22m[39m
[31m   [33mÎ“Â¥Â»[31m src/components/admin/__tests__/SchedulingManagement.loadingIndicators.test.jsx[2m > [22mSchedulingManagement - Loading Indicators[2m > [22mDelete button loading state[2m > [22mshould clear loading state after successful deletion[39m
[31m     Î“Ã¥Ã† [2mexpect([22m[31melement[31m[2m).not.toHaveAttribute([22m[32m[32m"disabled"[32m[31m[2m) // element.hasAttribute("disabled")[22m

Expected the element not to have attribute:
[32m  disabled[31m
Received:
[31m  disabled=""[31m

Ignored nodes: comments, script, style
[36m<html>[31m
  [36m<head />[31m
  [36m<body>[31m
    [36m<div>[31m
      [36m<div[31m
        [33mclass[31m=[32m"schedulingManagement"[31m
      [36m>[31m
        [36m<div[31m
          [33mclass[31m=[32m"header"[31m
        [36m>[31m
          [36m<h2>[31m
            [0mLesson Time Slot Management[0m
          [36m</h2>[31m
          [36m<button[31m
            [33mclass[31m=[32m"button primary medium"[31m
            [33mtype[31m=[32m"button"[31m
          [36m>[31m
            [0m+ Add New Time Slot[0m
          [36m</button>[31m
        [36m</div>[31m
        [36m<div[31m
          [33mclass[31m=[32m"slotsList"[31m
        [36m>[31m
          [36m<div[31m
            [33mclass[31m=[32m"card default padding-medium slotCard"[31m
          [36m>[31m
            [36m<div[31m
              [33mclass[31m=[32m"slotHeader"[31m
            [36m>[31m
              [36m<div[31m
                [33mclass[31m=[32m"slotDateTime"[31m
              [36m>[31m
                [36m<span[31m
                  [33mclass[31m=[32m"date"[31m
                [36m>[31m
                  [0mMon, Dec 15[0m
                [36m</span>[31m
                [36m<span[31m
                  [33mclass[31m=[32m"time"[31m
                [36m>[31m
                  [0m9:00 AM[0m
                  [0m - [0m
                  [0m10:00 AM[0m
                [36m</span>[31m
              [36m</div>[31m
              [36m<span[31m
                [33mclass[31m=[32m"status available"[31m
              [36m>[31m
                [0mAvailable[0m
              [36m</span>[31m
            [36m</div>[31m
            [36m<div[31m
              [33mclass[31m=[32m"slotDetails"[31m
            [36m>[31m
              [36m<div[31m
                [33mclass[31m=[32m"detail"[31m
              [36m>[31m
                [36m<span[31m
                  [33mclass[31m=[32m"label"[31m
                [36m>[31m
                  [0mLocation:[0m
                [36m</span>[31m
                [36m<span>[31m
                  [0mTest Location[0m
                [36m</span>[31m
              [36m</div>[31m
              [36m<div[31m
                [33mclass[31m=[32m"detail"[31m
              [36m>[31m
                [36m<span[31m
                  [33mclass[31m=[32m"label"[31m
                [36m>[31m
                  [0mInstructor:[0m
                [36m</span>[31m
                [36m<span>[31m
                  [0mTest Instructor[0m
                [36m</span>[31m
              [36m</div>[31m
              [36m<div[31m
                [33mclass[31m=[32m"detail"[31m
              [36m>[31m
                [36m<span[31m
                  [33mclass[31m=[32m"label"[31m
                [36m>[31m
                  [0mNotes:[0m
                [36m</span>[31m
                [36m<span>[31m
                  [0mTest slot[0m
                [36m</span>[31m
              [36m</div>[31m
            [36m</div>[31m
            [36m<div[31m
              [33mclass[31m=[32m"slotActions"[31m
            [36m>[31m
              [36m<button[31m
                [33mclass[31m=[32m"button primary small"[31m
                [33mtype[31m=[32m"button"[31m
              [36m>[31m
                [0mAssign Student[0m
              [36m</button>[31m
              [36m<button[31m
                [33mclass[31m=[32m"button outline small"[31m
                [33mtype[31m=[32m"button"[31m
              [36m>[31m
                [0mEdit[0m
              [36m</button>[31m
              [36m<button[31m
                [33mclass[31m=[32m"button danger small"[31m
                [33mtype[31m=[32m"button"[31m
              [36m>[31m
                [0mDelete[0m
              [36m</button>[31m
            [36m</div>[31m
          [36m</div>[31m
          [36m<div[31m
            [33mclass[31m=[32m"card default padding-medium slotCard"[31m
          [36m>[31m
            [36m<div[31m
              [33mclass[31m=[32m"slotHeader"[31m
            [36m>[31m
              [36m<div[31m
                [33mclass[31m=[32m"slotDateTime"[31m
              [36m>[31m
                [36m<span[31m
                  [33mclass[31m=[32m"date"[31m
                [36m>[31m
                  [0mMon, Dec 15[0m
                [36m</span>[31m
                [36m<span[31m
                  [33mclass[31m=[32m"time"[31m
                [36m>[31m
                  [0m10:00 AM[0m
                  [0m - [0m
                  [0m11:00 AM[0m
                [36m</span>[31m
              [36m</div>[31m
              [36m<span[31m
                [33mclass[31m=[32m"status assigned"[31m
              [36m>[31m
                [0mAssigned[0m
              [36m</span>[31m
            [36m</div>[31m
            [36m<div[31m
              [33mclass[31m=[32m"slotDetails"[31m
            [36m>[31m
              [36m<div[31m
                [33mclass[31m=[32m"detail"[31m
              [36m>[31m
                [36m<span[31m
                  [33mclass[31m=[32m"label"[31m
                [36m>[31m
                  [0mLocation:[0m
                [36m</span>[31m
                [36m<span>[31m
                  [0mTest Location 2[0m
                [36m</span>[31m
              [36m</div>[31m
              [36m<div[31m
                [33mclass[31m=[32m"detail"[31m
              [36m>[31m
                [36m<span[31m
                  [33mclass[31m=[32m"label"[31m
                [36m>[31m
                  [0mInstructor:[0m
                [36m</span>[31m
                [36m<span>[31m
                  [0mTest Instructor 2[0m
                [36m</span>[31m
              [36m</div>[31m
              [36m<div[31m
                [33mclass[31m=[32m"detail"[31m
              [36m>[31m
                [36m<span[31m
                  [33mclass[31m=[32m"label"[31m
                [36m>[31m
                  [0mAssigned to:[0m
                [36m</span>[31m
                [36m<span>[31m
                  [0mstudent-123[0m
                [36m</span>[31m
              [36m</div>[31m
            [36m</div>[31m
            [36m<div[31m
              [33mclass[31m=[32m"slotActions"[31m
            [36m>[31m
              [36m<button[31m
                [33mclass[31m=[32m"button secondary small"[31m
                [33mtype[31m=[32m"button"[31m
              [36m>[31m
                [0mUnassign[0m
              [36m</button>[31m
              [36m<button[31m
                [33mclass[31m=[32m"button outline small"[31m
                [33mtype[31m=[32m"button"[31m
              [36m>[31m
                [0mEdit[0m
              [36m</button>[31m
              [36m<button[31m
                [33mclass[31m=[32m"button danger small"[31m
                [33mtype[31m=[32m"button"[31m
              [36m>[31m
                [0mDelete[0m
              [36m</button>[31m
            [36m</div>[31m
          [36m</div>[31m
        [36m</div>[31m
      [36m</div>[31m
    [36m</div>[31m
  [36m</body>[31m
[36m</html>[31m[39m
[31m   [33mÎ“Â¥Â»[31m src/components/admin/__tests__/SchedulingManagement.loadingIndicators.test.jsx[2m > [22mSchedulingManagement - Loading Indicators[2m > [22mUnassign button loading state[2m > [22mshould clear loading state after successful unassignment[39m
[31m     Î“Ã¥Ã† [2mexpect([22m[31melement[31m[2m).not.toHaveAttribute([22m[32m[32m"disabled"[32m[31m[2m) // element.hasAttribute("disabled")[22m

Expected the element not to have attribute:
[32m  disabled[31m
Received:
[31m  disabled=""[31m

Ignored nodes: comments, script, style
[36m<html>[31m
  [36m<head />[31m
  [36m<body>[31m
    [36m<div>[31m
      [36m<div[31m
        [33mclass[31m=[32m"schedulingManagement"[31m
      [36m>[31m
        [36m<div[31m
          [33mclass[31m=[32m"header"[31m
        [36m>[31m
          [36m<h2>[31m
            [0mLesson Time Slot Management[0m
          [36m</h2>[31m
          [36m<button[31m
            [33mclass[31m=[32m"button primary medium"[31m
            [33mtype[31m=[32m"button"[31m
          [36m>[31m
            [0m+ Add New Time Slot[0m
          [36m</button>[31m
        [36m</div>[31m
        [36m<div[31m
          [33mclass[31m=[32m"slotsList"[31m
        [36m>[31m
          [36m<div[31m
            [33mclass[31m=[32m"card default padding-medium slotCard"[31m
          [36m>[31m
            [36m<div[31m
              [33mclass[31m=[32m"slotHeader"[31m
            [36m>[31m
              [36m<div[31m
                [33mclass[31m=[32m"slotDateTime"[31m
              [36m>[31m
                [36m<span[31m
                  [33mclass[31m=[32m"date"[31m
                [36m>[31m
                  [0mMon, Dec 15[0m
                [36m</span>[31m
                [36m<span[31m
                  [33mclass[31m=[32m"time"[31m
                [36m>[31m
                  [0m9:00 AM[0m
                  [0m - [0m
                  [0m10:00 AM[0m
                [36m</span>[31m
              [36m</div>[31m
              [36m<span[31m
                [33mclass[31m=[32m"status available"[31m
              [36m>[31m
                [0mAvailable[0m
              [36m</span>[31m
            [36m</div>[31m
            [36m<div[31m
              [33mclass[31m=[32m"slotDetails"[31m
            [36m>[31m
              [36m<div[31m
                [33mclass[31m=[32m"detail"[31m
              [36m>[31m
                [36m<span[31m
                  [33mclass[31m=[32m"label"[31m
                [36m>[31m
                  [0mLocation:[0m
                [36m</span>[31m
                [36m<span>[31m
                  [0mTest Location[0m
                [36m</span>[31m
              [36m</div>[31m
              [36m<div[31m
                [33mclass[31m=[32m"detail"[31m
              [36m>[31m
                [36m<span[31m
                  [33mclass[31m=[32m"label"[31m
                [36m>[31m
                  [0mInstructor:[0m
                [36m</span>[31m
                [36m<span>[31m
                  [0mTest Instructor[0m
                [36m</span>[31m
              [36m</div>[31m
              [36m<div[31m
                [33mclass[31m=[32m"detail"[31m
              [36m>[31m
                [36m<span[31m
                  [33mclass[31m=[32m"label"[31m
                [36m>[31m
                  [0mNotes:[0m
                [36m</span>[31m
                [36m<span>[31m
                  [0mTest slot[0m
                [36m</span>[31m
              [36m</div>[31m
            [36m</div>[31m
            [36m<div[31m
              [33mclass[31m=[32m"slotActions"[31m
            [36m>[31m
              [36m<button[31m
                [33mclass[31m=[32m"button primary small"[31m
                [33mtype[31m=[32m"button"[31m
              [36m>[31m
                [0mAssign Student[0m
              [36m</button>[31m
              [36m<button[31m
                [33mclass[31m=[32m"button outline small"[31m
                [33mtype[31m=[32m"button"[31m
              [36m>[31m
                [0mEdit[0m
              [36m</button>[31m
              [36m<button[31m
                [33mclass[31m=[32m"button danger small"[31m
                [33mtype[31m=[32m"button"[31m
              [36m>[31m
                [0mDelete[0m
              [36m</button>[31m
            [36m</div>[31m
          [36m</div>[31m
          [36m<div[31m
            [33mclass[31m=[32m"card default padding-medium slotCard"[31m
          [36m>[31m
            [36m<div[31m
              [33mclass[31m=[32m"slotHeader"[31m
            [36m>[31m
              [36m<div[31m
                [33mclass[31m=[32m"slotDateTime"[31m
              [36m>[31m
                [36m<span[31m
                  [33mclass[31m=[32m"date"[31m
                [36m>[31m
                  [0mMon, Dec 15[0m
                [36m</span>[31m
                [36m<span[31m
                  [33mclass[31m=[32m"time"[31m
                [36m>[31m
                  [0m10:00 AM[0m
                  [0m - [0m
                  [0m11:00 AM[0m
                [36m</span>[31m
              [36m</div>[31m
              [36m<span[31m
                [33mclass[31m=[32m"status assigned"[31m
              [36m>[31m
                [0mAssigned[0m
              [36m</span>[31m
            [36m</div>[31m
            [36m<div[31m
              [33mclass[31m=[32m"slotDetails"[31m
            [36m>[31m
              [36m<div[31m
                [33mclass[31m=[32m"detail"[31m
              [36m>[31m
                [36m<span[31m
                  [33mclass[31m=[32m"label"[31m
                [36m>[31m
                  [0mLocation:[0m
                [36m</span>[31m
                [36m<span>[31m
                  [0mTest Location 2[0m
                [36m</span>[31m
              [36m</div>[31m
              [36m<div[31m
                [33mclass[31m=[32m"detail"[31m
              [36m>[31m
                [36m<span[31m
                  [33mclass[31m=[32m"label"[31m
                [36m>[31m
                  [0mInstructor:[0m
                [36m</span>[31m
                [36m<span>[31m
                  [0mTest Instructor 2[0m
                [36m</span>[31m
              [36m</div>[31m
              [36m<div[31m
                [33mclass[31m=[32m"detail"[31m
              [36m>[31m
                [36m<span[31m
                  [33mclass[31m=[32m"label"[31m
                [36m>[31m
                  [0mAssigned to:[0m
                [36m</span>[31m
                [36m<span>[31m
                  [0mstudent-123[0m
                [36m</span>[31m
              [36m</div>[31m
            [36m</div>[31m
            [36m<div[31m
              [33mclass[31m=[32m"slotActions"[31m
            [36m>[31m
              [36m<button[31m
                [33mclass[31m=[32m"button secondary small"[31m
                [33mtype[31m=[32m"button"[31m
              [36m>[31m
                [0mUnassign[0m
              [36m</button>[31m
              [36m<button[31m
                [33mclass[31m=[32m"button outline small"[31m
                [33mtype[31m=[32m"button"[31m
              [36m>[31m
                [0mEdit[0m
              [36m</button>[31m
              [36m<button[31m
                [33mclass[31m=[32m"button danger small"[31m
                [33mtype[31m=[32m"button"[31m
              [36m>[31m
                [0mDelete[0m
              [36m</button>[31m
            [36m</div>[31m
          [36m</div>[31m
        [36m</div>[31m
      [36m</div>[31m
    [36m</div>[31m
  [36m</body>[31m
[36m</html>[31m[39m
[31m   [33mÎ“Â¥Â»[31m src/components/admin/__tests__/SchedulingManagement.loadingIndicators.test.jsx[2m > [22mSchedulingManagement - Loading Indicators[2m > [22mLoading state persistence[2m > [22mshould clear loading state when operations complete[39m
[31m     Î“Ã¥Ã† [2mexpect([22m[31melement[31m[2m).not.toHaveAttribute([22m[32m[32m"disabled"[32m[31m[2m) // element.hasAttribute("disabled")[22m

Expected the element not to have attribute:
[32m  disabled[31m
Received:
[31m  disabled=""[31m

Ignored nodes: comments, script, style
[36m<html>[31m
  [36m<head />[31m
  [36m<body>[31m
    [36m<div>[31m
      [36m<div[31m
        [33mclass[31m=[32m"schedulingManagement"[31m
      [36m>[31m
        [36m<div[31m
          [33mclass[31m=[32m"header"[31m
        [36m>[31m
          [36m<h2>[31m
            [0mLesson Time Slot Management[0m
          [36m</h2>[31m
          [36m<button[31m
            [33mclass[31m=[32m"button primary medium"[31m
            [33mtype[31m=[32m"button"[31m
          [36m>[31m
            [0m+ Add New Time Slot[0m
          [36m</button>[31m
        [36m</div>[31m
        [36m<div[31m
          [33mclass[31m=[32m"slotsList"[31m
        [36m>[31m
          [36m<div[31m
            [33mclass[31m=[32m"card default padding-medium slotCard"[31m
          [36m>[31m
            [36m<div[31m
              [33mclass[31m=[32m"slotHeader"[31m
            [36m>[31m
              [36m<div[31m
                [33mclass[31m=[32m"slotDateTime"[31m
              [36m>[31m
                [36m<span[31m
                  [33mclass[31m=[32m"date"[31m
                [36m>[31m
                  [0mMon, Dec 15[0m
                [36m</span>[31m
                [36m<span[31m
                  [33mclass[31m=[32m"time"[31m
                [36m>[31m
                  [0m9:00 AM[0m
                  [0m - [0m
                  [0m10:00 AM[0m
                [36m</span>[31m
              [36m</div>[31m
              [36m<span[31m
                [33mclass[31m=[32m"status available"[31m
              [36m>[31m
                [0mAvailable[0m
              [36m</span>[31m
            [36m</div>[31m
            [36m<div[31m
              [33mclass[31m=[32m"slotDetails"[31m
            [36m>[31m
              [36m<div[31m
                [33mclass[31m=[32m"detail"[31m
              [36m>[31m
                [36m<span[31m
                  [33mclass[31m=[32m"label"[31m
                [36m>[31m
                  [0mLocation:[0m
                [36m</span>[31m
                [36m<span>[31m
                  [0mTest Location[0m
                [36m</span>[31m
              [36m</div>[31m
              [36m<div[31m
                [33mclass[31m=[32m"detail"[31m
              [36m>[31m
                [36m<span[31m
                  [33mclass[31m=[32m"label"[31m
                [36m>[31m
                  [0mInstructor:[0m
                [36m</span>[31m
                [36m<span>[31m
                  [0mTest Instructor[0m
                [36m</span>[31m
              [36m</div>[31m
              [36m<div[31m
                [33mclass[31m=[32m"detail"[31m
              [36m>[31m
                [36m<span[31m
                  [33mclass[31m=[32m"label"[31m
                [36m>[31m
                  [0mNotes:[0m
                [36m</span>[31m
                [36m<span>[31m
                  [0mTest slot[0m
                [36m</span>[31m
              [36m</div>[31m
            [36m</div>[31m
            [36m<div[31m
              [33mclass[31m=[32m"slotActions"[31m
            [36m>[31m
              [36m<button[31m
                [33mclass[31m=[32m"button primary small"[31m
                [33mtype[31m=[32m"button"[31m
              [36m>[31m
                [0mAssign Student[0m
              [36m</button>[31m
              [36m<button[31m
                [33mclass[31m=[32m"button outline small"[31m
                [33mtype[31m=[32m"button"[31m
              [36m>[31m
                [0mEdit[0m
              [36m</button>[31m
              [36m<button[31m
                [33mclass[31m=[32m"button danger small"[31m
                [33mtype[31m=[32m"button"[31m
              [36m>[31m
                [0mDelete[0m
              [36m</button>[31m
            [36m</div>[31m
          [36m</div>[31m
          [36m<div[31m
            [33mclass[31m=[32m"card default padding-medium slotCard"[31m
          [36m>[31m
            [36m<div[31m
              [33mclass[31m=[32m"slotHeader"[31m
            [36m>[31m
              [36m<div[31m
                [33mclass[31m=[32m"slotDateTime"[31m
              [36m>[31m
                [36m<span[31m
                  [33mclass[31m=[32m"date"[31m
                [36m>[31m
                  [0mMon, Dec 15[0m
                [36m</span>[31m
                [36m<span[31m
                  [33mclass[31m=[32m"time"[31m
                [36m>[31m
                  [0m10:00 AM[0m
                  [0m - [0m
                  [0m11:00 AM[0m
                [36m</span>[31m
              [36m</div>[31m
              [36m<span[31m
                [33mclass[31m=[32m"status assigned"[31m
              [36m>[31m
                [0mAssigned[0m
              [36m</span>[31m
            [36m</div>[31m
            [36m<div[31m
              [33mclass[31m=[32m"slotDetails"[31m
            [36m>[31m
              [36m<div[31m
                [33mclass[31m=[32m"detail"[31m
              [36m>[31m
                [36m<span[31m
                  [33mclass[31m=[32m"label"[31m
                [36m>[31m
                  [0mLocation:[0m
                [36m</span>[31m
                [36m<span>[31m
                  [0mTest Location 2[0m
                [36m</span>[31m
              [36m</div>[31m
              [36m<div[31m
                [33mclass[31m=[32m"detail"[31m
              [36m>[31m
                [36m<span[31m
                  [33mclass[31m=[32m"label"[31m
                [36m>[31m
                  [0mInstructor:[0m
                [36m</span>[31m
                [36m<span>[31m
                  [0mTest Instructor 2[0m
                [36m</span>[31m
              [36m</div>[31m
              [36m<div[31m
                [33mclass[31m=[32m"detail"[31m
              [36m>[31m
                [36m<span[31m
                  [33mclass[31m=[32m"label"[31m
                [36m>[31m
                  [0mAssigned to:[0m
                [36m</span>[31m
                [36m<span>[31m
                  [0mstudent-123[0m
                [36m</span>[31m
              [36m</div>[31m
            [36m</div>[31m
            [36m<div[31m
              [33mclass[31m=[32m"slotActions"[31m
            [36m>[31m
              [36m<button[31m
                [33mclass[31m=[32m"button secondary small"[31m
                [33mtype[31m=[32m"button"[31m
              [36m>[31m
                [0mUnassign[0m
              [36m</button>[31m
              [36m<button[31m
                [33mclass[31m=[32m"button outline small"[31m
                [33mtype[31m=[32m"button"[31m
              [36m>[31m
                [0mEdit[0m
              [36m</button>[31m
              [36m<button[31m
                [33mclass[31m=[32m"button danger small"[31m
                [33mtype[31m=[32m"button"[31m
              [36m>[31m
                [0mDelete[0m
              [36m</button>[31m
            [36m</div>[31m
          [36m</div>[31m
        [36m</div>[31m
      [36m</div>[31m
    [36m</div>[31m
  [36m</body>[31m
[36m</html>[31m[39m
stderr | src/hooks/__tests__/useAdminPanel.test.js > useAdminPanel > loadUsers handles errors
Error loading users: Error: Fetch failed
    at C:\Users\Cole\Documents\Antigravity Fastrack Workspace\Fastrack-Learning_Management-System\src\hooks\__tests__\useAdminPanel.test.js:41:73
    at file:///C:/Users/Cole/Documents/Antigravity%20Fastrack%20Workspace/Fastrack-Learning_Management-System/node_modules/@vitest/runner/dist/index.js:135:14
    at file:///C:/Users/Cole/Documents/Antigravity%20Fastrack%20Workspace/Fastrack-Learning_Management-System/node_modules/@vitest/runner/dist/index.js:60:26
    at runTest (file:///C:/Users/Cole/Documents/Antigravity%20Fastrack%20Workspace/Fastrack-Learning_Management-System/node_modules/@vitest/runner/dist/index.js:781:17)
    at runSuite (file:///C:/Users/Cole/Documents/Antigravity%20Fastrack%20Workspace/Fastrack-Learning_Management-System/node_modules/@vitest/runner/dist/index.js:909:15)
    at runSuite (file:///C:/Users/Cole/Documents/Antigravity%20Fastrack%20Workspace/Fastrack-Learning_Management-System/node_modules/@vitest/runner/dist/index.js:909:15)
    at runFiles (file:///C:/Users/Cole/Documents/Antigravity%20Fastrack%20Workspace/Fastrack-Learning_Management-System/node_modules/@vitest/runner/dist/index.js:958:5)
    at startTests (file:///C:/Users/Cole/Documents/Antigravity%20Fastrack%20Workspace/Fastrack-Learning_Management-System/node_modules/@vitest/runner/dist/index.js:967:3)
    at file:///C:/Users/Cole/Documents/Antigravity%20Fastrack%20Workspace/Fastrack-Learning_Management-System/node_modules/vitest/dist/chunks/runtime-runBaseTests.oAvMKtQC.js:116:7
    at withEnv (file:///C:/Users/Cole/Documents/Antigravity%20Fastrack%20Workspace/Fastrack-Learning_Management-System/node_modules/vitest/dist/chunks/runtime-runBaseTests.oAvMKtQC.js:83:5)

 [32mÎ“Â£Ã´[39m src/hooks/__tests__/useAdminPanel.test.js [2m ([22m[2m6 tests[22m[2m)[22m[90m 162[2mms[22m[39m
Cannot parse C:/Users/Cole/Documents/Antigravity Fastrack Workspace/Fastrack-Learning_Management-System/src/pages/CoursePlayer/CoursePlayerPage.quiz.integration.test.js:
Expression expected
 [33mÎ“Â¥Â»[39m src/pages/CoursePlayer/CoursePlayerPage.quiz.integration.test.js [2m ([22m[2m0 test[22m[2m)[22m
(node:24968) MetadataLookupWarning: received unexpected error = fetch failed code = UNKNOWN
(Use `node --trace-warnings ...` to show where the warning was created)
Cannot parse C:/Users/Cole/Documents/Antigravity Fastrack Workspace/Fastrack-Learning_Management-System/src/components/admin/__tests__/SchedulingManagement.assignment.test.js:
Expression expected
 [33mÎ“Â¥Â»[39m src/components/admin/__tests__/SchedulingManagement.assignment.test.js [2m ([22m[2m0 test[22m[2m)[22m
 [32mÎ“Â£Ã´[39m src/utils/__tests__/dateTimeFormatter.test.js [2m ([22m[2m11 tests[22m[2m)[22m[90m 13[2mms[22m[39m
 [32mÎ“Â£Ã´[39m src/context/TimerContext.test.jsx [2m ([22m[2m30 tests[22m[2m)[22m[33m 399[2mms[22m[39m
 [33mÎ“Â¥Â»[39m src/pages/Admin/__tests__/AdminPlaceholderPages.test.jsx [2m ([22m[2m0 test[22m[2m)[22m
stderr | src/pages/Admin/__tests__/AuditLogsPage.test.jsx > AuditLogsPage > renders loading state initially
Warning: An update to AuditLogsPage inside a test was not wrapped in act(...).

When testing, code that causes React state updates should be wrapped into act(...):

act(() => {
  /* fire events that update state */
});
/* assert on the output */

This ensures that you're testing the behavior the user would see in the browser. Learn more at https://reactjs.org/link/wrap-tests-with-act
    at AuditLogsPage (C:\Users\Cole\Documents\Antigravity Fastrack Workspace\Fastrack-Learning_Management-System\src\pages\Admin\AuditLogsPage.jsx:17:49)

stderr | src/hooks/admin/__tests__/useDashboardStats.test.js > useDashboardStats > handles errors gracefully
Error fetching dashboard stats: Error: Network error
    at C:\Users\Cole\Documents\Antigravity Fastrack Workspace\Fastrack-Learning_Management-System\src\hooks\admin\__tests__\useDashboardStats.test.js:94:23
    at file:///C:/Users/Cole/Documents/Antigravity%20Fastrack%20Workspace/Fastrack-Learning_Management-System/node_modules/@vitest/runner/dist/index.js:135:14
    at file:///C:/Users/Cole/Documents/Antigravity%20Fastrack%20Workspace/Fastrack-Learning_Management-System/node_modules/@vitest/runner/dist/index.js:60:26
    at runTest (file:///C:/Users/Cole/Documents/Antigravity%20Fastrack%20Workspace/Fastrack-Learning_Management-System/node_modules/@vitest/runner/dist/index.js:781:17)
    at runSuite (file:///C:/Users/Cole/Documents/Antigravity%20Fastrack%20Workspace/Fastrack-Learning_Management-System/node_modules/@vitest/runner/dist/index.js:909:15)
    at runSuite (file:///C:/Users/Cole/Documents/Antigravity%20Fastrack%20Workspace/Fastrack-Learning_Management-System/node_modules/@vitest/runner/dist/index.js:909:15)
    at runFiles (file:///C:/Users/Cole/Documents/Antigravity%20Fastrack%20Workspace/Fastrack-Learning_Management-System/node_modules/@vitest/runner/dist/index.js:958:5)
    at startTests (file:///C:/Users/Cole/Documents/Antigravity%20Fastrack%20Workspace/Fastrack-Learning_Management-System/node_modules/@vitest/runner/dist/index.js:967:3)
    at file:///C:/Users/Cole/Documents/Antigravity%20Fastrack%20Workspace/Fastrack-Learning_Management-System/node_modules/vitest/dist/chunks/runtime-runBaseTests.oAvMKtQC.js:116:7
    at withEnv (file:///C:/Users/Cole/Documents/Antigravity%20Fastrack%20Workspace/Fastrack-Learning_Management-System/node_modules/vitest/dist/chunks/runtime-runBaseTests.oAvMKtQC.js:83:5)

stderr | src/pages/Admin/__tests__/AuditLogsPage.test.jsx > AuditLogsPage > handles error state
Error loading audit logs: Error: API Error
    at C:\Users\Cole\Documents\Antigravity Fastrack Workspace\Fastrack-Learning_Management-System\src\pages\Admin\__tests__\AuditLogsPage.test.jsx:66:57
    at file:///C:/Users/Cole/Documents/Antigravity%20Fastrack%20Workspace/Fastrack-Learning_Management-System/node_modules/@vitest/runner/dist/index.js:135:14
    at file:///C:/Users/Cole/Documents/Antigravity%20Fastrack%20Workspace/Fastrack-Learning_Management-System/node_modules/@vitest/runner/dist/index.js:60:26
    at runTest (file:///C:/Users/Cole/Documents/Antigravity%20Fastrack%20Workspace/Fastrack-Learning_Management-System/node_modules/@vitest/runner/dist/index.js:781:17)
    at runNextTicks (node:internal/process/task_queues:65:5)
    at processTimers (node:internal/timers:520:9)
    at runSuite (file:///C:/Users/Cole/Documents/Antigravity%20Fastrack%20Workspace/Fastrack-Learning_Management-System/node_modules/@vitest/runner/dist/index.js:909:15)
    at runSuite (file:///C:/Users/Cole/Documents/Antigravity%20Fastrack%20Workspace/Fastrack-Learning_Management-System/node_modules/@vitest/runner/dist/index.js:909:15)
    at runFiles (file:///C:/Users/Cole/Documents/Antigravity%20Fastrack%20Workspace/Fastrack-Learning_Management-System/node_modules/@vitest/runner/dist/index.js:958:5)
    at startTests (file:///C:/Users/Cole/Documents/Antigravity%20Fastrack%20Workspace/Fastrack-Learning_Management-System/node_modules/@vitest/runner/dist/index.js:967:3)

 [32mÎ“Â£Ã´[39m src/hooks/admin/__tests__/useDashboardStats.test.js [2m ([22m[2m3 tests[22m[2m)[22m[90m 235[2mms[22m[39m
stderr | src/pages/Admin/__tests__/AuditLogsPage.test.jsx > AuditLogsPage > handles filter changes
Warning: An update to AuditLogsPage inside a test was not wrapped in act(...).

When testing, code that causes React state updates should be wrapped into act(...):

act(() => {
  /* fire events that update state */
});
/* assert on the output */

This ensures that you're testing the behavior the user would see in the browser. Learn more at https://reactjs.org/link/wrap-tests-with-act
    at AuditLogsPage (C:\Users\Cole\Documents\Antigravity Fastrack Workspace\Fastrack-Learning_Management-System\src\pages\Admin\AuditLogsPage.jsx:17:49)
Warning: An update to AuditLogsPage inside a test was not wrapped in act(...).

When testing, code that causes React state updates should be wrapped into act(...):

act(() => {
  /* fire events that update state */
});
/* assert on the output */

This ensures that you're testing the behavior the user would see in the browser. Learn more at https://reactjs.org/link/wrap-tests-with-act
    at AuditLogsPage (C:\Users\Cole\Documents\Antigravity Fastrack Workspace\Fastrack-Learning_Management-System\src\pages\Admin\AuditLogsPage.jsx:17:49)
Warning: An update to AuditLogsPage inside a test was not wrapped in act(...).

When testing, code that causes React state updates should be wrapped into act(...):

act(() => {
  /* fire events that update state */
});
/* assert on the output */

This ensures that you're testing the behavior the user would see in the browser. Learn more at https://reactjs.org/link/wrap-tests-with-act
    at AuditLogsPage (C:\Users\Cole\Documents\Antigravity Fastrack Workspace\Fastrack-Learning_Management-System\src\pages\Admin\AuditLogsPage.jsx:17:49)
Warning: An update to AuditLogsPage inside a test was not wrapped in act(...).

When testing, code that causes React state updates should be wrapped into act(...):

act(() => {
  /* fire events that update state */
});
/* assert on the output */

This ensures that you're testing the behavior the user would see in the browser. Learn more at https://reactjs.org/link/wrap-tests-with-act
    at AuditLogsPage (C:\Users\Cole\Documents\Antigravity Fastrack Workspace\Fastrack-Learning_Management-System\src\pages\Admin\AuditLogsPage.jsx:17:49)

 [32mÎ“Â£Ã´[39m src/pages/Admin/__tests__/AuditLogsPage.test.jsx [2m ([22m[2m5 tests[22m[2m)[22m[33m 703[2mms[22m[39m
 [33mÎ“Â¥Â»[39m src/pages/Admin/__tests__/EnrollmentManagementPage.test.jsx [2m ([22m[2m0 test[22m[2m)[22m
 [32mÎ“Â£Ã´[39m src/api/enrollment/__tests__/paymentServices.test.js [2m ([22m[2m3 tests[22m[2m)[22m[90m 20[2mms[22m[39m
stderr | src/components/admin/dashboard/__tests__/CertificatesWidget.test.jsx > CertificatesWidget > renders loading state correctly
Î“ÃœÃ¡âˆ©â••Ã… React Router Future Flag Warning: React Router will begin wrapping state updates in `React.startTransition` in v7. You can use the `v7_startTransition` future flag to opt-in early. For more information, see https://reactrouter.com/v6/upgrading/future#v7_starttransition.
Î“ÃœÃ¡âˆ©â••Ã… React Router Future Flag Warning: Relative route resolution within Splat routes is changing in v7. You can use the `v7_relativeSplatPath` future flag to opt-in early. For more information, see https://reactrouter.com/v6/upgrading/future#v7_relativesplatpath.

 [33mÎ“Â¥Â»[39m src/components/admin/dashboard/__tests__/CertificatesWidget.test.jsx [2m ([22m[2m3 tests[22m [2m|[22m [31m1 failed[39m[2m)[22m[90m 158[2mms[22m[39m
[31m   [33mÎ“Â¥Â»[31m src/components/admin/dashboard/__tests__/CertificatesWidget.test.jsx[2m > [22mCertificatesWidget[2m > [22mnavigates to certificates page on click[39m
[31m     Î“Ã¥Ã† expected "spy" to be called with arguments: [ '/admin/certificates' ][90m

Received: 

[31m[90m

Number of calls: [1m0[22m
[31m[39m
 [32mÎ“Â£Ã´[39m src/api/admin/__tests__/auditLogServices.test.js [2m ([22m[2m2 tests[22m[2m)[22m[90m 17[2mms[22m[39m
 [32mÎ“Â£Ã´[39m src/services/__tests__/errorTrackingService.test.js [2m ([22m[2m6 tests[22m[2m)[22m[33m 1324[2mms[22m[39m
stderr | src/components/layout/Header/__tests__/Header.test.jsx > Header > renders navigation links
Î“ÃœÃ¡âˆ©â••Ã… React Router Future Flag Warning: React Router will begin wrapping state updates in `React.startTransition` in v7. You can use the `v7_startTransition` future flag to opt-in early. For more information, see https://reactrouter.com/v6/upgrading/future#v7_starttransition.
Î“ÃœÃ¡âˆ©â••Ã… React Router Future Flag Warning: Relative route resolution within Splat routes is changing in v7. You can use the `v7_relativeSplatPath` future flag to opt-in early. For more information, see https://reactrouter.com/v6/upgrading/future#v7_relativesplatpath.

stderr | src/components/layout/Header/__tests__/Header.test.jsx > Header > calls logout function on click
Warning: An update to MemoryRouter inside a test was not wrapped in act(...).

When testing, code that causes React state updates should be wrapped into act(...):

act(() => {
  /* fire events that update state */
});
/* assert on the output */

This ensures that you're testing the behavior the user would see in the browser. Learn more at https://reactjs.org/link/wrap-tests-with-act
    at MemoryRouter (C:\Users\Cole\Documents\Antigravity Fastrack Workspace\Fastrack-Learning_Management-System\node_modules\react-router\dist\umd\react-router.development.js:1101:7)

 [32mÎ“Â£Ã´[39m src/components/layout/Header/__tests__/Header.test.jsx [2m ([22m[2m4 tests[22m[2m)[22m[33m 315[2mms[22m[39m
 [32mÎ“Â£Ã´[39m src/components/common/Input/__tests__/Input.test.jsx [2m ([22m[2m5 tests[22m[2m)[22m[90m 129[2mms[22m[39m
 [32mÎ“Â£Ã´[39m src/pages/Admin/__tests__/AdminDashboard.test.jsx [2m ([22m[2m3 tests[22m[2m)[22m[33m 343[2mms[22m[39m
 [32mÎ“Â£Ã´[39m src/components/admin/dashboard/__tests__/ActivityWidget.test.jsx [2m ([22m[2m3 tests[22m[2m)[22m[90m 121[2mms[22m[39m
 [32mÎ“Â£Ã´[39m src/components/common/Button/__tests__/Button.test.jsx [2m ([22m[2m5 tests[22m[2m)[22m[33m 899[2mms[22m[39m
 [32mÎ“Â£Ã´[39m src/hooks/__tests__/useAdminNavigation.test.js [2m ([22m[2m3 tests[22m[2m)[22m[90m 54[2mms[22m[39m
 [32mÎ“Â£Ã´[39m src/api/admin/__tests__/detsServices.test.js [2m ([22m[2m2 tests[22m[2m)[22m[90m 21[2mms[22m[39m
 [32mÎ“Â£Ã´[39m src/components/common/Badge/__tests__/Badge.test.jsx [2m ([22m[2m3 tests[22m[2m)[22m[90m 82[2mms[22m[39m
 [32mÎ“Â£Ã´[39m src/api/compliance/__tests__/schedulingServices.assignment.test.js [2m ([22m[2m3 tests[22m[2m)[22m[90m 6[2mms[22m[39m
 [33mÎ“Â¥Â»[39m src/components/layout/AdminSidebar/__tests__/AdminSidebar.test.jsx [2m ([22m[2m0 test[22m[2m)[22m
stderr | functions/src/user/__tests__/userFunctions.test.js > User Functions > createUser > should handle auth creation errors
Error creating user: Error: Email already exists
    at C:\Users\Cole\Documents\Antigravity Fastrack Workspace\Fastrack-Learning_Management-System\functions\src\user\__tests__\userFunctions.test.js:245:9
    at file:///C:/Users/Cole/Documents/Antigravity%20Fastrack%20Workspace/Fastrack-Learning_Management-System/node_modules/@vitest/runner/dist/index.js:135:14
    at file:///C:/Users/Cole/Documents/Antigravity%20Fastrack%20Workspace/Fastrack-Learning_Management-System/node_modules/@vitest/runner/dist/index.js:60:26
    at runTest (file:///C:/Users/Cole/Documents/Antigravity%20Fastrack%20Workspace/Fastrack-Learning_Management-System/node_modules/@vitest/runner/dist/index.js:781:17)
    at runSuite (file:///C:/Users/Cole/Documents/Antigravity%20Fastrack%20Workspace/Fastrack-Learning_Management-System/node_modules/@vitest/runner/dist/index.js:909:15)
    at runSuite (file:///C:/Users/Cole/Documents/Antigravity%20Fastrack%20Workspace/Fastrack-Learning_Management-System/node_modules/@vitest/runner/dist/index.js:909:15)
    at runSuite (file:///C:/Users/Cole/Documents/Antigravity%20Fastrack%20Workspace/Fastrack-Learning_Management-System/node_modules/@vitest/runner/dist/index.js:909:15)
    at runFiles (file:///C:/Users/Cole/Documents/Antigravity%20Fastrack%20Workspace/Fastrack-Learning_Management-System/node_modules/@vitest/runner/dist/index.js:958:5)
    at startTests (file:///C:/Users/Cole/Documents/Antigravity%20Fastrack%20Workspace/Fastrack-Learning_Management-System/node_modules/@vitest/runner/dist/index.js:967:3)
    at file:///C:/Users/Cole/Documents/Antigravity%20Fastrack%20Workspace/Fastrack-Learning_Management-System/node_modules/vitest/dist/chunks/runtime-runBaseTests.oAvMKtQC.js:116:7

 [32mÎ“Â£Ã´[39m src/components/common/Card/__tests__/Card.test.jsx [2m ([22m[2m3 tests[22m[2m)[22m[33m 450[2mms[22m[39m
(node:24968) MetadataLookupWarning: received unexpected error = fetch failed code = UNKNOWN
(node:24968) MetadataLookupWarning: received unexpected error = fetch failed code = UNKNOWN
 [32mÎ“Â£Ã´[39m src/components/layout/Sidebar/__tests__/Sidebar.test.jsx [2m ([22m[2m2 tests[22m[2m)[22m[90m 105[2mms[22m[39m
stderr | src/components/layout/Sidebar/__tests__/Sidebar.test.jsx > Sidebar > renders standard navigation items
Î“ÃœÃ¡âˆ©â••Ã… React Router Future Flag Warning: React Router will begin wrapping state updates in `React.startTransition` in v7. You can use the `v7_startTransition` future flag to opt-in early. For more information, see https://reactrouter.com/v6/upgrading/future#v7_starttransition.
Î“ÃœÃ¡âˆ©â••Ã… React Router Future Flag Warning: Relative route resolution within Splat routes is changing in v7. You can use the `v7_relativeSplatPath` future flag to opt-in early. For more information, see https://reactrouter.com/v6/upgrading/future#v7_relativesplatpath.

 [32mÎ“Â£Ã´[39m src/simple.test.js [2m ([22m[2m1 test[22m[2m)[22m[90m 5[2mms[22m[39m
 [32mÎ“Â£Ã´[39m src/components/admin/dashboard/__tests__/RevenueWidget.test.jsx [2m ([22m[2m3 tests[22m[2m)[22m[90m 71[2mms[22m[39m
 [33mÎ“Â¥Â»[39m functions/src/user/__tests__/userFunctions.test.js [2m ([22m[2m11 tests[22m [2m|[22m [31m2 failed[39m [2m|[22m [33m5 skipped[39m[2m)[22m[33m 20124[2mms[22m[39m
[31m   [33mÎ“Â¥Â»[31m functions/src/user/__tests__/userFunctions.test.js[2m > [22mUser Functions[2m > [22mcreateUser[2m > [22mshould log audit event on user creation[39m
[31m     Î“Ã¥Ã† Test timed out in 10000ms.
If this is a long-running test, pass a timeout value as the last argument or configure it globally with "testTimeout".[39m
[31m   [33mÎ“Â¥Â»[31m functions/src/user/__tests__/userFunctions.test.js[2m > [22mUser Functions[2m > [22mcreateUser[2m > [22mshould return user document in response[39m
[31m     Î“Ã¥Ã† Test timed out in 10000ms.
If this is a long-running test, pass a timeout value as the last argument or configure it globally with "testTimeout".[39m

Î“Ã„Â»Î“Ã„Â»Î“Ã„Â»Î“Ã„Â»Î“Ã„Â»Î“Ã„Â» Failed Suites 14 Î“Ã„Â»Î“Ã„Â»Î“Ã„Â»Î“Ã„Â»Î“Ã„Â»Î“Ã„Â»

 FAIL  src/context/AuthContext.test.js [ src/context/AuthContext.test.js ]
 FAIL  src/context/CourseContext.test.js [ src/context/CourseContext.test.js ]
 FAIL  src/context/ModalContext.test.js [ src/context/ModalContext.test.js ]
 FAIL  src/pages/CoursePlayer/CoursePlayerPage.quiz.integration.test.js [ src/pages/CoursePlayer/CoursePlayerPage.quiz.integration.test.js ]
 FAIL  src/components/auth/__tests__/ForcePasswordChangeModal.integration.test.js [ src/components/auth/__tests__/ForcePasswordChangeModal.integration.test.js ]
 FAIL  src/pages/Admin/__tests__/AdminPage.userManagement.integration.test.js [ src/pages/Admin/__tests__/AdminPage.userManagement.integration.test.js ]
Error: Failed to parse source for import analysis because the content contains invalid JS syntax. If you are using JSX, make sure to name the file with the .jsx or .tsx extension.
 Î“Â¥Â» TransformPluginContext._formatError ../../Antigravity%20Fastrack%20Workspace/Fastrack-Learning_Management-System/node_modules/vite/dist/node/chunks/dep-BK3b2jBa.js:49258:41
 Î“Â¥Â» TransformPluginContext.error ../../Antigravity%20Fastrack%20Workspace/Fastrack-Learning_Management-System/node_modules/vite/dist/node/chunks/dep-BK3b2jBa.js:49253:16
 Î“Â¥Â» TransformPluginContext.transform ../../Antigravity%20Fastrack%20Workspace/Fastrack-Learning_Management-System/node_modules/vite/dist/node/chunks/dep-BK3b2jBa.js:64259:14
 Î“Â¥Â» PluginContainer.transform ../../Antigravity%20Fastrack%20Workspace/Fastrack-Learning_Management-System/node_modules/vite/dist/node/chunks/dep-BK3b2jBa.js:49099:18
 Î“Â¥Â» loadAndTransform ../../Antigravity%20Fastrack%20Workspace/Fastrack-Learning_Management-System/node_modules/vite/dist/node/chunks/dep-BK3b2jBa.js:51978:27

Î“Ã„Â»Î“Ã„Â»Î“Ã„Â»Î“Ã„Â»Î“Ã„Â»Î“Ã„Â»Î“Ã„Â»Î“Ã„Â»Î“Ã„Â»Î“Ã„Â»Î“Ã„Â»Î“Ã„Â»Î“Ã„Â»Î“Ã„Â»Î“Ã„Â»Î“Ã„Â»Î“Ã„Â»Î“Ã„Â»Î“Ã„Â»Î“Ã„Â»Î“Ã„Â»Î“Ã„Â»Î“Ã„Â»[1/36]Î“Ã„Â»

 FAIL  src/components/common/Quiz/Quiz.test.js [ src/components/common/Quiz/Quiz.test.js ]
 FAIL  src/components/admin/__tests__/SchedulingManagement.assignment.test.js [ src/components/admin/__tests__/SchedulingManagement.assignment.test.js ]
 FAIL  src/components/admin/tabs/__tests__/UserManagementTab.createUser.integration.test.js [ src/components/admin/tabs/__tests__/UserManagementTab.createUser.integration.test.js ]
Error: Expression expected
 Î“Â¥Â» getRollupError ../../Antigravity%20Fastrack%20Workspace/Fastrack-Learning_Management-System/node_modules/vite/node_modules/rollup/dist/es/shared/parseAst.js:401:41
 Î“Â¥Â» convertProgram ../../Antigravity%20Fastrack%20Workspace/Fastrack-Learning_Management-System/node_modules/vite/node_modules/rollup/dist/es/shared/parseAst.js:1098:26
 Î“Â¥Â» parseAstAsync ../../Antigravity%20Fastrack%20Workspace/Fastrack-Learning_Management-System/node_modules/vite/node_modules/rollup/dist/es/shared/parseAst.js:2084:106
 Î“Â¥Â» ssrTransformScript ../../Antigravity%20Fastrack%20Workspace/Fastrack-Learning_Management-System/node_modules/vite/dist/node/chunks/dep-BK3b2jBa.js:52430:11

Î“Ã„Â»Î“Ã„Â»Î“Ã„Â»Î“Ã„Â»Î“Ã„Â»Î“Ã„Â»Î“Ã„Â»Î“Ã„Â»Î“Ã„Â»Î“Ã„Â»Î“Ã„Â»Î“Ã„Â»Î“Ã„Â»Î“Ã„Â»Î“Ã„Â»Î“Ã„Â»Î“Ã„Â»Î“Ã„Â»Î“Ã„Â»Î“Ã„Â»Î“Ã„Â»Î“Ã„Â»Î“Ã„Â»[2/36]Î“Ã„Â»

 FAIL  src/api/enrollment/__tests__/enrollmentServices.concurrent.test.js [ src/api/enrollment/__tests__/enrollmentServices.concurrent.test.js ]
Error: [vitest] There was an error when mocking a module. If you are using "vi.mock" factory, make sure there are no top level variables inside, since this call is hoisted to top of the file. Read more: https://vitest.dev/api/vi.html#vi-mock
 Î“Â¥Â» src/api/enrollment/enrollmentServices.js:3:31
      1| import { doc, serverTimestamp, writeBatch, increment } from 'firebase/Î“Ã‡Âª
      2| import { db } from '../../config/firebase.js';
      3| import { EnrollmentError, ValidationError } from '../errors/ApiError.jÎ“Ã‡Âª
       |                               ^
      4| import ServiceBase from '../base/ServiceBase.js';
      5| import { getFirestoreTimestamps } from '../../utils/api/timestampHelpeÎ“Ã‡Âª

Caused by: ReferenceError: Cannot access '__vi_import_1__' before initialization
 Î“Â¥Â» src/api/enrollment/__tests__/enrollmentServices.concurrent.test.js:38:22
 Î“Â¥Â» src/api/enrollment/enrollmentServices.js:3:31

Î“Ã„Â»Î“Ã„Â»Î“Ã„Â»Î“Ã„Â»Î“Ã„Â»Î“Ã„Â»Î“Ã„Â»Î“Ã„Â»Î“Ã„Â»Î“Ã„Â»Î“Ã„Â»Î“Ã„Â»Î“Ã„Â»Î“Ã„Â»Î“Ã„Â»Î“Ã„Â»Î“Ã„Â»Î“Ã„Â»Î“Ã„Â»Î“Ã„Â»Î“Ã„Â»Î“Ã„Â»Î“Ã„Â»[3/36]Î“Ã„Â»

 FAIL  src/pages/Admin/__tests__/AdminPage.comprehensive.test.jsx [ src/pages/Admin/__tests__/AdminPage.comprehensive.test.jsx ]
Error: Failed to resolve import "../AdminPage" from "src/pages/Admin/__tests__/AdminPage.comprehensive.test.jsx". Does the file exist?
 Î“Â¥Â» TransformPluginContext._formatError ../../Antigravity%20Fastrack%20Workspace/Fastrack-Learning_Management-System/node_modules/vite/dist/node/chunks/dep-BK3b2jBa.js:49258:41
 Î“Â¥Â» TransformPluginContext.error ../../Antigravity%20Fastrack%20Workspace/Fastrack-Learning_Management-System/node_modules/vite/dist/node/chunks/dep-BK3b2jBa.js:49253:16
 Î“Â¥Â» normalizeUrl ../../Antigravity%20Fastrack%20Workspace/Fastrack-Learning_Management-System/node_modules/vite/dist/node/chunks/dep-BK3b2jBa.js:64307:23
 Î“Â¥Â» async file:/C:/Users/Cole/Documents/Antigravity%20Fastrack%20Workspace/Fastrack-Learning_Management-System/node_modules/vite/dist/node/chunks/dep-BK3b2jBa.js:64439:39
 Î“Â¥Â» TransformPluginContext.transform ../../Antigravity%20Fastrack%20Workspace/Fastrack-Learning_Management-System/node_modules/vite/dist/node/chunks/dep-BK3b2jBa.js:64366:7
 Î“Â¥Â» PluginContainer.transform ../../Antigravity%20Fastrack%20Workspace/Fastrack-Learning_Management-System/node_modules/vite/dist/node/chunks/dep-BK3b2jBa.js:49099:18
 Î“Â¥Â» loadAndTransform ../../Antigravity%20Fastrack%20Workspace/Fastrack-Learning_Management-System/node_modules/vite/dist/node/chunks/dep-BK3b2jBa.js:51978:27

Î“Ã„Â»Î“Ã„Â»Î“Ã„Â»Î“Ã„Â»Î“Ã„Â»Î“Ã„Â»Î“Ã„Â»Î“Ã„Â»Î“Ã„Â»Î“Ã„Â»Î“Ã„Â»Î“Ã„Â»Î“Ã„Â»Î“Ã„Â»Î“Ã„Â»Î“Ã„Â»Î“Ã„Â»Î“Ã„Â»Î“Ã„Â»Î“Ã„Â»Î“Ã„Â»Î“Ã„Â»Î“Ã„Â»[4/36]Î“Ã„Â»

 FAIL  src/pages/Admin/__tests__/AdminPlaceholderPages.test.jsx [ src/pages/Admin/__tests__/AdminPlaceholderPages.test.jsx ]
Error: [vitest] There was an error when mocking a module. If you are using "vi.mock" factory, make sure there are no top level variables inside, since this call is hoisted to top of the file. Read more: https://vitest.dev/api/vi.html#vi-mock
 Î“Â¥Â» src/components/admin/tabs/UserManagementTab.jsx:3:31
      1| import React, { useState, useEffect } from 'react';
      2| import { useAuth } from '../../../context/AuthContext';
      3| import { USER_ROLES, getRoleDisplayName } from '../../../constants/useÎ“Ã‡Âª
       |                               ^
      4| import Card from '../../common/Card/Card';
      5| import Button from '../../common/Button/Button';

Caused by: ReferenceError: React is not defined
 Î“Â¥Â» src/pages/Admin/__tests__/AdminPlaceholderPages.test.jsx:17:16
 Î“Â¥Â» src/components/admin/tabs/UserManagementTab.jsx:3:31

Î“Ã„Â»Î“Ã„Â»Î“Ã„Â»Î“Ã„Â»Î“Ã„Â»Î“Ã„Â»Î“Ã„Â»Î“Ã„Â»Î“Ã„Â»Î“Ã„Â»Î“Ã„Â»Î“Ã„Â»Î“Ã„Â»Î“Ã„Â»Î“Ã„Â»Î“Ã„Â»Î“Ã„Â»Î“Ã„Â»Î“Ã„Â»Î“Ã„Â»Î“Ã„Â»Î“Ã„Â»Î“Ã„Â»[5/36]Î“Ã„Â»

 FAIL  src/pages/Admin/__tests__/EnrollmentManagementPage.test.jsx [ src/pages/Admin/__tests__/EnrollmentManagementPage.test.jsx ]
Error: Failed to resolve import "../../hooks/useAdminPanel" from "src/pages/Admin/__tests__/EnrollmentManagementPage.test.jsx". Does the file exist?
 Î“Â¥Â» TransformPluginContext._formatError ../../Antigravity%20Fastrack%20Workspace/Fastrack-Learning_Management-System/node_modules/vite/dist/node/chunks/dep-BK3b2jBa.js:49258:41
 Î“Â¥Â» TransformPluginContext.error ../../Antigravity%20Fastrack%20Workspace/Fastrack-Learning_Management-System/node_modules/vite/dist/node/chunks/dep-BK3b2jBa.js:49253:16
 Î“Â¥Â» normalizeUrl ../../Antigravity%20Fastrack%20Workspace/Fastrack-Learning_Management-System/node_modules/vite/dist/node/chunks/dep-BK3b2jBa.js:64307:23
 Î“Â¥Â» async file:/C:/Users/Cole/Documents/Antigravity%20Fastrack%20Workspace/Fastrack-Learning_Management-System/node_modules/vite/dist/node/chunks/dep-BK3b2jBa.js:64439:39
 Î“Â¥Â» TransformPluginContext.transform ../../Antigravity%20Fastrack%20Workspace/Fastrack-Learning_Management-System/node_modules/vite/dist/node/chunks/dep-BK3b2jBa.js:64366:7
 Î“Â¥Â» PluginContainer.transform ../../Antigravity%20Fastrack%20Workspace/Fastrack-Learning_Management-System/node_modules/vite/dist/node/chunks/dep-BK3b2jBa.js:49099:18
 Î“Â¥Â» loadAndTransform ../../Antigravity%20Fastrack%20Workspace/Fastrack-Learning_Management-System/node_modules/vite/dist/node/chunks/dep-BK3b2jBa.js:51978:27

Î“Ã„Â»Î“Ã„Â»Î“Ã„Â»Î“Ã„Â»Î“Ã„Â»Î“Ã„Â»Î“Ã„Â»Î“Ã„Â»Î“Ã„Â»Î“Ã„Â»Î“Ã„Â»Î“Ã„Â»Î“Ã„Â»Î“Ã„Â»Î“Ã„Â»Î“Ã„Â»Î“Ã„Â»Î“Ã„Â»Î“Ã„Â»Î“Ã„Â»Î“Ã„Â»Î“Ã„Â»Î“Ã„Â»[6/36]Î“Ã„Â»

 FAIL  src/components/layout/AdminSidebar/__tests__/AdminSidebar.test.jsx [ src/components/layout/AdminSidebar/__tests__/AdminSidebar.test.jsx ]
TypeError: "" is not a function
 Î“Â¥Â» src/components/layout/AdminSidebar/__tests__/AdminSidebar.test.jsx:1:1
      1| ```javascript
       | ^
      2| import { render, screen } from '@testing-library/react';
      3| import { describe, it, expect, vi } from 'vitest';

Î“Ã„Â»Î“Ã„Â»Î“Ã„Â»Î“Ã„Â»Î“Ã„Â»Î“Ã„Â»Î“Ã„Â»Î“Ã„Â»Î“Ã„Â»Î“Ã„Â»Î“Ã„Â»Î“Ã„Â»Î“Ã„Â»Î“Ã„Â»Î“Ã„Â»Î“Ã„Â»Î“Ã„Â»Î“Ã„Â»Î“Ã„Â»Î“Ã„Â»Î“Ã„Â»Î“Ã„Â»Î“Ã„Â»[7/36]Î“Ã„Â»

Î“Ã„Â»Î“Ã„Â»Î“Ã„Â»Î“Ã„Â»Î“Ã„Â»Î“Ã„Â» Failed Tests 22 Î“Ã„Â»Î“Ã„Â»Î“Ã„Â»Î“Ã„Â»Î“Ã„Â»Î“Ã„Â»Î“Ã„Â»

 FAIL  src/hooks/useComplianceHeartbeat.test.js > useComplianceHeartbeat > should call heartbeat function every 60 seconds
 FAIL  src/hooks/useComplianceHeartbeat.test.js > useComplianceHeartbeat > should call onHeartbeatSuccess callback on successful heartbeat
 FAIL  src/hooks/useComplianceHeartbeat.test.js > useComplianceHeartbeat > should call onLimitReached when daily limit is exceeded
 FAIL  src/hooks/useComplianceHeartbeat.test.js > useComplianceHeartbeat > should not send heartbeat when disabled
 FAIL  src/hooks/useComplianceHeartbeat.test.js > useComplianceHeartbeat > should not send heartbeat without required parameters
 FAIL  src/hooks/useComplianceHeartbeat.test.js > useComplianceHeartbeat > should call onHeartbeatError callback on error
TypeError: vi.mocked(...).mockReturnValue is not a function
 Î“Â¥Â» src/hooks/useComplianceHeartbeat.test.js:12:30
     10|     vi.clearAllMocks();
     11|     mockHeartbeatFn = vi.fn();
     12|     vi.mocked(httpsCallable).mockReturnValue(mockHeartbeatFn);
       |                              ^
     13|     vi.useFakeTimers();
     14|   });

Î“Ã„Â»Î“Ã„Â»Î“Ã„Â»Î“Ã„Â»Î“Ã„Â»Î“Ã„Â»Î“Ã„Â»Î“Ã„Â»Î“Ã„Â»Î“Ã„Â»Î“Ã„Â»Î“Ã„Â»Î“Ã„Â»Î“Ã„Â»Î“Ã„Â»Î“Ã„Â»Î“Ã„Â»Î“Ã„Â»Î“Ã„Â»Î“Ã„Â»Î“Ã„Â»Î“Ã„Â»Î“Ã„Â»[8/36]Î“Ã„Â»

 FAIL  functions/src/payment/__tests__/paymentFunctions.test.js > Payment Functions > createCheckoutSession > should throw error if user not authenticated
AssertionError: expected 'Failed to create checkout session: NeÎ“Ã‡Âª' to contain 'Neither user nor authenticated user'

- Expected
+ Received

- Neither user nor authenticated user
+ Failed to create checkout session: Neither apiKey nor config.authenticator provided

 Î“Â¥Â» functions/src/payment/__tests__/paymentFunctions.test.js:86:31
     84|         expect(true).toBe(false);
     85|       } catch (error) {
     86|         expect(error.message).toContain('Neither user nor authenticateÎ“Ã‡Âª
       |                               ^
     87|       }
     88|     });

Î“Ã„Â»Î“Ã„Â»Î“Ã„Â»Î“Ã„Â»Î“Ã„Â»Î“Ã„Â»Î“Ã„Â»Î“Ã„Â»Î“Ã„Â»Î“Ã„Â»Î“Ã„Â»Î“Ã„Â»Î“Ã„Â»Î“Ã„Â»Î“Ã„Â»Î“Ã„Â»Î“Ã„Â»Î“Ã„Â»Î“Ã„Â»Î“Ã„Â»Î“Ã„Â»Î“Ã„Â»Î“Ã„Â»[9/36]Î“Ã„Â»

 FAIL  functions/src/payment/__tests__/paymentFunctions.test.js > Payment Functions > createCheckoutSession > should throw error if courseId missing
AssertionError: expected 'Failed to create checkout session: NeÎ“Ã‡Âª' to contain 'Missing required parameters'

- Expected
+ Received

- Missing required parameters
+ Failed to create checkout session: Neither apiKey nor config.authenticator provided

 Î“Â¥Â» functions/src/payment/__tests__/paymentFunctions.test.js:100:31
     98|         expect(true).toBe(false);
     99|       } catch (error) {
    100|         expect(error.message).toContain('Missing required parameters');
       |                               ^
    101|       }
    102|     });

Î“Ã„Â»Î“Ã„Â»Î“Ã„Â»Î“Ã„Â»Î“Ã„Â»Î“Ã„Â»Î“Ã„Â»Î“Ã„Â»Î“Ã„Â»Î“Ã„Â»Î“Ã„Â»Î“Ã„Â»Î“Ã„Â»Î“Ã„Â»Î“Ã„Â»Î“Ã„Â»Î“Ã„Â»Î“Ã„Â»Î“Ã„Â»Î“Ã„Â»Î“Ã„Â»Î“Ã„Â»[10/36]Î“Ã„Â»

 FAIL  functions/src/payment/__tests__/paymentFunctions.test.js > Payment Functions > createCheckoutSession > should throw error if amount missing
AssertionError: expected 'Failed to create checkout session: NeÎ“Ã‡Âª' to contain 'Missing required parameters'

- Expected
+ Received

- Missing required parameters
+ Failed to create checkout session: Neither apiKey nor config.authenticator provided

 Î“Â¥Â» functions/src/payment/__tests__/paymentFunctions.test.js:114:31
    112|         expect(true).toBe(false);
    113|       } catch (error) {
    114|         expect(error.message).toContain('Missing required parameters');
       |                               ^
    115|       }
    116|     });

Î“Ã„Â»Î“Ã„Â»Î“Ã„Â»Î“Ã„Â»Î“Ã„Â»Î“Ã„Â»Î“Ã„Â»Î“Ã„Â»Î“Ã„Â»Î“Ã„Â»Î“Ã„Â»Î“Ã„Â»Î“Ã„Â»Î“Ã„Â»Î“Ã„Â»Î“Ã„Â»Î“Ã„Â»Î“Ã„Â»Î“Ã„Â»Î“Ã„Â»Î“Ã„Â»Î“Ã„Â»[11/36]Î“Ã„Â»

 FAIL  functions/src/payment/__tests__/paymentFunctions.test.js > Payment Functions > createCheckoutSession > should throw error if paymentType missing
AssertionError: expected 'Failed to create checkout session: NeÎ“Ã‡Âª' to contain 'Missing required parameters'

- Expected
+ Received

- Missing required parameters
+ Failed to create checkout session: Neither apiKey nor config.authenticator provided

 Î“Â¥Â» functions/src/payment/__tests__/paymentFunctions.test.js:128:31
    126|         expect(true).toBe(false);
    127|       } catch (error) {
    128|         expect(error.message).toContain('Missing required parameters');
       |                               ^
    129|       }
    130|     });

Î“Ã„Â»Î“Ã„Â»Î“Ã„Â»Î“Ã„Â»Î“Ã„Â»Î“Ã„Â»Î“Ã„Â»Î“Ã„Â»Î“Ã„Â»Î“Ã„Â»Î“Ã„Â»Î“Ã„Â»Î“Ã„Â»Î“Ã„Â»Î“Ã„Â»Î“Ã„Â»Î“Ã„Â»Î“Ã„Â»Î“Ã„Â»Î“Ã„Â»Î“Ã„Â»Î“Ã„Â»[12/36]Î“Ã„Â»

 FAIL  functions/src/payment/__tests__/paymentFunctions.test.js > Payment Functions > createPaymentIntent > should throw error if user not authenticated
AssertionError: expected 'Failed to create payment intent: NeitÎ“Ã‡Âª' to contain 'Neither user nor authenticated user'

- Expected
+ Received

- Neither user nor authenticated user
+ Failed to create payment intent: Neither apiKey nor config.authenticator provided

 Î“Â¥Â» functions/src/payment/__tests__/paymentFunctions.test.js:164:31
    162|         expect(true).toBe(false);
    163|       } catch (error) {
    164|         expect(error.message).toContain('Neither user nor authenticateÎ“Ã‡Âª
       |                               ^
    165|       }
    166|     });

Î“Ã„Â»Î“Ã„Â»Î“Ã„Â»Î“Ã„Â»Î“Ã„Â»Î“Ã„Â»Î“Ã„Â»Î“Ã„Â»Î“Ã„Â»Î“Ã„Â»Î“Ã„Â»Î“Ã„Â»Î“Ã„Â»Î“Ã„Â»Î“Ã„Â»Î“Ã„Â»Î“Ã„Â»Î“Ã„Â»Î“Ã„Â»Î“Ã„Â»Î“Ã„Â»Î“Ã„Â»[13/36]Î“Ã„Â»

 FAIL  functions/src/payment/__tests__/paymentFunctions.test.js > Payment Functions > createPaymentIntent > should throw error if courseId missing
AssertionError: expected 'Failed to create payment intent: NeitÎ“Ã‡Âª' to contain 'Missing required parameters'

- Expected
+ Received

- Missing required parameters
+ Failed to create payment intent: Neither apiKey nor config.authenticator provided

 Î“Â¥Â» functions/src/payment/__tests__/paymentFunctions.test.js:178:31
    176|         expect(true).toBe(false);
    177|       } catch (error) {
    178|         expect(error.message).toContain('Missing required parameters');
       |                               ^
    179|       }
    180|     });

Î“Ã„Â»Î“Ã„Â»Î“Ã„Â»Î“Ã„Â»Î“Ã„Â»Î“Ã„Â»Î“Ã„Â»Î“Ã„Â»Î“Ã„Â»Î“Ã„Â»Î“Ã„Â»Î“Ã„Â»Î“Ã„Â»Î“Ã„Â»Î“Ã„Â»Î“Ã„Â»Î“Ã„Â»Î“Ã„Â»Î“Ã„Â»Î“Ã„Â»Î“Ã„Â»Î“Ã„Â»[14/36]Î“Ã„Â»

 FAIL  functions/src/payment/__tests__/paymentFunctions.test.js > Payment Functions > createPaymentIntent > should throw error if amount missing
AssertionError: expected 'Failed to create payment intent: NeitÎ“Ã‡Âª' to contain 'Missing required parameters'

- Expected
+ Received

- Missing required parameters
+ Failed to create payment intent: Neither apiKey nor config.authenticator provided

 Î“Â¥Â» functions/src/payment/__tests__/paymentFunctions.test.js:192:31
    190|         expect(true).toBe(false);
    191|       } catch (error) {
    192|         expect(error.message).toContain('Missing required parameters');
       |                               ^
    193|       }
    194|     });

Î“Ã„Â»Î“Ã„Â»Î“Ã„Â»Î“Ã„Â»Î“Ã„Â»Î“Ã„Â»Î“Ã„Â»Î“Ã„Â»Î“Ã„Â»Î“Ã„Â»Î“Ã„Â»Î“Ã„Â»Î“Ã„Â»Î“Ã„Â»Î“Ã„Â»Î“Ã„Â»Î“Ã„Â»Î“Ã„Â»Î“Ã„Â»Î“Ã„Â»Î“Ã„Â»Î“Ã„Â»[15/36]Î“Ã„Â»

 FAIL  functions/src/payment/__tests__/paymentFunctions.test.js > Payment Functions > createPaymentIntent > should throw error if paymentType missing
AssertionError: expected 'Failed to create payment intent: NeitÎ“Ã‡Âª' to contain 'Missing required parameters'

- Expected
+ Received

- Missing required parameters
+ Failed to create payment intent: Neither apiKey nor config.authenticator provided

 Î“Â¥Â» functions/src/payment/__tests__/paymentFunctions.test.js:206:31
    204|         expect(true).toBe(false);
    205|       } catch (error) {
    206|         expect(error.message).toContain('Missing required parameters');
       |                               ^
    207|       }
    208|     });

Î“Ã„Â»Î“Ã„Â»Î“Ã„Â»Î“Ã„Â»Î“Ã„Â»Î“Ã„Â»Î“Ã„Â»Î“Ã„Â»Î“Ã„Â»Î“Ã„Â»Î“Ã„Â»Î“Ã„Â»Î“Ã„Â»Î“Ã„Â»Î“Ã„Â»Î“Ã„Â»Î“Ã„Â»Î“Ã„Â»Î“Ã„Â»Î“Ã„Â»Î“Ã„Â»Î“Ã„Â»[16/36]Î“Ã„Â»

 FAIL  functions/src/user/__tests__/userFunctions.test.js > User Functions > createUser > should log audit event on user creation
 FAIL  functions/src/user/__tests__/userFunctions.test.js > User Functions > createUser > should return user document in response
Error: Test timed out in 10000ms.
If this is a long-running test, pass a timeout value as the last argument or configure it globally with "testTimeout".
Î“Ã„Â»Î“Ã„Â»Î“Ã„Â»Î“Ã„Â»Î“Ã„Â»Î“Ã„Â»Î“Ã„Â»Î“Ã„Â»Î“Ã„Â»Î“Ã„Â»Î“Ã„Â»Î“Ã„Â»Î“Ã„Â»Î“Ã„Â»Î“Ã„Â»Î“Ã„Â»Î“Ã„Â»Î“Ã„Â»Î“Ã„Â»Î“Ã„Â»Î“Ã„Â»Î“Ã„Â»[17/36]Î“Ã„Â»

 FAIL  src/components/admin/__tests__/SchedulingManagement.loadingIndicators.test.jsx > SchedulingManagement - Loading Indicators > Delete button loading state > should clear loading state after successful deletion
Error: expect(element).not.toHaveAttribute("disabled") // element.hasAttribute("disabled")

Expected the element not to have attribute:
  disabled
Received:
  disabled=""

Ignored nodes: comments, script, style
<html>
  <head />
  <body>
    <div>
      <div
        class="schedulingManagement"
      >
        <div
          class="header"
        >
          <h2>
            Lesson Time Slot Management
          </h2>
          <button
            class="button primary medium"
            type="button"
          >
            + Add New Time Slot
          </button>
        </div>
        <div
          class="slotsList"
        >
          <div
            class="card default padding-medium slotCard"
          >
            <div
              class="slotHeader"
            >
              <div
                class="slotDateTime"
              >
                <span
                  class="date"
                >
                  Mon, Dec 15
                </span>
                <span
                  class="time"
                >
                  9:00 AM
                   - 
                  10:00 AM
                </span>
              </div>
              <span
                class="status available"
              >
                Available
              </span>
            </div>
            <div
              class="slotDetails"
            >
              <div
                class="detail"
              >
                <span
                  class="label"
                >
                  Location:
                </span>
                <span>
                  Test Location
                </span>
              </div>
              <div
                class="detail"
              >
                <span
                  class="label"
                >
                  Instructor:
                </span>
                <span>
                  Test Instructor
                </span>
              </div>
              <div
                class="detail"
              >
                <span
                  class="label"
                >
                  Notes:
                </span>
                <span>
                  Test slot
                </span>
              </div>
            </div>
            <div
              class="slotActions"
            >
              <button
                class="button primary small"
                type="button"
              >
                Assign Student
              </button>
              <button
                class="button outline small"
                type="button"
              >
                Edit
              </button>
              <button
                class="button danger small"
                type="button"
              >
                Delete
              </button>
            </div>
          </div>
          <div
            class="card default padding-medium slotCard"
          >
            <div
              class="slotHeader"
            >
              <div
                class="slotDateTime"
              >
                <span
                  class="date"
                >
                  Mon, Dec 15
                </span>
                <span
                  class="time"
                >
                  10:00 AM
                   - 
                  11:00 AM
                </span>
              </div>
              <span
                class="status assigned"
              >
                Assigned
              </span>
            </div>
            <div
              class="slotDetails"
            >
              <div
                class="detail"
              >
                <span
                  class="label"
                >
                  Location:
                </span>
                <span>
                  Test Location 2
                </span>
              </div>
              <div
                class="detail"
              >
                <span
                  class="label"
                >
                  Instructor:
                </span>
                <span>
                  Test Instructor 2
                </span>
              </div>
              <div
                class="detail"
              >
                <span
                  class="label"
                >
                  Assigned to:
                </span>
                <span>
                  student-123
                </span>
              </div>
            </div>
            <div
              class="slotActions"
            >
              <button
                class="button secondary small"
                type="button"
              >
                Unassign
              </button>
              <button
                class="button outline small"
                type="button"
              >
                Edit
              </button>
              <button
                class="button danger small"
                type="button"
              >
                Delete
              </button>
            </div>
          </div>
        </div>
      </div>
    </div>
  </body>
</html>
 Î“Â¥Â» __vi_import_2__.waitFor.timeout src/components/admin/__tests__/SchedulingManagement.loadingIndicators.test.jsx:153:34
    151| 
    152|       await waitFor(() => {
    153|         expect(deleteButton).not.toHaveAttribute('disabled');
       |                                  ^
    154|       }, { timeout: 3000 });
    155|     });
 Î“Â¥Â» runWithExpensiveErrorDiagnosticsDisabled node_modules/@testing-library/dom/dist/config.js:47:12
 Î“Â¥Â» checkCallback node_modules/@testing-library/dom/dist/wait-for.js:124:77
 Î“Â¥Â» Timeout.checkRealTimersCallback node_modules/@testing-library/dom/dist/wait-for.js:118:16

Î“Ã„Â»Î“Ã„Â»Î“Ã„Â»Î“Ã„Â»Î“Ã„Â»Î“Ã„Â»Î“Ã„Â»Î“Ã„Â»Î“Ã„Â»Î“Ã„Â»Î“Ã„Â»Î“Ã„Â»Î“Ã„Â»Î“Ã„Â»Î“Ã„Â»Î“Ã„Â»Î“Ã„Â»Î“Ã„Â»Î“Ã„Â»Î“Ã„Â»Î“Ã„Â»Î“Ã„Â»[18/36]Î“Ã„Â»

 FAIL  src/components/admin/__tests__/SchedulingManagement.loadingIndicators.test.jsx > SchedulingManagement - Loading Indicators > Unassign button loading state > should clear loading state after successful unassignment
Error: expect(element).not.toHaveAttribute("disabled") // element.hasAttribute("disabled")

Expected the element not to have attribute:
  disabled
Received:
  disabled=""

Ignored nodes: comments, script, style
<html>
  <head />
  <body>
    <div>
      <div
        class="schedulingManagement"
      >
        <div
          class="header"
        >
          <h2>
            Lesson Time Slot Management
          </h2>
          <button
            class="button primary medium"
            type="button"
          >
            + Add New Time Slot
          </button>
        </div>
        <div
          class="slotsList"
        >
          <div
            class="card default padding-medium slotCard"
          >
            <div
              class="slotHeader"
            >
              <div
                class="slotDateTime"
              >
                <span
                  class="date"
                >
                  Mon, Dec 15
                </span>
                <span
                  class="time"
                >
                  9:00 AM
                   - 
                  10:00 AM
                </span>
              </div>
              <span
                class="status available"
              >
                Available
              </span>
            </div>
            <div
              class="slotDetails"
            >
              <div
                class="detail"
              >
                <span
                  class="label"
                >
                  Location:
                </span>
                <span>
                  Test Location
                </span>
              </div>
              <div
                class="detail"
              >
                <span
                  class="label"
                >
                  Instructor:
                </span>
                <span>
                  Test Instructor
                </span>
              </div>
              <div
                class="detail"
              >
                <span
                  class="label"
                >
                  Notes:
                </span>
                <span>
                  Test slot
                </span>
              </div>
            </div>
            <div
              class="slotActions"
            >
              <button
                class="button primary small"
                type="button"
              >
                Assign Student
              </button>
              <button
                class="button outline small"
                type="button"
              >
                Edit
              </button>
              <button
                class="button danger small"
                type="button"
              >
                Delete
              </button>
            </div>
          </div>
          <div
            class="card default padding-medium slotCard"
          >
            <div
              class="slotHeader"
            >
              <div
                class="slotDateTime"
              >
                <span
                  class="date"
                >
                  Mon, Dec 15
                </span>
                <span
                  class="time"
                >
                  10:00 AM
                   - 
                  11:00 AM
                </span>
              </div>
              <span
                class="status assigned"
              >
                Assigned
              </span>
            </div>
            <div
              class="slotDetails"
            >
              <div
                class="detail"
              >
                <span
                  class="label"
                >
                  Location:
                </span>
                <span>
                  Test Location 2
                </span>
              </div>
              <div
                class="detail"
              >
                <span
                  class="label"
                >
                  Instructor:
                </span>
                <span>
                  Test Instructor 2
                </span>
              </div>
              <div
                class="detail"
              >
                <span
                  class="label"
                >
                  Assigned to:
                </span>
                <span>
                  student-123
                </span>
              </div>
            </div>
            <div
              class="slotActions"
            >
              <button
                class="button secondary small"
                type="button"
              >
                Unassign
              </button>
              <button
                class="button outline small"
                type="button"
              >
                Edit
              </button>
              <button
                class="button danger small"
                type="button"
              >
                Delete
              </button>
            </div>
          </div>
        </div>
      </div>
    </div>
  </body>
</html>
 Î“Â¥Â» __vi_import_2__.waitFor.timeout src/components/admin/__tests__/SchedulingManagement.loadingIndicators.test.jsx:243:36
    241| 
    242|       await waitFor(() => {
    243|         expect(unassignButton).not.toHaveAttribute('disabled');
       |                                    ^
    244|       }, { timeout: 3000 });
    245|     });
 Î“Â¥Â» runWithExpensiveErrorDiagnosticsDisabled node_modules/@testing-library/dom/dist/config.js:47:12
 Î“Â¥Â» checkCallback node_modules/@testing-library/dom/dist/wait-for.js:124:77
 Î“Â¥Â» Timeout.checkRealTimersCallback node_modules/@testing-library/dom/dist/wait-for.js:118:16

Î“Ã„Â»Î“Ã„Â»Î“Ã„Â»Î“Ã„Â»Î“Ã„Â»Î“Ã„Â»Î“Ã„Â»Î“Ã„Â»Î“Ã„Â»Î“Ã„Â»Î“Ã„Â»Î“Ã„Â»Î“Ã„Â»Î“Ã„Â»Î“Ã„Â»Î“Ã„Â»Î“Ã„Â»Î“Ã„Â»Î“Ã„Â»Î“Ã„Â»Î“Ã„Â»Î“Ã„Â»[19/36]Î“Ã„Â»

 FAIL  src/components/admin/__tests__/SchedulingManagement.loadingIndicators.test.jsx > SchedulingManagement - Loading Indicators > Loading state persistence > should clear loading state when operations complete
Error: expect(element).not.toHaveAttribute("disabled") // element.hasAttribute("disabled")

Expected the element not to have attribute:
  disabled
Received:
  disabled=""

Ignored nodes: comments, script, style
<html>
  <head />
  <body>
    <div>
      <div
        class="schedulingManagement"
      >
        <div
          class="header"
        >
          <h2>
            Lesson Time Slot Management
          </h2>
          <button
            class="button primary medium"
            type="button"
          >
            + Add New Time Slot
          </button>
        </div>
        <div
          class="slotsList"
        >
          <div
            class="card default padding-medium slotCard"
          >
            <div
              class="slotHeader"
            >
              <div
                class="slotDateTime"
              >
                <span
                  class="date"
                >
                  Mon, Dec 15
                </span>
                <span
                  class="time"
                >
                  9:00 AM
                   - 
                  10:00 AM
                </span>
              </div>
              <span
                class="status available"
              >
                Available
              </span>
            </div>
            <div
              class="slotDetails"
            >
              <div
                class="detail"
              >
                <span
                  class="label"
                >
                  Location:
                </span>
                <span>
                  Test Location
                </span>
              </div>
              <div
                class="detail"
              >
                <span
                  class="label"
                >
                  Instructor:
                </span>
                <span>
                  Test Instructor
                </span>
              </div>
              <div
                class="detail"
              >
                <span
                  class="label"
                >
                  Notes:
                </span>
                <span>
                  Test slot
                </span>
              </div>
            </div>
            <div
              class="slotActions"
            >
              <button
                class="button primary small"
                type="button"
              >
                Assign Student
              </button>
              <button
                class="button outline small"
                type="button"
              >
                Edit
              </button>
              <button
                class="button danger small"
                type="button"
              >
                Delete
              </button>
            </div>
          </div>
          <div
            class="card default padding-medium slotCard"
          >
            <div
              class="slotHeader"
            >
              <div
                class="slotDateTime"
              >
                <span
                  class="date"
                >
                  Mon, Dec 15
                </span>
                <span
                  class="time"
                >
                  10:00 AM
                   - 
                  11:00 AM
                </span>
              </div>
              <span
                class="status assigned"
              >
                Assigned
              </span>
            </div>
            <div
              class="slotDetails"
            >
              <div
                class="detail"
              >
                <span
                  class="label"
                >
                  Location:
                </span>
                <span>
                  Test Location 2
                </span>
              </div>
              <div
                class="detail"
              >
                <span
                  class="label"
                >
                  Instructor:
                </span>
                <span>
                  Test Instructor 2
                </span>
              </div>
              <div
                class="detail"
              >
                <span
                  class="label"
                >
                  Assigned to:
                </span>
                <span>
                  student-123
                </span>
              </div>
            </div>
            <div
              class="slotActions"
            >
              <button
                class="button secondary small"
                type="button"
              >
                Unassign
              </button>
              <button
                class="button outline small"
                type="button"
              >
                Edit
              </button>
              <button
                class="button danger small"
                type="button"
              >
                Delete
              </button>
            </div>
          </div>
        </div>
      </div>
    </div>
  </body>
</html>
 Î“Â¥Â» __vi_import_2__.waitFor.timeout src/components/admin/__tests__/SchedulingManagement.loadingIndicators.test.jsx:387:40
    385| 
    386|       await waitFor(() => {
    387|         expect(unassignButtons[0]).not.toHaveAttribute('disabled');
       |                                        ^
    388|       }, { timeout: 3000 });
    389|     });
 Î“Â¥Â» runWithExpensiveErrorDiagnosticsDisabled node_modules/@testing-library/dom/dist/config.js:47:12
 Î“Â¥Â» checkCallback node_modules/@testing-library/dom/dist/wait-for.js:124:77
 Î“Â¥Â» MutationObserver.checkRealTimersCallback node_modules/@testing-library/dom/dist/wait-for.js:118:16
 Î“Â¥Â» MutationObserver.invokeTheCallbackFunction node_modules/jsdom/lib/jsdom/living/generated/MutationCallback.js:19:26
 Î“Â¥Â» notifyMutationObservers node_modules/jsdom/lib/jsdom/living/helpers/mutation-observers.js:160:22
 Î“Â¥Â» node_modules/jsdom/lib/jsdom/living/helpers/mutation-observers.js:133:5

Î“Ã„Â»Î“Ã„Â»Î“Ã„Â»Î“Ã„Â»Î“Ã„Â»Î“Ã„Â»Î“Ã„Â»Î“Ã„Â»Î“Ã„Â»Î“Ã„Â»Î“Ã„Â»Î“Ã„Â»Î“Ã„Â»Î“Ã„Â»Î“Ã„Â»Î“Ã„Â»Î“Ã„Â»Î“Ã„Â»Î“Ã„Â»Î“Ã„Â»Î“Ã„Â»Î“Ã„Â»[20/36]Î“Ã„Â»

 FAIL  src/api/admin/__tests__/userManagementServices.test.js > User Management Services > updateUserRole > should update user role and log activity
AssertionError: expected "updateDoc" to be called with arguments: [ undefined, ObjectContaining{Î“Ã‡Âª} ]

Received: 



Number of calls: 0

 Î“Â¥Â» src/api/admin/__tests__/userManagementServices.test.js:128:25
    126| 
    127|       expect(result.role).toBe(newRole);
    128|       expect(updateDoc).toHaveBeenCalledWith(
       |                         ^
    129|         doc(db, 'users', userId),
    130|         expect.objectContaining({ role: newRole })

Î“Ã„Â»Î“Ã„Â»Î“Ã„Â»Î“Ã„Â»Î“Ã„Â»Î“Ã„Â»Î“Ã„Â»Î“Ã„Â»Î“Ã„Â»Î“Ã„Â»Î“Ã„Â»Î“Ã„Â»Î“Ã„Â»Î“Ã„Â»Î“Ã„Â»Î“Ã„Â»Î“Ã„Â»Î“Ã„Â»Î“Ã„Â»Î“Ã„Â»Î“Ã„Â»Î“Ã„Â»[21/36]Î“Ã„Â»

 FAIL  src/api/admin/__tests__/userManagementServices.test.js > User Management Services > updateUserRole > should throw error if user not found
AssertionError: expected [Function] to throw error including 'User not found' but got 'userData.data is not a function'

- Expected
+ Received

- User not found
+ userData.data is not a function

 Î“Â¥Â» src/api/admin/__tests__/userManagementServices.test.js:155:7
    153|       getDoc.mockResolvedValue(mockUserDoc);
    154| 
    155|       await expect(
       |       ^
    156|         userManagementServices.updateUserRole('nonexistent', USER_ROLEÎ“Ã‡Âª
    157|       ).rejects.toThrow('User not found');

Î“Ã„Â»Î“Ã„Â»Î“Ã„Â»Î“Ã„Â»Î“Ã„Â»Î“Ã„Â»Î“Ã„Â»Î“Ã„Â»Î“Ã„Â»Î“Ã„Â»Î“Ã„Â»Î“Ã„Â»Î“Ã„Â»Î“Ã„Â»Î“Ã„Â»Î“Ã„Â»Î“Ã„Â»Î“Ã„Â»Î“Ã„Â»Î“Ã„Â»Î“Ã„Â»Î“Ã„Â»[22/36]Î“Ã„Â»

 FAIL  src/components/admin/dashboard/__tests__/CertificatesWidget.test.jsx > CertificatesWidget > navigates to certificates page on click
AssertionError: expected "spy" to be called with arguments: [ '/admin/certificates' ]

Received: 



Number of calls: 0

 Î“Â¥Â» src/components/admin/dashboard/__tests__/CertificatesWidget.test.jsx:53:30
     51|         fireEvent.click(screen.getByText('New Certificates'));
     52| 
     53|         expect(mockNavigate).toHaveBeenCalledWith('/admin/certificatesÎ“Ã‡Âª
       |                              ^
     54|     });
     55| });

Î“Ã„Â»Î“Ã„Â»Î“Ã„Â»Î“Ã„Â»Î“Ã„Â»Î“Ã„Â»Î“Ã„Â»Î“Ã„Â»Î“Ã„Â»Î“Ã„Â»Î“Ã„Â»Î“Ã„Â»Î“Ã„Â»Î“Ã„Â»Î“Ã„Â»Î“Ã„Â»Î“Ã„Â»Î“Ã„Â»Î“Ã„Â»Î“Ã„Â»Î“Ã„Â»Î“Ã„Â»[23/36]Î“Ã„Â»

[31mÎ“Ã„Â»Î“Ã„Â»Î“Ã„Â»Î“Ã„Â»Î“Ã„Â»Î“Ã„Â»[1m[7m Unhandled Errors [27m[22mÎ“Ã„Â»Î“Ã„Â»Î“Ã„Â»Î“Ã„Â»Î“Ã„Â»Î“Ã„Â»[39m
[31m[1m
Vitest caught 1 unhandled error during the test run.
This might cause false positive tests. Resolve unhandled errors to make sure your tests are not affected.[22m[39m

Î“Ã„Â»Î“Ã„Â»Î“Ã„Â»Î“Ã„Â»Î“Ã„Â» Uncaught Exception Î“Ã„Â»Î“Ã„Â»Î“Ã„Â»Î“Ã„Â»Î“Ã„Â»
Error: Could not load the default credentials. Browse to https://cloud.google.com/docs/authentication/getting-started for more information.
 Î“Â¥Â» GoogleAuth.getApplicationDefaultAsync functions/node_modules/google-auth-library/build/src/auth/googleauth.js:287:15
 Î“Â¥Â» processTicksAndRejections node:internal/process/task_queues:105:5
 Î“Â¥Â» GoogleAuth._GoogleAuth_determineClient functions/node_modules/google-auth-library/build/src/auth/googleauth.js:834:32
 Î“Â¥Â» GoogleAuth.getClient functions/node_modules/google-auth-library/build/src/auth/googleauth.js:698:20
 Î“Â¥Â» GrpcClient.createStub functions/node_modules/google-gax/src/fallback.ts:285:28

[31mÎ“Ã„Â»Î“Ã„Â»Î“Ã„Â»Î“Ã„Â»Î“Ã„Â»Î“Ã„Â»Î“Ã„Â»Î“Ã„Â»Î“Ã„Â»Î“Ã„Â»Î“Ã„Â»Î“Ã„Â»Î“Ã„Â»Î“Ã„Â»Î“Ã„Â»Î“Ã„Â»Î“Ã„Â»Î“Ã„Â»Î“Ã„Â»Î“Ã„Â»Î“Ã„Â»Î“Ã„Â»Î“Ã„Â»Î“Ã„Â»Î“Ã„Â»Î“Ã„Â»Î“Ã„Â»Î“Ã„Â»Î“Ã„Â»Î“Ã„Â»[39m
This error originated in "functions/src/user/__tests__/userFunctions.test.js" test file. It doesn't mean the error was thrown inside the file itself, but while it was running.
The latest test that might've caused the error is "should return user document in response". It might mean one of the following:
- The error was thrown, while Vitest was running this test.
- If the error occurred after the test had been completed, this was the last documented test before it was thrown.

[2m Test Files [22m [1m[31m20 failed[39m[22m[2m | [22m[1m[32m49 passed[39m[22m[90m (69)[39m
[2m      Tests [22m [1m[31m22 failed[39m[22m[2m | [22m[1m[32m916 passed[39m[22m[2m | [22m[33m7 skipped[39m[90m (945)[39m
[2m     Errors [22m [1m[31m1 error[39m[22m
[2m   Start at [22m 14:25:20
[2m   Duration [22m 41.23s[2m (transform 17.57s, setup 38.90s, collect 56.68s, tests 48.27s, environment 218.70s, prepare 49.27s)[22m

